Release 14.7 - xst P.20131013 (nt64)
Copyright (c) 1995-2013 Xilinx, Inc.  All rights reserved.
--> Parameter TMPDIR set to xst/projnav.tmp


Total REAL time to Xst completion: 1.00 secs
Total CPU time to Xst completion: 0.19 secs
 
--> Parameter xsthdpdir set to xst


Total REAL time to Xst completion: 1.00 secs
Total CPU time to Xst completion: 0.20 secs
 
--> Reading design: DEM_0_9999_HT_7DOAN.prj

TABLE OF CONTENTS
  1) Synthesis Options Summary
  2) HDL Compilation
  3) Design Hierarchy Analysis
  4) HDL Analysis
  5) HDL Synthesis
     5.1) HDL Synthesis Report
  6) Advanced HDL Synthesis
     6.1) Advanced HDL Synthesis Report
  7) Low Level Synthesis
  8) Partition Report
  9) Final Report
	9.1) Device utilization summary
	9.2) Partition Resource Summary
	9.3) TIMING REPORT


=========================================================================
*                      Synthesis Options Summary                        *
=========================================================================
---- Source Parameters
Input File Name                    : "DEM_0_9999_HT_7DOAN.prj"
Input Format                       : mixed
Ignore Synthesis Constraint File   : NO

---- Target Parameters
Output File Name                   : "DEM_0_9999_HT_7DOAN"
Output Format                      : NGC
Target Device                      : xc3s500e-5-pq208

---- Source Options
Top Module Name                    : DEM_0_9999_HT_7DOAN
Automatic FSM Extraction           : YES
FSM Encoding Algorithm             : Auto
Safe Implementation                : No
FSM Style                          : LUT
RAM Extraction                     : Yes
RAM Style                          : Auto
ROM Extraction                     : Yes
Mux Style                          : Auto
Decoder Extraction                 : YES
Priority Encoder Extraction        : Yes
Shift Register Extraction          : YES
Logical Shifter Extraction         : YES
XOR Collapsing                     : YES
ROM Style                          : Auto
Mux Extraction                     : Yes
Resource Sharing                   : YES
Asynchronous To Synchronous        : NO
Multiplier Style                   : Auto
Automatic Register Balancing       : No

---- Target Options
Add IO Buffers                     : YES
Global Maximum Fanout              : 100000
Add Generic Clock Buffer(BUFG)     : 24
Register Duplication               : YES
Slice Packing                      : YES
Optimize Instantiated Primitives   : NO
Use Clock Enable                   : Yes
Use Synchronous Set                : Yes
Use Synchronous Reset              : Yes
Pack IO Registers into IOBs        : Auto
Equivalent register Removal        : YES

---- General Options
Optimization Goal                  : Speed
Optimization Effort                : 1
Keep Hierarchy                     : No
Netlist Hierarchy                  : As_Optimized
RTL Output                         : Yes
Global Optimization                : AllClockNets
Read Cores                         : YES
Write Timing Constraints           : NO
Cross Clock Analysis               : NO
Hierarchy Separator                : /
Bus Delimiter                      : <>
Case Specifier                     : Maintain
Slice Utilization Ratio            : 100
BRAM Utilization Ratio             : 100
Verilog 2001                       : YES
Auto BRAM Packing                  : NO
Slice Utilization Ratio Delta      : 5

=========================================================================


=========================================================================
*                          HDL Compilation                              *
=========================================================================
Compiling vhdl file "C:/Users/TOSHIBA/Documents/TT_Xilinx/TTTKVMS_CHIEU_T5_NHOM_2/BAI_504_DEM_0_9999_HT_7DOAN/CHIA_10ENA.vhd" in Library work.
Architecture behavioral of Entity chia_10ena is up to date.
Compiling vhdl file "C:/Users/TOSHIBA/Documents/TT_Xilinx/TTTKVMS_CHIEU_T5_NHOM_2/BAI_504_DEM_0_9999_HT_7DOAN/DEM_4SO.vhd" in Library work.
Architecture behavioral of Entity dem_4so is up to date.
Compiling vhdl file "C:/Users/TOSHIBA/Documents/TT_Xilinx/TTTKVMS_CHIEU_T5_NHOM_2/BAI_504_DEM_0_9999_HT_7DOAN/DEM_2BIT_SELECT.vhd" in Library work.
Architecture behavioral of Entity dem_2bit_select is up to date.
Compiling vhdl file "C:/Users/TOSHIBA/Documents/TT_Xilinx/TTTKVMS_CHIEU_T5_NHOM_2/BAI_504_DEM_0_9999_HT_7DOAN/DAHOP_4KENH.vhd" in Library work.
Architecture behavioral of Entity dahop_4kenh is up to date.
Compiling vhdl file "C:/Users/TOSHIBA/Documents/TT_Xilinx/TTTKVMS_CHIEU_T5_NHOM_2/BAI_504_DEM_0_9999_HT_7DOAN/GIAIMA_7DOAN.vhd" in Library work.
Architecture behavioral of Entity giaima_7doan is up to date.
Compiling vhdl file "C:/Users/TOSHIBA/Documents/TT_Xilinx/TTTKVMS_CHIEU_T5_NHOM_2/BAI_504_DEM_0_9999_HT_7DOAN/DEM_0_9999_HT_7DOAN.vhd" in Library work.
Architecture behavioral of Entity dem_0_9999_ht_7doan is up to date.

=========================================================================
*                     Design Hierarchy Analysis                         *
=========================================================================
Analyzing hierarchy for entity <DEM_0_9999_HT_7DOAN> in library <work> (architecture <behavioral>).

Analyzing hierarchy for entity <CHIA_10ENA> in library <work> (architecture <Behavioral>).

Analyzing hierarchy for entity <DEM_4SO> in library <work> (architecture <Behavioral>).

Analyzing hierarchy for entity <DEM_2BIT_SELECT> in library <work> (architecture <Behavioral>).

Analyzing hierarchy for entity <DAHOP_4KENH> in library <work> (architecture <Behavioral>).

Analyzing hierarchy for entity <GIAIMA_7DOAN> in library <work> (architecture <Behavioral>).


=========================================================================
*                            HDL Analysis                               *
=========================================================================
Analyzing Entity <DEM_0_9999_HT_7DOAN> in library <work> (Architecture <behavioral>).
Entity <DEM_0_9999_HT_7DOAN> analyzed. Unit <DEM_0_9999_HT_7DOAN> generated.

Analyzing Entity <CHIA_10ENA> in library <work> (Architecture <Behavioral>).
Entity <CHIA_10ENA> analyzed. Unit <CHIA_10ENA> generated.

Analyzing Entity <DEM_4SO> in library <work> (Architecture <Behavioral>).
Entity <DEM_4SO> analyzed. Unit <DEM_4SO> generated.

Analyzing Entity <DEM_2BIT_SELECT> in library <work> (Architecture <Behavioral>).
Entity <DEM_2BIT_SELECT> analyzed. Unit <DEM_2BIT_SELECT> generated.

Analyzing Entity <DAHOP_4KENH> in library <work> (Architecture <Behavioral>).
Entity <DAHOP_4KENH> analyzed. Unit <DAHOP_4KENH> generated.

Analyzing Entity <GIAIMA_7DOAN> in library <work> (Architecture <Behavioral>).
Entity <GIAIMA_7DOAN> analyzed. Unit <GIAIMA_7DOAN> generated.


=========================================================================
*                           HDL Synthesis                               *
=========================================================================

Performing bidirectional port resolution...

Synthesizing Unit <CHIA_10ENA>.
    Related source file is "C:/Users/TOSHIBA/Documents/TT_Xilinx/TTTKVMS_CHIEU_T5_NHOM_2/BAI_504_DEM_0_9999_HT_7DOAN/CHIA_10ENA.vhd".
    Found 16-bit adder for signal <D1KHZ_N$addsub0000> created at line 93.
    Found 16-bit register for signal <D1KHZ_R>.
    Found 22-bit adder for signal <D20HZ_N$addsub0000> created at line 97.
    Found 22-bit register for signal <D20HZ_R>.
    Found 24-bit adder for signal <D5HZ_N$addsub0000> created at line 99.
    Found 24-bit register for signal <D5HZ_R>.
    Summary:
	inferred  62 D-type flip-flop(s).
	inferred   3 Adder/Subtractor(s).
Unit <CHIA_10ENA> synthesized.


Synthesizing Unit <DEM_4SO>.
    Related source file is "C:/Users/TOSHIBA/Documents/TT_Xilinx/TTTKVMS_CHIEU_T5_NHOM_2/BAI_504_DEM_0_9999_HT_7DOAN/DEM_4SO.vhd".
    Found 4-bit up counter for signal <CHUC_R>.
    Found 4-bit up counter for signal <DONVI_R>.
    Found 4-bit up counter for signal <NGHIN_R>.
    Found 4-bit up counter for signal <TRAM_R>.
    Summary:
	inferred   4 Counter(s).
Unit <DEM_4SO> synthesized.


Synthesizing Unit <DEM_2BIT_SELECT>.
    Related source file is "C:/Users/TOSHIBA/Documents/TT_Xilinx/TTTKVMS_CHIEU_T5_NHOM_2/BAI_504_DEM_0_9999_HT_7DOAN/DEM_2BIT_SELECT.vhd".
    Found 2-bit adder for signal <Q_N$addsub0000> created at line 52.
    Found 2-bit register for signal <Q_R>.
    Summary:
	inferred   2 D-type flip-flop(s).
	inferred   1 Adder/Subtractor(s).
Unit <DEM_2BIT_SELECT> synthesized.


Synthesizing Unit <DAHOP_4KENH>.
    Related source file is "C:/Users/TOSHIBA/Documents/TT_Xilinx/TTTKVMS_CHIEU_T5_NHOM_2/BAI_504_DEM_0_9999_HT_7DOAN/DAHOP_4KENH.vhd".
    Found 4x8-bit ROM for signal <ANODE>.
    Found 4-bit 4-to-1 multiplexer for signal <KENH_OUT>.
    Summary:
	inferred   1 ROM(s).
	inferred   4 Multiplexer(s).
Unit <DAHOP_4KENH> synthesized.


Synthesizing Unit <GIAIMA_7DOAN>.
    Related source file is "C:/Users/TOSHIBA/Documents/TT_Xilinx/TTTKVMS_CHIEU_T5_NHOM_2/BAI_504_DEM_0_9999_HT_7DOAN/GIAIMA_7DOAN.vhd".
    Found 16x7-bit ROM for signal <SSEG>.
    Summary:
	inferred   1 ROM(s).
Unit <GIAIMA_7DOAN> synthesized.


Synthesizing Unit <DEM_0_9999_HT_7DOAN>.
    Related source file is "C:/Users/TOSHIBA/Documents/TT_Xilinx/TTTKVMS_CHIEU_T5_NHOM_2/BAI_504_DEM_0_9999_HT_7DOAN/DEM_0_9999_HT_7DOAN.vhd".
Unit <DEM_0_9999_HT_7DOAN> synthesized.


=========================================================================
HDL Synthesis Report

Macro Statistics
# ROMs                                                 : 2
 16x7-bit ROM                                          : 1
 4x8-bit ROM                                           : 1
# Adders/Subtractors                                   : 4
 16-bit adder                                          : 1
 2-bit adder                                           : 1
 22-bit adder                                          : 1
 24-bit adder                                          : 1
# Counters                                             : 4
 4-bit up counter                                      : 4
# Registers                                            : 4
 16-bit register                                       : 1
 2-bit register                                        : 1
 22-bit register                                       : 1
 24-bit register                                       : 1
# Multiplexers                                         : 1
 4-bit 4-to-1 multiplexer                              : 1

=========================================================================

=========================================================================
*                       Advanced HDL Synthesis                          *
=========================================================================


=========================================================================
Advanced HDL Synthesis Report

Macro Statistics
# ROMs                                                 : 2
 16x7-bit ROM                                          : 1
 4x8-bit ROM                                           : 1
# Adders/Subtractors                                   : 4
 16-bit adder                                          : 1
 2-bit adder                                           : 1
 22-bit adder                                          : 1
 24-bit adder                                          : 1
# Counters                                             : 4
 4-bit up counter                                      : 4
# Registers                                            : 64
 Flip-Flops                                            : 64
# Multiplexers                                         : 1
 4-bit 4-to-1 multiplexer                              : 1

=========================================================================

=========================================================================
*                         Low Level Synthesis                           *
=========================================================================

Optimizing unit <DEM_0_9999_HT_7DOAN> ...

Optimizing unit <CHIA_10ENA> ...

Optimizing unit <DEM_4SO> ...

Mapping all equations...
Building and optimizing final netlist ...
Found area constraint ratio of 100 (+ 5) on block DEM_0_9999_HT_7DOAN, actual ratio is 1.

Final Macro Processing ...

=========================================================================
Final Register Report

Macro Statistics
# Registers                                            : 80
 Flip-Flops                                            : 80

=========================================================================

=========================================================================
*                           Partition Report                            *
=========================================================================

Partition Implementation Status
-------------------------------

  No Partitions were found in this design.

-------------------------------

=========================================================================
*                            Final Report                               *
=========================================================================
Final Results
RTL Top Level Output File Name     : DEM_0_9999_HT_7DOAN.ngr
Top Level Output File Name         : DEM_0_9999_HT_7DOAN
Output Format                      : NGC
Optimization Goal                  : Speed
Keep Hierarchy                     : No

Design Statistics
# IOs                              : 19

Cell Usage :
# BELS                             : 270
#      GND                         : 1
#      INV                         : 8
#      LUT1                        : 59
#      LUT2                        : 2
#      LUT3                        : 19
#      LUT3_D                      : 1
#      LUT4                        : 42
#      LUT4_D                      : 4
#      LUT4_L                      : 7
#      MUXCY                       : 59
#      MUXF5                       : 5
#      VCC                         : 1
#      XORCY                       : 62
# FlipFlops/Latches                : 80
#      FD_1                        : 2
#      FDCE                        : 16
#      FDR_1                       : 59
#      FDS_1                       : 3
# Clock Buffers                    : 1
#      BUFGP                       : 1
# IO Buffers                       : 18
#      IBUF                        : 3
#      OBUF                        : 15
=========================================================================

Device utilization summary:
---------------------------

Selected Device : 3s500epq208-5 

 Number of Slices:                       72  out of   4656     1%  
 Number of Slice Flip Flops:             80  out of   9312     0%  
 Number of 4 input LUTs:                142  out of   9312     1%  
 Number of IOs:                          19
 Number of bonded IOBs:                  19  out of    158    12%  
 Number of GCLKs:                         1  out of     24     4%  

---------------------------
Partition Resource Summary:
---------------------------

  No Partitions were found in this design.

---------------------------


=========================================================================
TIMING REPORT

NOTE: THESE TIMING NUMBERS ARE ONLY A SYNTHESIS ESTIMATE.
      FOR ACCURATE TIMING INFORMATION PLEASE REFER TO THE TRACE REPORT
      GENERATED AFTER PLACE-and-ROUTE.

Clock Information:
------------------
-----------------------------------+------------------------+-------+
Clock Signal                       | Clock buffer(FF name)  | Load  |
-----------------------------------+------------------------+-------+
CKHT                               | BUFGP                  | 80    |
-----------------------------------+------------------------+-------+

Asynchronous Control Signals Information:
----------------------------------------
-----------------------------------+------------------------+-------+
Control Signal                     | Buffer(FF name)        | Load  |
-----------------------------------+------------------------+-------+
BTN                                | IBUF                   | 16    |
-----------------------------------+------------------------+-------+

Timing Summary:
---------------
Speed Grade: -5

   Minimum period: 5.822ns (Maximum Frequency: 171.756MHz)
   Minimum input arrival time before clock: 6.374ns
   Maximum output required time after clock: 9.853ns
   Maximum combinational path delay: No path found

Timing Detail:
--------------
All values displayed in nanoseconds (ns)

=========================================================================
Timing constraint: Default period analysis for Clock 'CKHT'
  Clock period: 5.822ns (frequency: 171.756MHz)
  Total number of paths / destination ports: 2936 / 158
-------------------------------------------------------------------------
Delay:               5.822ns (Levels of Logic = 4)
  Source:            IC1/D20HZ_R_17 (FF)
  Destination:       IC2/NGHIN_R_3 (FF)
  Source Clock:      CKHT falling
  Destination Clock: CKHT falling

  Data Path: IC1/D20HZ_R_17 to IC2/NGHIN_R_3
                                Gate     Net
    Cell:in->out      fanout   Delay   Delay  Logical Name (Net Name)
    ----------------------------------------  ------------
     FDR_1:C->Q            2   0.514   0.532  IC1/D20HZ_R_17 (IC1/D20HZ_R_17)
     LUT4:I0->O            1   0.612   0.360  IC1/D20HZ_N_cmp_eq0000111 (IC1/D20HZ_N_cmp_eq0000111)
     LUT4:I3->O            2   0.612   0.532  IC1/D20HZ_N_cmp_eq0000137 (IC1/N11)
     LUT4_D:I0->O          3   0.612   0.454  ENA_DB164 (ENA_DB)
     LUT4:I3->O            4   0.612   0.499  IC2/NGHIN_R_not00021 (IC2/CHUC_R_not0002)
     FDCE:CE                   0.483          IC2/CHUC_R_0
    ----------------------------------------
    Total                      5.822ns (3.445ns logic, 2.377ns route)
                                       (59.2% logic, 40.8% route)

=========================================================================
Timing constraint: Default OFFSET IN BEFORE for Clock 'CKHT'
  Total number of paths / destination ports: 48 / 16
-------------------------------------------------------------------------
Offset:              6.374ns (Levels of Logic = 5)
  Source:            SW<1> (PAD)
  Destination:       IC2/NGHIN_R_3 (FF)
  Destination Clock: CKHT falling

  Data Path: SW<1> to IC2/NGHIN_R_3
                                Gate     Net
    Cell:in->out      fanout   Delay   Delay  Logical Name (Net Name)
    ----------------------------------------  ------------
     IBUF:I->O             2   1.106   0.532  SW_1_IBUF (SW_1_IBUF)
     LUT4:I0->O            1   0.612   0.426  ENA_DB131_SW0 (N19)
     LUT4:I1->O            1   0.612   0.426  ENA_DB131 (ENA_DB131)
     LUT4_D:I1->O          3   0.612   0.454  ENA_DB164 (ENA_DB)
     LUT4:I3->O            4   0.612   0.499  IC2/NGHIN_R_not00021 (IC2/CHUC_R_not0002)
     FDCE:CE                   0.483          IC2/CHUC_R_0
    ----------------------------------------
    Total                      6.374ns (4.037ns logic, 2.337ns route)
                                       (63.3% logic, 36.7% route)

=========================================================================
Timing constraint: Default OFFSET OUT AFTER for Clock 'CKHT'
  Total number of paths / destination ports: 2536 / 11
-------------------------------------------------------------------------
Offset:              9.853ns (Levels of Logic = 7)
  Source:            IC1/D1KHZ_R_7 (FF)
  Destination:       SSEG<6> (PAD)
  Source Clock:      CKHT falling

  Data Path: IC1/D1KHZ_R_7 to SSEG<6>
                                Gate     Net
    Cell:in->out      fanout   Delay   Delay  Logical Name (Net Name)
    ----------------------------------------  ------------
     FDR_1:C->Q            3   0.514   0.603  IC1/D1KHZ_R_7 (IC1/D1KHZ_R_7)
     LUT4:I0->O            3   0.612   0.603  IC1/ENA1KHZ_cmp_eq000021 (IC1/ENA1KHZ_cmp_eq000021)
     LUT4:I0->O            1   0.612   0.000  IC3/Q_N<0>12 (IC3/Q_N<0>11)
     MUXF5:I0->O           9   0.278   0.849  IC3/Q_N<0>1_f5 (SEL_2B<0>)
     LUT3:I0->O            1   0.612   0.000  IC4/Mmux_KENH_OUT_3 (IC4/Mmux_KENH_OUT_3)
     MUXF5:I1->O           7   0.278   0.754  IC4/Mmux_KENH_OUT_2_f5 (SO_GMA<0>)
     LUT4:I0->O            1   0.612   0.357  IC5/Mrom_SSEG31 (SSEG_3_OBUF)
     OBUF:I->O                 3.169          SSEG_3_OBUF (SSEG<3>)
    ----------------------------------------
    Total                      9.853ns (6.687ns logic, 3.166ns route)
                                       (67.9% logic, 32.1% route)

=========================================================================


Total REAL time to Xst completion: 11.00 secs
Total CPU time to Xst completion: 10.89 secs
 
--> 

Total memory usage is 4536780 kilobytes

Number of errors   :    0 (   0 filtered)
Number of warnings :    0 (   0 filtered)
Number of infos    :    0 (   0 filtered)

