--------------------------------------------------------------------------------
Release 14.7 Trace  (nt64)
Copyright (c) 1995-2013 Xilinx, Inc.  All rights reserved.

C:\Xilinx\14.7\ISE_DS\ISE\bin\nt64\unwrapped\trce.exe -intstyle ise -v 3 -s 5
-n 3 -fastpaths -xml DK_8LED_2CT_AU_SANGDON.twx DK_8LED_2CT_AU_SANGDON.ncd -o
DK_8LED_2CT_AU_SANGDON.twr DK_8LED_2CT_AU_SANGDON.pcf -ucf
KIT_XC3S500E_PQ208.ucf

Design file:              DK_8LED_2CT_AU_SANGDON.ncd
Physical constraint file: DK_8LED_2CT_AU_SANGDON.pcf
Device,package,speed:     xc3s500e,pq208,-5 (PRODUCTION 1.27 2013-10-13)
Report level:             verbose report

Environment Variable      Effect 
--------------------      ------ 
NONE                      No environment variables were set
--------------------------------------------------------------------------------

INFO:Timing:2698 - No timing constraints found, doing default enumeration.
INFO:Timing:3412 - To improve timing, see the Timing Closure User Guide (UG612).
INFO:Timing:2752 - To get complete path coverage, use the unconstrained paths 
   option. All paths that are not constrained will be reported in the 
   unconstrained paths section(s) of the report.
INFO:Timing:3339 - The clock-to-out numbers in this timing report are based on 
   a 50 Ohm transmission line loading model.  For the details of this model, 
   and for more information on accounting for different loading conditions, 
   please see the device datasheet.
INFO:Timing:3390 - This architecture does not support a default System Jitter 
   value, please add SYSTEM_JITTER constraint to the UCF to modify the Clock 
   Uncertainty calculation.
INFO:Timing:3389 - This architecture does not support 'Discrete Jitter' and 
   'Phase Error' calculations, these terms will be zero in the Clock 
   Uncertainty calculation.  Please make appropriate modification to 
   SYSTEM_JITTER to account for the unsupported Discrete Jitter and Phase 
   Error.



Data Sheet report:
-----------------
All values displayed in nanoseconds (ns)

Setup/Hold to clock CKHT
------------+------------+------------+------------------+--------+
            |Max Setup to|Max Hold to |                  | Clock  |
Source      | clk (edge) | clk (edge) |Internal Clock(s) | Phase  |
------------+------------+------------+------------------+--------+
BTN         |    6.107(F)|   -1.909(F)|CKHT_BUFGP        |   0.000|
------------+------------+------------+------------------+--------+

Clock CKHT to Pad
------------+------------+------------------+--------+
            | clk (edge) |                  | Clock  |
Destination |   to PAD   |Internal Clock(s) | Phase  |
------------+------------+------------------+--------+
LED<0>      |   11.940(F)|CKHT_BUFGP        |   0.000|
LED<1>      |   11.702(F)|CKHT_BUFGP        |   0.000|
LED<2>      |   11.894(F)|CKHT_BUFGP        |   0.000|
LED<3>      |   11.830(F)|CKHT_BUFGP        |   0.000|
LED<4>      |   11.839(F)|CKHT_BUFGP        |   0.000|
LED<5>      |   11.670(F)|CKHT_BUFGP        |   0.000|
LED<6>      |   11.903(F)|CKHT_BUFGP        |   0.000|
LED<7>      |   11.676(F)|CKHT_BUFGP        |   0.000|
------------+------------+------------------+--------+

Clock to Setup on destination clock CKHT
---------------+---------+---------+---------+---------+
               | Src:Rise| Src:Fall| Src:Rise| Src:Fall|
Source Clock   |Dest:Rise|Dest:Rise|Dest:Fall|Dest:Fall|
---------------+---------+---------+---------+---------+
CKHT           |         |         |         |    5.894|
---------------+---------+---------+---------+---------+

Pad to Pad
---------------+---------------+---------+
Source Pad     |Destination Pad|  Delay  |
---------------+---------------+---------+
BTN            |LED<0>         |   11.581|
BTN            |LED<1>         |   11.371|
BTN            |LED<2>         |   11.535|
BTN            |LED<3>         |   11.471|
BTN            |LED<4>         |   11.477|
BTN            |LED<5>         |   11.308|
BTN            |LED<6>         |   11.541|
BTN            |LED<7>         |   11.314|
---------------+---------------+---------+


Analysis completed Thu Oct 10 15:25:26 2019 
--------------------------------------------------------------------------------

Trace Settings:
-------------------------
Trace Settings 

Peak Memory Usage: 4509 MB



