Release 14.7 - xst P.20131013 (nt64)
Copyright (c) 1995-2013 Xilinx, Inc.  All rights reserved.
--> Parameter TMPDIR set to xst/projnav.tmp


Total REAL time to Xst completion: 0.00 secs
Total CPU time to Xst completion: 0.13 secs
 
--> Parameter xsthdpdir set to xst


Total REAL time to Xst completion: 0.00 secs
Total CPU time to Xst completion: 0.13 secs
 
--> Reading design: DK_8LED_2CT_AU_SANGDON.prj

TABLE OF CONTENTS
  1) Synthesis Options Summary
  2) HDL Compilation
  3) Design Hierarchy Analysis
  4) HDL Analysis
  5) HDL Synthesis
     5.1) HDL Synthesis Report
  6) Advanced HDL Synthesis
     6.1) Advanced HDL Synthesis Report
  7) Low Level Synthesis
  8) Partition Report
  9) Final Report
	9.1) Device utilization summary
	9.2) Partition Resource Summary
	9.3) TIMING REPORT


=========================================================================
*                      Synthesis Options Summary                        *
=========================================================================
---- Source Parameters
Input File Name                    : "DK_8LED_2CT_AU_SANGDON.prj"
Input Format                       : mixed
Ignore Synthesis Constraint File   : NO

---- Target Parameters
Output File Name                   : "DK_8LED_2CT_AU_SANGDON"
Output Format                      : NGC
Target Device                      : xc3s500e-5-pq208

---- Source Options
Top Module Name                    : DK_8LED_2CT_AU_SANGDON
Automatic FSM Extraction           : YES
FSM Encoding Algorithm             : Auto
Safe Implementation                : No
FSM Style                          : LUT
RAM Extraction                     : Yes
RAM Style                          : Auto
ROM Extraction                     : Yes
Mux Style                          : Auto
Decoder Extraction                 : YES
Priority Encoder Extraction        : Yes
Shift Register Extraction          : YES
Logical Shifter Extraction         : YES
XOR Collapsing                     : YES
ROM Style                          : Auto
Mux Extraction                     : Yes
Resource Sharing                   : YES
Asynchronous To Synchronous        : NO
Multiplier Style                   : Auto
Automatic Register Balancing       : No

---- Target Options
Add IO Buffers                     : YES
Global Maximum Fanout              : 500
Add Generic Clock Buffer(BUFG)     : 24
Register Duplication               : YES
Slice Packing                      : YES
Optimize Instantiated Primitives   : NO
Use Clock Enable                   : Yes
Use Synchronous Set                : Yes
Use Synchronous Reset              : Yes
Pack IO Registers into IOBs        : Auto
Equivalent register Removal        : YES

---- General Options
Optimization Goal                  : Speed
Optimization Effort                : 1
Keep Hierarchy                     : No
Netlist Hierarchy                  : As_Optimized
RTL Output                         : Yes
Global Optimization                : AllClockNets
Read Cores                         : YES
Write Timing Constraints           : NO
Cross Clock Analysis               : NO
Hierarchy Separator                : /
Bus Delimiter                      : <>
Case Specifier                     : Maintain
Slice Utilization Ratio            : 100
BRAM Utilization Ratio             : 100
Verilog 2001                       : YES
Auto BRAM Packing                  : NO
Slice Utilization Ratio Delta      : 5

=========================================================================


=========================================================================
*                          HDL Compilation                              *
=========================================================================
Compiling vhdl file "C:/Users/TOSHIBA/Documents/TT_Xilinx/TTTKVMS_CHIEU_T5_NHOM_2/BAI_451_DK_8LED_2CT_AU_SANGDON/CHIA_10ENA.vhd" in Library work.
Entity <CHIA_10ENA> compiled.
Entity <CHIA_10ENA> (Architecture <Behavioral>) compiled.
Compiling vhdl file "C:/Users/TOSHIBA/Documents/TT_Xilinx/TTTKVMS_CHIEU_T5_NHOM_2/BAI_451_DK_8LED_2CT_AU_SANGDON/LED_SANGDON_PST.vhd" in Library work.
Entity <LED_SANGDON_PST> compiled.
Entity <LED_SANGDON_PST> (Architecture <Behavioral>) compiled.
Compiling vhdl file "C:/Users/TOSHIBA/Documents/TT_Xilinx/TTTKVMS_CHIEU_T5_NHOM_2/BAI_451_DK_8LED_2CT_AU_SANGDON/LED_SANGDON_TSP.vhd" in Library work.
Entity <LED_SANGDON_TSP> compiled.
Entity <LED_SANGDON_TSP> (Architecture <Behavioral>) compiled.
Compiling vhdl file "C:/Users/TOSHIBA/Documents/TT_Xilinx/TTTKVMS_CHIEU_T5_NHOM_2/BAI_451_DK_8LED_2CT_AU_SANGDON/DIEUKHIEN_CHOPHEP.vhd" in Library work.
Entity <DIEUKHIEN_CHOPHEP> compiled.
Entity <DIEUKHIEN_CHOPHEP> (Architecture <Behavioral>) compiled.
Compiling vhdl file "C:/Users/TOSHIBA/Documents/TT_Xilinx/TTTKVMS_CHIEU_T5_NHOM_2/BAI_451_DK_8LED_2CT_AU_SANGDON/DK_8LED_2CT_AU_SANGDON.vhd" in Library work.
Entity <DK_8LED_2CT_AU_SANGDON> compiled.
Entity <DK_8LED_2CT_AU_SANGDON> (Architecture <Behavioral>) compiled.

=========================================================================
*                     Design Hierarchy Analysis                         *
=========================================================================
Analyzing hierarchy for entity <DK_8LED_2CT_AU_SANGDON> in library <work> (architecture <Behavioral>).

Analyzing hierarchy for entity <CHIA_10ENA> in library <work> (architecture <Behavioral>).

Analyzing hierarchy for entity <LED_SANGDON_PST> in library <work> (architecture <Behavioral>).

Analyzing hierarchy for entity <LED_SANGDON_TSP> in library <work> (architecture <Behavioral>).

Analyzing hierarchy for entity <DIEUKHIEN_CHOPHEP> in library <work> (architecture <Behavioral>).


=========================================================================
*                            HDL Analysis                               *
=========================================================================
Analyzing Entity <DK_8LED_2CT_AU_SANGDON> in library <work> (Architecture <Behavioral>).
Entity <DK_8LED_2CT_AU_SANGDON> analyzed. Unit <DK_8LED_2CT_AU_SANGDON> generated.

Analyzing Entity <CHIA_10ENA> in library <work> (Architecture <Behavioral>).
Entity <CHIA_10ENA> analyzed. Unit <CHIA_10ENA> generated.

Analyzing Entity <LED_SANGDON_PST> in library <work> (Architecture <Behavioral>).
Entity <LED_SANGDON_PST> analyzed. Unit <LED_SANGDON_PST> generated.

Analyzing Entity <LED_SANGDON_TSP> in library <work> (Architecture <Behavioral>).
Entity <LED_SANGDON_TSP> analyzed. Unit <LED_SANGDON_TSP> generated.

Analyzing Entity <DIEUKHIEN_CHOPHEP> in library <work> (Architecture <Behavioral>).
Entity <DIEUKHIEN_CHOPHEP> analyzed. Unit <DIEUKHIEN_CHOPHEP> generated.


=========================================================================
*                           HDL Synthesis                               *
=========================================================================

Performing bidirectional port resolution...

Synthesizing Unit <CHIA_10ENA>.
    Related source file is "C:/Users/TOSHIBA/Documents/TT_Xilinx/TTTKVMS_CHIEU_T5_NHOM_2/BAI_451_DK_8LED_2CT_AU_SANGDON/CHIA_10ENA.vhd".
    Found 24-bit adder for signal <D5HZ_N$addsub0000> created at line 99.
    Found 24-bit register for signal <D5HZ_R>.
    Summary:
	inferred  24 D-type flip-flop(s).
	inferred   1 Adder/Subtractor(s).
Unit <CHIA_10ENA> synthesized.


Synthesizing Unit <LED_SANGDON_PST>.
    Related source file is "C:/Users/TOSHIBA/Documents/TT_Xilinx/TTTKVMS_CHIEU_T5_NHOM_2/BAI_451_DK_8LED_2CT_AU_SANGDON/LED_SANGDON_PST.vhd".
    Found 3-bit register for signal <DC_R>.
    Found 3-bit subtractor for signal <DC_R$addsub0000> created at line 87.
    Found 3-bit subtractor for signal <DC_R$sub0000> created at line 84.
    Found 3-bit register for signal <DL_R>.
    Found 8-bit register for signal <X_R>.
    Found 8-bit register for signal <Y_R>.
    Summary:
	inferred  22 D-type flip-flop(s).
	inferred   2 Adder/Subtractor(s).
Unit <LED_SANGDON_PST> synthesized.


Synthesizing Unit <LED_SANGDON_TSP>.
    Related source file is "C:/Users/TOSHIBA/Documents/TT_Xilinx/TTTKVMS_CHIEU_T5_NHOM_2/BAI_451_DK_8LED_2CT_AU_SANGDON/LED_SANGDON_TSP.vhd".
    Found 3-bit register for signal <DC_R>.
    Found 3-bit subtractor for signal <DC_R$addsub0000> created at line 87.
    Found 3-bit subtractor for signal <DC_R$sub0000> created at line 84.
    Found 3-bit register for signal <DL_R>.
    Found 8-bit register for signal <X_R>.
    Found 8-bit register for signal <Y_R>.
    Summary:
	inferred  22 D-type flip-flop(s).
	inferred   2 Adder/Subtractor(s).
Unit <LED_SANGDON_TSP> synthesized.


Synthesizing Unit <DIEUKHIEN_CHOPHEP>.
    Related source file is "C:/Users/TOSHIBA/Documents/TT_Xilinx/TTTKVMS_CHIEU_T5_NHOM_2/BAI_451_DK_8LED_2CT_AU_SANGDON/DIEUKHIEN_CHOPHEP.vhd".
    Found 7-bit up counter for signal <DEM_R>.
    Found 7-bit comparator less for signal <OE$cmp_lt0000> created at line 57.
    Summary:
	inferred   1 Counter(s).
	inferred   1 Comparator(s).
Unit <DIEUKHIEN_CHOPHEP> synthesized.


Synthesizing Unit <DK_8LED_2CT_AU_SANGDON>.
    Related source file is "C:/Users/TOSHIBA/Documents/TT_Xilinx/TTTKVMS_CHIEU_T5_NHOM_2/BAI_451_DK_8LED_2CT_AU_SANGDON/DK_8LED_2CT_AU_SANGDON.vhd".
Unit <DK_8LED_2CT_AU_SANGDON> synthesized.


=========================================================================
HDL Synthesis Report

Macro Statistics
# Adders/Subtractors                                   : 5
 24-bit adder                                          : 1
 3-bit subtractor                                      : 4
# Counters                                             : 1
 7-bit up counter                                      : 1
# Registers                                            : 9
 24-bit register                                       : 1
 3-bit register                                        : 4
 8-bit register                                        : 4
# Comparators                                          : 1
 7-bit comparator less                                 : 1

=========================================================================

=========================================================================
*                       Advanced HDL Synthesis                          *
=========================================================================


=========================================================================
Advanced HDL Synthesis Report

Macro Statistics
# Adders/Subtractors                                   : 5
 24-bit adder                                          : 1
 3-bit subtractor                                      : 4
# Counters                                             : 1
 7-bit up counter                                      : 1
# Registers                                            : 68
 Flip-Flops                                            : 68
# Comparators                                          : 1
 7-bit comparator less                                 : 1

=========================================================================

=========================================================================
*                         Low Level Synthesis                           *
=========================================================================

Optimizing unit <DK_8LED_2CT_AU_SANGDON> ...

Optimizing unit <CHIA_10ENA> ...

Optimizing unit <LED_SANGDON_PST> ...

Optimizing unit <LED_SANGDON_TSP> ...

Optimizing unit <DIEUKHIEN_CHOPHEP> ...

Mapping all equations...
Building and optimizing final netlist ...
Found area constraint ratio of 100 (+ 5) on block DK_8LED_2CT_AU_SANGDON, actual ratio is 1.

Final Macro Processing ...

=========================================================================
Final Register Report

Macro Statistics
# Registers                                            : 75
 Flip-Flops                                            : 75

=========================================================================

=========================================================================
*                           Partition Report                            *
=========================================================================

Partition Implementation Status
-------------------------------

  No Partitions were found in this design.

-------------------------------

=========================================================================
*                            Final Report                               *
=========================================================================
Final Results
RTL Top Level Output File Name     : DK_8LED_2CT_AU_SANGDON.ngr
Top Level Output File Name         : DK_8LED_2CT_AU_SANGDON
Output Format                      : NGC
Optimization Goal                  : Speed
Keep Hierarchy                     : No

Design Statistics
# IOs                              : 10

Cell Usage :
# BELS                             : 195
#      GND                         : 1
#      INV                         : 3
#      LUT1                        : 23
#      LUT2                        : 11
#      LUT3                        : 50
#      LUT3_D                      : 4
#      LUT4                        : 42
#      LUT4_D                      : 8
#      LUT4_L                      : 5
#      MUXCY                       : 23
#      VCC                         : 1
#      XORCY                       : 24
# FlipFlops/Latches                : 75
#      FDCE                        : 7
#      FDCE_1                      : 32
#      FDPE_1                      : 12
#      FDR_1                       : 23
#      FDS_1                       : 1
# Clock Buffers                    : 1
#      BUFGP                       : 1
# IO Buffers                       : 9
#      IBUF                        : 1
#      OBUF                        : 8
=========================================================================

Device utilization summary:
---------------------------

Selected Device : 3s500epq208-5 

 Number of Slices:                       78  out of   4656     1%  
 Number of Slice Flip Flops:             75  out of   9312     0%  
 Number of 4 input LUTs:                146  out of   9312     1%  
 Number of IOs:                          10
 Number of bonded IOBs:                  10  out of    158     6%  
 Number of GCLKs:                         1  out of     24     4%  

---------------------------
Partition Resource Summary:
---------------------------

  No Partitions were found in this design.

---------------------------


=========================================================================
TIMING REPORT

NOTE: THESE TIMING NUMBERS ARE ONLY A SYNTHESIS ESTIMATE.
      FOR ACCURATE TIMING INFORMATION PLEASE REFER TO THE TRACE REPORT
      GENERATED AFTER PLACE-and-ROUTE.

Clock Information:
------------------
-----------------------------------+------------------------+-------+
Clock Signal                       | Clock buffer(FF name)  | Load  |
-----------------------------------+------------------------+-------+
CKHT                               | BUFGP                  | 75    |
-----------------------------------+------------------------+-------+

Asynchronous Control Signals Information:
----------------------------------------
-----------------------------------+------------------------+-------+
Control Signal                     | Buffer(FF name)        | Load  |
-----------------------------------+------------------------+-------+
BTN                                | IBUF                   | 51    |
-----------------------------------+------------------------+-------+

Timing Summary:
---------------
Speed Grade: -5

   Minimum period: 6.460ns (Maximum Frequency: 154.799MHz)
   Minimum input arrival time before clock: 7.299ns
   Maximum output required time after clock: 9.078ns
   Maximum combinational path delay: 10.238ns

Timing Detail:
--------------
All values displayed in nanoseconds (ns)

=========================================================================
Timing constraint: Default period analysis for Clock 'CKHT'
  Clock period: 6.460ns (frequency: 154.799MHz)
  Total number of paths / destination ports: 3713 / 150
-------------------------------------------------------------------------
Delay:               6.460ns (Levels of Logic = 4)
  Source:            IC1/D5HZ_R_19 (FF)
  Destination:       IC2/DL_R_2 (FF)
  Source Clock:      CKHT falling
  Destination Clock: CKHT falling

  Data Path: IC1/D5HZ_R_19 to IC2/DL_R_2
                                Gate     Net
    Cell:in->out      fanout   Delay   Delay  Logical Name (Net Name)
    ----------------------------------------  ------------
     FDR_1:C->Q            2   0.514   0.532  IC1/D5HZ_R_19 (IC1/D5HZ_R_19)
     LUT4_D:I0->O          2   0.612   0.449  IC1/D5HZ_N_cmp_eq0000123 (IC1/D5HZ_N_cmp_eq0000123)
     LUT3:I1->O            5   0.612   0.541  IC1/D5HZ_N_cmp_eq0000149 (IC1/N01)
     LUT4:I3->O            9   0.612   0.700  IC1/ENA5HZ_cmp_eq000063 (ENA_DB)
     LUT4:I3->O           11   0.612   0.793  IC3/X_R_not0001 (IC3/X_R_not0001)
     FDCE_1:CE                 0.483          IC3/X_R_0
    ----------------------------------------
    Total                      6.460ns (3.445ns logic, 3.015ns route)
                                       (53.3% logic, 46.7% route)

=========================================================================
Timing constraint: Default OFFSET IN BEFORE for Clock 'CKHT'
  Total number of paths / destination ports: 180 / 88
-------------------------------------------------------------------------
Offset:              7.299ns (Levels of Logic = 5)
  Source:            BTN (PAD)
  Destination:       IC3/Y_R_6 (FF)
  Destination Clock: CKHT falling

  Data Path: BTN to IC3/Y_R_6
                                Gate     Net
    Cell:in->out      fanout   Delay   Delay  Logical Name (Net Name)
    ----------------------------------------  ------------
     IBUF:I->O            55   1.106   1.231  BTN_IBUF (BTN_IBUF)
     LUT4:I0->O            1   0.612   0.426  IC4/OE_cmp_lt000011_SW1 (N40)
     LUT4:I1->O           16   0.612   0.882  IC4/OE<1>1 (OE<1>)
     LUT4_D:I3->O         18   0.612   0.938  IC3/DC_R_mux0000<0>11 (IC3/N2)
     LUT3:I2->O            1   0.612   0.000  IC3/Y_R_mux0000<7>1 (IC3/Y_R_mux0000<7>)
     FDCE_1:D                  0.268          IC3/Y_R_0
    ----------------------------------------
    Total                      7.299ns (3.822ns logic, 3.477ns route)
                                       (52.4% logic, 47.6% route)

=========================================================================
Timing constraint: Default OFFSET OUT AFTER for Clock 'CKHT'
  Total number of paths / destination ports: 168 / 8
-------------------------------------------------------------------------
Offset:              9.078ns (Levels of Logic = 5)
  Source:            IC4/DEM_R_2 (FF)
  Destination:       LED<7> (PAD)
  Source Clock:      CKHT falling

  Data Path: IC4/DEM_R_2 to LED<7>
                                Gate     Net
    Cell:in->out      fanout   Delay   Delay  Logical Name (Net Name)
    ----------------------------------------  ------------
     FDCE:C->Q             5   0.514   0.690  IC4/DEM_R_2 (IC4/DEM_R_2)
     LUT3_D:I0->O          1   0.612   0.360  IC4/OE_cmp_lt000011_SW0 (N36)
     LUT4:I3->O           16   0.612   1.031  IC4/OE<0>1 (OE<0>)
     LUT3:I0->O            1   0.612   0.509  LED<7>_SW0 (N4)
     LUT4:I0->O            1   0.612   0.357  LED<7> (LED_7_OBUF)
     OBUF:I->O                 3.169          LED_7_OBUF (LED<7>)
    ----------------------------------------
    Total                      9.078ns (6.131ns logic, 2.947ns route)
                                       (67.5% logic, 32.5% route)

=========================================================================
Timing constraint: Default path analysis
  Total number of paths / destination ports: 32 / 8
-------------------------------------------------------------------------
Delay:               10.238ns (Levels of Logic = 6)
  Source:            BTN (PAD)
  Destination:       LED<7> (PAD)

  Data Path: BTN to LED<7>
                                Gate     Net
    Cell:in->out      fanout   Delay   Delay  Logical Name (Net Name)
    ----------------------------------------  ------------
     IBUF:I->O            55   1.106   1.231  BTN_IBUF (BTN_IBUF)
     LUT2:I0->O            1   0.612   0.387  IC4/OE_cmp_lt000011_SW3 (N43)
     LUT4:I2->O           16   0.612   1.031  IC4/OE<0>1 (OE<0>)
     LUT3:I0->O            1   0.612   0.509  LED<7>_SW0 (N4)
     LUT4:I0->O            1   0.612   0.357  LED<7> (LED_7_OBUF)
     OBUF:I->O                 3.169          LED_7_OBUF (LED<7>)
    ----------------------------------------
    Total                     10.238ns (6.723ns logic, 3.515ns route)
                                       (65.7% logic, 34.3% route)

=========================================================================


Total REAL time to Xst completion: 6.00 secs
Total CPU time to Xst completion: 5.88 secs
 
--> 

Total memory usage is 4536788 kilobytes

Number of errors   :    0 (   0 filtered)
Number of warnings :    0 (   0 filtered)
Number of infos    :    0 (   0 filtered)

