--------------------------------------------------------------------------------
Release 14.7 Trace  (nt64)
Copyright (c) 1995-2013 Xilinx, Inc.  All rights reserved.

C:\Xilinx\14.7\ISE_DS\ISE\bin\nt64\unwrapped\trce.exe -intstyle ise -v 3 -s 5
-n 3 -fastpaths -xml LCD_20X4_CLOCK.twx LCD_20X4_CLOCK.ncd -o
LCD_20X4_CLOCK.twr LCD_20X4_CLOCK.pcf -ucf KIT_XC3S500E_PQ208.ucf

Design file:              LCD_20X4_CLOCK.ncd
Physical constraint file: LCD_20X4_CLOCK.pcf
Device,package,speed:     xc3s500e,pq208,-5 (PRODUCTION 1.27 2013-10-13)
Report level:             verbose report

Environment Variable      Effect 
--------------------      ------ 
NONE                      No environment variables were set
--------------------------------------------------------------------------------

INFO:Timing:2698 - No timing constraints found, doing default enumeration.
INFO:Timing:3412 - To improve timing, see the Timing Closure User Guide (UG612).
INFO:Timing:2752 - To get complete path coverage, use the unconstrained paths 
   option. All paths that are not constrained will be reported in the 
   unconstrained paths section(s) of the report.
INFO:Timing:3339 - The clock-to-out numbers in this timing report are based on 
   a 50 Ohm transmission line loading model.  For the details of this model, 
   and for more information on accounting for different loading conditions, 
   please see the device datasheet.
INFO:Timing:3390 - This architecture does not support a default System Jitter 
   value, please add SYSTEM_JITTER constraint to the UCF to modify the Clock 
   Uncertainty calculation.
INFO:Timing:3389 - This architecture does not support 'Discrete Jitter' and 
   'Phase Error' calculations, these terms will be zero in the Clock 
   Uncertainty calculation.  Please make appropriate modification to 
   SYSTEM_JITTER to account for the unsupported Discrete Jitter and Phase 
   Error.



Data Sheet report:
-----------------
All values displayed in nanoseconds (ns)

Setup/Hold to clock CKHT
------------+------------+------------+------------------+--------+
            |Max Setup to|Max Hold to |                  | Clock  |
Source      | clk (edge) | clk (edge) |Internal Clock(s) | Phase  |
------------+------------+------------+------------------+--------+
BTN<0>      |    5.255(R)|    0.123(R)|CKHT_BUFGP        |   0.000|
            |    3.662(F)|    0.087(F)|CKHT_BUFGP        |   0.000|
BTN<1>      |    2.494(F)|    0.606(F)|CKHT_BUFGP        |   0.000|
BTN<2>      |    1.946(F)|    0.902(F)|CKHT_BUFGP        |   0.000|
DS18B20     |    2.531(R)|   -0.569(R)|CKHT_BUFGP        |   0.000|
SW0         |    7.380(F)|    0.185(F)|CKHT_BUFGP        |   0.000|
------------+------------+------------+------------------+--------+

Clock CKHT to Pad
------------+------------+------------------+--------+
            | clk (edge) |                  | Clock  |
Destination |   to PAD   |Internal Clock(s) | Phase  |
------------+------------+------------------+--------+
ANODE<0>    |    9.092(F)|CKHT_BUFGP        |   0.000|
ANODE<1>    |    9.279(F)|CKHT_BUFGP        |   0.000|
ANODE<2>    |    8.546(F)|CKHT_BUFGP        |   0.000|
ANODE<3>    |    8.776(F)|CKHT_BUFGP        |   0.000|
ANODE<4>    |    9.220(F)|CKHT_BUFGP        |   0.000|
ANODE<5>    |    9.218(F)|CKHT_BUFGP        |   0.000|
ANODE<6>    |    9.473(F)|CKHT_BUFGP        |   0.000|
ANODE<7>    |    9.226(F)|CKHT_BUFGP        |   0.000|
DS18B20     |    9.133(R)|CKHT_BUFGP        |   0.000|
LCD_DB<0>   |    9.612(F)|CKHT_BUFGP        |   0.000|
LCD_DB<1>   |    9.250(F)|CKHT_BUFGP        |   0.000|
LCD_DB<2>   |    8.732(F)|CKHT_BUFGP        |   0.000|
LCD_DB<3>   |    8.428(F)|CKHT_BUFGP        |   0.000|
LCD_DB<4>   |    7.657(F)|CKHT_BUFGP        |   0.000|
LCD_DB<5>   |    8.749(F)|CKHT_BUFGP        |   0.000|
LCD_DB<6>   |    7.852(F)|CKHT_BUFGP        |   0.000|
LCD_DB<7>   |    7.807(F)|CKHT_BUFGP        |   0.000|
LCD_E       |    7.754(F)|CKHT_BUFGP        |   0.000|
LCD_RS      |    7.818(F)|CKHT_BUFGP        |   0.000|
LED<0>      |    7.253(R)|CKHT_BUFGP        |   0.000|
LED<1>      |    7.528(R)|CKHT_BUFGP        |   0.000|
LED<2>      |    7.123(R)|CKHT_BUFGP        |   0.000|
LED<3>      |    7.049(R)|CKHT_BUFGP        |   0.000|
SSEG<0>     |   13.182(F)|CKHT_BUFGP        |   0.000|
SSEG<1>     |   13.167(F)|CKHT_BUFGP        |   0.000|
SSEG<2>     |   12.776(F)|CKHT_BUFGP        |   0.000|
SSEG<3>     |   12.972(F)|CKHT_BUFGP        |   0.000|
SSEG<4>     |   12.399(F)|CKHT_BUFGP        |   0.000|
SSEG<5>     |   12.747(F)|CKHT_BUFGP        |   0.000|
SSEG<6>     |   12.552(F)|CKHT_BUFGP        |   0.000|
------------+------------+------------------+--------+

Clock to Setup on destination clock CKHT
---------------+---------+---------+---------+---------+
               | Src:Rise| Src:Fall| Src:Rise| Src:Fall|
Source Clock   |Dest:Rise|Dest:Rise|Dest:Fall|Dest:Fall|
---------------+---------+---------+---------+---------+
CKHT           |   11.933|         |   13.859|   16.181|
---------------+---------+---------+---------+---------+


Analysis completed Fri Nov 29 08:13:39 2019 
--------------------------------------------------------------------------------

Trace Settings:
-------------------------
Trace Settings 

Peak Memory Usage: 4526 MB



