--------------------------------------------------------------------------------
Release 14.7 Trace  (nt64)
Copyright (c) 1995-2013 Xilinx, Inc.  All rights reserved.

C:\Xilinx\14.7\ISE_DS\ISE\bin\nt64\unwrapped\trce.exe -intstyle ise -v 3 -s 3
-n 3 -fastpaths -xml DE_SO5.twx DE_SO5.ncd -o DE_SO5.twr DE_SO5.pcf

Design file:              DE_SO5.ncd
Physical constraint file: DE_SO5.pcf
Device,package,speed:     xc6slx9,tqg144,C,-3 (PRODUCTION 1.23 2013-10-13)
Report level:             verbose report

Environment Variable      Effect 
--------------------      ------ 
NONE                      No environment variables were set
--------------------------------------------------------------------------------

INFO:Timing:2698 - No timing constraints found, doing default enumeration.
INFO:Timing:3412 - To improve timing, see the Timing Closure User Guide (UG612).
INFO:Timing:2752 - To get complete path coverage, use the unconstrained paths 
   option. All paths that are not constrained will be reported in the 
   unconstrained paths section(s) of the report.
INFO:Timing:3339 - The clock-to-out numbers in this timing report are based on 
   a 50 Ohm transmission line loading model.  For the details of this model, 
   and for more information on accounting for different loading conditions, 
   please see the device datasheet.



Data Sheet report:
-----------------
All values displayed in nanoseconds (ns)

Setup/Hold to clock CKHT
------------+------------+------------+------------+------------+------------------+--------+
            |Max Setup to|  Process   |Max Hold to |  Process   |                  | Clock  |
Source      | clk (edge) |   Corner   | clk (edge) |   Corner   |Internal Clock(s) | Phase  |
------------+------------+------------+------------+------------+------------------+--------+
BTN<0>      |    3.017(F)|      SLOW  |   -0.946(F)|      FAST  |CKHT_BUFGP        |   0.000|
BTN<1>      |    2.390(F)|      SLOW  |   -0.012(F)|      SLOW  |CKHT_BUFGP        |   0.000|
SW<0>       |    2.122(F)|      SLOW  |    0.060(F)|      SLOW  |CKHT_BUFGP        |   0.000|
SW<1>       |    5.315(F)|      SLOW  |   -2.168(F)|      FAST  |CKHT_BUFGP        |   0.000|
------------+------------+------------+------------+------------+------------------+--------+

Clock CKHT to Pad
------------+-----------------+------------+-----------------+------------+------------------+--------+
            |Max (slowest) clk|  Process   |Min (fastest) clk|  Process   |                  | Clock  |
Destination |  (edge) to PAD  |   Corner   |  (edge) to PAD  |   Corner   |Internal Clock(s) | Phase  |
------------+-----------------+------------+-----------------+------------+------------------+--------+
ANODE<0>    |         8.522(F)|      SLOW  |         4.219(F)|      FAST  |CKHT_BUFGP        |   0.000|
ANODE<1>    |         8.404(F)|      SLOW  |         4.199(F)|      FAST  |CKHT_BUFGP        |   0.000|
ANODE<2>    |         8.717(F)|      SLOW  |         4.428(F)|      FAST  |CKHT_BUFGP        |   0.000|
ANODE<3>    |        10.374(F)|      SLOW  |         5.446(F)|      FAST  |CKHT_BUFGP        |   0.000|
ANODE<4>    |        10.618(F)|      SLOW  |         5.593(F)|      FAST  |CKHT_BUFGP        |   0.000|
ANODE<5>    |        10.606(F)|      SLOW  |         5.578(F)|      FAST  |CKHT_BUFGP        |   0.000|
ANODE<6>    |         9.837(F)|      SLOW  |         4.999(F)|      FAST  |CKHT_BUFGP        |   0.000|
ANODE<7>    |        10.469(F)|      SLOW  |         5.471(F)|      FAST  |CKHT_BUFGP        |   0.000|
LED<0>      |        10.038(F)|      SLOW  |         4.471(F)|      FAST  |CKHT_BUFGP        |   0.000|
LED<1>      |        10.131(F)|      SLOW  |         4.581(F)|      FAST  |CKHT_BUFGP        |   0.000|
LED<2>      |        10.296(F)|      SLOW  |         4.279(F)|      FAST  |CKHT_BUFGP        |   0.000|
LED<3>      |        10.047(F)|      SLOW  |         3.924(F)|      FAST  |CKHT_BUFGP        |   0.000|
LED<4>      |        10.541(F)|      SLOW  |         4.199(F)|      FAST  |CKHT_BUFGP        |   0.000|
LED<5>      |        10.669(F)|      SLOW  |         4.156(F)|      FAST  |CKHT_BUFGP        |   0.000|
SSEG<0>     |        16.010(F)|      SLOW  |         5.520(F)|      FAST  |CKHT_BUFGP        |   0.000|
SSEG<1>     |        15.501(F)|      SLOW  |         5.142(F)|      FAST  |CKHT_BUFGP        |   0.000|
SSEG<2>     |        16.019(F)|      SLOW  |         5.329(F)|      FAST  |CKHT_BUFGP        |   0.000|
SSEG<3>     |        15.610(F)|      SLOW  |         5.267(F)|      FAST  |CKHT_BUFGP        |   0.000|
SSEG<4>     |        15.806(F)|      SLOW  |         5.529(F)|      FAST  |CKHT_BUFGP        |   0.000|
SSEG<5>     |        16.173(F)|      SLOW  |         5.424(F)|      FAST  |CKHT_BUFGP        |   0.000|
SSEG<6>     |        15.643(F)|      SLOW  |         5.412(F)|      FAST  |CKHT_BUFGP        |   0.000|
------------+-----------------+------------+-----------------+------------+------------------+--------+

Clock to Setup on destination clock CKHT
---------------+---------+---------+---------+---------+
               | Src:Rise| Src:Fall| Src:Rise| Src:Fall|
Source Clock   |Dest:Rise|Dest:Rise|Dest:Fall|Dest:Fall|
---------------+---------+---------+---------+---------+
CKHT           |         |         |         |    4.852|
---------------+---------+---------+---------+---------+

Pad to Pad
---------------+---------------+---------+
Source Pad     |Destination Pad|  Delay  |
---------------+---------------+---------+
SW<1>          |SSEG<0>        |   11.777|
SW<1>          |SSEG<1>        |   11.272|
SW<1>          |SSEG<2>        |   11.559|
SW<1>          |SSEG<3>        |   11.377|
SW<1>          |SSEG<4>        |   11.742|
SW<1>          |SSEG<5>        |   11.713|
SW<1>          |SSEG<6>        |   11.579|
---------------+---------------+---------+


Analysis completed Sun Jul 12 21:05:24 2020 
--------------------------------------------------------------------------------

Trace Settings:
-------------------------
Trace Settings 

Peak Memory Usage: 4571 MB



