--------------------------------------------------------------------------------
Release 14.7 Trace  (nt64)
Copyright (c) 1995-2013 Xilinx, Inc.  All rights reserved.

C:\Xilinx\14.7\ISE_DS\ISE\bin\nt64\unwrapped\trce.exe -intstyle ise -v 3 -s 3
-n 3 -fastpaths -xml DEM_BTN.twx DEM_BTN.ncd -o DEM_BTN.twr DEM_BTN.pcf

Design file:              DEM_BTN.ncd
Physical constraint file: DEM_BTN.pcf
Device,package,speed:     xc6slx9,tqg144,C,-3 (PRODUCTION 1.23 2013-10-13)
Report level:             verbose report

Environment Variable      Effect 
--------------------      ------ 
NONE                      No environment variables were set
--------------------------------------------------------------------------------

INFO:Timing:2698 - No timing constraints found, doing default enumeration.
INFO:Timing:3412 - To improve timing, see the Timing Closure User Guide (UG612).
INFO:Timing:2752 - To get complete path coverage, use the unconstrained paths 
   option. All paths that are not constrained will be reported in the 
   unconstrained paths section(s) of the report.
INFO:Timing:3339 - The clock-to-out numbers in this timing report are based on 
   a 50 Ohm transmission line loading model.  For the details of this model, 
   and for more information on accounting for different loading conditions, 
   please see the device datasheet.



Data Sheet report:
-----------------
All values displayed in nanoseconds (ns)

Setup/Hold to clock CKHT
------------+------------+------------+------------+------------+------------------+--------+
            |Max Setup to|  Process   |Max Hold to |  Process   |                  | Clock  |
Source      | clk (edge) |   Corner   | clk (edge) |   Corner   |Internal Clock(s) | Phase  |
------------+------------+------------+------------+------------+------------------+--------+
BTN<0>      |    7.189(F)|      SLOW  |   -0.956(F)|      FAST  |CKHT_BUFGP        |   0.000|
BTN<1>      |    2.011(F)|      SLOW  |   -0.137(F)|      SLOW  |CKHT_BUFGP        |   0.000|
BTN<2>      |    2.480(F)|      SLOW  |   -0.792(F)|      FAST  |CKHT_BUFGP        |   0.000|
BTN<3>      |    1.929(F)|      SLOW  |   -0.222(F)|      SLOW  |CKHT_BUFGP        |   0.000|
------------+------------+------------+------------+------------+------------------+--------+

Clock CKHT to Pad
------------+-----------------+------------+-----------------+------------+------------------+--------+
            |Max (slowest) clk|  Process   |Min (fastest) clk|  Process   |                  | Clock  |
Destination |  (edge) to PAD  |   Corner   |  (edge) to PAD  |   Corner   |Internal Clock(s) | Phase  |
------------+-----------------+------------+-----------------+------------+------------------+--------+
LCD_DB<0>   |         7.720(F)|      SLOW  |         4.079(F)|      FAST  |CKHT_BUFGP        |   0.000|
LCD_DB<1>   |         7.670(F)|      SLOW  |         4.047(F)|      FAST  |CKHT_BUFGP        |   0.000|
LCD_DB<2>   |         7.814(F)|      SLOW  |         4.114(F)|      FAST  |CKHT_BUFGP        |   0.000|
LCD_DB<3>   |         7.720(F)|      SLOW  |         4.057(F)|      FAST  |CKHT_BUFGP        |   0.000|
LCD_DB<4>   |         7.949(F)|      SLOW  |         4.223(F)|      FAST  |CKHT_BUFGP        |   0.000|
LCD_DB<5>   |         7.920(F)|      SLOW  |         4.206(F)|      FAST  |CKHT_BUFGP        |   0.000|
LCD_DB<6>   |         7.765(F)|      SLOW  |         4.048(F)|      FAST  |CKHT_BUFGP        |   0.000|
LCD_DB<7>   |         7.702(F)|      SLOW  |         4.054(F)|      FAST  |CKHT_BUFGP        |   0.000|
LCD_E       |         8.033(F)|      SLOW  |         4.286(F)|      FAST  |CKHT_BUFGP        |   0.000|
LCD_RS      |         7.496(F)|      SLOW  |         3.889(F)|      FAST  |CKHT_BUFGP        |   0.000|
------------+-----------------+------------+-----------------+------------+------------------+--------+

Clock to Setup on destination clock CKHT
---------------+---------+---------+---------+---------+
               | Src:Rise| Src:Fall| Src:Rise| Src:Fall|
Source Clock   |Dest:Rise|Dest:Rise|Dest:Fall|Dest:Fall|
---------------+---------+---------+---------+---------+
CKHT           |         |         |         |    6.135|
---------------+---------+---------+---------+---------+


Analysis completed Thu Sep 03 12:06:45 2020 
--------------------------------------------------------------------------------

Trace Settings:
-------------------------
Trace Settings 

Peak Memory Usage: 4571 MB



