--------------------------------------------------------------------------------
Release 14.7 Trace  (nt64)
Copyright (c) 1995-2013 Xilinx, Inc.  All rights reserved.

C:\Xilinx\14.7\ISE_DS\ISE\bin\nt64\unwrapped\trce.exe -intstyle ise -v 3 -s 4
-n 3 -fastpaths -xml CHIA_10XUNG_CK1HZ_CK1MHZ.twx CHIA_10XUNG_CK1HZ_CK1MHZ.ncd
-o CHIA_10XUNG_CK1HZ_CK1MHZ.twr CHIA_10XUNG_CK1HZ_CK1MHZ.pcf

Design file:              CHIA_10XUNG_CK1HZ_CK1MHZ.ncd
Physical constraint file: CHIA_10XUNG_CK1HZ_CK1MHZ.pcf
Device,package,speed:     xa3s500e,pqg208,-4 (PRODUCTION 1.27 2013-10-13)
Report level:             verbose report

Environment Variable      Effect 
--------------------      ------ 
NONE                      No environment variables were set
--------------------------------------------------------------------------------

INFO:Timing:2698 - No timing constraints found, doing default enumeration.
INFO:Timing:3412 - To improve timing, see the Timing Closure User Guide (UG612).
INFO:Timing:2752 - To get complete path coverage, use the unconstrained paths 
   option. All paths that are not constrained will be reported in the 
   unconstrained paths section(s) of the report.
INFO:Timing:3339 - The clock-to-out numbers in this timing report are based on 
   a 50 Ohm transmission line loading model.  For the details of this model, 
   and for more information on accounting for different loading conditions, 
   please see the device datasheet.
INFO:Timing:3390 - This architecture does not support a default System Jitter 
   value, please add SYSTEM_JITTER constraint to the UCF to modify the Clock 
   Uncertainty calculation.
INFO:Timing:3389 - This architecture does not support 'Discrete Jitter' and 
   'Phase Error' calculations, these terms will be zero in the Clock 
   Uncertainty calculation.  Please make appropriate modification to 
   SYSTEM_JITTER to account for the unsupported Discrete Jitter and Phase 
   Error.



Data Sheet report:
-----------------
All values displayed in nanoseconds (ns)

Clock CKHT to Pad
------------+------------+------------------+--------+
            | clk (edge) |                  | Clock  |
Destination |   to PAD   |Internal Clock(s) | Phase  |
------------+------------+------------------+--------+
LED<0>      |   10.791(F)|CKHT_BUFGP        |   0.000|
LED<1>      |   10.589(F)|CKHT_BUFGP        |   0.000|
LED<2>      |   10.313(F)|CKHT_BUFGP        |   0.000|
LED<3>      |   10.127(F)|CKHT_BUFGP        |   0.000|
LED<4>      |   10.300(F)|CKHT_BUFGP        |   0.000|
LED<5>      |   10.511(F)|CKHT_BUFGP        |   0.000|
LED<6>      |   10.074(F)|CKHT_BUFGP        |   0.000|
LED<7>      |   10.187(F)|CKHT_BUFGP        |   0.000|
LED<8>      |   10.406(F)|CKHT_BUFGP        |   0.000|
LED<9>      |    9.995(F)|CKHT_BUFGP        |   0.000|
------------+------------+------------------+--------+

Clock to Setup on destination clock CKHT
---------------+---------+---------+---------+---------+
               | Src:Rise| Src:Fall| Src:Rise| Src:Fall|
Source Clock   |Dest:Rise|Dest:Rise|Dest:Fall|Dest:Fall|
---------------+---------+---------+---------+---------+
CKHT           |         |         |         |    5.253|
---------------+---------+---------+---------+---------+


Analysis completed Wed May 20 22:23:06 2020 
--------------------------------------------------------------------------------

Trace Settings:
-------------------------
Trace Settings 

Peak Memory Usage: 4509 MB



