Release 14.7 - xst P.20131013 (nt64)
Copyright (c) 1995-2013 Xilinx, Inc.  All rights reserved.
--> Parameter TMPDIR set to xst/projnav.tmp


Total REAL time to Xst completion: 0.00 secs
Total CPU time to Xst completion: 0.13 secs
 
--> Parameter xsthdpdir set to xst


Total REAL time to Xst completion: 0.00 secs
Total CPU time to Xst completion: 0.13 secs
 
--> Reading design: CHIA_10XUNG_CK1HZ_CK1MHZ.prj

TABLE OF CONTENTS
  1) Synthesis Options Summary
  2) HDL Compilation
  3) Design Hierarchy Analysis
  4) HDL Analysis
  5) HDL Synthesis
     5.1) HDL Synthesis Report
  6) Advanced HDL Synthesis
     6.1) Advanced HDL Synthesis Report
  7) Low Level Synthesis
  8) Partition Report
  9) Final Report
	9.1) Device utilization summary
	9.2) Partition Resource Summary
	9.3) TIMING REPORT


=========================================================================
*                      Synthesis Options Summary                        *
=========================================================================
---- Source Parameters
Input File Name                    : "CHIA_10XUNG_CK1HZ_CK1MHZ.prj"
Input Format                       : mixed
Ignore Synthesis Constraint File   : NO

---- Target Parameters
Output File Name                   : "CHIA_10XUNG_CK1HZ_CK1MHZ"
Output Format                      : NGC
Target Device                      : xa3s500e-4-pqg208

---- Source Options
Top Module Name                    : CHIA_10XUNG_CK1HZ_CK1MHZ
Automatic FSM Extraction           : YES
FSM Encoding Algorithm             : Auto
Safe Implementation                : No
FSM Style                          : LUT
RAM Extraction                     : Yes
RAM Style                          : Auto
ROM Extraction                     : Yes
Mux Style                          : Auto
Decoder Extraction                 : YES
Priority Encoder Extraction        : Yes
Shift Register Extraction          : YES
Logical Shifter Extraction         : YES
XOR Collapsing                     : YES
ROM Style                          : Auto
Mux Extraction                     : Yes
Resource Sharing                   : YES
Asynchronous To Synchronous        : NO
Multiplier Style                   : Auto
Automatic Register Balancing       : No

---- Target Options
Add IO Buffers                     : YES
Global Maximum Fanout              : 500
Add Generic Clock Buffer(BUFG)     : 24
Register Duplication               : YES
Slice Packing                      : YES
Optimize Instantiated Primitives   : NO
Use Clock Enable                   : Yes
Use Synchronous Set                : Yes
Use Synchronous Reset              : Yes
Pack IO Registers into IOBs        : Auto
Equivalent register Removal        : YES

---- General Options
Optimization Goal                  : Speed
Optimization Effort                : 1
Keep Hierarchy                     : No
Netlist Hierarchy                  : As_Optimized
RTL Output                         : Yes
Global Optimization                : AllClockNets
Read Cores                         : YES
Write Timing Constraints           : NO
Cross Clock Analysis               : NO
Hierarchy Separator                : /
Bus Delimiter                      : <>
Case Specifier                     : Maintain
Slice Utilization Ratio            : 100
BRAM Utilization Ratio             : 100
Verilog 2001                       : YES
Auto BRAM Packing                  : NO
Slice Utilization Ratio Delta      : 5

=========================================================================


=========================================================================
*                          HDL Compilation                              *
=========================================================================
Compiling vhdl file "C:/Users/Admin/Documents/TT-HDL-N7-S2/BAI_403_CHIA_10XUNG_CK1HZ_CK1MHZ/CHIA_10CK.vhd" in Library work.
Architecture behavioral of Entity chia_10ck is up to date.
Compiling vhdl file "C:/Users/Admin/Documents/TT-HDL-N7-S2/BAI_403_CHIA_10XUNG_CK1HZ_CK1MHZ/CHIA_10XUNG_CK1HZ_CK1MHZ.vhd" in Library work.
Entity <chia_10xung_ck1hz_ck1mhz> compiled.
Entity <CHIA_10XUNG_CK1HZ_CK1MHZ> (Architecture <Behavioral>) compiled.

=========================================================================
*                     Design Hierarchy Analysis                         *
=========================================================================
Analyzing hierarchy for entity <CHIA_10XUNG_CK1HZ_CK1MHZ> in library <work> (architecture <Behavioral>).

Analyzing hierarchy for entity <CHIA_10CK> in library <work> (architecture <Behavioral>).


=========================================================================
*                            HDL Analysis                               *
=========================================================================
Analyzing Entity <CHIA_10XUNG_CK1HZ_CK1MHZ> in library <work> (Architecture <Behavioral>).
Entity <CHIA_10XUNG_CK1HZ_CK1MHZ> analyzed. Unit <CHIA_10XUNG_CK1HZ_CK1MHZ> generated.

Analyzing Entity <CHIA_10CK> in library <work> (Architecture <Behavioral>).
Entity <CHIA_10CK> analyzed. Unit <CHIA_10CK> generated.


=========================================================================
*                           HDL Synthesis                               *
=========================================================================

Performing bidirectional port resolution...

Synthesizing Unit <CHIA_10CK>.
    Related source file is "C:/Users/Admin/Documents/TT-HDL-N7-S2/BAI_403_CHIA_10XUNG_CK1HZ_CK1MHZ/CHIA_10CK.vhd".
    Found 19-bit comparator less for signal <CK100HZ$cmp_lt0000> created at line 51.
    Found 23-bit comparator less for signal <CK10HZ$cmp_lt0000> created at line 47.
    Found 26-bit comparator less for signal <CK1HZ$cmp_lt0000> created at line 44.
    Found 16-bit comparator less for signal <CK1KHZ$cmp_lt0000> created at line 52.
    Found 6-bit comparator less for signal <CK1MHZ$cmp_lt0000> created at line 53.
    Found 22-bit comparator less for signal <CK20HZ$cmp_lt0000> created at line 48.
    Found 21-bit comparator less for signal <CK25HZ$cmp_lt0000> created at line 49.
    Found 25-bit comparator less for signal <CK2HZ$cmp_lt0000> created at line 45.
    Found 20-bit comparator less for signal <CK50HZ$cmp_lt0000> created at line 50.
    Found 24-bit comparator less for signal <CK5HZ$cmp_lt0000> created at line 46.
    Found 19-bit adder for signal <D100HZ_NEXT$addsub0000> created at line 73.
    Found 19-bit register for signal <D100HZ_REG>.
    Found 23-bit adder for signal <D10HZ_NEXT$addsub0000> created at line 77.
    Found 23-bit register for signal <D10HZ_REG>.
    Found 26-bit adder for signal <D1HZ_NEXT$addsub0000> created at line 80.
    Found 26-bit register for signal <D1HZ_REG>.
    Found 16-bit adder for signal <D1KHZ_NEXT$addsub0000> created at line 72.
    Found 16-bit register for signal <D1KHZ_REG>.
    Found 6-bit adder for signal <D1MHZ_NEXT$addsub0000> created at line 71.
    Found 6-bit register for signal <D1MHZ_REG>.
    Found 22-bit adder for signal <D20HZ_NEXT$addsub0000> created at line 76.
    Found 22-bit register for signal <D20HZ_REG>.
    Found 21-bit adder for signal <D25HZ_NEXT$addsub0000> created at line 75.
    Found 21-bit register for signal <D25HZ_REG>.
    Found 25-bit adder for signal <D2HZ_NEXT$addsub0000> created at line 79.
    Found 25-bit register for signal <D2HZ_REG>.
    Found 20-bit adder for signal <D50HZ_NEXT$addsub0000> created at line 74.
    Found 20-bit register for signal <D50HZ_REG>.
    Found 24-bit adder for signal <D5HZ_NEXT$addsub0000> created at line 78.
    Found 24-bit register for signal <D5HZ_REG>.
    Summary:
	inferred 202 D-type flip-flop(s).
	inferred  10 Adder/Subtractor(s).
	inferred  10 Comparator(s).
Unit <CHIA_10CK> synthesized.


Synthesizing Unit <CHIA_10XUNG_CK1HZ_CK1MHZ>.
    Related source file is "C:/Users/Admin/Documents/TT-HDL-N7-S2/BAI_403_CHIA_10XUNG_CK1HZ_CK1MHZ/CHIA_10XUNG_CK1HZ_CK1MHZ.vhd".
Unit <CHIA_10XUNG_CK1HZ_CK1MHZ> synthesized.


=========================================================================
HDL Synthesis Report

Macro Statistics
# Adders/Subtractors                                   : 10
 16-bit adder                                          : 1
 19-bit adder                                          : 1
 20-bit adder                                          : 1
 21-bit adder                                          : 1
 22-bit adder                                          : 1
 23-bit adder                                          : 1
 24-bit adder                                          : 1
 25-bit adder                                          : 1
 26-bit adder                                          : 1
 6-bit adder                                           : 1
# Registers                                            : 10
 16-bit register                                       : 1
 19-bit register                                       : 1
 20-bit register                                       : 1
 21-bit register                                       : 1
 22-bit register                                       : 1
 23-bit register                                       : 1
 24-bit register                                       : 1
 25-bit register                                       : 1
 26-bit register                                       : 1
 6-bit register                                        : 1
# Comparators                                          : 10
 16-bit comparator less                                : 1
 19-bit comparator less                                : 1
 20-bit comparator less                                : 1
 21-bit comparator less                                : 1
 22-bit comparator less                                : 1
 23-bit comparator less                                : 1
 24-bit comparator less                                : 1
 25-bit comparator less                                : 1
 26-bit comparator less                                : 1
 6-bit comparator less                                 : 1

=========================================================================

=========================================================================
*                       Advanced HDL Synthesis                          *
=========================================================================


=========================================================================
Advanced HDL Synthesis Report

Macro Statistics
# Adders/Subtractors                                   : 10
 16-bit adder                                          : 1
 19-bit adder                                          : 1
 20-bit adder                                          : 1
 21-bit adder                                          : 1
 22-bit adder                                          : 1
 23-bit adder                                          : 1
 24-bit adder                                          : 1
 25-bit adder                                          : 1
 26-bit adder                                          : 1
 6-bit adder                                           : 1
# Registers                                            : 202
 Flip-Flops                                            : 202
# Comparators                                          : 10
 16-bit comparator less                                : 1
 19-bit comparator less                                : 1
 20-bit comparator less                                : 1
 21-bit comparator less                                : 1
 22-bit comparator less                                : 1
 23-bit comparator less                                : 1
 24-bit comparator less                                : 1
 25-bit comparator less                                : 1
 26-bit comparator less                                : 1
 6-bit comparator less                                 : 1

=========================================================================

=========================================================================
*                         Low Level Synthesis                           *
=========================================================================

Optimizing unit <CHIA_10XUNG_CK1HZ_CK1MHZ> ...

Optimizing unit <CHIA_10CK> ...

Mapping all equations...
Building and optimizing final netlist ...
Found area constraint ratio of 100 (+ 5) on block CHIA_10XUNG_CK1HZ_CK1MHZ, actual ratio is 4.

Final Macro Processing ...

=========================================================================
Final Register Report

Macro Statistics
# Registers                                            : 202
 Flip-Flops                                            : 202

=========================================================================

=========================================================================
*                           Partition Report                            *
=========================================================================

Partition Implementation Status
-------------------------------

  No Partitions were found in this design.

-------------------------------

=========================================================================
*                            Final Report                               *
=========================================================================
Final Results
RTL Top Level Output File Name     : CHIA_10XUNG_CK1HZ_CK1MHZ.ngr
Top Level Output File Name         : CHIA_10XUNG_CK1HZ_CK1MHZ
Output Format                      : NGC
Optimization Goal                  : Speed
Keep Hierarchy                     : No

Design Statistics
# IOs                              : 11

Cell Usage :
# BELS                             : 881
#      GND                         : 1
#      INV                         : 46
#      LUT1                        : 218
#      LUT2                        : 21
#      LUT3                        : 8
#      LUT3_L                      : 1
#      LUT4                        : 62
#      LUT4_D                      : 1
#      LUT4_L                      : 1
#      MUXCY                       : 325
#      VCC                         : 1
#      XORCY                       : 196
# FlipFlops/Latches                : 202
#      FD_1                        : 1
#      FDR_1                       : 192
#      FDS_1                       : 9
# Clock Buffers                    : 1
#      BUFGP                       : 1
# IO Buffers                       : 10
#      OBUF                        : 10
=========================================================================

Device utilization summary:
---------------------------

Selected Device : xa3s500epqg208-4 

 Number of Slices:                      227  out of   4656     4%  
 Number of Slice Flip Flops:            202  out of   9312     2%  
 Number of 4 input LUTs:                358  out of   9312     3%  
 Number of IOs:                          11
 Number of bonded IOBs:                  11  out of    158     6%  
 Number of GCLKs:                         1  out of     24     4%  

---------------------------
Partition Resource Summary:
---------------------------

  No Partitions were found in this design.

---------------------------


=========================================================================
TIMING REPORT

NOTE: THESE TIMING NUMBERS ARE ONLY A SYNTHESIS ESTIMATE.
      FOR ACCURATE TIMING INFORMATION PLEASE REFER TO THE TRACE REPORT
      GENERATED AFTER PLACE-and-ROUTE.

Clock Information:
------------------
-----------------------------------+------------------------+-------+
Clock Signal                       | Clock buffer(FF name)  | Load  |
-----------------------------------+------------------------+-------+
CKHT                               | BUFGP                  | 202   |
-----------------------------------+------------------------+-------+

Asynchronous Control Signals Information:
----------------------------------------
No asynchronous control signals found in this design

Timing Summary:
---------------
Speed Grade: -4

   Minimum period: 5.178ns (Maximum Frequency: 193.113MHz)
   Minimum input arrival time before clock: No path found
   Maximum output required time after clock: 8.330ns
   Maximum combinational path delay: No path found

Timing Detail:
--------------
All values displayed in nanoseconds (ns)

=========================================================================
Timing constraint: Default period analysis for Clock 'CKHT'
  Clock period: 5.178ns (frequency: 193.113MHz)
  Total number of paths / destination ports: 6665 / 402
-------------------------------------------------------------------------
Delay:               5.178ns (Levels of Logic = 8)
  Source:            IC/D1HZ_REG_5 (FF)
  Destination:       IC/D1HZ_REG_25 (FF)
  Source Clock:      CKHT falling
  Destination Clock: CKHT falling

  Data Path: IC/D1HZ_REG_5 to IC/D1HZ_REG_25
                                Gate     Net
    Cell:in->out      fanout   Delay   Delay  Logical Name (Net Name)
    ----------------------------------------  ------------
     FDR_1:C->Q            2   0.591   0.622  IC/D1HZ_REG_5 (IC/D1HZ_REG_5)
     LUT2:I0->O            1   0.704   0.000  IC/D1HZ_NEXT_cmp_eq0000_wg_lut<0> (IC/D1HZ_NEXT_cmp_eq0000_wg_lut<0>)
     MUXCY:S->O            1   0.464   0.000  IC/D1HZ_NEXT_cmp_eq0000_wg_cy<0> (IC/D1HZ_NEXT_cmp_eq0000_wg_cy<0>)
     MUXCY:CI->O           1   0.059   0.000  IC/D1HZ_NEXT_cmp_eq0000_wg_cy<1> (IC/D1HZ_NEXT_cmp_eq0000_wg_cy<1>)
     MUXCY:CI->O           1   0.059   0.000  IC/D1HZ_NEXT_cmp_eq0000_wg_cy<2> (IC/D1HZ_NEXT_cmp_eq0000_wg_cy<2>)
     MUXCY:CI->O           1   0.059   0.000  IC/D1HZ_NEXT_cmp_eq0000_wg_cy<3> (IC/D1HZ_NEXT_cmp_eq0000_wg_cy<3>)
     MUXCY:CI->O           1   0.059   0.000  IC/D1HZ_NEXT_cmp_eq0000_wg_cy<4> (IC/D1HZ_NEXT_cmp_eq0000_wg_cy<4>)
     MUXCY:CI->O           1   0.059   0.000  IC/D1HZ_NEXT_cmp_eq0000_wg_cy<5> (IC/D1HZ_NEXT_cmp_eq0000_wg_cy<5>)
     MUXCY:CI->O          26   0.331   1.260  IC/D1HZ_NEXT_cmp_eq0000_wg_cy<6> (IC/D1HZ_NEXT_cmp_eq0000)
     FDR_1:R                   0.911          IC/D1HZ_REG_25
    ----------------------------------------
    Total                      5.178ns (3.296ns logic, 1.882ns route)
                                       (63.7% logic, 36.3% route)

=========================================================================
Timing constraint: Default OFFSET OUT AFTER for Clock 'CKHT'
  Total number of paths / destination ports: 158 / 10
-------------------------------------------------------------------------
Offset:              8.330ns (Levels of Logic = 15)
  Source:            IC/D20HZ_REG_4 (FF)
  Destination:       LED<4> (PAD)
  Source Clock:      CKHT falling

  Data Path: IC/D20HZ_REG_4 to LED<4>
                                Gate     Net
    Cell:in->out      fanout   Delay   Delay  Logical Name (Net Name)
    ----------------------------------------  ------------
     FDR_1:C->Q            3   0.591   0.706  IC/D20HZ_REG_4 (IC/D20HZ_REG_4)
     LUT1:I0->O            1   0.704   0.000  IC/Mcompar_CK20HZ_cmp_lt0000_cy<0>_rt (IC/Mcompar_CK20HZ_cmp_lt0000_cy<0>_rt)
     MUXCY:S->O            1   0.464   0.000  IC/Mcompar_CK20HZ_cmp_lt0000_cy<0> (IC/Mcompar_CK20HZ_cmp_lt0000_cy<0>)
     MUXCY:CI->O           1   0.059   0.000  IC/Mcompar_CK20HZ_cmp_lt0000_cy<1> (IC/Mcompar_CK20HZ_cmp_lt0000_cy<1>)
     MUXCY:CI->O           1   0.059   0.000  IC/Mcompar_CK20HZ_cmp_lt0000_cy<2> (IC/Mcompar_CK20HZ_cmp_lt0000_cy<2>)
     MUXCY:CI->O           1   0.059   0.000  IC/Mcompar_CK20HZ_cmp_lt0000_cy<3> (IC/Mcompar_CK20HZ_cmp_lt0000_cy<3>)
     MUXCY:CI->O           1   0.059   0.000  IC/Mcompar_CK20HZ_cmp_lt0000_cy<4> (IC/Mcompar_CK20HZ_cmp_lt0000_cy<4>)
     MUXCY:CI->O           1   0.059   0.000  IC/Mcompar_CK20HZ_cmp_lt0000_cy<5> (IC/Mcompar_CK20HZ_cmp_lt0000_cy<5>)
     MUXCY:CI->O           1   0.059   0.000  IC/Mcompar_CK20HZ_cmp_lt0000_cy<6> (IC/Mcompar_CK20HZ_cmp_lt0000_cy<6>)
     MUXCY:CI->O           1   0.059   0.000  IC/Mcompar_CK20HZ_cmp_lt0000_cy<7> (IC/Mcompar_CK20HZ_cmp_lt0000_cy<7>)
     MUXCY:CI->O           1   0.059   0.000  IC/Mcompar_CK20HZ_cmp_lt0000_cy<8> (IC/Mcompar_CK20HZ_cmp_lt0000_cy<8>)
     MUXCY:CI->O           1   0.059   0.000  IC/Mcompar_CK20HZ_cmp_lt0000_cy<9> (IC/Mcompar_CK20HZ_cmp_lt0000_cy<9>)
     MUXCY:CI->O           1   0.059   0.000  IC/Mcompar_CK20HZ_cmp_lt0000_cy<10> (IC/Mcompar_CK20HZ_cmp_lt0000_cy<10>)
     MUXCY:CI->O           1   0.459   0.420  IC/Mcompar_CK20HZ_cmp_lt0000_cy<11> (IC/Mcompar_CK20HZ_cmp_lt0000_cy<11>)
     INV:I->O              1   0.704   0.420  IC/Mcompar_CK20HZ_cmp_lt0000_cy<11>_inv_INV_0 (LED_4_OBUF)
     OBUF:I->O                 3.272          LED_4_OBUF (LED<4>)
    ----------------------------------------
    Total                      8.330ns (6.784ns logic, 1.546ns route)
                                       (81.4% logic, 18.6% route)

=========================================================================


Total REAL time to Xst completion: 11.00 secs
Total CPU time to Xst completion: 11.64 secs
 
--> 

Total memory usage is 4521424 kilobytes

Number of errors   :    0 (   0 filtered)
Number of warnings :    0 (   0 filtered)
Number of infos    :    0 (   0 filtered)

