Release 14.7 - xst P.20131013 (nt64)
Copyright (c) 1995-2013 Xilinx, Inc.  All rights reserved.
--> Parameter TMPDIR set to xst/projnav.tmp


Total REAL time to Xst completion: 1.00 secs
Total CPU time to Xst completion: 0.23 secs
 
--> Parameter xsthdpdir set to xst


Total REAL time to Xst completion: 1.00 secs
Total CPU time to Xst completion: 0.23 secs
 
--> Reading design: DEM_MOORE.prj

TABLE OF CONTENTS
  1) Synthesis Options Summary
  2) HDL Parsing
  3) HDL Elaboration
  4) HDL Synthesis
       4.1) HDL Synthesis Report
  5) Advanced HDL Synthesis
       5.1) Advanced HDL Synthesis Report
  6) Low Level Synthesis
  7) Partition Report
  8) Design Summary
       8.1) Primitive and Black Box Usage
       8.2) Device utilization summary
       8.3) Partition Resource Summary
       8.4) Timing Report
            8.4.1) Clock Information
            8.4.2) Asynchronous Control Signals Information
            8.4.3) Timing Summary
            8.4.4) Timing Details
            8.4.5) Cross Clock Domains Report


=========================================================================
*                      Synthesis Options Summary                        *
=========================================================================
---- Source Parameters
Input File Name                    : "DEM_MOORE.prj"
Ignore Synthesis Constraint File   : NO

---- Target Parameters
Output File Name                   : "DEM_MOORE"
Output Format                      : NGC
Target Device                      : xc6slx9-2-tqg144

---- Source Options
Top Module Name                    : DEM_MOORE
Automatic FSM Extraction           : YES
FSM Encoding Algorithm             : Auto
Safe Implementation                : No
FSM Style                          : LUT
RAM Extraction                     : Yes
RAM Style                          : Auto
ROM Extraction                     : Yes
Shift Register Extraction          : YES
ROM Style                          : Auto
Resource Sharing                   : YES
Asynchronous To Synchronous        : NO
Shift Register Minimum Size        : 2
Use DSP Block                      : Auto
Automatic Register Balancing       : No

---- Target Options
LUT Combining                      : Auto
Reduce Control Sets                : Auto
Add IO Buffers                     : YES
Global Maximum Fanout              : 100000
Add Generic Clock Buffer(BUFG)     : 16
Register Duplication               : YES
Optimize Instantiated Primitives   : NO
Use Clock Enable                   : Auto
Use Synchronous Set                : Auto
Use Synchronous Reset              : Auto
Pack IO Registers into IOBs        : Auto
Equivalent register Removal        : YES

---- General Options
Optimization Goal                  : Speed
Optimization Effort                : 1
Power Reduction                    : NO
Keep Hierarchy                     : No
Netlist Hierarchy                  : As_Optimized
RTL Output                         : Yes
Global Optimization                : AllClockNets
Read Cores                         : YES
Write Timing Constraints           : NO
Cross Clock Analysis               : NO
Hierarchy Separator                : /
Bus Delimiter                      : <>
Case Specifier                     : Maintain
Slice Utilization Ratio            : 100
BRAM Utilization Ratio             : 100
DSP48 Utilization Ratio            : 100
Auto BRAM Packing                  : NO
Slice Utilization Ratio Delta      : 5

=========================================================================


=========================================================================
*                          HDL Parsing                                  *
=========================================================================
Parsing VHDL file "C:\Users\Admin\Documents\TT-HDL-N7-S2\VHDL\BAI_430_DEM_NHI_PHAN_NGAU_NHIEN\QUET_ANODE_8LED_7DOAN.vhd" into library work
Parsing entity <QUET_ANODE_8LED_7DOAN>.
Parsing architecture <Behavioral> of entity <quet_anode_8led_7doan>.
Parsing VHDL file "C:\Users\Admin\Documents\TT-HDL-N7-S2\VHDL\BAI_430_DEM_NHI_PHAN_NGAU_NHIEN\GIAIMA_7DOAN_ENA.vhd" into library work
Parsing entity <GIAIMA_7DOAN_ENA>.
Parsing architecture <Behavioral> of entity <giaima_7doan_ena>.
Parsing VHDL file "C:\Users\Admin\Documents\TT-HDL-N7-S2\VHDL\BAI_430_DEM_NHI_PHAN_NGAU_NHIEN\DEM_3BIT_CHON_8KENH.vhd" into library work
Parsing entity <DEM_3BIT_CHON_8KENH>.
Parsing architecture <Behavioral> of entity <dem_3bit_chon_8kenh>.
Parsing VHDL file "C:\Users\Admin\Documents\TT-HDL-N7-S2\VHDL\BAI_430_DEM_NHI_PHAN_NGAU_NHIEN\DAHOP_8KENH.vhd" into library work
Parsing entity <DAHOP_8KENH>.
Parsing architecture <Behavioral> of entity <dahop_8kenh>.
Parsing VHDL file "C:\Users\Admin\Documents\TT-HDL-N7-S2\VHDL\BAI_430_DEM_NHI_PHAN_NGAU_NHIEN\HEXTOBCD_3BIT.vhd" into library work
Parsing entity <HEXTOBCD_3BIT>.
Parsing architecture <Behavioral> of entity <hextobcd_3bit>.
Parsing VHDL file "C:\Users\Admin\Documents\TT-HDL-N7-S2\VHDL\BAI_430_DEM_NHI_PHAN_NGAU_NHIEN\GIAIMA_HIENTHI_8LED_7DOAN.vhd" into library work
Parsing entity <GIAIMA_HIENTHI_8LED_7DOAN>.
Parsing architecture <Behavioral> of entity <giaima_hienthi_8led_7doan>.
Parsing VHDL file "C:\Users\Admin\Documents\TT-HDL-N7-S2\VHDL\BAI_430_DEM_NHI_PHAN_NGAU_NHIEN\DEM_3BIT.vhd" into library work
Parsing entity <DEM_3BIT>.
Parsing architecture <Behavioral> of entity <dem_3bit>.
Parsing VHDL file "C:\Users\Admin\Documents\TT-HDL-N7-S2\VHDL\BAI_430_DEM_NHI_PHAN_NGAU_NHIEN\CHIA_10ENA.vhd" into library work
Parsing entity <CHIA_10ENA>.
Parsing architecture <Behavioral> of entity <chia_10ena>.
Parsing VHDL file "C:\Users\Admin\Documents\TT-HDL-N7-S2\VHDL\BAI_430_DEM_NHI_PHAN_NGAU_NHIEN\DEM_MOORE.vhd" into library work
Parsing entity <DEM_MOORE>.
Parsing architecture <Behavioral> of entity <dem_moore>.

=========================================================================
*                            HDL Elaboration                            *
=========================================================================

Elaborating entity <DEM_MOORE> (architecture <Behavioral>) from library <work>.

Elaborating entity <CHIA_10ENA> (architecture <Behavioral>) from library <work>.

Elaborating entity <DEM_3BIT> (architecture <Behavioral>) from library <work>.

Elaborating entity <HEXTOBCD_3BIT> (architecture <Behavioral>) from library <work>.

Elaborating entity <GIAIMA_HIENTHI_8LED_7DOAN> (architecture <Behavioral>) from library <work>.

Elaborating entity <DEM_3BIT_CHON_8KENH> (architecture <Behavioral>) from library <work>.

Elaborating entity <QUET_ANODE_8LED_7DOAN> (architecture <Behavioral>) from library <work>.

Elaborating entity <DAHOP_8KENH> (architecture <Behavioral>) from library <work>.

Elaborating entity <GIAIMA_7DOAN_ENA> (architecture <Behavioral>) from library <work>.

=========================================================================
*                           HDL Synthesis                               *
=========================================================================

Synthesizing Unit <DEM_MOORE>.
    Related source file is "C:\Users\Admin\Documents\TT-HDL-N7-S2\VHDL\BAI_430_DEM_NHI_PHAN_NGAU_NHIEN\DEM_MOORE.vhd".
    Summary:
	no macro.
Unit <DEM_MOORE> synthesized.

Synthesizing Unit <CHIA_10ENA>.
    Related source file is "C:\Users\Admin\Documents\TT-HDL-N7-S2\VHDL\BAI_430_DEM_NHI_PHAN_NGAU_NHIEN\CHIA_10ENA.vhd".
    Found 25-bit register for signal <D2HZ_REG>.
    Found 16-bit register for signal <D1KHZ_REG>.
    Found 17-bit adder for signal <n0017> created at line 50.
    Found 26-bit adder for signal <n0018> created at line 57.
    Summary:
	inferred   2 Adder/Subtractor(s).
	inferred  41 D-type flip-flop(s).
Unit <CHIA_10ENA> synthesized.

Synthesizing Unit <DEM_3BIT>.
    Related source file is "C:\Users\Admin\Documents\TT-HDL-N7-S2\VHDL\BAI_430_DEM_NHI_PHAN_NGAU_NHIEN\DEM_3BIT.vhd".
    Found 3-bit register for signal <TT_REG>.
    Found 3-bit adder for signal <TT_REG[2]_GND_7_o_add_3_OUT> created at line 57.
    Found 8x3-bit Read Only RAM for signal <DEM1>
    Summary:
	inferred   1 RAM(s).
	inferred   1 Adder/Subtractor(s).
	inferred   3 D-type flip-flop(s).
Unit <DEM_3BIT> synthesized.

Synthesizing Unit <HEXTOBCD_3BIT>.
    Related source file is "C:\Users\Admin\Documents\TT-HDL-N7-S2\VHDL\BAI_430_DEM_NHI_PHAN_NGAU_NHIEN\HEXTOBCD_3BIT.vhd".
    Summary:
	no macro.
Unit <HEXTOBCD_3BIT> synthesized.

Synthesizing Unit <GIAIMA_HIENTHI_8LED_7DOAN>.
    Related source file is "C:\Users\Admin\Documents\TT-HDL-N7-S2\VHDL\BAI_430_DEM_NHI_PHAN_NGAU_NHIEN\GIAIMA_HIENTHI_8LED_7DOAN.vhd".
    Summary:
	no macro.
Unit <GIAIMA_HIENTHI_8LED_7DOAN> synthesized.

Synthesizing Unit <DEM_3BIT_CHON_8KENH>.
    Related source file is "C:\Users\Admin\Documents\TT-HDL-N7-S2\VHDL\BAI_430_DEM_NHI_PHAN_NGAU_NHIEN\DEM_3BIT_CHON_8KENH.vhd".
    Found 3-bit register for signal <Q_R>.
    Found 3-bit adder for signal <Q_R[2]_GND_11_o_add_1_OUT> created at line 51.
    Summary:
	inferred   1 Adder/Subtractor(s).
	inferred   3 D-type flip-flop(s).
Unit <DEM_3BIT_CHON_8KENH> synthesized.

Synthesizing Unit <QUET_ANODE_8LED_7DOAN>.
    Related source file is "C:\Users\Admin\Documents\TT-HDL-N7-S2\VHDL\BAI_430_DEM_NHI_PHAN_NGAU_NHIEN\QUET_ANODE_8LED_7DOAN.vhd".
    Found 8x8-bit Read Only RAM for signal <ANODE>
    Summary:
	inferred   1 RAM(s).
Unit <QUET_ANODE_8LED_7DOAN> synthesized.

Synthesizing Unit <DAHOP_8KENH>.
    Related source file is "C:\Users\Admin\Documents\TT-HDL-N7-S2\VHDL\BAI_430_DEM_NHI_PHAN_NGAU_NHIEN\DAHOP_8KENH.vhd".
    Found 8x1-bit Read Only RAM for signal <ENA_1LED>
    Summary:
	inferred   1 RAM(s).
	inferred   5 Multiplexer(s).
Unit <DAHOP_8KENH> synthesized.

Synthesizing Unit <GIAIMA_7DOAN_ENA>.
    Related source file is "C:\Users\Admin\Documents\TT-HDL-N7-S2\VHDL\BAI_430_DEM_NHI_PHAN_NGAU_NHIEN\GIAIMA_7DOAN_ENA.vhd".
    Summary:
	inferred   1 Multiplexer(s).
Unit <GIAIMA_7DOAN_ENA> synthesized.

=========================================================================
HDL Synthesis Report

Macro Statistics
# RAMs                                                 : 3
 8x1-bit single-port Read Only RAM                     : 1
 8x3-bit single-port Read Only RAM                     : 1
 8x8-bit single-port Read Only RAM                     : 1
# Adders/Subtractors                                   : 4
 17-bit adder                                          : 1
 26-bit adder                                          : 1
 3-bit adder                                           : 2
# Registers                                            : 4
 16-bit register                                       : 1
 25-bit register                                       : 1
 3-bit register                                        : 2
# Multiplexers                                         : 6
 4-bit 2-to-1 multiplexer                              : 5
 8-bit 2-to-1 multiplexer                              : 1

=========================================================================

=========================================================================
*                       Advanced HDL Synthesis                          *
=========================================================================


Synthesizing (advanced) Unit <CHIA_10ENA>.
The following registers are absorbed into counter <D2HZ_REG>: 1 register on signal <D2HZ_REG>.
The following registers are absorbed into counter <D1KHZ_REG>: 1 register on signal <D1KHZ_REG>.
Unit <CHIA_10ENA> synthesized (advanced).

Synthesizing (advanced) Unit <DAHOP_8KENH>.
INFO:Xst:3218 - HDL ADVISOR - The RAM <Mram_ENA_1LED> will be implemented on LUTs either because you have described an asynchronous read or because of currently unsupported block RAM features. If you have described an asynchronous read, making it synchronous would allow you to take advantage of available block RAM resources, for optimized device usage and improved timings. Please refer to your documentation for coding guidelines.
    -----------------------------------------------------------------------
    | ram_type           | Distributed                         |          |
    -----------------------------------------------------------------------
    | Port A                                                              |
    |     aspect ratio   | 8-word x 1-bit                      |          |
    |     weA            | connected to signal <GND>           | high     |
    |     addrA          | connected to signal <SEL_3B>        |          |
    |     diA            | connected to signal <GND>           |          |
    |     doA            | connected to signal <ENA_1LED>      |          |
    -----------------------------------------------------------------------
Unit <DAHOP_8KENH> synthesized (advanced).

Synthesizing (advanced) Unit <DEM_3BIT>.
The following registers are absorbed into counter <TT_REG>: 1 register on signal <TT_REG>.
INFO:Xst:3218 - HDL ADVISOR - The RAM <Mram_DEM1> will be implemented on LUTs either because you have described an asynchronous read or because of currently unsupported block RAM features. If you have described an asynchronous read, making it synchronous would allow you to take advantage of available block RAM resources, for optimized device usage and improved timings. Please refer to your documentation for coding guidelines.
    -----------------------------------------------------------------------
    | ram_type           | Distributed                         |          |
    -----------------------------------------------------------------------
    | Port A                                                              |
    |     aspect ratio   | 8-word x 3-bit                      |          |
    |     weA            | connected to signal <GND>           | high     |
    |     addrA          | connected to signal <TT_REG>        |          |
    |     diA            | connected to signal <GND>           |          |
    |     doA            | connected to signal <DEM1>          |          |
    -----------------------------------------------------------------------
Unit <DEM_3BIT> synthesized (advanced).

Synthesizing (advanced) Unit <DEM_3BIT_CHON_8KENH>.
The following registers are absorbed into counter <Q_R>: 1 register on signal <Q_R>.
Unit <DEM_3BIT_CHON_8KENH> synthesized (advanced).

Synthesizing (advanced) Unit <QUET_ANODE_8LED_7DOAN>.
INFO:Xst:3218 - HDL ADVISOR - The RAM <Mram_ANODE> will be implemented on LUTs either because you have described an asynchronous read or because of currently unsupported block RAM features. If you have described an asynchronous read, making it synchronous would allow you to take advantage of available block RAM resources, for optimized device usage and improved timings. Please refer to your documentation for coding guidelines.
    -----------------------------------------------------------------------
    | ram_type           | Distributed                         |          |
    -----------------------------------------------------------------------
    | Port A                                                              |
    |     aspect ratio   | 8-word x 8-bit                      |          |
    |     weA            | connected to signal <GND>           | high     |
    |     addrA          | connected to signal <SEL_3B>        |          |
    |     diA            | connected to signal <GND>           |          |
    |     doA            | connected to signal <ANODE>         |          |
    -----------------------------------------------------------------------
Unit <QUET_ANODE_8LED_7DOAN> synthesized (advanced).

=========================================================================
Advanced HDL Synthesis Report

Macro Statistics
# RAMs                                                 : 3
 8x1-bit single-port distributed Read Only RAM         : 1
 8x3-bit single-port distributed Read Only RAM         : 1
 8x8-bit single-port distributed Read Only RAM         : 1
# Counters                                             : 4
 16-bit up counter                                     : 1
 25-bit up counter                                     : 1
 3-bit up counter                                      : 2
# Multiplexers                                         : 6
 4-bit 2-to-1 multiplexer                              : 5
 8-bit 2-to-1 multiplexer                              : 1

=========================================================================

=========================================================================
*                         Low Level Synthesis                           *
=========================================================================

Optimizing unit <DEM_MOORE> ...

Optimizing unit <CHIA_10ENA> ...
INFO:Xst:2261 - The FF/Latch <IC1/D1KHZ_REG_0> in Unit <DEM_MOORE> is equivalent to the following FF/Latch, which will be removed : <IC1/D2HZ_REG_0> 
INFO:Xst:2261 - The FF/Latch <IC1/D1KHZ_REG_1> in Unit <DEM_MOORE> is equivalent to the following FF/Latch, which will be removed : <IC1/D2HZ_REG_1> 
INFO:Xst:2261 - The FF/Latch <IC1/D1KHZ_REG_2> in Unit <DEM_MOORE> is equivalent to the following FF/Latch, which will be removed : <IC1/D2HZ_REG_2> 
INFO:Xst:2261 - The FF/Latch <IC1/D1KHZ_REG_3> in Unit <DEM_MOORE> is equivalent to the following FF/Latch, which will be removed : <IC1/D2HZ_REG_3> 

Mapping all equations...
Building and optimizing final netlist ...
Found area constraint ratio of 100 (+ 5) on block DEM_MOORE, actual ratio is 1.

Final Macro Processing ...

=========================================================================
Final Register Report

Macro Statistics
# Registers                                            : 43
 Flip-Flops                                            : 43

=========================================================================

=========================================================================
*                           Partition Report                            *
=========================================================================

Partition Implementation Status
-------------------------------

  No Partitions were found in this design.

-------------------------------

=========================================================================
*                            Design Summary                             *
=========================================================================

Top Level Output File Name         : DEM_MOORE.ngc

Primitive and Black Box Usage:
------------------------------
# BELS                             : 197
#      GND                         : 1
#      INV                         : 5
#      LUT1                        : 39
#      LUT2                        : 39
#      LUT3                        : 13
#      LUT5                        : 1
#      LUT6                        : 22
#      MUXCY                       : 39
#      VCC                         : 1
#      XORCY                       : 37
# FlipFlops/Latches                : 43
#      FD                          : 37
#      FDCE                        : 3
#      FDE                         : 3
# Clock Buffers                    : 1
#      BUFGP                       : 1
# IO Buffers                       : 23
#      IBUF                        : 1
#      OBUF                        : 22

Device utilization summary:
---------------------------

Selected Device : 6slx9tqg144-2 


Slice Logic Utilization: 
 Number of Slice Registers:              43  out of  11440     0%  
 Number of Slice LUTs:                  119  out of   5720     2%  
    Number used as Logic:               119  out of   5720     2%  

Slice Logic Distribution: 
 Number of LUT Flip Flop pairs used:    119
   Number with an unused Flip Flop:      76  out of    119    63%  
   Number with an unused LUT:             0  out of    119     0%  
   Number of fully used LUT-FF pairs:    43  out of    119    36%  
   Number of unique control sets:         3

IO Utilization: 
 Number of IOs:                          24
 Number of bonded IOBs:                  24  out of    102    23%  

Specific Feature Utilization:
 Number of BUFG/BUFGCTRLs:                1  out of     16     6%  

---------------------------
Partition Resource Summary:
---------------------------

  No Partitions were found in this design.

---------------------------


=========================================================================
Timing Report

NOTE: THESE TIMING NUMBERS ARE ONLY A SYNTHESIS ESTIMATE.
      FOR ACCURATE TIMING INFORMATION PLEASE REFER TO THE TRACE REPORT
      GENERATED AFTER PLACE-and-ROUTE.

Clock Information:
------------------
-----------------------------------+------------------------+-------+
Clock Signal                       | Clock buffer(FF name)  | Load  |
-----------------------------------+------------------------+-------+
CKHT                               | BUFGP                  | 43    |
-----------------------------------+------------------------+-------+

Asynchronous Control Signals Information:
----------------------------------------
No asynchronous control signals found in this design

Timing Summary:
---------------
Speed Grade: -2

   Minimum period: 4.598ns (Maximum Frequency: 217.486MHz)
   Minimum input arrival time before clock: 3.488ns
   Maximum output required time after clock: 6.062ns
   Maximum combinational path delay: No path found

Timing Details:
---------------
All values displayed in nanoseconds (ns)

=========================================================================
Timing constraint: Default period analysis for Clock 'CKHT'
  Clock period: 4.598ns (frequency: 217.486MHz)
  Total number of paths / destination ports: 1367 / 49
-------------------------------------------------------------------------
Delay:               4.598ns (Levels of Logic = 3)
  Source:            IC1/D2HZ_REG_19 (FF)
  Destination:       IC1/D2HZ_REG_24 (FF)
  Source Clock:      CKHT falling
  Destination Clock: CKHT falling

  Data Path: IC1/D2HZ_REG_19 to IC1/D2HZ_REG_24
                                Gate     Net
    Cell:in->out      fanout   Delay   Delay  Logical Name (Net Name)
    ----------------------------------------  ------------
     FD:C->Q               2   0.525   1.156  IC1/D2HZ_REG_19 (IC1/D2HZ_REG_19)
     LUT5:I0->O            3   0.254   1.042  IC1/ENA2HZ<24>11 (IC1/ENA2HZ<24>11)
     LUT6:I2->O           11   0.254   1.039  IC1/PWR_5_o_D2HZ_REG[24]_equal_6_o<24> (IC1/PWR_5_o_D2HZ_REG[24]_equal_6_o)
     LUT2:I1->O            1   0.254   0.000  IC1/D2HZ_REG_24_rstpot (IC1/D2HZ_REG_24_rstpot)
     FD:D                      0.074          IC1/D2HZ_REG_24
    ----------------------------------------
    Total                      4.598ns (1.361ns logic, 3.237ns route)
                                       (29.6% logic, 70.4% route)

=========================================================================
Timing constraint: Default OFFSET IN BEFORE for Clock 'CKHT'
  Total number of paths / destination ports: 3 / 3
-------------------------------------------------------------------------
Offset:              3.488ns (Levels of Logic = 2)
  Source:            BTN0 (PAD)
  Destination:       IC2/TT_REG_0 (FF)
  Destination Clock: CKHT falling

  Data Path: BTN0 to IC2/TT_REG_0
                                Gate     Net
    Cell:in->out      fanout   Delay   Delay  Logical Name (Net Name)
    ----------------------------------------  ------------
     IBUF:I->O             1   1.328   0.681  BTN0_IBUF (BTN0_IBUF)
     INV:I->O              3   0.255   0.765  RST1_INV_0 (RST)
     FDCE:CLR                  0.459          IC2/TT_REG_0
    ----------------------------------------
    Total                      3.488ns (2.042ns logic, 1.446ns route)
                                       (58.5% logic, 41.5% route)

=========================================================================
Timing constraint: Default OFFSET OUT AFTER for Clock 'CKHT'
  Total number of paths / destination ports: 78 / 21
-------------------------------------------------------------------------
Offset:              6.062ns (Levels of Logic = 2)
  Source:            IC5/K1/Q_R_0 (FF)
  Destination:       SSEG<6> (PAD)
  Source Clock:      CKHT falling

  Data Path: IC5/K1/Q_R_0 to SSEG<6>
                                Gate     Net
    Cell:in->out      fanout   Delay   Delay  Logical Name (Net Name)
    ----------------------------------------  ------------
     FDE:C->Q             18   0.525   1.690  IC5/K1/Q_R_0 (IC5/K1/Q_R_0)
     LUT6:I0->O            1   0.254   0.681  IC5/K4/Mmux_SSEG41 (SSEG_3_OBUF)
     OBUF:I->O                 2.912          SSEG_3_OBUF (SSEG<3>)
    ----------------------------------------
    Total                      6.062ns (3.691ns logic, 2.371ns route)
                                       (60.9% logic, 39.1% route)

=========================================================================

Cross Clock Domains Report:
--------------------------

Clock to Setup on destination clock CKHT
---------------+---------+---------+---------+---------+
               | Src:Rise| Src:Fall| Src:Rise| Src:Fall|
Source Clock   |Dest:Rise|Dest:Rise|Dest:Fall|Dest:Fall|
---------------+---------+---------+---------+---------+
CKHT           |         |         |    4.598|         |
---------------+---------+---------+---------+---------+

=========================================================================


Total REAL time to Xst completion: 12.00 secs
Total CPU time to Xst completion: 11.61 secs
 
--> 

Total memory usage is 4494012 kilobytes

Number of errors   :    0 (   0 filtered)
Number of warnings :    0 (   0 filtered)
Number of infos    :    7 (   0 filtered)

