--------------------------------------------------------------------------------
Release 14.7 Trace  (nt64)
Copyright (c) 1995-2013 Xilinx, Inc.  All rights reserved.

C:\Xilinx\14.7\ISE_DS\ISE\bin\nt64\unwrapped\trce.exe -intstyle ise -v 3 -s 3
-n 3 -fastpaths -xml BTVN_SO12.twx BTVN_SO12.ncd -o BTVN_SO12.twr BTVN_SO12.pcf

Design file:              BTVN_SO12.ncd
Physical constraint file: BTVN_SO12.pcf
Device,package,speed:     xc6slx9,tqg144,C,-3 (PRODUCTION 1.23 2013-10-13)
Report level:             verbose report

Environment Variable      Effect 
--------------------      ------ 
NONE                      No environment variables were set
--------------------------------------------------------------------------------

INFO:Timing:2698 - No timing constraints found, doing default enumeration.
INFO:Timing:3412 - To improve timing, see the Timing Closure User Guide (UG612).
INFO:Timing:2752 - To get complete path coverage, use the unconstrained paths 
   option. All paths that are not constrained will be reported in the 
   unconstrained paths section(s) of the report.
INFO:Timing:3339 - The clock-to-out numbers in this timing report are based on 
   a 50 Ohm transmission line loading model.  For the details of this model, 
   and for more information on accounting for different loading conditions, 
   please see the device datasheet.



Data Sheet report:
-----------------
All values displayed in nanoseconds (ns)

Setup/Hold to clock CKHT
------------+------------+------------+------------+------------+------------------+--------+
            |Max Setup to|  Process   |Max Hold to |  Process   |                  | Clock  |
Source      | clk (edge) |   Corner   | clk (edge) |   Corner   |Internal Clock(s) | Phase  |
------------+------------+------------+------------+------------+------------------+--------+
BTN<0>      |    5.204(F)|      SLOW  |   -0.476(F)|      FAST  |CKHT_BUFGP        |   0.000|
BTN<1>      |    2.120(F)|      SLOW  |    0.041(F)|      SLOW  |CKHT_BUFGP        |   0.000|
BTN<2>      |    1.980(F)|      SLOW  |    0.009(F)|      SLOW  |CKHT_BUFGP        |   0.000|
------------+------------+------------+------------+------------+------------------+--------+

Clock CKHT to Pad
------------+-----------------+------------+-----------------+------------+------------------+--------+
            |Max (slowest) clk|  Process   |Min (fastest) clk|  Process   |                  | Clock  |
Destination |  (edge) to PAD  |   Corner   |  (edge) to PAD  |   Corner   |Internal Clock(s) | Phase  |
------------+-----------------+------------+-----------------+------------+------------------+--------+
LED<0>      |        11.438(F)|      SLOW  |         4.692(F)|      FAST  |CKHT_BUFGP        |   0.000|
LED<1>      |        11.070(F)|      SLOW  |         4.374(F)|      FAST  |CKHT_BUFGP        |   0.000|
LED<2>      |        11.027(F)|      SLOW  |         3.952(F)|      FAST  |CKHT_BUFGP        |   0.000|
LED<3>      |        10.674(F)|      SLOW  |         3.970(F)|      FAST  |CKHT_BUFGP        |   0.000|
LED<4>      |        10.928(F)|      SLOW  |         4.412(F)|      FAST  |CKHT_BUFGP        |   0.000|
LED<5>      |        10.690(F)|      SLOW  |         4.128(F)|      FAST  |CKHT_BUFGP        |   0.000|
LED<6>      |        10.354(F)|      SLOW  |         3.936(F)|      FAST  |CKHT_BUFGP        |   0.000|
LED<7>      |        10.376(F)|      SLOW  |         4.057(F)|      FAST  |CKHT_BUFGP        |   0.000|
------------+-----------------+------------+-----------------+------------+------------------+--------+

Clock to Setup on destination clock CKHT
---------------+---------+---------+---------+---------+
               | Src:Rise| Src:Fall| Src:Rise| Src:Fall|
Source Clock   |Dest:Rise|Dest:Rise|Dest:Fall|Dest:Fall|
---------------+---------+---------+---------+---------+
CKHT           |         |         |         |    4.466|
---------------+---------+---------+---------+---------+

Pad to Pad
---------------+---------------+---------+
Source Pad     |Destination Pad|  Delay  |
---------------+---------------+---------+
BTN<0>         |LED<0>         |   11.502|
BTN<0>         |LED<1>         |   11.833|
BTN<0>         |LED<2>         |   11.347|
BTN<0>         |LED<3>         |   11.137|
BTN<0>         |LED<4>         |   11.440|
BTN<0>         |LED<5>         |   10.901|
BTN<0>         |LED<6>         |   10.369|
BTN<0>         |LED<7>         |   10.729|
---------------+---------------+---------+


Analysis completed Thu Jul 23 21:57:08 2020 
--------------------------------------------------------------------------------

Trace Settings:
-------------------------
Trace Settings 

Peak Memory Usage: 4571 MB



