Release 14.7 - xst P.20131013 (nt64)
Copyright (c) 1995-2013 Xilinx, Inc.  All rights reserved.
--> Parameter TMPDIR set to xst/projnav.tmp


Total REAL time to Xst completion: 0.00 secs
Total CPU time to Xst completion: 0.18 secs
 
--> Parameter xsthdpdir set to xst


Total REAL time to Xst completion: 0.00 secs
Total CPU time to Xst completion: 0.18 secs
 
--> Reading design: BTVN_SO12.prj

TABLE OF CONTENTS
  1) Synthesis Options Summary
  2) HDL Parsing
  3) HDL Elaboration
  4) HDL Synthesis
       4.1) HDL Synthesis Report
  5) Advanced HDL Synthesis
       5.1) Advanced HDL Synthesis Report
  6) Low Level Synthesis
  7) Partition Report
  8) Design Summary
       8.1) Primitive and Black Box Usage
       8.2) Device utilization summary
       8.3) Partition Resource Summary
       8.4) Timing Report
            8.4.1) Clock Information
            8.4.2) Asynchronous Control Signals Information
            8.4.3) Timing Summary
            8.4.4) Timing Details
            8.4.5) Cross Clock Domains Report


=========================================================================
*                      Synthesis Options Summary                        *
=========================================================================
---- Source Parameters
Input File Name                    : "BTVN_SO12.prj"
Ignore Synthesis Constraint File   : NO

---- Target Parameters
Output File Name                   : "BTVN_SO12"
Output Format                      : NGC
Target Device                      : xc6slx9-3-tqg144

---- Source Options
Top Module Name                    : BTVN_SO12
Automatic FSM Extraction           : YES
FSM Encoding Algorithm             : Auto
Safe Implementation                : No
FSM Style                          : LUT
RAM Extraction                     : Yes
RAM Style                          : Auto
ROM Extraction                     : Yes
Shift Register Extraction          : YES
ROM Style                          : Auto
Resource Sharing                   : YES
Asynchronous To Synchronous        : NO
Shift Register Minimum Size        : 2
Use DSP Block                      : Auto
Automatic Register Balancing       : No

---- Target Options
LUT Combining                      : Auto
Reduce Control Sets                : Auto
Add IO Buffers                     : YES
Global Maximum Fanout              : 100000
Add Generic Clock Buffer(BUFG)     : 16
Register Duplication               : YES
Optimize Instantiated Primitives   : NO
Use Clock Enable                   : Auto
Use Synchronous Set                : Auto
Use Synchronous Reset              : Auto
Pack IO Registers into IOBs        : Auto
Equivalent register Removal        : YES

---- General Options
Optimization Goal                  : Speed
Optimization Effort                : 1
Power Reduction                    : NO
Keep Hierarchy                     : No
Netlist Hierarchy                  : As_Optimized
RTL Output                         : Yes
Global Optimization                : AllClockNets
Read Cores                         : YES
Write Timing Constraints           : NO
Cross Clock Analysis               : NO
Hierarchy Separator                : /
Bus Delimiter                      : <>
Case Specifier                     : Maintain
Slice Utilization Ratio            : 100
BRAM Utilization Ratio             : 100
DSP48 Utilization Ratio            : 100
Auto BRAM Packing                  : NO
Slice Utilization Ratio Delta      : 5

=========================================================================


=========================================================================
*                          HDL Parsing                                  *
=========================================================================
Parsing VHDL file "C:\Users\Admin\Documents\TT-HDL-N7-S2\VHDL\BAI_TAP_LAM_THEM_VHDL\BTVN_SO12\LAM_HEP_XUNG.vhd" into library work
Parsing entity <LAM_HEP_XUNG>.
Parsing architecture <Behavioral> of entity <lam_hep_xung>.
Parsing VHDL file "C:\Users\Admin\Documents\TT-HDL-N7-S2\VHDL\BAI_TAP_LAM_THEM_VHDL\BTVN_SO12\DEBOUNCE_BTN.vhd" into library work
Parsing entity <DEBOUNCE_BTN>.
Parsing architecture <Behavioral> of entity <debounce_btn>.
Parsing VHDL file "C:\Users\Admin\Documents\TT-HDL-N7-S2\VHDL\BAI_TAP_LAM_THEM_VHDL\BTVN_SO12\LED_DSDC_TSP.vhd" into library work
Parsing entity <LED_DSDC_TSP>.
Parsing architecture <Behavioral> of entity <led_dsdc_tsp>.
Parsing VHDL file "C:\Users\Admin\Documents\TT-HDL-N7-S2\VHDL\BAI_TAP_LAM_THEM_VHDL\BTVN_SO12\LED_DSDC_PST.vhd" into library work
Parsing entity <LED_DSDC_PST>.
Parsing architecture <Behavioral> of entity <led_dsdc_pst>.
Parsing VHDL file "C:\Users\Admin\Documents\TT-HDL-N7-S2\VHDL\BAI_TAP_LAM_THEM_VHDL\BTVN_SO12\DIEUKHIEN_CHOPHEP_DSDC.vhd" into library work
Parsing entity <DIEUKHIEN_CHOPHEP_DSDC>.
Parsing architecture <Behavioral> of entity <dieukhien_chophep_dsdc>.
Parsing VHDL file "C:\Users\Admin\Documents\TT-HDL-N7-S2\VHDL\BAI_TAP_LAM_THEM_VHDL\BTVN_SO12\DIEUKHIEN_CHOPHEP_321.vhd" into library work
Parsing entity <DIEUKHIEN_CHOPHEP_321>.
Parsing architecture <THAN> of entity <dieukhien_chophep_321>.
Parsing VHDL file "C:\Users\Admin\Documents\TT-HDL-N7-S2\VHDL\BAI_TAP_LAM_THEM_VHDL\BTVN_SO12\DIEUKHIEN_CHOPHEP_213.vhd" into library work
Parsing entity <DIEUKHIEN_CHOPHEP_213>.
Parsing architecture <THAN> of entity <dieukhien_chophep_213>.
Parsing VHDL file "C:\Users\Admin\Documents\TT-HDL-N7-S2\VHDL\BAI_TAP_LAM_THEM_VHDL\BTVN_SO12\DIEUKHIEN_CHOPHEP_123.vhd" into library work
Parsing entity <DIEUKHIEN_CHOPHEP_123>.
Parsing architecture <THAN> of entity <dieukhien_chophep_123>.
Parsing VHDL file "C:\Users\Admin\Documents\TT-HDL-N7-S2\VHDL\BAI_TAP_LAM_THEM_VHDL\BTVN_SO12\DEM_2BIT.vhd" into library work
Parsing entity <DEM_2BIT>.
Parsing architecture <Behavioral> of entity <dem_2bit>.
Parsing VHDL file "C:\Users\Admin\Documents\TT-HDL-N7-S2\VHDL\BAI_TAP_LAM_THEM_VHDL\BTVN_SO12\CD_LAM_HEP_BTN.vhd" into library work
Parsing entity <CD_LAM_HEP_BTN>.
Parsing architecture <Behavioral> of entity <cd_lam_hep_btn>.
Parsing VHDL file "C:\Users\Admin\Documents\TT-HDL-N7-S2\VHDL\BAI_TAP_LAM_THEM_VHDL\BTVN_SO12\XULY_MODE.vhd" into library work
Parsing entity <XULY_MODE>.
Parsing architecture <Behavioral> of entity <xuly_mode>.
Parsing VHDL file "C:\Users\Admin\Documents\TT-HDL-N7-S2\VHDL\BAI_TAP_LAM_THEM_VHDL\BTVN_SO12\LED_DSDC_TSP_PST.vhd" into library work
Parsing entity <LED_DSDC_TSP_PST>.
Parsing architecture <Behavioral> of entity <led_dsdc_tsp_pst>.
Parsing VHDL file "C:\Users\Admin\Documents\TT-HDL-N7-S2\VHDL\BAI_TAP_LAM_THEM_VHDL\BTVN_SO12\LED_3DSDC_TSP.vhd" into library work
Parsing entity <LED_3DSDC_TSP>.
Parsing architecture <THAN> of entity <led_3dsdc_tsp>.
Parsing VHDL file "C:\Users\Admin\Documents\TT-HDL-N7-S2\VHDL\BAI_TAP_LAM_THEM_VHDL\BTVN_SO12\LED_2DSDC_PST.vhd" into library work
Parsing entity <LED_2DSDC_PST>.
Parsing architecture <THAN> of entity <led_2dsdc_pst>.
Parsing VHDL file "C:\Users\Admin\Documents\TT-HDL-N7-S2\VHDL\BAI_TAP_LAM_THEM_VHDL\BTVN_SO12\DIEUKHIEN_MODE.vhd" into library work
Parsing entity <DIEUKHIEN_MODE>.
Parsing architecture <Behavioral> of entity <dieukhien_mode>.
Parsing VHDL file "C:\Users\Admin\Documents\TT-HDL-N7-S2\VHDL\BAI_TAP_LAM_THEM_VHDL\BTVN_SO12\DIEUKHIEN_K1.vhd" into library work
Parsing entity <DIEUKHIEN_K1>.
Parsing architecture <Behavioral> of entity <dieukhien_k1>.
Parsing VHDL file "C:\Users\Admin\Documents\TT-HDL-N7-S2\VHDL\BAI_TAP_LAM_THEM_VHDL\BTVN_SO12\DEM_3BIT.vhd" into library work
Parsing entity <DEM_3BIT>.
Parsing architecture <Behavioral> of entity <dem_3bit>.
Parsing VHDL file "C:\Users\Admin\Documents\TT-HDL-N7-S2\VHDL\BAI_TAP_LAM_THEM_VHDL\BTVN_SO12\CHIA_10ENA.vhd" into library work
Parsing entity <CHIA_10ENA>.
Parsing architecture <Behavioral> of entity <chia_10ena>.
Parsing VHDL file "C:\Users\Admin\Documents\TT-HDL-N7-S2\VHDL\BAI_TAP_LAM_THEM_VHDL\BTVN_SO12\BTVN_SO12.vhd" into library work
Parsing entity <BTVN_SO12>.
Parsing architecture <Behavioral> of entity <btvn_so12>.

=========================================================================
*                            HDL Elaboration                            *
=========================================================================

Elaborating entity <BTVN_SO12> (architecture <Behavioral>) from library <work>.

Elaborating entity <CHIA_10ENA> (architecture <Behavioral>) from library <work>.

Elaborating entity <LED_2DSDC_PST> (architecture <THAN>) from library <work>.

Elaborating entity <LED_3DSDC_TSP> (architecture <THAN>) from library <work>.

Elaborating entity <LED_DSDC_TSP_PST> (architecture <Behavioral>) from library <work>.

Elaborating entity <LED_DSDC_PST> (architecture <Behavioral>) from library <work>.

Elaborating entity <LED_DSDC_TSP> (architecture <Behavioral>) from library <work>.

Elaborating entity <DIEUKHIEN_CHOPHEP_DSDC> (architecture <Behavioral>) from library <work>.

Elaborating entity <CD_LAM_HEP_BTN> (architecture <Behavioral>) from library <work>.

Elaborating entity <DEBOUNCE_BTN> (architecture <Behavioral>) from library <work>.

Elaborating entity <LAM_HEP_XUNG> (architecture <Behavioral>) from library <work>.

Elaborating entity <DEM_3BIT> (architecture <Behavioral>) from library <work>.

Elaborating entity <XULY_MODE> (architecture <Behavioral>) from library <work>.

Elaborating entity <DIEUKHIEN_MODE> (architecture <Behavioral>) from library <work>.

Elaborating entity <DIEUKHIEN_CHOPHEP_123> (architecture <THAN>) from library <work>.

Elaborating entity <DIEUKHIEN_CHOPHEP_213> (architecture <THAN>) from library <work>.

Elaborating entity <DIEUKHIEN_CHOPHEP_321> (architecture <THAN>) from library <work>.

Elaborating entity <DIEUKHIEN_K1> (architecture <Behavioral>) from library <work>.

Elaborating entity <DEM_2BIT> (architecture <Behavioral>) from library <work>.

=========================================================================
*                           HDL Synthesis                               *
=========================================================================

Synthesizing Unit <BTVN_SO12>.
    Related source file is "C:\Users\Admin\Documents\TT-HDL-N7-S2\VHDL\BAI_TAP_LAM_THEM_VHDL\BTVN_SO12\BTVN_SO12.vhd".
    Summary:
	no macro.
Unit <BTVN_SO12> synthesized.

Synthesizing Unit <CHIA_10ENA>.
    Related source file is "C:\Users\Admin\Documents\TT-HDL-N7-S2\VHDL\BAI_TAP_LAM_THEM_VHDL\BTVN_SO12\CHIA_10ENA.vhd".
    Found 24-bit register for signal <D5HZ_REG>.
    Found 25-bit adder for signal <n0009> created at line 60.
    Summary:
	inferred   1 Adder/Subtractor(s).
	inferred  24 D-type flip-flop(s).
Unit <CHIA_10ENA> synthesized.

Synthesizing Unit <LED_2DSDC_PST>.
    Related source file is "C:\Users\Admin\Documents\TT-HDL-N7-S2\VHDL\BAI_TAP_LAM_THEM_VHDL\BTVN_SO12\LED_2DSDC_PST.vhd".
    Found 8-bit register for signal <Q_REG>.
    Summary:
	inferred   8 D-type flip-flop(s).
	inferred   2 Multiplexer(s).
Unit <LED_2DSDC_PST> synthesized.

Synthesizing Unit <LED_3DSDC_TSP>.
    Related source file is "C:\Users\Admin\Documents\TT-HDL-N7-S2\VHDL\BAI_TAP_LAM_THEM_VHDL\BTVN_SO12\LED_3DSDC_TSP.vhd".
    Found 8-bit register for signal <Q_REG>.
    Summary:
	inferred   8 D-type flip-flop(s).
	inferred   2 Multiplexer(s).
Unit <LED_3DSDC_TSP> synthesized.

Synthesizing Unit <LED_DSDC_TSP_PST>.
    Related source file is "C:\Users\Admin\Documents\TT-HDL-N7-S2\VHDL\BAI_TAP_LAM_THEM_VHDL\BTVN_SO12\LED_DSDC_TSP_PST.vhd".
    Summary:
	inferred   1 Multiplexer(s).
Unit <LED_DSDC_TSP_PST> synthesized.

Synthesizing Unit <LED_DSDC_PST>.
    Related source file is "C:\Users\Admin\Documents\TT-HDL-N7-S2\VHDL\BAI_TAP_LAM_THEM_VHDL\BTVN_SO12\LED_DSDC_PST.vhd".
    Found 8-bit register for signal <Q_REG>.
    Summary:
	inferred   8 D-type flip-flop(s).
	inferred   2 Multiplexer(s).
Unit <LED_DSDC_PST> synthesized.

Synthesizing Unit <LED_DSDC_TSP>.
    Related source file is "C:\Users\Admin\Documents\TT-HDL-N7-S2\VHDL\BAI_TAP_LAM_THEM_VHDL\BTVN_SO12\LED_DSDC_TSP.vhd".
    Found 8-bit register for signal <Q_REG>.
    Summary:
	inferred   8 D-type flip-flop(s).
	inferred   2 Multiplexer(s).
Unit <LED_DSDC_TSP> synthesized.

Synthesizing Unit <DIEUKHIEN_CHOPHEP_DSDC>.
    Related source file is "C:\Users\Admin\Documents\TT-HDL-N7-S2\VHDL\BAI_TAP_LAM_THEM_VHDL\BTVN_SO12\DIEUKHIEN_CHOPHEP_DSDC.vhd".
    Found 4-bit register for signal <DEM_REG>.
    Found 5-bit adder for signal <n0020> created at line 21.
    Found 4-bit comparator greater for signal <DEM_REG[3]_PWR_12_o_LessThan_7_o> created at line 27
    Summary:
	inferred   1 Adder/Subtractor(s).
	inferred   4 D-type flip-flop(s).
	inferred   1 Comparator(s).
	inferred   3 Multiplexer(s).
Unit <DIEUKHIEN_CHOPHEP_DSDC> synthesized.

Synthesizing Unit <CD_LAM_HEP_BTN>.
    Related source file is "C:\Users\Admin\Documents\TT-HDL-N7-S2\VHDL\BAI_TAP_LAM_THEM_VHDL\BTVN_SO12\CD_LAM_HEP_BTN.vhd".
    Summary:
	no macro.
Unit <CD_LAM_HEP_BTN> synthesized.

Synthesizing Unit <DEBOUNCE_BTN>.
    Related source file is "C:\Users\Admin\Documents\TT-HDL-N7-S2\VHDL\BAI_TAP_LAM_THEM_VHDL\BTVN_SO12\DEBOUNCE_BTN.vhd".
    Found 20-bit register for signal <DELAY_REG>.
    Found 2-bit register for signal <DB_REG>.
    Found finite state machine <FSM_0> for signal <DB_REG>.
    -----------------------------------------------------------------------
    | States             | 4                                              |
    | Transitions        | 10                                             |
    | Inputs             | 2                                              |
    | Outputs            | 3                                              |
    | Clock              | CKHT (falling_edge)                            |
    | Power Up State     | zero                                           |
    | Encoding           | auto                                           |
    | Implementation     | LUT                                            |
    -----------------------------------------------------------------------
    Found 20-bit subtractor for signal <GND_18_o_GND_18_o_sub_5_OUT<19:0>> created at line 41.
    Found 20-bit 4-to-1 multiplexer for signal <DELAY_NEXT> created at line 35.
    Summary:
	inferred   1 Adder/Subtractor(s).
	inferred  20 D-type flip-flop(s).
	inferred   3 Multiplexer(s).
	inferred   1 Finite State Machine(s).
Unit <DEBOUNCE_BTN> synthesized.

Synthesizing Unit <LAM_HEP_XUNG>.
    Related source file is "C:\Users\Admin\Documents\TT-HDL-N7-S2\VHDL\BAI_TAP_LAM_THEM_VHDL\BTVN_SO12\LAM_HEP_XUNG.vhd".
    Found 1-bit register for signal <QFF>.
    Summary:
	inferred   1 D-type flip-flop(s).
Unit <LAM_HEP_XUNG> synthesized.

Synthesizing Unit <DEM_3BIT>.
    Related source file is "C:\Users\Admin\Documents\TT-HDL-N7-S2\VHDL\BAI_TAP_LAM_THEM_VHDL\BTVN_SO12\DEM_3BIT.vhd".
    Found 3-bit register for signal <Q_REG>.
    Found 3-bit adder for signal <Q_REG[2]_GND_21_o_add_2_OUT> created at line 25.
    Summary:
	inferred   1 Adder/Subtractor(s).
	inferred   3 D-type flip-flop(s).
	inferred   1 Multiplexer(s).
Unit <DEM_3BIT> synthesized.

Synthesizing Unit <XULY_MODE>.
    Related source file is "C:\Users\Admin\Documents\TT-HDL-N7-S2\VHDL\BAI_TAP_LAM_THEM_VHDL\BTVN_SO12\XULY_MODE.vhd".
    Found 8x4-bit Read Only RAM for signal <MODE>
    Summary:
	inferred   1 RAM(s).
Unit <XULY_MODE> synthesized.

Synthesizing Unit <DIEUKHIEN_MODE>.
    Related source file is "C:\Users\Admin\Documents\TT-HDL-N7-S2\VHDL\BAI_TAP_LAM_THEM_VHDL\BTVN_SO12\DIEUKHIEN_MODE.vhd".
    Summary:
	no macro.
Unit <DIEUKHIEN_MODE> synthesized.

Synthesizing Unit <DIEUKHIEN_CHOPHEP_123>.
    Related source file is "C:\Users\Admin\Documents\TT-HDL-N7-S2\VHDL\BAI_TAP_LAM_THEM_VHDL\BTVN_SO12\DIEUKHIEN_CHOPHEP_123.vhd".
    Found 5-bit register for signal <DEM_REG>.
    Found 6-bit adder for signal <n0026> created at line 21.
    Found 5-bit comparator greater for signal <DEM_REG[4]_GND_24_o_LessThan_8_o> created at line 29
    Found 5-bit comparator greater for signal <DEM_REG[4]_GND_24_o_LessThan_9_o> created at line 30
    Summary:
	inferred   1 Adder/Subtractor(s).
	inferred   5 D-type flip-flop(s).
	inferred   2 Comparator(s).
	inferred   5 Multiplexer(s).
Unit <DIEUKHIEN_CHOPHEP_123> synthesized.

Synthesizing Unit <DIEUKHIEN_CHOPHEP_213>.
    Related source file is "C:\Users\Admin\Documents\TT-HDL-N7-S2\VHDL\BAI_TAP_LAM_THEM_VHDL\BTVN_SO12\DIEUKHIEN_CHOPHEP_213.vhd".
    Found 5-bit register for signal <DEM_REG>.
    Found 6-bit adder for signal <n0026> created at line 21.
    Found 5-bit comparator greater for signal <DEM_REG[4]_GND_25_o_LessThan_8_o> created at line 29
    Found 5-bit comparator greater for signal <DEM_REG[4]_GND_25_o_LessThan_9_o> created at line 30
    Summary:
	inferred   1 Adder/Subtractor(s).
	inferred   5 D-type flip-flop(s).
	inferred   2 Comparator(s).
	inferred   5 Multiplexer(s).
Unit <DIEUKHIEN_CHOPHEP_213> synthesized.

Synthesizing Unit <DIEUKHIEN_CHOPHEP_321>.
    Related source file is "C:\Users\Admin\Documents\TT-HDL-N7-S2\VHDL\BAI_TAP_LAM_THEM_VHDL\BTVN_SO12\DIEUKHIEN_CHOPHEP_321.vhd".
    Found 5-bit register for signal <DEM_REG>.
    Found 6-bit adder for signal <n0026> created at line 21.
    Found 5-bit comparator greater for signal <DEM_REG[4]_PWR_23_o_LessThan_8_o> created at line 29
    Found 5-bit comparator greater for signal <DEM_REG[4]_PWR_23_o_LessThan_9_o> created at line 30
    Summary:
	inferred   1 Adder/Subtractor(s).
	inferred   5 D-type flip-flop(s).
	inferred   2 Comparator(s).
	inferred   5 Multiplexer(s).
Unit <DIEUKHIEN_CHOPHEP_321> synthesized.

Synthesizing Unit <DIEUKHIEN_K1>.
    Related source file is "C:\Users\Admin\Documents\TT-HDL-N7-S2\VHDL\BAI_TAP_LAM_THEM_VHDL\BTVN_SO12\DIEUKHIEN_K1.vhd".
    Summary:
	no macro.
Unit <DIEUKHIEN_K1> synthesized.

Synthesizing Unit <DEM_2BIT>.
    Related source file is "C:\Users\Admin\Documents\TT-HDL-N7-S2\VHDL\BAI_TAP_LAM_THEM_VHDL\BTVN_SO12\DEM_2BIT.vhd".
    Found 2-bit register for signal <Q_REG>.
    Found 2-bit adder for signal <Q_REG[1]_GND_28_o_add_1_OUT> created at line 22.
    Found 4x3-bit Read Only RAM for signal <GND_28_o_GND_28_o_mux_11_OUT>
    Summary:
	inferred   1 RAM(s).
	inferred   1 Adder/Subtractor(s).
	inferred   2 D-type flip-flop(s).
	inferred   2 Multiplexer(s).
Unit <DEM_2BIT> synthesized.

=========================================================================
HDL Synthesis Report

Macro Statistics
# RAMs                                                 : 2
 4x3-bit single-port Read Only RAM                     : 1
 8x4-bit single-port Read Only RAM                     : 1
# Adders/Subtractors                                   : 9
 2-bit adder                                           : 1
 20-bit subtractor                                     : 2
 25-bit adder                                          : 1
 3-bit adder                                           : 1
 5-bit adder                                           : 1
 6-bit adder                                           : 3
# Registers                                            : 15
 1-bit register                                        : 2
 2-bit register                                        : 1
 20-bit register                                       : 2
 24-bit register                                       : 1
 3-bit register                                        : 1
 4-bit register                                        : 1
 5-bit register                                        : 3
 8-bit register                                        : 4
# Comparators                                          : 7
 4-bit comparator greater                              : 1
 5-bit comparator greater                              : 6
# Multiplexers                                         : 36
 2-bit 2-to-1 multiplexer                              : 2
 20-bit 2-to-1 multiplexer                             : 4
 20-bit 4-to-1 multiplexer                             : 2
 3-bit 2-to-1 multiplexer                              : 11
 5-bit 2-to-1 multiplexer                              : 2
 6-bit 2-to-1 multiplexer                              : 6
 8-bit 2-to-1 multiplexer                              : 9
# FSMs                                                 : 2

=========================================================================

=========================================================================
*                       Advanced HDL Synthesis                          *
=========================================================================


Synthesizing (advanced) Unit <CHIA_10ENA>.
The following registers are absorbed into counter <D5HZ_REG>: 1 register on signal <D5HZ_REG>.
Unit <CHIA_10ENA> synthesized (advanced).

Synthesizing (advanced) Unit <DEM_2BIT>.
The following registers are absorbed into counter <Q_REG>: 1 register on signal <Q_REG>.
INFO:Xst:3218 - HDL ADVISOR - The RAM <Mram_GND_28_o_GND_28_o_mux_11_OUT> will be implemented on LUTs either because you have described an asynchronous read or because of currently unsupported block RAM features. If you have described an asynchronous read, making it synchronous would allow you to take advantage of available block RAM resources, for optimized device usage and improved timings. Please refer to your documentation for coding guidelines.
    -----------------------------------------------------------------------
    | ram_type           | Distributed                         |          |
    -----------------------------------------------------------------------
    | Port A                                                              |
    |     aspect ratio   | 4-word x 3-bit                      |          |
    |     weA            | connected to signal <GND>           | high     |
    |     addrA          | connected to signal <Q_REG>         |          |
    |     diA            | connected to signal <GND>           |          |
    |     doA            | connected to internal node          |          |
    -----------------------------------------------------------------------
Unit <DEM_2BIT> synthesized (advanced).

Synthesizing (advanced) Unit <DEM_3BIT>.
The following registers are absorbed into counter <Q_REG>: 1 register on signal <Q_REG>.
Unit <DEM_3BIT> synthesized (advanced).

Synthesizing (advanced) Unit <XULY_MODE>.
INFO:Xst:3218 - HDL ADVISOR - The RAM <Mram_MODE> will be implemented on LUTs either because you have described an asynchronous read or because of currently unsupported block RAM features. If you have described an asynchronous read, making it synchronous would allow you to take advantage of available block RAM resources, for optimized device usage and improved timings. Please refer to your documentation for coding guidelines.
    -----------------------------------------------------------------------
    | ram_type           | Distributed                         |          |
    -----------------------------------------------------------------------
    | Port A                                                              |
    |     aspect ratio   | 8-word x 4-bit                      |          |
    |     weA            | connected to signal <GND>           | high     |
    |     addrA          | connected to signal <SEL>           |          |
    |     diA            | connected to signal <GND>           |          |
    |     doA            | connected to signal <MODE>          |          |
    -----------------------------------------------------------------------
Unit <XULY_MODE> synthesized (advanced).

=========================================================================
Advanced HDL Synthesis Report

Macro Statistics
# RAMs                                                 : 2
 4x3-bit single-port distributed Read Only RAM         : 1
 8x4-bit single-port distributed Read Only RAM         : 1
# Adders/Subtractors                                   : 6
 20-bit subtractor                                     : 2
 5-bit adder                                           : 1
 6-bit adder                                           : 3
# Counters                                             : 3
 2-bit up counter                                      : 1
 24-bit up counter                                     : 1
 3-bit up counter                                      : 1
# Registers                                            : 93
 Flip-Flops                                            : 93
# Comparators                                          : 7
 4-bit comparator greater                              : 1
 5-bit comparator greater                              : 6
# Multiplexers                                         : 34
 2-bit 2-to-1 multiplexer                              : 1
 20-bit 2-to-1 multiplexer                             : 4
 20-bit 4-to-1 multiplexer                             : 2
 3-bit 2-to-1 multiplexer                              : 10
 5-bit 2-to-1 multiplexer                              : 2
 6-bit 2-to-1 multiplexer                              : 6
 8-bit 2-to-1 multiplexer                              : 9
# FSMs                                                 : 2

=========================================================================

=========================================================================
*                         Low Level Synthesis                           *
=========================================================================
Analyzing FSM <MFsm> for best encoding.
Optimizing FSM <IC4/IC0/FSM_0> on signal <DB_REG[1:2]> with user encoding.
Optimizing FSM <IC6/IC0/IC0/FSM_0> on signal <DB_REG[1:2]> with user encoding.
-------------------
 State | Encoding
-------------------
 zero  | 00
 wait0 | 01
 one   | 10
 wait1 | 11
-------------------

Optimizing unit <BTVN_SO12> ...

Optimizing unit <LED_2DSDC_PST> ...

Optimizing unit <LED_3DSDC_TSP> ...

Optimizing unit <LED_DSDC_TSP_PST> ...

Optimizing unit <LED_DSDC_PST> ...

Optimizing unit <LED_DSDC_TSP> ...

Optimizing unit <DIEUKHIEN_CHOPHEP_DSDC> ...

Optimizing unit <DEBOUNCE_BTN> ...

Optimizing unit <DIEUKHIEN_CHOPHEP_123> ...

Optimizing unit <DIEUKHIEN_CHOPHEP_213> ...

Optimizing unit <DIEUKHIEN_CHOPHEP_321> ...

Mapping all equations...
Building and optimizing final netlist ...
Found area constraint ratio of 100 (+ 5) on block BTVN_SO12, actual ratio is 5.

Final Macro Processing ...

=========================================================================
Final Register Report

Macro Statistics
# Registers                                            : 126
 Flip-Flops                                            : 126

=========================================================================

=========================================================================
*                           Partition Report                            *
=========================================================================

Partition Implementation Status
-------------------------------

  No Partitions were found in this design.

-------------------------------

=========================================================================
*                            Design Summary                             *
=========================================================================

Top Level Output File Name         : BTVN_SO12.ngc

Primitive and Black Box Usage:
------------------------------
# BELS                             : 383
#      GND                         : 1
#      INV                         : 41
#      LUT1                        : 25
#      LUT2                        : 31
#      LUT3                        : 20
#      LUT4                        : 14
#      LUT5                        : 55
#      LUT6                        : 70
#      MUXCY                       : 61
#      VCC                         : 1
#      XORCY                       : 64
# FlipFlops/Latches                : 126
#      FD                          : 1
#      FD_1                        : 46
#      FDC_1                       : 19
#      FDCE                        : 5
#      FDCE_1                      : 25
#      FDP_1                       : 7
#      FDR                         : 23
# Clock Buffers                    : 1
#      BUFGP                       : 1
# IO Buffers                       : 11
#      IBUF                        : 3
#      OBUF                        : 8

Device utilization summary:
---------------------------

Selected Device : 6slx9tqg144-3 


Slice Logic Utilization: 
 Number of Slice Registers:             126  out of  11440     1%  
 Number of Slice LUTs:                  256  out of   5720     4%  
    Number used as Logic:               256  out of   5720     4%  

Slice Logic Distribution: 
 Number of LUT Flip Flop pairs used:    256
   Number with an unused Flip Flop:     130  out of    256    50%  
   Number with an unused LUT:             0  out of    256     0%  
   Number of fully used LUT-FF pairs:   126  out of    256    49%  
   Number of unique control sets:        12

IO Utilization: 
 Number of IOs:                          12
 Number of bonded IOBs:                  12  out of    102    11%  

Specific Feature Utilization:
 Number of BUFG/BUFGCTRLs:                1  out of     16     6%  

---------------------------
Partition Resource Summary:
---------------------------

  No Partitions were found in this design.

---------------------------


=========================================================================
Timing Report

NOTE: THESE TIMING NUMBERS ARE ONLY A SYNTHESIS ESTIMATE.
      FOR ACCURATE TIMING INFORMATION PLEASE REFER TO THE TRACE REPORT
      GENERATED AFTER PLACE-and-ROUTE.

Clock Information:
------------------
-----------------------------------+------------------------+-------+
Clock Signal                       | Clock buffer(FF name)  | Load  |
-----------------------------------+------------------------+-------+
CKHT                               | BUFGP                  | 126   |
-----------------------------------+------------------------+-------+

Asynchronous Control Signals Information:
----------------------------------------
No asynchronous control signals found in this design

Timing Summary:
---------------
Speed Grade: -3

   Minimum period: 4.875ns (Maximum Frequency: 205.130MHz)
   Minimum input arrival time before clock: 6.239ns
   Maximum output required time after clock: 7.883ns
   Maximum combinational path delay: 9.248ns

Timing Details:
---------------
All values displayed in nanoseconds (ns)

=========================================================================
Timing constraint: Default period analysis for Clock 'CKHT'
  Clock period: 4.875ns (frequency: 205.130MHz)
  Total number of paths / destination ports: 4140 / 179
-------------------------------------------------------------------------
Delay:               4.875ns (Levels of Logic = 3)
  Source:            IC5/IC2/DEM_REG_3 (FF)
  Destination:       IC1/Q_REG_7 (FF)
  Source Clock:      CKHT falling
  Destination Clock: CKHT falling

  Data Path: IC5/IC2/DEM_REG_3 to IC1/Q_REG_7
                                Gate     Net
    Cell:in->out      fanout   Delay   Delay  Logical Name (Net Name)
    ----------------------------------------  ------------
     FDCE_1:C->Q           8   0.447   1.031  IC5/IC2/DEM_REG_3 (IC5/IC2/DEM_REG_3)
     LUT5:I2->O            1   0.205   0.808  OE<0>3 (OE<0>3)
     LUT6:I3->O           12   0.205   0.909  OE<0>4 (OE<0>)
     LUT5:I4->O            6   0.205   0.744  IC1/_n0014_inv1 (IC1/_n0014_inv)
     FDCE_1:CE                 0.322          IC1/Q_REG_2
    ----------------------------------------
    Total                      4.875ns (1.384ns logic, 3.491ns route)
                                       (28.4% logic, 71.6% route)

=========================================================================
Timing constraint: Default OFFSET IN BEFORE for Clock 'CKHT'
  Total number of paths / destination ports: 277 / 149
-------------------------------------------------------------------------
Offset:              6.239ns (Levels of Logic = 4)
  Source:            BTN<0> (PAD)
  Destination:       IC1/Q_REG_7 (FF)
  Destination Clock: CKHT falling

  Data Path: BTN<0> to IC1/Q_REG_7
                                Gate     Net
    Cell:in->out      fanout   Delay   Delay  Logical Name (Net Name)
    ----------------------------------------  ------------
     IBUF:I->O            31   1.222   1.622  BTN_0_IBUF (BTN_0_IBUF)
     LUT5:I0->O            1   0.203   0.808  OE<0>3 (OE<0>3)
     LUT6:I3->O           12   0.205   0.909  OE<0>4 (OE<0>)
     LUT5:I4->O            6   0.205   0.744  IC1/_n0014_inv1 (IC1/_n0014_inv)
     FDCE_1:CE                 0.322          IC1/Q_REG_2
    ----------------------------------------
    Total                      6.239ns (2.157ns logic, 4.082ns route)
                                       (34.6% logic, 65.4% route)

=========================================================================
Timing constraint: Default OFFSET OUT AFTER for Clock 'CKHT'
  Total number of paths / destination ports: 437 / 8
-------------------------------------------------------------------------
Offset:              7.883ns (Levels of Logic = 5)
  Source:            IC5/IC2/DEM_REG_3 (FF)
  Destination:       LED<5> (PAD)
  Source Clock:      CKHT falling

  Data Path: IC5/IC2/DEM_REG_3 to LED<5>
                                Gate     Net
    Cell:in->out      fanout   Delay   Delay  Logical Name (Net Name)
    ----------------------------------------  ------------
     FDCE_1:C->Q           8   0.447   1.031  IC5/IC2/DEM_REG_3 (IC5/IC2/DEM_REG_3)
     LUT5:I2->O            1   0.205   0.808  OE<1>3 (OE<1>3)
     LUT6:I3->O           12   0.205   0.909  OE<1>4 (OE<1>)
     LUT2:I1->O            2   0.205   0.721  IC2/Q<1>1 (Q_3DSDC_TSP<1>)
     LUT6:I4->O            1   0.203   0.579  LED<1> (LED_1_OBUF)
     OBUF:I->O                 2.571          LED_1_OBUF (LED<1>)
    ----------------------------------------
    Total                      7.883ns (3.836ns logic, 4.047ns route)
                                       (48.7% logic, 51.3% route)

=========================================================================
Timing constraint: Default path analysis
  Total number of paths / destination ports: 93 / 8
-------------------------------------------------------------------------
Delay:               9.248ns (Levels of Logic = 6)
  Source:            BTN<0> (PAD)
  Destination:       LED<5> (PAD)

  Data Path: BTN<0> to LED<5>
                                Gate     Net
    Cell:in->out      fanout   Delay   Delay  Logical Name (Net Name)
    ----------------------------------------  ------------
     IBUF:I->O            31   1.222   1.622  BTN_0_IBUF (BTN_0_IBUF)
     LUT5:I0->O            1   0.203   0.808  OE<1>3 (OE<1>3)
     LUT6:I3->O           12   0.205   0.909  OE<1>4 (OE<1>)
     LUT2:I1->O            2   0.205   0.721  IC2/Q<1>1 (Q_3DSDC_TSP<1>)
     LUT6:I4->O            1   0.203   0.579  LED<1> (LED_1_OBUF)
     OBUF:I->O                 2.571          LED_1_OBUF (LED<1>)
    ----------------------------------------
    Total                      9.248ns (4.609ns logic, 4.639ns route)
                                       (49.8% logic, 50.2% route)

=========================================================================

Cross Clock Domains Report:
--------------------------

Clock to Setup on destination clock CKHT
---------------+---------+---------+---------+---------+
               | Src:Rise| Src:Fall| Src:Rise| Src:Fall|
Source Clock   |Dest:Rise|Dest:Rise|Dest:Fall|Dest:Fall|
---------------+---------+---------+---------+---------+
CKHT           |         |         |    4.875|         |
---------------+---------+---------+---------+---------+

=========================================================================


Total REAL time to Xst completion: 9.00 secs
Total CPU time to Xst completion: 8.60 secs
 
--> 

Total memory usage is 4510204 kilobytes

Number of errors   :    0 (   0 filtered)
Number of warnings :    0 (   0 filtered)
Number of infos    :    2 (   0 filtered)

