Release 14.7 - xst P.20131013 (nt64)
Copyright (c) 1995-2013 Xilinx, Inc.  All rights reserved.
--> Parameter TMPDIR set to xst/projnav.tmp


Total REAL time to Xst completion: 0.00 secs
Total CPU time to Xst completion: 0.16 secs
 
--> Parameter xsthdpdir set to xst


Total REAL time to Xst completion: 0.00 secs
Total CPU time to Xst completion: 0.16 secs
 
--> Reading design: DEM_00_XX_HT_7DOAN_CAI_GH_CACH2.prj

TABLE OF CONTENTS
  1) Synthesis Options Summary
  2) HDL Compilation
  3) Design Hierarchy Analysis
  4) HDL Analysis
  5) HDL Synthesis
     5.1) HDL Synthesis Report
  6) Advanced HDL Synthesis
     6.1) Advanced HDL Synthesis Report
  7) Low Level Synthesis
  8) Partition Report
  9) Final Report
	9.1) Device utilization summary
	9.2) Partition Resource Summary
	9.3) TIMING REPORT


=========================================================================
*                      Synthesis Options Summary                        *
=========================================================================
---- Source Parameters
Input File Name                    : "DEM_00_XX_HT_7DOAN_CAI_GH_CACH2.prj"
Input Format                       : mixed
Ignore Synthesis Constraint File   : NO

---- Target Parameters
Output File Name                   : "DEM_00_XX_HT_7DOAN_CAI_GH_CACH2"
Output Format                      : NGC
Target Device                      : xc3s500e-5-pq208

---- Source Options
Top Module Name                    : DEM_00_XX_HT_7DOAN_CAI_GH_CACH2
Automatic FSM Extraction           : YES
FSM Encoding Algorithm             : Auto
Safe Implementation                : No
FSM Style                          : LUT
RAM Extraction                     : Yes
RAM Style                          : Auto
ROM Extraction                     : Yes
Mux Style                          : Auto
Decoder Extraction                 : YES
Priority Encoder Extraction        : Yes
Shift Register Extraction          : YES
Logical Shifter Extraction         : YES
XOR Collapsing                     : YES
ROM Style                          : Auto
Mux Extraction                     : Yes
Resource Sharing                   : YES
Asynchronous To Synchronous        : NO
Multiplier Style                   : Auto
Automatic Register Balancing       : No

---- Target Options
Add IO Buffers                     : YES
Global Maximum Fanout              : 500
Add Generic Clock Buffer(BUFG)     : 24
Register Duplication               : YES
Slice Packing                      : YES
Optimize Instantiated Primitives   : NO
Use Clock Enable                   : Yes
Use Synchronous Set                : Yes
Use Synchronous Reset              : Yes
Pack IO Registers into IOBs        : Auto
Equivalent register Removal        : YES

---- General Options
Optimization Goal                  : Speed
Optimization Effort                : 1
Keep Hierarchy                     : No
Netlist Hierarchy                  : As_Optimized
RTL Output                         : Yes
Global Optimization                : AllClockNets
Read Cores                         : YES
Write Timing Constraints           : NO
Cross Clock Analysis               : NO
Hierarchy Separator                : /
Bus Delimiter                      : <>
Case Specifier                     : Maintain
Slice Utilization Ratio            : 100
BRAM Utilization Ratio             : 100
Verilog 2001                       : YES
Auto BRAM Packing                  : NO
Slice Utilization Ratio Delta      : 5

=========================================================================


=========================================================================
*                          HDL Compilation                              *
=========================================================================
Compiling vhdl file "C:/Users/TOSHIBA/Documents/TT_Xilinx/TTTKVMS_CHIEU_T5_NHOM_2/BAI_523_DEM_00_XX_HT_7DOAN_CAI_GH_CACH2/DEM_3BIT_CHON_8KENH.vhd" in Library work.
Entity <DEM_3BIT_CHON_8KENH> compiled.
Entity <DEM_3BIT_CHON_8KENH> (Architecture <Behavioral>) compiled.
Compiling vhdl file "C:/Users/TOSHIBA/Documents/TT_Xilinx/TTTKVMS_CHIEU_T5_NHOM_2/BAI_523_DEM_00_XX_HT_7DOAN_CAI_GH_CACH2/QUET_ANODE_8LED_7DOAN.vhd" in Library work.
Entity <QUET_ANODE_8LED_7DOAN> compiled.
Entity <QUET_ANODE_8LED_7DOAN> (Architecture <Behavioral>) compiled.
Compiling vhdl file "C:/Users/TOSHIBA/Documents/TT_Xilinx/TTTKVMS_CHIEU_T5_NHOM_2/BAI_523_DEM_00_XX_HT_7DOAN_CAI_GH_CACH2/DAHOP_8KENH.vhd" in Library work.
Entity <DAHOP_8KENH> compiled.
Entity <DAHOP_8KENH> (Architecture <Behavioral>) compiled.
Compiling vhdl file "C:/Users/TOSHIBA/Documents/TT_Xilinx/TTTKVMS_CHIEU_T5_NHOM_2/BAI_523_DEM_00_XX_HT_7DOAN_CAI_GH_CACH2/GIAIMA_7DOAN_ENA.vhd" in Library work.
Entity <GIAIMA_7DOAN_ENA> compiled.
Entity <GIAIMA_7DOAN_ENA> (Architecture <Behavioral>) compiled.
Compiling vhdl file "C:/Users/TOSHIBA/Documents/TT_Xilinx/TTTKVMS_CHIEU_T5_NHOM_2/BAI_523_DEM_00_XX_HT_7DOAN_CAI_GH_CACH2/DEBOUNCE_BTN.vhd" in Library work.
Entity <DEBOUNCE_BTN> compiled.
Entity <DEBOUNCE_BTN> (Architecture <Behavioral>) compiled.
Compiling vhdl file "C:/Users/TOSHIBA/Documents/TT_Xilinx/TTTKVMS_CHIEU_T5_NHOM_2/BAI_523_DEM_00_XX_HT_7DOAN_CAI_GH_CACH2/LAM_HEP_XUNG.vhd" in Library work.
Entity <LAM_HEP_XUNG> compiled.
Entity <LAM_HEP_XUNG> (Architecture <Behavioral>) compiled.
Compiling vhdl file "C:/Users/TOSHIBA/Documents/TT_Xilinx/TTTKVMS_CHIEU_T5_NHOM_2/BAI_523_DEM_00_XX_HT_7DOAN_CAI_GH_CACH2/CD_LAM_HEP_BTN.vhd" in Library work.
Entity <CD_LAM_HEP_BTN> compiled.
Entity <CD_LAM_HEP_BTN> (Architecture <Behavioral>) compiled.
Compiling vhdl file "C:/Users/TOSHIBA/Documents/TT_Xilinx/TTTKVMS_CHIEU_T5_NHOM_2/BAI_523_DEM_00_XX_HT_7DOAN_CAI_GH_CACH2/DEM_1BIT.vhd" in Library work.
Entity <DEM_1BIT> compiled.
Entity <DEM_1BIT> (Architecture <Behavioral>) compiled.
Compiling vhdl file "C:/Users/TOSHIBA/Documents/TT_Xilinx/TTTKVMS_CHIEU_T5_NHOM_2/BAI_523_DEM_00_XX_HT_7DOAN_CAI_GH_CACH2/DEM_GH_UD_2BTN.vhd" in Library work.
Entity <DEM_GH_UD_2BTN> compiled.
Entity <DEM_GH_UD_2BTN> (Architecture <Behavioral>) compiled.
Compiling vhdl file "C:/Users/TOSHIBA/Documents/TT_Xilinx/TTTKVMS_CHIEU_T5_NHOM_2/BAI_523_DEM_00_XX_HT_7DOAN_CAI_GH_CACH2/CHIA_10ENA.vhd" in Library work.
Entity <CHIA_10ENA> compiled.
Entity <CHIA_10ENA> (Architecture <Behavioral>) compiled.
Compiling vhdl file "C:/Users/TOSHIBA/Documents/TT_Xilinx/TTTKVMS_CHIEU_T5_NHOM_2/BAI_523_DEM_00_XX_HT_7DOAN_CAI_GH_CACH2/DEM_2SO_GH.vhd" in Library work.
Entity <DEM_2SO_GH> compiled.
Entity <DEM_2SO_GH> (Architecture <Behavioral>) compiled.
Compiling vhdl file "C:/Users/TOSHIBA/Documents/TT_Xilinx/TTTKVMS_CHIEU_T5_NHOM_2/BAI_523_DEM_00_XX_HT_7DOAN_CAI_GH_CACH2/GIAIMA_HIENTHI_8LED_7DOAN.vhd" in Library work.
Entity <GIAIMA_HIENTHI_8LED_7DOAN> compiled.
Entity <GIAIMA_HIENTHI_8LED_7DOAN> (Architecture <Behavioral>) compiled.
Compiling vhdl file "C:/Users/TOSHIBA/Documents/TT_Xilinx/TTTKVMS_CHIEU_T5_NHOM_2/BAI_523_DEM_00_XX_HT_7DOAN_CAI_GH_CACH2/DEM_00_XX_HT_7DOAN_CAI_GH_CACH2.vhd" in Library work.
Entity <DEM_00_XX_HT_7DOAN_CAI_GH_CACH2> compiled.
Entity <DEM_00_XX_HT_7DOAN_CAI_GH_CACH2> (Architecture <Behavioral>) compiled.

=========================================================================
*                     Design Hierarchy Analysis                         *
=========================================================================
Analyzing hierarchy for entity <DEM_00_XX_HT_7DOAN_CAI_GH_CACH2> in library <work> (architecture <Behavioral>).

Analyzing hierarchy for entity <CD_LAM_HEP_BTN> in library <work> (architecture <Behavioral>).

Analyzing hierarchy for entity <DEM_1BIT> in library <work> (architecture <Behavioral>).

Analyzing hierarchy for entity <DEBOUNCE_BTN> in library <work> (architecture <Behavioral>).

Analyzing hierarchy for entity <DEM_GH_UD_2BTN> in library <work> (architecture <Behavioral>).

Analyzing hierarchy for entity <CHIA_10ENA> in library <work> (architecture <Behavioral>).

Analyzing hierarchy for entity <DEM_2SO_GH> in library <work> (architecture <Behavioral>).

Analyzing hierarchy for entity <GIAIMA_HIENTHI_8LED_7DOAN> in library <work> (architecture <Behavioral>).

Analyzing hierarchy for entity <LAM_HEP_XUNG> in library <work> (architecture <Behavioral>).

Analyzing hierarchy for entity <DEM_3BIT_CHON_8KENH> in library <work> (architecture <Behavioral>).

Analyzing hierarchy for entity <QUET_ANODE_8LED_7DOAN> in library <work> (architecture <Behavioral>).

Analyzing hierarchy for entity <DAHOP_8KENH> in library <work> (architecture <Behavioral>).

Analyzing hierarchy for entity <GIAIMA_7DOAN_ENA> in library <work> (architecture <Behavioral>).


=========================================================================
*                            HDL Analysis                               *
=========================================================================
Analyzing Entity <DEM_00_XX_HT_7DOAN_CAI_GH_CACH2> in library <work> (Architecture <Behavioral>).
Entity <DEM_00_XX_HT_7DOAN_CAI_GH_CACH2> analyzed. Unit <DEM_00_XX_HT_7DOAN_CAI_GH_CACH2> generated.

Analyzing Entity <CD_LAM_HEP_BTN> in library <work> (Architecture <Behavioral>).
Entity <CD_LAM_HEP_BTN> analyzed. Unit <CD_LAM_HEP_BTN> generated.

Analyzing Entity <LAM_HEP_XUNG> in library <work> (Architecture <Behavioral>).
Entity <LAM_HEP_XUNG> analyzed. Unit <LAM_HEP_XUNG> generated.

Analyzing Entity <DEM_1BIT> in library <work> (Architecture <Behavioral>).
Entity <DEM_1BIT> analyzed. Unit <DEM_1BIT> generated.

Analyzing Entity <DEBOUNCE_BTN> in library <work> (Architecture <Behavioral>).
Entity <DEBOUNCE_BTN> analyzed. Unit <DEBOUNCE_BTN> generated.

Analyzing Entity <DEM_GH_UD_2BTN> in library <work> (Architecture <Behavioral>).
Entity <DEM_GH_UD_2BTN> analyzed. Unit <DEM_GH_UD_2BTN> generated.

Analyzing Entity <CHIA_10ENA> in library <work> (Architecture <Behavioral>).
Entity <CHIA_10ENA> analyzed. Unit <CHIA_10ENA> generated.

Analyzing Entity <DEM_2SO_GH> in library <work> (Architecture <Behavioral>).
Entity <DEM_2SO_GH> analyzed. Unit <DEM_2SO_GH> generated.

Analyzing Entity <GIAIMA_HIENTHI_8LED_7DOAN> in library <work> (Architecture <Behavioral>).
Entity <GIAIMA_HIENTHI_8LED_7DOAN> analyzed. Unit <GIAIMA_HIENTHI_8LED_7DOAN> generated.

Analyzing Entity <DEM_3BIT_CHON_8KENH> in library <work> (Architecture <Behavioral>).
Entity <DEM_3BIT_CHON_8KENH> analyzed. Unit <DEM_3BIT_CHON_8KENH> generated.

Analyzing Entity <QUET_ANODE_8LED_7DOAN> in library <work> (Architecture <Behavioral>).
Entity <QUET_ANODE_8LED_7DOAN> analyzed. Unit <QUET_ANODE_8LED_7DOAN> generated.

Analyzing Entity <DAHOP_8KENH> in library <work> (Architecture <Behavioral>).
INFO:Xst:1561 - "C:/Users/TOSHIBA/Documents/TT_Xilinx/TTTKVMS_CHIEU_T5_NHOM_2/BAI_523_DEM_00_XX_HT_7DOAN_CAI_GH_CACH2/DAHOP_8KENH.vhd" line 61: Mux is complete : default of case is discarded
INFO:Xst:1561 - "C:/Users/TOSHIBA/Documents/TT_Xilinx/TTTKVMS_CHIEU_T5_NHOM_2/BAI_523_DEM_00_XX_HT_7DOAN_CAI_GH_CACH2/DAHOP_8KENH.vhd" line 77: Mux is complete : default of case is discarded
INFO:Xst:1561 - "C:/Users/TOSHIBA/Documents/TT_Xilinx/TTTKVMS_CHIEU_T5_NHOM_2/BAI_523_DEM_00_XX_HT_7DOAN_CAI_GH_CACH2/DAHOP_8KENH.vhd" line 92: Mux is complete : default of case is discarded
Entity <DAHOP_8KENH> analyzed. Unit <DAHOP_8KENH> generated.

Analyzing Entity <GIAIMA_7DOAN_ENA> in library <work> (Architecture <Behavioral>).
Entity <GIAIMA_7DOAN_ENA> analyzed. Unit <GIAIMA_7DOAN_ENA> generated.


=========================================================================
*                           HDL Synthesis                               *
=========================================================================

Performing bidirectional port resolution...

Synthesizing Unit <DEM_1BIT>.
    Related source file is "C:/Users/TOSHIBA/Documents/TT_Xilinx/TTTKVMS_CHIEU_T5_NHOM_2/BAI_523_DEM_00_XX_HT_7DOAN_CAI_GH_CACH2/DEM_1BIT.vhd".
    Found 1-bit register for signal <Q_R>.
    Summary:
	inferred   1 D-type flip-flop(s).
Unit <DEM_1BIT> synthesized.


Synthesizing Unit <DEBOUNCE_BTN>.
    Related source file is "C:/Users/TOSHIBA/Documents/TT_Xilinx/TTTKVMS_CHIEU_T5_NHOM_2/BAI_523_DEM_00_XX_HT_7DOAN_CAI_GH_CACH2/DEBOUNCE_BTN.vhd".
    Found finite state machine <FSM_0> for signal <DB_R>.
    -----------------------------------------------------------------------
    | States             | 4                                              |
    | Transitions        | 10                                             |
    | Inputs             | 2                                              |
    | Outputs            | 5                                              |
    | Clock              | CKHT                      (falling_edge)       |
    | Power Up State     | zero                                           |
    | Encoding           | automatic                                      |
    | Implementation     | LUT                                            |
    -----------------------------------------------------------------------
    Found 20-bit register for signal <DL_R>.
    Found 20-bit subtractor for signal <DL_R$addsub0000>.
    Summary:
	inferred   1 Finite State Machine(s).
	inferred  20 D-type flip-flop(s).
	inferred   1 Adder/Subtractor(s).
Unit <DEBOUNCE_BTN> synthesized.


Synthesizing Unit <DEM_GH_UD_2BTN>.
    Related source file is "C:/Users/TOSHIBA/Documents/TT_Xilinx/TTTKVMS_CHIEU_T5_NHOM_2/BAI_523_DEM_00_XX_HT_7DOAN_CAI_GH_CACH2/DEM_GH_UD_2BTN.vhd".
    Found 4-bit adder for signal <CHUC_N$addsub0000> created at line 67.
    Found 4-bit subtractor for signal <CHUC_N$addsub0001> created at line 83.
    Found 4-bit register for signal <CHUC_R>.
    Found 4-bit register for signal <DONVI_R>.
    Found 4-bit addsub for signal <DONVI_R$share0000> created at line 79.
    Summary:
	inferred   3 Adder/Subtractor(s).
Unit <DEM_GH_UD_2BTN> synthesized.


Synthesizing Unit <CHIA_10ENA>.
    Related source file is "C:/Users/TOSHIBA/Documents/TT_Xilinx/TTTKVMS_CHIEU_T5_NHOM_2/BAI_523_DEM_00_XX_HT_7DOAN_CAI_GH_CACH2/CHIA_10ENA.vhd".
    Found 23-bit adder for signal <D10HZ_N$addsub0000> created at line 98.
    Found 23-bit register for signal <D10HZ_R>.
    Found 26-bit adder for signal <D1HZ_N$addsub0000> created at line 101.
    Found 26-bit register for signal <D1HZ_R>.
    Found 16-bit adder for signal <D1KHZ_N$addsub0000> created at line 93.
    Found 16-bit register for signal <D1KHZ_R>.
    Summary:
	inferred  65 D-type flip-flop(s).
	inferred   3 Adder/Subtractor(s).
Unit <CHIA_10ENA> synthesized.


Synthesizing Unit <DEM_2SO_GH>.
    Related source file is "C:/Users/TOSHIBA/Documents/TT_Xilinx/TTTKVMS_CHIEU_T5_NHOM_2/BAI_523_DEM_00_XX_HT_7DOAN_CAI_GH_CACH2/DEM_2SO_GH.vhd".
    Found 4-bit register for signal <CHUC_R>.
    Found 4-bit adder for signal <CHUC_R$addsub0000> created at line 68.
    Found 4-bit comparator equal for signal <CHUC_R$cmp_eq0000> created at line 76.
    Found 4-bit comparator equal for signal <CHUC_R$cmp_eq0001> created at line 76.
    Found 4-bit register for signal <DONVI_R>.
    Found 4-bit adder for signal <DONVI_R$addsub0000> created at line 65.
    Summary:
	inferred   8 D-type flip-flop(s).
	inferred   2 Adder/Subtractor(s).
	inferred   2 Comparator(s).
Unit <DEM_2SO_GH> synthesized.


Synthesizing Unit <LAM_HEP_XUNG>.
    Related source file is "C:/Users/TOSHIBA/Documents/TT_Xilinx/TTTKVMS_CHIEU_T5_NHOM_2/BAI_523_DEM_00_XX_HT_7DOAN_CAI_GH_CACH2/LAM_HEP_XUNG.vhd".
    Found 1-bit register for signal <QFF>.
    Summary:
	inferred   1 D-type flip-flop(s).
Unit <LAM_HEP_XUNG> synthesized.


Synthesizing Unit <DEM_3BIT_CHON_8KENH>.
    Related source file is "C:/Users/TOSHIBA/Documents/TT_Xilinx/TTTKVMS_CHIEU_T5_NHOM_2/BAI_523_DEM_00_XX_HT_7DOAN_CAI_GH_CACH2/DEM_3BIT_CHON_8KENH.vhd".
    Found 3-bit up counter for signal <Q_R>.
    Summary:
	inferred   1 Counter(s).
Unit <DEM_3BIT_CHON_8KENH> synthesized.


Synthesizing Unit <QUET_ANODE_8LED_7DOAN>.
    Related source file is "C:/Users/TOSHIBA/Documents/TT_Xilinx/TTTKVMS_CHIEU_T5_NHOM_2/BAI_523_DEM_00_XX_HT_7DOAN_CAI_GH_CACH2/QUET_ANODE_8LED_7DOAN.vhd".
    Found 1-of-8 decoder for signal <ANODE>.
    Summary:
	inferred   1 Decoder(s).
Unit <QUET_ANODE_8LED_7DOAN> synthesized.


Synthesizing Unit <DAHOP_8KENH>.
    Related source file is "C:/Users/TOSHIBA/Documents/TT_Xilinx/TTTKVMS_CHIEU_T5_NHOM_2/BAI_523_DEM_00_XX_HT_7DOAN_CAI_GH_CACH2/DAHOP_8KENH.vhd".
    Found 8x1-bit ROM for signal <ENA_1LED>.
    Found 4-bit 8-to-1 multiplexer for signal <SO_GMA>.
    Summary:
	inferred   1 ROM(s).
	inferred   4 Multiplexer(s).
Unit <DAHOP_8KENH> synthesized.


Synthesizing Unit <GIAIMA_7DOAN_ENA>.
    Related source file is "C:/Users/TOSHIBA/Documents/TT_Xilinx/TTTKVMS_CHIEU_T5_NHOM_2/BAI_523_DEM_00_XX_HT_7DOAN_CAI_GH_CACH2/GIAIMA_7DOAN_ENA.vhd".
Unit <GIAIMA_7DOAN_ENA> synthesized.


Synthesizing Unit <CD_LAM_HEP_BTN>.
    Related source file is "C:/Users/TOSHIBA/Documents/TT_Xilinx/TTTKVMS_CHIEU_T5_NHOM_2/BAI_523_DEM_00_XX_HT_7DOAN_CAI_GH_CACH2/CD_LAM_HEP_BTN.vhd".
Unit <CD_LAM_HEP_BTN> synthesized.


Synthesizing Unit <GIAIMA_HIENTHI_8LED_7DOAN>.
    Related source file is "C:/Users/TOSHIBA/Documents/TT_Xilinx/TTTKVMS_CHIEU_T5_NHOM_2/BAI_523_DEM_00_XX_HT_7DOAN_CAI_GH_CACH2/GIAIMA_HIENTHI_8LED_7DOAN.vhd".
Unit <GIAIMA_HIENTHI_8LED_7DOAN> synthesized.


Synthesizing Unit <DEM_00_XX_HT_7DOAN_CAI_GH_CACH2>.
    Related source file is "C:/Users/TOSHIBA/Documents/TT_Xilinx/TTTKVMS_CHIEU_T5_NHOM_2/BAI_523_DEM_00_XX_HT_7DOAN_CAI_GH_CACH2/DEM_00_XX_HT_7DOAN_CAI_GH_CACH2.vhd".
Unit <DEM_00_XX_HT_7DOAN_CAI_GH_CACH2> synthesized.

INFO:Xst:1767 - HDL ADVISOR - Resource sharing has identified that some arithmetic operations in this design can share the same physical resources for reduced device utilization. For improved clock frequency you may try to disable resource sharing.

=========================================================================
HDL Synthesis Report

Macro Statistics
# ROMs                                                 : 1
 8x1-bit ROM                                           : 1
# Adders/Subtractors                                   : 11
 16-bit adder                                          : 1
 20-bit subtractor                                     : 3
 23-bit adder                                          : 1
 26-bit adder                                          : 1
 4-bit adder                                           : 3
 4-bit addsub                                          : 1
 4-bit subtractor                                      : 1
# Counters                                             : 1
 3-bit up counter                                      : 1
# Registers                                            : 12
 1-bit register                                        : 2
 16-bit register                                       : 1
 20-bit register                                       : 3
 23-bit register                                       : 1
 26-bit register                                       : 1
 4-bit register                                        : 4
# Comparators                                          : 2
 4-bit comparator equal                                : 2
# Multiplexers                                         : 1
 4-bit 8-to-1 multiplexer                              : 1
# Decoders                                             : 1
 1-of-8 decoder                                        : 1

=========================================================================

=========================================================================
*                       Advanced HDL Synthesis                          *
=========================================================================

Analyzing FSM <FSM_0> for best encoding.
Optimizing FSM <ICK1/IC3/DB_R/FSM> on signal <DB_R[1:2]> with sequential encoding.
Optimizing FSM <ICA1/DB_R/FSM> on signal <DB_R[1:2]> with sequential encoding.
Optimizing FSM <ICA2/DB_R/FSM> on signal <DB_R[1:2]> with sequential encoding.
-------------------
 State | Encoding
-------------------
 zero  | 00
 wait0 | 11
 one   | 10
 wait1 | 01
-------------------

=========================================================================
Advanced HDL Synthesis Report

Macro Statistics
# FSMs                                                 : 1
# ROMs                                                 : 1
 8x1-bit ROM                                           : 1
# Adders/Subtractors                                   : 11
 16-bit adder                                          : 1
 20-bit subtractor                                     : 3
 23-bit adder                                          : 1
 26-bit adder                                          : 1
 4-bit adder                                           : 3
 4-bit addsub                                          : 1
 4-bit subtractor                                      : 1
# Counters                                             : 1
 3-bit up counter                                      : 1
# Registers                                            : 143
 Flip-Flops                                            : 143
# Comparators                                          : 2
 4-bit comparator equal                                : 2
# Multiplexers                                         : 1
 4-bit 8-to-1 multiplexer                              : 1
# Decoders                                             : 1
 1-of-8 decoder                                        : 1

=========================================================================

=========================================================================
*                         Low Level Synthesis                           *
=========================================================================

Optimizing unit <DEM_00_XX_HT_7DOAN_CAI_GH_CACH2> ...

Optimizing unit <DEBOUNCE_BTN> ...

Optimizing unit <CHIA_10ENA> ...

Optimizing unit <DEM_2SO_GH> ...

Optimizing unit <DEM_GH_UD_2BTN> ...

Mapping all equations...
Building and optimizing final netlist ...
Found area constraint ratio of 100 (+ 5) on block DEM_00_XX_HT_7DOAN_CAI_GH_CACH2, actual ratio is 3.

Final Macro Processing ...

=========================================================================
Final Register Report

Macro Statistics
# Registers                                            : 152
 Flip-Flops                                            : 152

=========================================================================

=========================================================================
*                           Partition Report                            *
=========================================================================

Partition Implementation Status
-------------------------------

  No Partitions were found in this design.

-------------------------------

=========================================================================
*                            Final Report                               *
=========================================================================
Final Results
RTL Top Level Output File Name     : DEM_00_XX_HT_7DOAN_CAI_GH_CACH2.ngr
Top Level Output File Name         : DEM_00_XX_HT_7DOAN_CAI_GH_CACH2
Output Format                      : NGC
Optimization Goal                  : Speed
Keep Hierarchy                     : No

Design Statistics
# IOs                              : 23

Cell Usage :
# BELS                             : 552
#      GND                         : 1
#      INV                         : 63
#      LUT1                        : 65
#      LUT2                        : 10
#      LUT2_L                      : 1
#      LUT3                        : 32
#      LUT3_D                      : 2
#      LUT3_L                      : 2
#      LUT4                        : 91
#      LUT4_D                      : 5
#      LUT4_L                      : 13
#      MUXCY                       : 134
#      MUXF5                       : 7
#      VCC                         : 1
#      XORCY                       : 125
# FlipFlops/Latches                : 152
#      FD_1                        : 4
#      FDC_1                       : 3
#      FDCE_1                      : 11
#      FDE                         : 3
#      FDP_1                       : 1
#      FDPE_1                      : 2
#      FDR_1                       : 62
#      FDS_1                       : 3
#      FDSE_1                      : 63
# Clock Buffers                    : 1
#      BUFGP                       : 1
# IO Buffers                       : 22
#      IBUF                        : 5
#      OBUF                        : 17
=========================================================================

Device utilization summary:
---------------------------

Selected Device : 3s500epq208-5 

 Number of Slices:                      147  out of   4656     3%  
 Number of Slice Flip Flops:            152  out of   9312     1%  
 Number of 4 input LUTs:                284  out of   9312     3%  
 Number of IOs:                          23
 Number of bonded IOBs:                  23  out of    158    14%  
 Number of GCLKs:                         1  out of     24     4%  

---------------------------
Partition Resource Summary:
---------------------------

  No Partitions were found in this design.

---------------------------


=========================================================================
TIMING REPORT

NOTE: THESE TIMING NUMBERS ARE ONLY A SYNTHESIS ESTIMATE.
      FOR ACCURATE TIMING INFORMATION PLEASE REFER TO THE TRACE REPORT
      GENERATED AFTER PLACE-and-ROUTE.

Clock Information:
------------------
-----------------------------------+------------------------+-------+
Clock Signal                       | Clock buffer(FF name)  | Load  |
-----------------------------------+------------------------+-------+
CKHT                               | BUFGP                  | 152   |
-----------------------------------+------------------------+-------+

Asynchronous Control Signals Information:
----------------------------------------
-----------------------------------+------------------------+-------+
Control Signal                     | Buffer(FF name)        | Load  |
-----------------------------------+------------------------+-------+
BTN<0>                             | IBUF                   | 17    |
-----------------------------------+------------------------+-------+

Timing Summary:
---------------
Speed Grade: -5

   Minimum period: 6.131ns (Maximum Frequency: 163.118MHz)
   Minimum input arrival time before clock: 6.526ns
   Maximum output required time after clock: 8.518ns
   Maximum combinational path delay: No path found

Timing Detail:
--------------
All values displayed in nanoseconds (ns)

=========================================================================
Timing constraint: Default period analysis for Clock 'CKHT'
  Clock period: 6.131ns (frequency: 163.118MHz)
  Total number of paths / destination ports: 4623 / 356
-------------------------------------------------------------------------
Delay:               6.131ns (Levels of Logic = 4)
  Source:            IC1/D10HZ_R_8 (FF)
  Destination:       IC2/DONVI_R_3 (FF)
  Source Clock:      CKHT falling
  Destination Clock: CKHT falling

  Data Path: IC1/D10HZ_R_8 to IC2/DONVI_R_3
                                Gate     Net
    Cell:in->out      fanout   Delay   Delay  Logical Name (Net Name)
    ----------------------------------------  ------------
     FDR_1:C->Q            2   0.514   0.532  IC1/D10HZ_R_8 (IC1/D10HZ_R_8)
     LUT3:I0->O            1   0.612   0.426  IC1/D10HZ_N_cmp_eq0000119 (IC1/D10HZ_N_cmp_eq0000119)
     LUT3:I1->O            2   0.612   0.449  IC1/D10HZ_N_cmp_eq0000144 (IC1/N11)
     LUT4:I1->O           10   0.612   0.780  ENA_DB144 (ENA_DB)
     LUT3:I2->O            4   0.612   0.499  IC2/DONVI_R_not00021 (IC2/DONVI_R_not0002)
     FDCE_1:CE                 0.483          IC2/DONVI_R_0
    ----------------------------------------
    Total                      6.131ns (3.445ns logic, 2.686ns route)
                                       (56.2% logic, 43.8% route)

=========================================================================
Timing constraint: Default OFFSET IN BEFORE for Clock 'CKHT'
  Total number of paths / destination ports: 98 / 82
-------------------------------------------------------------------------
Offset:              6.526ns (Levels of Logic = 5)
  Source:            SW (PAD)
  Destination:       IC2/DONVI_R_3 (FF)
  Destination Clock: CKHT falling

  Data Path: SW to IC2/DONVI_R_3
                                Gate     Net
    Cell:in->out      fanout   Delay   Delay  Logical Name (Net Name)
    ----------------------------------------  ------------
     IBUF:I->O             2   1.106   0.532  SW_IBUF (SW_IBUF)
     LUT4:I0->O            1   0.612   0.426  ENA_DB113_SW0 (N59)
     LUT4_L:I1->LO         1   0.612   0.252  ENA_DB113 (ENA_DB113)
     LUT4:I0->O           10   0.612   0.780  ENA_DB144 (ENA_DB)
     LUT3:I2->O            4   0.612   0.499  IC2/DONVI_R_not00021 (IC2/DONVI_R_not0002)
     FDCE_1:CE                 0.483          IC2/DONVI_R_0
    ----------------------------------------
    Total                      6.526ns (4.037ns logic, 2.489ns route)
                                       (61.9% logic, 38.1% route)

=========================================================================
Timing constraint: Default OFFSET OUT AFTER for Clock 'CKHT'
  Total number of paths / destination ports: 293 / 16
-------------------------------------------------------------------------
Offset:              8.518ns (Levels of Logic = 5)
  Source:            IC3/K1/Q_R_1 (FF)
  Destination:       SSEG<6> (PAD)
  Source Clock:      CKHT falling

  Data Path: IC3/K1/Q_R_1 to SSEG<6>
                                Gate     Net
    Cell:in->out      fanout   Delay   Delay  Logical Name (Net Name)
    ----------------------------------------  ------------
     FDE:C->Q             25   0.514   1.101  IC3/K1/Q_R_1 (IC3/K1/Q_R_1)
     LUT4:I2->O            1   0.612   0.000  IC3/K3/Mmux_SO_GMA_3 (IC3/K3/Mmux_SO_GMA_3)
     MUXF5:I1->O           7   0.278   0.754  IC3/K3/Mmux_SO_GMA_2_f5 (IC3/SO_GMA<0>)
     LUT4:I0->O            1   0.612   0.509  IC3/K4/SSEG<4>_SW2 (N114)
     LUT3:I0->O            1   0.612   0.357  IC3/K4/SSEG<4> (SSEG_4_OBUF)
     OBUF:I->O                 3.169          SSEG_4_OBUF (SSEG<4>)
    ----------------------------------------
    Total                      8.518ns (5.797ns logic, 2.721ns route)
                                       (68.1% logic, 31.9% route)

=========================================================================


Total REAL time to Xst completion: 9.00 secs
Total CPU time to Xst completion: 8.72 secs
 
--> 

Total memory usage is 4536820 kilobytes

Number of errors   :    0 (   0 filtered)
Number of warnings :    0 (   0 filtered)
Number of infos    :    4 (   0 filtered)

