--------------------------------------------------------------------------------
Release 14.7 Trace  (nt64)
Copyright (c) 1995-2013 Xilinx, Inc.  All rights reserved.

C:\Xilinx\14.7\ISE_DS\ISE\bin\nt64\unwrapped\trce.exe -intstyle ise -v 3 -s 3
-n 3 -fastpaths -xml BAITAP_SO100.twx BAITAP_SO100.ncd -o BAITAP_SO100.twr
BAITAP_SO100.pcf

Design file:              BAITAP_SO100.ncd
Physical constraint file: BAITAP_SO100.pcf
Device,package,speed:     xc6slx9,tqg144,C,-3 (PRODUCTION 1.23 2013-10-13)
Report level:             verbose report

Environment Variable      Effect 
--------------------      ------ 
NONE                      No environment variables were set
--------------------------------------------------------------------------------

INFO:Timing:2698 - No timing constraints found, doing default enumeration.
INFO:Timing:3412 - To improve timing, see the Timing Closure User Guide (UG612).
INFO:Timing:2752 - To get complete path coverage, use the unconstrained paths 
   option. All paths that are not constrained will be reported in the 
   unconstrained paths section(s) of the report.
INFO:Timing:3339 - The clock-to-out numbers in this timing report are based on 
   a 50 Ohm transmission line loading model.  For the details of this model, 
   and for more information on accounting for different loading conditions, 
   please see the device datasheet.



Data Sheet report:
-----------------
All values displayed in nanoseconds (ns)

Setup/Hold to clock CKHT
------------+------------+------------+------------+------------+------------------+--------+
            |Max Setup to|  Process   |Max Hold to |  Process   |                  | Clock  |
Source      | clk (edge) |   Corner   | clk (edge) |   Corner   |Internal Clock(s) | Phase  |
------------+------------+------------+------------+------------+------------------+--------+
BTN<0>      |    4.698(F)|      SLOW  |   -0.389(F)|      SLOW  |CKHT_BUFGP        |   0.000|
BTN<1>      |    1.599(F)|      SLOW  |    0.107(F)|      SLOW  |CKHT_BUFGP        |   0.000|
BTN<2>      |    2.685(F)|      SLOW  |   -0.476(F)|      SLOW  |CKHT_BUFGP        |   0.000|
------------+------------+------------+------------+------------+------------------+--------+

Clock CKHT to Pad
------------+-----------------+------------+-----------------+------------+------------------+--------+
            |Max (slowest) clk|  Process   |Min (fastest) clk|  Process   |                  | Clock  |
Destination |  (edge) to PAD  |   Corner   |  (edge) to PAD  |   Corner   |Internal Clock(s) | Phase  |
------------+-----------------+------------+-----------------+------------+------------------+--------+
ANODE<0>    |         8.763(F)|      SLOW  |         4.351(F)|      FAST  |CKHT_BUFGP        |   0.000|
ANODE<1>    |         8.963(F)|      SLOW  |         4.496(F)|      FAST  |CKHT_BUFGP        |   0.000|
ANODE<2>    |         8.843(F)|      SLOW  |         4.465(F)|      FAST  |CKHT_BUFGP        |   0.000|
ANODE<3>    |         8.702(F)|      SLOW  |         4.365(F)|      FAST  |CKHT_BUFGP        |   0.000|
ANODE<4>    |         9.374(F)|      SLOW  |         4.731(F)|      FAST  |CKHT_BUFGP        |   0.000|
ANODE<5>    |         9.421(F)|      SLOW  |         4.747(F)|      FAST  |CKHT_BUFGP        |   0.000|
ANODE<6>    |         9.315(F)|      SLOW  |         4.880(F)|      FAST  |CKHT_BUFGP        |   0.000|
ANODE<7>    |         9.362(F)|      SLOW  |         4.896(F)|      FAST  |CKHT_BUFGP        |   0.000|
LED<0>      |        11.215(F)|      SLOW  |         4.283(F)|      FAST  |CKHT_BUFGP        |   0.000|
LED<1>      |        11.027(F)|      SLOW  |         4.170(F)|      FAST  |CKHT_BUFGP        |   0.000|
LED<2>      |        11.124(F)|      SLOW  |         4.322(F)|      FAST  |CKHT_BUFGP        |   0.000|
LED<3>      |        11.369(F)|      SLOW  |         4.224(F)|      FAST  |CKHT_BUFGP        |   0.000|
LED<4>      |        11.177(F)|      SLOW  |         4.288(F)|      FAST  |CKHT_BUFGP        |   0.000|
LED<5>      |        11.187(F)|      SLOW  |         4.084(F)|      FAST  |CKHT_BUFGP        |   0.000|
SSEG<0>     |        11.805(F)|      SLOW  |         4.749(F)|      FAST  |CKHT_BUFGP        |   0.000|
SSEG<1>     |        11.799(F)|      SLOW  |         4.722(F)|      FAST  |CKHT_BUFGP        |   0.000|
SSEG<2>     |        11.796(F)|      SLOW  |         4.774(F)|      FAST  |CKHT_BUFGP        |   0.000|
SSEG<3>     |        11.221(F)|      SLOW  |         4.527(F)|      FAST  |CKHT_BUFGP        |   0.000|
SSEG<4>     |        11.302(F)|      SLOW  |         4.598(F)|      FAST  |CKHT_BUFGP        |   0.000|
SSEG<5>     |        11.845(F)|      SLOW  |         4.688(F)|      FAST  |CKHT_BUFGP        |   0.000|
SSEG<6>     |        11.795(F)|      SLOW  |         4.663(F)|      FAST  |CKHT_BUFGP        |   0.000|
------------+-----------------+------------+-----------------+------------+------------------+--------+

Clock to Setup on destination clock CKHT
---------------+---------+---------+---------+---------+
               | Src:Rise| Src:Fall| Src:Rise| Src:Fall|
Source Clock   |Dest:Rise|Dest:Rise|Dest:Fall|Dest:Fall|
---------------+---------+---------+---------+---------+
CKHT           |         |         |         |    4.094|
---------------+---------+---------+---------+---------+


Analysis completed Thu Jul 09 23:19:01 2020 
--------------------------------------------------------------------------------

Trace Settings:
-------------------------
Trace Settings 

Peak Memory Usage: 4572 MB



