--------------------------------------------------------------------------------
Release 14.7 Trace  (nt64)
Copyright (c) 1995-2013 Xilinx, Inc.  All rights reserved.

C:\Xilinx\14.7\ISE_DS\ISE\bin\nt64\unwrapped\trce.exe -intstyle ise -v 3 -s 5
-n 3 -fastpaths -xml BTVN_SO61.twx BTVN_SO61.ncd -o BTVN_SO61.twr BTVN_SO61.pcf

Design file:              BTVN_SO61.ncd
Physical constraint file: BTVN_SO61.pcf
Device,package,speed:     xc3s500e,pq208,-5 (PRODUCTION 1.27 2013-10-13)
Report level:             verbose report

Environment Variable      Effect 
--------------------      ------ 
NONE                      No environment variables were set
--------------------------------------------------------------------------------

INFO:Timing:2698 - No timing constraints found, doing default enumeration.
INFO:Timing:3412 - To improve timing, see the Timing Closure User Guide (UG612).
INFO:Timing:2752 - To get complete path coverage, use the unconstrained paths 
   option. All paths that are not constrained will be reported in the 
   unconstrained paths section(s) of the report.
INFO:Timing:3339 - The clock-to-out numbers in this timing report are based on 
   a 50 Ohm transmission line loading model.  For the details of this model, 
   and for more information on accounting for different loading conditions, 
   please see the device datasheet.
INFO:Timing:3390 - This architecture does not support a default System Jitter 
   value, please add SYSTEM_JITTER constraint to the UCF to modify the Clock 
   Uncertainty calculation.
INFO:Timing:3389 - This architecture does not support 'Discrete Jitter' and 
   'Phase Error' calculations, these terms will be zero in the Clock 
   Uncertainty calculation.  Please make appropriate modification to 
   SYSTEM_JITTER to account for the unsupported Discrete Jitter and Phase 
   Error.



Data Sheet report:
-----------------
All values displayed in nanoseconds (ns)

Setup/Hold to clock CKHT
------------+------------+------------+------------------+--------+
            |Max Setup to|Max Hold to |                  | Clock  |
Source      | clk (edge) | clk (edge) |Internal Clock(s) | Phase  |
------------+------------+------------+------------------+--------+
BTN<0>      |    5.101(F)|   -0.486(F)|CKHT_BUFGP        |   0.000|
BTN<1>      |    1.862(F)|    0.364(F)|CKHT_BUFGP        |   0.000|
------------+------------+------------+------------------+--------+

Clock CKHT to Pad
------------+------------+------------------+--------+
            | clk (edge) |                  | Clock  |
Destination |   to PAD   |Internal Clock(s) | Phase  |
------------+------------+------------------+--------+
ANODE<0>    |    8.211(F)|CKHT_BUFGP        |   0.000|
ANODE<1>    |    8.289(F)|CKHT_BUFGP        |   0.000|
ANODE<2>    |    8.077(F)|CKHT_BUFGP        |   0.000|
ANODE<3>    |    8.072(F)|CKHT_BUFGP        |   0.000|
ANODE<4>    |    9.376(F)|CKHT_BUFGP        |   0.000|
ANODE<5>    |    8.942(F)|CKHT_BUFGP        |   0.000|
ANODE<6>    |    9.387(F)|CKHT_BUFGP        |   0.000|
ANODE<7>    |    9.635(F)|CKHT_BUFGP        |   0.000|
LCD_DB<0>   |    9.580(F)|CKHT_BUFGP        |   0.000|
LCD_DB<1>   |    9.183(F)|CKHT_BUFGP        |   0.000|
LCD_DB<2>   |    9.726(F)|CKHT_BUFGP        |   0.000|
LCD_DB<3>   |    8.429(F)|CKHT_BUFGP        |   0.000|
LCD_DB<4>   |    8.204(F)|CKHT_BUFGP        |   0.000|
LCD_DB<5>   |    9.883(F)|CKHT_BUFGP        |   0.000|
LCD_DB<6>   |    8.156(F)|CKHT_BUFGP        |   0.000|
LCD_DB<7>   |    8.052(F)|CKHT_BUFGP        |   0.000|
LCD_E       |    8.166(F)|CKHT_BUFGP        |   0.000|
LCD_RS      |    7.817(F)|CKHT_BUFGP        |   0.000|
SSEG<0>     |   14.447(F)|CKHT_BUFGP        |   0.000|
SSEG<1>     |   14.258(F)|CKHT_BUFGP        |   0.000|
SSEG<2>     |   14.032(F)|CKHT_BUFGP        |   0.000|
SSEG<3>     |   13.998(F)|CKHT_BUFGP        |   0.000|
SSEG<4>     |   14.141(F)|CKHT_BUFGP        |   0.000|
SSEG<5>     |   14.098(F)|CKHT_BUFGP        |   0.000|
SSEG<6>     |   13.908(F)|CKHT_BUFGP        |   0.000|
------------+------------+------------------+--------+

Clock to Setup on destination clock CKHT
---------------+---------+---------+---------+---------+
               | Src:Rise| Src:Fall| Src:Rise| Src:Fall|
Source Clock   |Dest:Rise|Dest:Rise|Dest:Fall|Dest:Fall|
---------------+---------+---------+---------+---------+
CKHT           |         |         |         |   10.852|
---------------+---------+---------+---------+---------+


Analysis completed Mon Aug 17 11:00:04 2020 
--------------------------------------------------------------------------------

Trace Settings:
-------------------------
Trace Settings 

Peak Memory Usage: 4526 MB



