--------------------------------------------------------------------------------
Release 14.7 Trace  (nt64)
Copyright (c) 1995-2013 Xilinx, Inc.  All rights reserved.

C:\Xilinx\14.7\ISE_DS\ISE\bin\nt64\unwrapped\trce.exe -intstyle ise -v 3 -s 5
-n 3 -fastpaths -xml MACH_DEM_GH_HT_7DOAN_LCD.twx MACH_DEM_GH_HT_7DOAN_LCD.ncd
-o MACH_DEM_GH_HT_7DOAN_LCD.twr MACH_DEM_GH_HT_7DOAN_LCD.pcf

Design file:              MACH_DEM_GH_HT_7DOAN_LCD.ncd
Physical constraint file: MACH_DEM_GH_HT_7DOAN_LCD.pcf
Device,package,speed:     xc3s500e,pq208,-5 (PRODUCTION 1.27 2013-10-13)
Report level:             verbose report

Environment Variable      Effect 
--------------------      ------ 
NONE                      No environment variables were set
--------------------------------------------------------------------------------

INFO:Timing:2698 - No timing constraints found, doing default enumeration.
INFO:Timing:3412 - To improve timing, see the Timing Closure User Guide (UG612).
INFO:Timing:2752 - To get complete path coverage, use the unconstrained paths 
   option. All paths that are not constrained will be reported in the 
   unconstrained paths section(s) of the report.
INFO:Timing:3339 - The clock-to-out numbers in this timing report are based on 
   a 50 Ohm transmission line loading model.  For the details of this model, 
   and for more information on accounting for different loading conditions, 
   please see the device datasheet.
INFO:Timing:3390 - This architecture does not support a default System Jitter 
   value, please add SYSTEM_JITTER constraint to the UCF to modify the Clock 
   Uncertainty calculation.
INFO:Timing:3389 - This architecture does not support 'Discrete Jitter' and 
   'Phase Error' calculations, these terms will be zero in the Clock 
   Uncertainty calculation.  Please make appropriate modification to 
   SYSTEM_JITTER to account for the unsupported Discrete Jitter and Phase 
   Error.



Data Sheet report:
-----------------
All values displayed in nanoseconds (ns)

Setup/Hold to clock CKHT
------------+------------+------------+------------------+--------+
            |Max Setup to|Max Hold to |                  | Clock  |
Source      | clk (edge) | clk (edge) |Internal Clock(s) | Phase  |
------------+------------+------------+------------------+--------+
BTN<0>      |    5.347(F)|   -0.689(F)|CKHT_BUFGP        |   0.000|
BTN<1>      |    2.440(F)|    0.529(F)|CKHT_BUFGP        |   0.000|
------------+------------+------------+------------------+--------+

Clock CKHT to Pad
------------+------------+------------------+--------+
            | clk (edge) |                  | Clock  |
Destination |   to PAD   |Internal Clock(s) | Phase  |
------------+------------+------------------+--------+
ANODE<0>    |    8.875(F)|CKHT_BUFGP        |   0.000|
ANODE<1>    |    8.306(F)|CKHT_BUFGP        |   0.000|
ANODE<2>    |    8.188(F)|CKHT_BUFGP        |   0.000|
ANODE<3>    |    8.188(F)|CKHT_BUFGP        |   0.000|
ANODE<4>    |    8.384(F)|CKHT_BUFGP        |   0.000|
ANODE<5>    |    8.433(F)|CKHT_BUFGP        |   0.000|
ANODE<6>    |    8.685(F)|CKHT_BUFGP        |   0.000|
ANODE<7>    |    8.751(F)|CKHT_BUFGP        |   0.000|
LCD_DB<0>   |    8.505(F)|CKHT_BUFGP        |   0.000|
LCD_DB<1>   |    8.296(F)|CKHT_BUFGP        |   0.000|
LCD_DB<2>   |    8.202(F)|CKHT_BUFGP        |   0.000|
LCD_DB<3>   |    7.773(F)|CKHT_BUFGP        |   0.000|
LCD_DB<4>   |    7.263(F)|CKHT_BUFGP        |   0.000|
LCD_DB<5>   |    7.661(F)|CKHT_BUFGP        |   0.000|
LCD_DB<6>   |    7.249(F)|CKHT_BUFGP        |   0.000|
LCD_DB<7>   |    7.786(F)|CKHT_BUFGP        |   0.000|
LCD_E       |    7.291(F)|CKHT_BUFGP        |   0.000|
LCD_RS      |    6.980(F)|CKHT_BUFGP        |   0.000|
SSEG<0>     |   13.567(F)|CKHT_BUFGP        |   0.000|
SSEG<1>     |   13.299(F)|CKHT_BUFGP        |   0.000|
SSEG<2>     |   12.903(F)|CKHT_BUFGP        |   0.000|
SSEG<3>     |   12.802(F)|CKHT_BUFGP        |   0.000|
SSEG<4>     |   12.956(F)|CKHT_BUFGP        |   0.000|
SSEG<5>     |   12.956(F)|CKHT_BUFGP        |   0.000|
SSEG<6>     |   12.435(F)|CKHT_BUFGP        |   0.000|
------------+------------+------------------+--------+

Clock to Setup on destination clock CKHT
---------------+---------+---------+---------+---------+
               | Src:Rise| Src:Fall| Src:Rise| Src:Fall|
Source Clock   |Dest:Rise|Dest:Rise|Dest:Fall|Dest:Fall|
---------------+---------+---------+---------+---------+
CKHT           |         |         |         |   10.488|
---------------+---------+---------+---------+---------+


Analysis completed Mon Aug 17 10:54:20 2020 
--------------------------------------------------------------------------------

Trace Settings:
-------------------------
Trace Settings 

Peak Memory Usage: 4526 MB



