Release 14.7 - xst P.20131013 (nt64)
Copyright (c) 1995-2013 Xilinx, Inc.  All rights reserved.
--> Parameter TMPDIR set to xst/projnav.tmp


Total REAL time to Xst completion: 0.00 secs
Total CPU time to Xst completion: 0.14 secs
 
--> Parameter xsthdpdir set to xst


Total REAL time to Xst completion: 0.00 secs
Total CPU time to Xst completion: 0.14 secs
 
--> Reading design: DK_8LED_SANGDON_PST.prj

TABLE OF CONTENTS
  1) Synthesis Options Summary
  2) HDL Compilation
  3) Design Hierarchy Analysis
  4) HDL Analysis
  5) HDL Synthesis
     5.1) HDL Synthesis Report
  6) Advanced HDL Synthesis
     6.1) Advanced HDL Synthesis Report
  7) Low Level Synthesis
  8) Partition Report
  9) Final Report
	9.1) Device utilization summary
	9.2) Partition Resource Summary
	9.3) TIMING REPORT


=========================================================================
*                      Synthesis Options Summary                        *
=========================================================================
---- Source Parameters
Input File Name                    : "DK_8LED_SANGDON_PST.prj"
Input Format                       : mixed
Ignore Synthesis Constraint File   : NO

---- Target Parameters
Output File Name                   : "DK_8LED_SANGDON_PST"
Output Format                      : NGC
Target Device                      : xc3s500e-5-pq208

---- Source Options
Top Module Name                    : DK_8LED_SANGDON_PST
Automatic FSM Extraction           : YES
FSM Encoding Algorithm             : Auto
Safe Implementation                : No
FSM Style                          : LUT
RAM Extraction                     : Yes
RAM Style                          : Auto
ROM Extraction                     : Yes
Mux Style                          : Auto
Decoder Extraction                 : YES
Priority Encoder Extraction        : Yes
Shift Register Extraction          : YES
Logical Shifter Extraction         : YES
XOR Collapsing                     : YES
ROM Style                          : Auto
Mux Extraction                     : Yes
Resource Sharing                   : YES
Asynchronous To Synchronous        : NO
Multiplier Style                   : Auto
Automatic Register Balancing       : No

---- Target Options
Add IO Buffers                     : YES
Global Maximum Fanout              : 100000
Add Generic Clock Buffer(BUFG)     : 24
Register Duplication               : YES
Slice Packing                      : YES
Optimize Instantiated Primitives   : NO
Use Clock Enable                   : Yes
Use Synchronous Set                : Yes
Use Synchronous Reset              : Yes
Pack IO Registers into IOBs        : Auto
Equivalent register Removal        : YES

---- General Options
Optimization Goal                  : Speed
Optimization Effort                : 1
Keep Hierarchy                     : No
Netlist Hierarchy                  : As_Optimized
RTL Output                         : Yes
Global Optimization                : AllClockNets
Read Cores                         : YES
Write Timing Constraints           : NO
Cross Clock Analysis               : NO
Hierarchy Separator                : /
Bus Delimiter                      : <>
Case Specifier                     : Maintain
Slice Utilization Ratio            : 100
BRAM Utilization Ratio             : 100
Verilog 2001                       : YES
Auto BRAM Packing                  : NO
Slice Utilization Ratio Delta      : 5

=========================================================================


=========================================================================
*                          HDL Compilation                              *
=========================================================================
Compiling vhdl file "C:/Users/TOSHIBA/Documents/TT_Xilinx/TTTKVMS_CHIEU_T5_NHOM_2/BAI_449_DK_8LED_SANGDON_PST/CHIA_10ENA.vhd" in Library work.
Architecture behavioral of Entity chia_10ena is up to date.
Compiling vhdl file "C:/Users/TOSHIBA/Documents/TT_Xilinx/TTTKVMS_CHIEU_T5_NHOM_2/BAI_449_DK_8LED_SANGDON_PST/LED_SANGDON_PST.vhd" in Library work.
Architecture behavioral of Entity led_sangdon_pst is up to date.
Compiling vhdl file "C:/Users/TOSHIBA/Documents/TT_Xilinx/TTTKVMS_CHIEU_T5_NHOM_2/BAI_449_DK_8LED_SANGDON_PST/DK_8LED_SANGDON_PST.vhd" in Library work.
Entity <dk_8led_sangdon_pst> compiled.
Entity <dk_8led_sangdon_pst> (Architecture <behavioral>) compiled.

=========================================================================
*                     Design Hierarchy Analysis                         *
=========================================================================
Analyzing hierarchy for entity <DK_8LED_SANGDON_PST> in library <work> (architecture <behavioral>).

Analyzing hierarchy for entity <CHIA_10ENA> in library <work> (architecture <Behavioral>).

Analyzing hierarchy for entity <LED_SANGDON_PST> in library <work> (architecture <Behavioral>).


=========================================================================
*                            HDL Analysis                               *
=========================================================================
Analyzing Entity <DK_8LED_SANGDON_PST> in library <work> (Architecture <behavioral>).
Entity <DK_8LED_SANGDON_PST> analyzed. Unit <DK_8LED_SANGDON_PST> generated.

Analyzing Entity <CHIA_10ENA> in library <work> (Architecture <Behavioral>).
Entity <CHIA_10ENA> analyzed. Unit <CHIA_10ENA> generated.

Analyzing Entity <LED_SANGDON_PST> in library <work> (Architecture <Behavioral>).
Entity <LED_SANGDON_PST> analyzed. Unit <LED_SANGDON_PST> generated.


=========================================================================
*                           HDL Synthesis                               *
=========================================================================

Performing bidirectional port resolution...

Synthesizing Unit <CHIA_10ENA>.
    Related source file is "C:/Users/TOSHIBA/Documents/TT_Xilinx/TTTKVMS_CHIEU_T5_NHOM_2/BAI_449_DK_8LED_SANGDON_PST/CHIA_10ENA.vhd".
    Found 24-bit adder for signal <D5HZ_N$addsub0000> created at line 99.
    Found 24-bit register for signal <D5HZ_R>.
    Summary:
	inferred  24 D-type flip-flop(s).
	inferred   1 Adder/Subtractor(s).
Unit <CHIA_10ENA> synthesized.


Synthesizing Unit <LED_SANGDON_PST>.
    Related source file is "C:/Users/TOSHIBA/Documents/TT_Xilinx/TTTKVMS_CHIEU_T5_NHOM_2/BAI_449_DK_8LED_SANGDON_PST/LED_SANGDON_PST.vhd".
    Found 3-bit register for signal <DC_R>.
    Found 3-bit subtractor for signal <DC_R$addsub0000>.
    Found 3-bit down counter for signal <DL_R>.
    Found 8-bit register for signal <X_R>.
    Found 8-bit register for signal <Y_R>.
    Summary:
	inferred   1 Counter(s).
	inferred  19 D-type flip-flop(s).
	inferred   1 Adder/Subtractor(s).
Unit <LED_SANGDON_PST> synthesized.


Synthesizing Unit <DK_8LED_SANGDON_PST>.
    Related source file is "C:/Users/TOSHIBA/Documents/TT_Xilinx/TTTKVMS_CHIEU_T5_NHOM_2/BAI_449_DK_8LED_SANGDON_PST/DK_8LED_SANGDON_PST.vhd".
Unit <DK_8LED_SANGDON_PST> synthesized.

INFO:Xst:1767 - HDL ADVISOR - Resource sharing has identified that some arithmetic operations in this design can share the same physical resources for reduced device utilization. For improved clock frequency you may try to disable resource sharing.

=========================================================================
HDL Synthesis Report

Macro Statistics
# Adders/Subtractors                                   : 2
 24-bit adder                                          : 1
 3-bit subtractor                                      : 1
# Counters                                             : 1
 3-bit down counter                                    : 1
# Registers                                            : 4
 24-bit register                                       : 1
 3-bit register                                        : 1
 8-bit register                                        : 2

=========================================================================

=========================================================================
*                       Advanced HDL Synthesis                          *
=========================================================================


=========================================================================
Advanced HDL Synthesis Report

Macro Statistics
# Adders/Subtractors                                   : 2
 24-bit adder                                          : 1
 3-bit subtractor                                      : 1
# Counters                                             : 1
 3-bit down counter                                    : 1
# Registers                                            : 43
 Flip-Flops                                            : 43

=========================================================================

=========================================================================
*                         Low Level Synthesis                           *
=========================================================================

Optimizing unit <DK_8LED_SANGDON_PST> ...

Optimizing unit <CHIA_10ENA> ...

Optimizing unit <LED_SANGDON_PST> ...

Mapping all equations...
Building and optimizing final netlist ...
Found area constraint ratio of 100 (+ 5) on block DK_8LED_SANGDON_PST, actual ratio is 0.

Final Macro Processing ...

=========================================================================
Final Register Report

Macro Statistics
# Registers                                            : 46
 Flip-Flops                                            : 46

=========================================================================

=========================================================================
*                           Partition Report                            *
=========================================================================

Partition Implementation Status
-------------------------------

  No Partitions were found in this design.

-------------------------------

=========================================================================
*                            Final Report                               *
=========================================================================
Final Results
RTL Top Level Output File Name     : DK_8LED_SANGDON_PST.ngr
Top Level Output File Name         : DK_8LED_SANGDON_PST
Output Format                      : NGC
Optimization Goal                  : Speed
Keep Hierarchy                     : No

Design Statistics
# IOs                              : 10

Cell Usage :
# BELS                             : 128
#      GND                         : 1
#      INV                         : 3
#      LUT1                        : 23
#      LUT2                        : 10
#      LUT3                        : 9
#      LUT3_D                      : 3
#      LUT4                        : 25
#      LUT4_D                      : 6
#      MUXCY                       : 23
#      VCC                         : 1
#      XORCY                       : 24
# FlipFlops/Latches                : 46
#      FDCE_1                      : 16
#      FDPE                        : 3
#      FDPE_1                      : 3
#      FDR_1                       : 23
#      FDS_1                       : 1
# Clock Buffers                    : 1
#      BUFGP                       : 1
# IO Buffers                       : 9
#      IBUF                        : 1
#      OBUF                        : 8
=========================================================================

Device utilization summary:
---------------------------

Selected Device : 3s500epq208-5 

 Number of Slices:                       39  out of   4656     0%  
 Number of Slice Flip Flops:             46  out of   9312     0%  
 Number of 4 input LUTs:                 79  out of   9312     0%  
 Number of IOs:                          10
 Number of bonded IOBs:                  10  out of    158     6%  
 Number of GCLKs:                         1  out of     24     4%  

---------------------------
Partition Resource Summary:
---------------------------

  No Partitions were found in this design.

---------------------------


=========================================================================
TIMING REPORT

NOTE: THESE TIMING NUMBERS ARE ONLY A SYNTHESIS ESTIMATE.
      FOR ACCURATE TIMING INFORMATION PLEASE REFER TO THE TRACE REPORT
      GENERATED AFTER PLACE-and-ROUTE.

Clock Information:
------------------
-----------------------------------+------------------------+-------+
Clock Signal                       | Clock buffer(FF name)  | Load  |
-----------------------------------+------------------------+-------+
CKHT                               | BUFGP                  | 46    |
-----------------------------------+------------------------+-------+

Asynchronous Control Signals Information:
----------------------------------------
-----------------------------------+------------------------+-------+
Control Signal                     | Buffer(FF name)        | Load  |
-----------------------------------+------------------------+-------+
BTN                                | IBUF                   | 22    |
-----------------------------------+------------------------+-------+

Timing Summary:
---------------
Speed Grade: -5

   Minimum period: 5.376ns (Maximum Frequency: 186.008MHz)
   Minimum input arrival time before clock: No path found
   Maximum output required time after clock: 5.195ns
   Maximum combinational path delay: No path found

Timing Detail:
--------------
All values displayed in nanoseconds (ns)

=========================================================================
Timing constraint: Default period analysis for Clock 'CKHT'
  Clock period: 5.376ns (frequency: 186.008MHz)
  Total number of paths / destination ports: 1724 / 92
-------------------------------------------------------------------------
Delay:               5.376ns (Levels of Logic = 3)
  Source:            IC1/D5HZ_R_19 (FF)
  Destination:       IC1/D5HZ_R_23 (FF)
  Source Clock:      CKHT falling
  Destination Clock: CKHT falling

  Data Path: IC1/D5HZ_R_19 to IC1/D5HZ_R_23
                                Gate     Net
    Cell:in->out      fanout   Delay   Delay  Logical Name (Net Name)
    ----------------------------------------  ------------
     FDR_1:C->Q            2   0.514   0.532  IC1/D5HZ_R_19 (IC1/D5HZ_R_19)
     LUT4:I0->O            2   0.612   0.532  IC1/D5HZ_N_cmp_eq00001111 (IC1/D5HZ_N_cmp_eq00001111)
     LUT3_D:I0->LO         1   0.612   0.103  IC1/D5HZ_N_cmp_eq0000149 (N13)
     LUT4:I3->O           24   0.612   1.064  IC1/D5HZ_N_cmp_eq000063 (IC1/D5HZ_N_cmp_eq0000)
     FDR_1:R                   0.795          IC1/D5HZ_R_23
    ----------------------------------------
    Total                      5.376ns (3.145ns logic, 2.231ns route)
                                       (58.5% logic, 41.5% route)

=========================================================================
Timing constraint: Default OFFSET OUT AFTER for Clock 'CKHT'
  Total number of paths / destination ports: 16 / 8
-------------------------------------------------------------------------
Offset:              5.195ns (Levels of Logic = 2)
  Source:            IC2/Y_R_6 (FF)
  Destination:       LED<6> (PAD)
  Source Clock:      CKHT falling

  Data Path: IC2/Y_R_6 to LED<6>
                                Gate     Net
    Cell:in->out      fanout   Delay   Delay  Logical Name (Net Name)
    ----------------------------------------  ------------
     FDCE_1:C->Q           3   0.514   0.520  IC2/Y_R_6 (IC2/Y_R_6)
     LUT2:I1->O            2   0.612   0.380  IC2/Q<6>1 (LED_6_OBUF)
     OBUF:I->O                 3.169          LED_6_OBUF (LED<6>)
    ----------------------------------------
    Total                      5.195ns (4.295ns logic, 0.900ns route)
                                       (82.7% logic, 17.3% route)

=========================================================================


Total REAL time to Xst completion: 6.00 secs
Total CPU time to Xst completion: 6.13 secs
 
--> 

Total memory usage is 4536788 kilobytes

Number of errors   :    0 (   0 filtered)
Number of warnings :    0 (   0 filtered)
Number of infos    :    1 (   0 filtered)

