--------------------------------------------------------------------------------
Release 14.7 Trace  (nt64)
Copyright (c) 1995-2013 Xilinx, Inc.  All rights reserved.

C:\Xilinx\14.7\ISE_DS\ISE\bin\nt64\unwrapped\trce.exe -intstyle ise -v 3 -s 3
-n 3 -fastpaths -xml DEM_T0_SOTO_SONHO.twx DEM_T0_SOTO_SONHO.ncd -o
DEM_T0_SOTO_SONHO.twr DEM_T0_SOTO_SONHO.pcf

Design file:              DEM_T0_SOTO_SONHO.ncd
Physical constraint file: DEM_T0_SOTO_SONHO.pcf
Device,package,speed:     xc6slx9,tqg144,C,-3 (PRODUCTION 1.23 2013-10-13)
Report level:             verbose report

Environment Variable      Effect 
--------------------      ------ 
NONE                      No environment variables were set
--------------------------------------------------------------------------------

INFO:Timing:2698 - No timing constraints found, doing default enumeration.
INFO:Timing:3412 - To improve timing, see the Timing Closure User Guide (UG612).
INFO:Timing:2752 - To get complete path coverage, use the unconstrained paths 
   option. All paths that are not constrained will be reported in the 
   unconstrained paths section(s) of the report.
INFO:Timing:3339 - The clock-to-out numbers in this timing report are based on 
   a 50 Ohm transmission line loading model.  For the details of this model, 
   and for more information on accounting for different loading conditions, 
   please see the device datasheet.



Data Sheet report:
-----------------
All values displayed in nanoseconds (ns)

Setup/Hold to clock CKHT
------------+------------+------------+------------+------------+------------------+--------+
            |Max Setup to|  Process   |Max Hold to |  Process   |                  | Clock  |
Source      | clk (edge) |   Corner   | clk (edge) |   Corner   |Internal Clock(s) | Phase  |
------------+------------+------------+------------+------------+------------------+--------+
BTN<0>      |    6.746(R)|      SLOW  |   -1.897(R)|      FAST  |CKHT_BUFGP        |   0.000|
            |    6.845(F)|      SLOW  |   -2.196(F)|      FAST  |CKHT_BUFGP        |   0.000|
BTN<1>      |    1.580(F)|      SLOW  |   -0.107(F)|      SLOW  |CKHT_BUFGP        |   0.000|
DS18B20     |    2.540(R)|      SLOW  |   -0.149(R)|      SLOW  |CKHT_BUFGP        |   0.000|
------------+------------+------------+------------+------------+------------------+--------+

Clock CKHT to Pad
------------+-----------------+------------+-----------------+------------+------------------+--------+
            |Max (slowest) clk|  Process   |Min (fastest) clk|  Process   |                  | Clock  |
Destination |  (edge) to PAD  |   Corner   |  (edge) to PAD  |   Corner   |Internal Clock(s) | Phase  |
------------+-----------------+------------+-----------------+------------+------------------+--------+
DS18B20     |         7.697(R)|      SLOW  |         3.828(R)|      FAST  |CKHT_BUFGP        |   0.000|
LCD_DB<0>   |         8.206(F)|      SLOW  |         4.304(F)|      FAST  |CKHT_BUFGP        |   0.000|
LCD_DB<1>   |         8.190(F)|      SLOW  |         4.293(F)|      FAST  |CKHT_BUFGP        |   0.000|
LCD_DB<2>   |         8.374(F)|      SLOW  |         4.406(F)|      FAST  |CKHT_BUFGP        |   0.000|
LCD_DB<3>   |         8.290(F)|      SLOW  |         4.378(F)|      FAST  |CKHT_BUFGP        |   0.000|
LCD_DB<4>   |         8.573(F)|      SLOW  |         4.574(F)|      FAST  |CKHT_BUFGP        |   0.000|
LCD_DB<5>   |         8.314(F)|      SLOW  |         4.397(F)|      FAST  |CKHT_BUFGP        |   0.000|
LCD_DB<6>   |         7.800(F)|      SLOW  |         4.055(F)|      FAST  |CKHT_BUFGP        |   0.000|
LCD_DB<7>   |         7.653(F)|      SLOW  |         4.008(F)|      FAST  |CKHT_BUFGP        |   0.000|
LCD_E       |         7.995(F)|      SLOW  |         4.329(F)|      FAST  |CKHT_BUFGP        |   0.000|
LCD_RS      |         7.426(F)|      SLOW  |         3.877(F)|      FAST  |CKHT_BUFGP        |   0.000|
LED<0>      |         6.845(R)|      SLOW  |         3.459(R)|      FAST  |CKHT_BUFGP        |   0.000|
LED<1>      |         7.088(R)|      SLOW  |         3.636(R)|      FAST  |CKHT_BUFGP        |   0.000|
LED<2>      |         7.048(R)|      SLOW  |         3.619(R)|      FAST  |CKHT_BUFGP        |   0.000|
LED<3>      |         7.302(R)|      SLOW  |         3.759(R)|      FAST  |CKHT_BUFGP        |   0.000|
anode<0>    |         8.624(F)|      SLOW  |         4.367(F)|      FAST  |CKHT_BUFGP        |   0.000|
anode<1>    |         8.537(F)|      SLOW  |         4.321(F)|      FAST  |CKHT_BUFGP        |   0.000|
anode<2>    |         8.702(F)|      SLOW  |         4.421(F)|      FAST  |CKHT_BUFGP        |   0.000|
anode<3>    |         8.711(F)|      SLOW  |         4.404(F)|      FAST  |CKHT_BUFGP        |   0.000|
anode<4>    |         9.237(F)|      SLOW  |         4.913(F)|      FAST  |CKHT_BUFGP        |   0.000|
anode<5>    |         9.284(F)|      SLOW  |         4.929(F)|      FAST  |CKHT_BUFGP        |   0.000|
anode<6>    |         8.990(F)|      SLOW  |         4.727(F)|      FAST  |CKHT_BUFGP        |   0.000|
anode<7>    |         9.037(F)|      SLOW  |         4.743(F)|      FAST  |CKHT_BUFGP        |   0.000|
sseg<0>     |         9.934(F)|      SLOW  |         4.468(F)|      FAST  |CKHT_BUFGP        |   0.000|
sseg<1>     |        10.427(F)|      SLOW  |         4.765(F)|      FAST  |CKHT_BUFGP        |   0.000|
sseg<2>     |        10.197(F)|      SLOW  |         4.560(F)|      FAST  |CKHT_BUFGP        |   0.000|
sseg<3>     |        10.227(F)|      SLOW  |         4.623(F)|      FAST  |CKHT_BUFGP        |   0.000|
sseg<4>     |         9.775(F)|      SLOW  |         4.378(F)|      FAST  |CKHT_BUFGP        |   0.000|
sseg<5>     |        10.094(F)|      SLOW  |         4.821(F)|      FAST  |CKHT_BUFGP        |   0.000|
sseg<6>     |        10.255(F)|      SLOW  |         4.684(F)|      FAST  |CKHT_BUFGP        |   0.000|
------------+-----------------+------------+-----------------+------------+------------------+--------+

Clock to Setup on destination clock CKHT
---------------+---------+---------+---------+---------+
               | Src:Rise| Src:Fall| Src:Rise| Src:Fall|
Source Clock   |Dest:Rise|Dest:Rise|Dest:Fall|Dest:Fall|
---------------+---------+---------+---------+---------+
CKHT           |    6.474|         |    6.994|    9.606|
---------------+---------+---------+---------+---------+


Analysis completed Sun Aug 23 07:41:47 2020 
--------------------------------------------------------------------------------

Trace Settings:
-------------------------
Trace Settings 

Peak Memory Usage: 4573 MB



