--------------------------------------------------------------------------------
Release 14.7 Trace  (nt64)
Copyright (c) 1995-2013 Xilinx, Inc.  All rights reserved.

C:\Xilinx\14.7\ISE_DS\ISE\bin\nt64\unwrapped\trce.exe -intstyle ise -v 3 -s 3
-n 3 -fastpaths -xml LCD_HIENTHI_8_KY_TU.twx LCD_HIENTHI_8_KY_TU.ncd -o
LCD_HIENTHI_8_KY_TU.twr LCD_HIENTHI_8_KY_TU.pcf

Design file:              LCD_HIENTHI_8_KY_TU.ncd
Physical constraint file: LCD_HIENTHI_8_KY_TU.pcf
Device,package,speed:     xc6slx9,tqg144,C,-3 (PRODUCTION 1.23 2013-10-13)
Report level:             verbose report

Environment Variable      Effect 
--------------------      ------ 
NONE                      No environment variables were set
--------------------------------------------------------------------------------

INFO:Timing:2698 - No timing constraints found, doing default enumeration.
INFO:Timing:3412 - To improve timing, see the Timing Closure User Guide (UG612).
INFO:Timing:2752 - To get complete path coverage, use the unconstrained paths 
   option. All paths that are not constrained will be reported in the 
   unconstrained paths section(s) of the report.
INFO:Timing:3339 - The clock-to-out numbers in this timing report are based on 
   a 50 Ohm transmission line loading model.  For the details of this model, 
   and for more information on accounting for different loading conditions, 
   please see the device datasheet.



Data Sheet report:
-----------------
All values displayed in nanoseconds (ns)

Setup/Hold to clock CKHT
------------+------------+------------+------------+------------+------------------+--------+
            |Max Setup to|  Process   |Max Hold to |  Process   |                  | Clock  |
Source      | clk (edge) |   Corner   | clk (edge) |   Corner   |Internal Clock(s) | Phase  |
------------+------------+------------+------------+------------+------------------+--------+
BTN0        |    6.282(F)|      SLOW  |   -0.603(F)|      FAST  |CKHT_BUFGP        |   0.000|
------------+------------+------------+------------+------------+------------------+--------+

Clock CKHT to Pad
------------+-----------------+------------+-----------------+------------+------------------+--------+
            |Max (slowest) clk|  Process   |Min (fastest) clk|  Process   |                  | Clock  |
Destination |  (edge) to PAD  |   Corner   |  (edge) to PAD  |   Corner   |Internal Clock(s) | Phase  |
------------+-----------------+------------+-----------------+------------+------------------+--------+
LCD_DB<0>   |         7.734(F)|      SLOW  |         4.084(F)|      FAST  |CKHT_BUFGP        |   0.000|
LCD_DB<1>   |         8.163(F)|      SLOW  |         4.322(F)|      FAST  |CKHT_BUFGP        |   0.000|
LCD_DB<2>   |         8.603(F)|      SLOW  |         4.604(F)|      FAST  |CKHT_BUFGP        |   0.000|
LCD_DB<3>   |         8.451(F)|      SLOW  |         4.524(F)|      FAST  |CKHT_BUFGP        |   0.000|
LCD_DB<4>   |         8.482(F)|      SLOW  |         4.562(F)|      FAST  |CKHT_BUFGP        |   0.000|
LCD_DB<5>   |         7.886(F)|      SLOW  |         4.171(F)|      FAST  |CKHT_BUFGP        |   0.000|
LCD_DB<6>   |         7.628(F)|      SLOW  |         3.980(F)|      FAST  |CKHT_BUFGP        |   0.000|
LCD_DB<7>   |         7.678(F)|      SLOW  |         4.025(F)|      FAST  |CKHT_BUFGP        |   0.000|
LCD_E       |         8.438(F)|      SLOW  |         4.495(F)|      FAST  |CKHT_BUFGP        |   0.000|
LCD_RS      |         7.721(F)|      SLOW  |         3.999(F)|      FAST  |CKHT_BUFGP        |   0.000|
------------+-----------------+------------+-----------------+------------+------------------+--------+

Clock to Setup on destination clock CKHT
---------------+---------+---------+---------+---------+
               | Src:Rise| Src:Fall| Src:Rise| Src:Fall|
Source Clock   |Dest:Rise|Dest:Rise|Dest:Fall|Dest:Fall|
---------------+---------+---------+---------+---------+
CKHT           |         |         |         |    6.473|
---------------+---------+---------+---------+---------+


Analysis completed Thu Aug 06 18:57:13 2020 
--------------------------------------------------------------------------------

Trace Settings:
-------------------------
Trace Settings 

Peak Memory Usage: 4571 MB



