Release 14.7 - xst P.20131013 (nt64)
Copyright (c) 1995-2013 Xilinx, Inc.  All rights reserved.
--> Parameter TMPDIR set to xst/projnav.tmp


Total REAL time to Xst completion: 0.00 secs
Total CPU time to Xst completion: 0.16 secs
 
--> Parameter xsthdpdir set to xst


Total REAL time to Xst completion: 0.00 secs
Total CPU time to Xst completion: 0.16 secs
 
--> Reading design: LCD_HIENTHI_8_KY_TU.prj

TABLE OF CONTENTS
  1) Synthesis Options Summary
  2) HDL Parsing
  3) HDL Elaboration
  4) HDL Synthesis
       4.1) HDL Synthesis Report
  5) Advanced HDL Synthesis
       5.1) Advanced HDL Synthesis Report
  6) Low Level Synthesis
  7) Partition Report
  8) Design Summary
       8.1) Primitive and Black Box Usage
       8.2) Device utilization summary
       8.3) Partition Resource Summary
       8.4) Timing Report
            8.4.1) Clock Information
            8.4.2) Asynchronous Control Signals Information
            8.4.3) Timing Summary
            8.4.4) Timing Details
            8.4.5) Cross Clock Domains Report


=========================================================================
*                      Synthesis Options Summary                        *
=========================================================================
---- Source Parameters
Input File Name                    : "LCD_HIENTHI_8_KY_TU.prj"
Ignore Synthesis Constraint File   : NO

---- Target Parameters
Output File Name                   : "LCD_HIENTHI_8_KY_TU"
Output Format                      : NGC
Target Device                      : xc6slx9-3-tqg144

---- Source Options
Top Module Name                    : LCD_HIENTHI_8_KY_TU
Automatic FSM Extraction           : YES
FSM Encoding Algorithm             : Auto
Safe Implementation                : No
FSM Style                          : LUT
RAM Extraction                     : Yes
RAM Style                          : Auto
ROM Extraction                     : Yes
Shift Register Extraction          : YES
ROM Style                          : Auto
Resource Sharing                   : YES
Asynchronous To Synchronous        : NO
Shift Register Minimum Size        : 2
Use DSP Block                      : Auto
Automatic Register Balancing       : No

---- Target Options
LUT Combining                      : Auto
Reduce Control Sets                : Auto
Add IO Buffers                     : YES
Global Maximum Fanout              : 100000
Add Generic Clock Buffer(BUFG)     : 16
Register Duplication               : YES
Optimize Instantiated Primitives   : NO
Use Clock Enable                   : Auto
Use Synchronous Set                : Auto
Use Synchronous Reset              : Auto
Pack IO Registers into IOBs        : Auto
Equivalent register Removal        : YES

---- General Options
Optimization Goal                  : Speed
Optimization Effort                : 1
Power Reduction                    : NO
Keep Hierarchy                     : No
Netlist Hierarchy                  : As_Optimized
RTL Output                         : Yes
Global Optimization                : AllClockNets
Read Cores                         : YES
Write Timing Constraints           : NO
Cross Clock Analysis               : NO
Hierarchy Separator                : /
Bus Delimiter                      : <>
Case Specifier                     : Maintain
Slice Utilization Ratio            : 100
BRAM Utilization Ratio             : 100
DSP48 Utilization Ratio            : 100
Auto BRAM Packing                  : NO
Slice Utilization Ratio Delta      : 5

=========================================================================


=========================================================================
*                          HDL Parsing                                  *
=========================================================================
Parsing VHDL file "C:\Users\Admin\Documents\TT-HDL-N7-S2\VHDL\BAI_634_LCD_HIENTHI_8_KY_TU\LCD_20X4_KHOITAO_HIENTHI_CGRAM_8_KY_TU.vhd" into library work
Parsing entity <LCD_20X4_KHOITAO_HIENTHI_CGRAM_8_KY_TU>.
Parsing architecture <Behavioral> of entity <lcd_20x4_khoitao_hienthi_cgram_8_ky_tu>.
Parsing VHDL file "C:\Users\Admin\Documents\TT-HDL-N7-S2\VHDL\BAI_634_LCD_HIENTHI_8_KY_TU\LCD_20X4_GAN_DULIEU_KY_TU.vhd" into library work
Parsing entity <LCD_20X4_GAN_DULIEU_KY_TU>.
Parsing architecture <Behavioral> of entity <lcd_20x4_gan_dulieu_ky_tu>.
Parsing VHDL file "C:\Users\Admin\Documents\TT-HDL-N7-S2\VHDL\BAI_634_LCD_HIENTHI_8_KY_TU\LCD_HIENTHI_8_KY_TU.vhd" into library work
Parsing entity <LCD_HIENTHI_8_KY_TU>.
Parsing architecture <Behavioral> of entity <lcd_hienthi_8_ky_tu>.

=========================================================================
*                            HDL Elaboration                            *
=========================================================================

Elaborating entity <LCD_HIENTHI_8_KY_TU> (architecture <Behavioral>) from library <work>.

Elaborating entity <LCD_20X4_GAN_DULIEU_KY_TU> (architecture <Behavioral>) from library <work>.

Elaborating entity <LCD_20X4_KHOITAO_HIENTHI_CGRAM_8_KY_TU> (architecture <Behavioral>) from library <work>.

=========================================================================
*                           HDL Synthesis                               *
=========================================================================

Synthesizing Unit <LCD_HIENTHI_8_KY_TU>.
    Related source file is "C:\Users\Admin\Documents\TT-HDL-N7-S2\VHDL\BAI_634_LCD_HIENTHI_8_KY_TU\LCD_HIENTHI_8_KY_TU.vhd".
    Summary:
	no macro.
Unit <LCD_HIENTHI_8_KY_TU> synthesized.

Synthesizing Unit <LCD_20X4_GAN_DULIEU_KY_TU>.
    Related source file is "C:\Users\Admin\Documents\TT-HDL-N7-S2\VHDL\BAI_634_LCD_HIENTHI_8_KY_TU\LCD_20X4_GAN_DULIEU_KY_TU.vhd".
    Summary:
	no macro.
Unit <LCD_20X4_GAN_DULIEU_KY_TU> synthesized.

Synthesizing Unit <LCD_20X4_KHOITAO_HIENTHI_CGRAM_8_KY_TU>.
    Related source file is "C:\Users\Admin\Documents\TT-HDL-N7-S2\VHDL\BAI_634_LCD_HIENTHI_8_KY_TU\LCD_20X4_KHOITAO_HIENTHI_CGRAM_8_KY_TU.vhd".
    Found 20-bit register for signal <SLX>.
    Found 6-bit register for signal <PTR>.
    Found 4-bit register for signal <LCD_STATE>.
    Found 1-bit register for signal <LCD_RS>.
    Found 1-bit register for signal <LCD_E>.
    Found 8-bit register for signal <LCD_DB>.
    Found finite state machine <FSM_0> for signal <LCD_STATE>.
    -----------------------------------------------------------------------
    | States             | 12                                             |
    | Transitions        | 30                                             |
    | Inputs             | 6                                              |
    | Outputs            | 5                                              |
    | Clock              | LCD_CK (falling_edge)                          |
    | Reset              | LCD_RST (positive)                             |
    | Reset type         | asynchronous                                   |
    | Reset State        | lcd_initial                                    |
    | Power Up State     | lcd_initial                                    |
    | Encoding           | auto                                           |
    | Implementation     | LUT                                            |
    -----------------------------------------------------------------------
    Found 6-bit adder for signal <PTR[5]_GND_7_o_add_208_OUT> created at line 252.
    Found 20-bit adder for signal <SLX[19]_GND_7_o_add_220_OUT> created at line 260.
    Found 8x8-bit Read Only RAM for signal <PTR[2]_X_7_o_wide_mux_88_OUT>
    Found 64x8-bit Read Only RAM for signal <PTR[5]_GND_7_o_wide_mux_113_OUT>
    Found 8-bit 20-to-1 multiplexer for signal <PTR[4]_X_7_o_wide_mux_138_OUT> created at line 189.
    Found 8-bit 20-to-1 multiplexer for signal <PTR[4]_X_7_o_wide_mux_163_OUT> created at line 211.
    Found 8-bit 20-to-1 multiplexer for signal <PTR[4]_X_7_o_wide_mux_188_OUT> created at line 233.
    Found 8-bit 20-to-1 multiplexer for signal <PTR[4]_X_7_o_wide_mux_213_OUT> created at line 256.
    Summary:
	inferred   2 RAM(s).
	inferred   2 Adder/Subtractor(s).
	inferred  36 D-type flip-flop(s).
	inferred  35 Multiplexer(s).
	inferred   1 Finite State Machine(s).
Unit <LCD_20X4_KHOITAO_HIENTHI_CGRAM_8_KY_TU> synthesized.

=========================================================================
HDL Synthesis Report

Macro Statistics
# RAMs                                                 : 2
 64x8-bit single-port Read Only RAM                    : 1
 8x8-bit single-port Read Only RAM                     : 1
# Adders/Subtractors                                   : 2
 20-bit adder                                          : 1
 6-bit adder                                           : 1
# Registers                                            : 5
 1-bit register                                        : 2
 20-bit register                                       : 1
 6-bit register                                        : 1
 8-bit register                                        : 1
# Multiplexers                                         : 35
 1-bit 2-to-1 multiplexer                              : 6
 20-bit 2-to-1 multiplexer                             : 5
 6-bit 2-to-1 multiplexer                              : 10
 8-bit 2-to-1 multiplexer                              : 10
 8-bit 20-to-1 multiplexer                             : 4
# FSMs                                                 : 1

=========================================================================

=========================================================================
*                       Advanced HDL Synthesis                          *
=========================================================================


Synthesizing (advanced) Unit <LCD_20X4_KHOITAO_HIENTHI_CGRAM_8_KY_TU>.
INFO:Xst:3218 - HDL ADVISOR - The RAM <Mram_PTR[2]_X_7_o_wide_mux_88_OUT> will be implemented on LUTs either because you have described an asynchronous read or because of currently unsupported block RAM features. If you have described an asynchronous read, making it synchronous would allow you to take advantage of available block RAM resources, for optimized device usage and improved timings. Please refer to your documentation for coding guidelines.
    -----------------------------------------------------------------------
    | ram_type           | Distributed                         |          |
    -----------------------------------------------------------------------
    | Port A                                                              |
    |     aspect ratio   | 8-word x 8-bit                      |          |
    |     weA            | connected to signal <GND>           | high     |
    |     addrA          | connected to signal <PTR<2:0>>      |          |
    |     diA            | connected to signal <GND>           |          |
    |     doA            | connected to internal node          |          |
    -----------------------------------------------------------------------
INFO:Xst:3218 - HDL ADVISOR - The RAM <Mram_PTR[5]_GND_7_o_wide_mux_113_OUT> will be implemented on LUTs either because you have described an asynchronous read or because of currently unsupported block RAM features. If you have described an asynchronous read, making it synchronous would allow you to take advantage of available block RAM resources, for optimized device usage and improved timings. Please refer to your documentation for coding guidelines.
    -----------------------------------------------------------------------
    | ram_type           | Distributed                         |          |
    -----------------------------------------------------------------------
    | Port A                                                              |
    |     aspect ratio   | 64-word x 8-bit                     |          |
    |     weA            | connected to signal <GND>           | high     |
    |     addrA          | connected to signal <PTR>           |          |
    |     diA            | connected to signal <GND>           |          |
    |     doA            | connected to internal node          |          |
    -----------------------------------------------------------------------
Unit <LCD_20X4_KHOITAO_HIENTHI_CGRAM_8_KY_TU> synthesized (advanced).

=========================================================================
Advanced HDL Synthesis Report

Macro Statistics
# RAMs                                                 : 2
 64x8-bit single-port distributed Read Only RAM        : 1
 8x8-bit single-port distributed Read Only RAM         : 1
# Adders/Subtractors                                   : 2
 20-bit adder                                          : 1
 6-bit adder                                           : 1
# Registers                                            : 36
 Flip-Flops                                            : 36
# Multiplexers                                         : 35
 1-bit 2-to-1 multiplexer                              : 6
 20-bit 2-to-1 multiplexer                             : 5
 6-bit 2-to-1 multiplexer                              : 10
 8-bit 2-to-1 multiplexer                              : 10
 8-bit 20-to-1 multiplexer                             : 4
# FSMs                                                 : 1

=========================================================================

=========================================================================
*                         Low Level Synthesis                           *
=========================================================================
Analyzing FSM <MFsm> for best encoding.
Optimizing FSM <IC2/FSM_0> on signal <LCD_STATE[1:4]> with user encoding.
-------------------------
 State       | Encoding
-------------------------
 lcd_initial | 0000
 lcd_cg_addr | 0001
 lcd_cg_data | 0010
 lcd_addr_l1 | 0011
 lcd_data_l1 | 0100
 lcd_addr_l2 | 0101
 lcd_data_l2 | 0110
 lcd_addr_l3 | 0111
 lcd_data_l3 | 1000
 lcd_addr_l4 | 1001
 lcd_data_l4 | 1010
 lcd_stop    | 1011
-------------------------

Optimizing unit <LCD_HIENTHI_8_KY_TU> ...

Optimizing unit <LCD_20X4_KHOITAO_HIENTHI_CGRAM_8_KY_TU> ...

Mapping all equations...
Building and optimizing final netlist ...
Found area constraint ratio of 100 (+ 5) on block LCD_HIENTHI_8_KY_TU, actual ratio is 2.
FlipFlop IC2/LCD_STATE_FSM_FFd1 has been replicated 1 time(s)
FlipFlop IC2/LCD_STATE_FSM_FFd2 has been replicated 1 time(s)
FlipFlop IC2/LCD_STATE_FSM_FFd3 has been replicated 2 time(s)
FlipFlop IC2/LCD_STATE_FSM_FFd4 has been replicated 1 time(s)

Final Macro Processing ...

=========================================================================
Final Register Report

Macro Statistics
# Registers                                            : 45
 Flip-Flops                                            : 45

=========================================================================

=========================================================================
*                           Partition Report                            *
=========================================================================

Partition Implementation Status
-------------------------------

  No Partitions were found in this design.

-------------------------------

=========================================================================
*                            Design Summary                             *
=========================================================================

Top Level Output File Name         : LCD_HIENTHI_8_KY_TU.ngc

Primitive and Black Box Usage:
------------------------------
# BELS                             : 190
#      GND                         : 1
#      INV                         : 2
#      LUT1                        : 19
#      LUT2                        : 24
#      LUT3                        : 11
#      LUT4                        : 15
#      LUT5                        : 17
#      LUT6                        : 57
#      MUXCY                       : 19
#      MUXF7                       : 4
#      VCC                         : 1
#      XORCY                       : 20
# FlipFlops/Latches                : 45
#      FD_1                        : 8
#      FDC_1                       : 29
#      FDCE_1                      : 6
#      FDE_1                       : 2
# Clock Buffers                    : 1
#      BUFGP                       : 1
# IO Buffers                       : 11
#      IBUF                        : 1
#      OBUF                        : 10

Device utilization summary:
---------------------------

Selected Device : 6slx9tqg144-3 


Slice Logic Utilization: 
 Number of Slice Registers:              45  out of  11440     0%  
 Number of Slice LUTs:                  145  out of   5720     2%  
    Number used as Logic:               145  out of   5720     2%  

Slice Logic Distribution: 
 Number of LUT Flip Flop pairs used:    150
   Number with an unused Flip Flop:     105  out of    150    70%  
   Number with an unused LUT:             5  out of    150     3%  
   Number of fully used LUT-FF pairs:    40  out of    150    26%  
   Number of unique control sets:         5

IO Utilization: 
 Number of IOs:                          12
 Number of bonded IOBs:                  12  out of    102    11%  

Specific Feature Utilization:
 Number of BUFG/BUFGCTRLs:                1  out of     16     6%  

---------------------------
Partition Resource Summary:
---------------------------

  No Partitions were found in this design.

---------------------------


=========================================================================
Timing Report

NOTE: THESE TIMING NUMBERS ARE ONLY A SYNTHESIS ESTIMATE.
      FOR ACCURATE TIMING INFORMATION PLEASE REFER TO THE TRACE REPORT
      GENERATED AFTER PLACE-and-ROUTE.

Clock Information:
------------------
-----------------------------------+------------------------+-------+
Clock Signal                       | Clock buffer(FF name)  | Load  |
-----------------------------------+------------------------+-------+
CKHT                               | BUFGP                  | 45    |
-----------------------------------+------------------------+-------+

Asynchronous Control Signals Information:
----------------------------------------
No asynchronous control signals found in this design

Timing Summary:
---------------
Speed Grade: -3

   Minimum period: 5.139ns (Maximum Frequency: 194.596MHz)
   Minimum input arrival time before clock: 4.441ns
   Maximum output required time after clock: 3.668ns
   Maximum combinational path delay: No path found

Timing Details:
---------------
All values displayed in nanoseconds (ns)

=========================================================================
Timing constraint: Default period analysis for Clock 'CKHT'
  Clock period: 5.139ns (frequency: 194.596MHz)
  Total number of paths / destination ports: 3642 / 53
-------------------------------------------------------------------------
Delay:               5.139ns (Levels of Logic = 5)
  Source:            IC2/SLX_15 (FF)
  Destination:       IC2/LCD_E (FF)
  Source Clock:      CKHT falling
  Destination Clock: CKHT falling

  Data Path: IC2/SLX_15 to IC2/LCD_E
                                Gate     Net
    Cell:in->out      fanout   Delay   Delay  Logical Name (Net Name)
    ----------------------------------------  ------------
     FDC_1:C->Q            4   0.447   0.912  IC2/SLX_15 (IC2/SLX_15)
     LUT3:I0->O            6   0.205   0.973  IC2/GND_7_o_SLX[19]_equal_188_o<19>1_SW0 (N8)
     LUT6:I3->O           11   0.205   0.883  IC2/GND_7_o_SLX[19]_equal_207_o<19> (IC2/GND_7_o_SLX[19]_equal_207_o)
     LUT6:I5->O            2   0.205   0.864  IC2/_n0568_inv1_SW0 (N16)
     LUT6:I2->O            1   0.203   0.000  IC2/LCD_E_rstpot_G (N67)
     MUXF7:I1->O           1   0.140   0.000  IC2/LCD_E_rstpot (IC2/LCD_E_rstpot)
     FD_1:D                    0.102          IC2/LCD_E
    ----------------------------------------
    Total                      5.139ns (1.507ns logic, 3.632ns route)
                                       (29.3% logic, 70.7% route)

=========================================================================
Timing constraint: Default OFFSET IN BEFORE for Clock 'CKHT'
  Total number of paths / destination ports: 52 / 45
-------------------------------------------------------------------------
Offset:              4.441ns (Levels of Logic = 5)
  Source:            BTN0 (PAD)
  Destination:       IC2/LCD_E (FF)
  Destination Clock: CKHT falling

  Data Path: BTN0 to IC2/LCD_E
                                Gate     Net
    Cell:in->out      fanout   Delay   Delay  Logical Name (Net Name)
    ----------------------------------------  ------------
     IBUF:I->O             8   1.222   1.167  BTN0_IBUF (BTN0_IBUF)
     LUT6:I0->O            1   0.203   0.580  IC2/GND_7_o_SLX[19]_equal_207_o<19>_SW2 (N38)
     LUT6:I5->O            2   0.205   0.617  IC2/_n0568_inv1_SW1 (N17)
     LUT6:I5->O            1   0.205   0.000  IC2/LCD_E_rstpot_G (N67)
     MUXF7:I1->O           1   0.140   0.000  IC2/LCD_E_rstpot (IC2/LCD_E_rstpot)
     FD_1:D                    0.102          IC2/LCD_E
    ----------------------------------------
    Total                      4.441ns (2.077ns logic, 2.364ns route)
                                       (46.8% logic, 53.2% route)

=========================================================================
Timing constraint: Default OFFSET OUT AFTER for Clock 'CKHT'
  Total number of paths / destination ports: 10 / 10
-------------------------------------------------------------------------
Offset:              3.668ns (Levels of Logic = 1)
  Source:            IC2/LCD_E (FF)
  Destination:       LCD_E (PAD)
  Source Clock:      CKHT falling

  Data Path: IC2/LCD_E to LCD_E
                                Gate     Net
    Cell:in->out      fanout   Delay   Delay  Logical Name (Net Name)
    ----------------------------------------  ------------
     FD_1:C->Q             3   0.447   0.650  IC2/LCD_E (IC2/LCD_E)
     OBUF:I->O                 2.571          LCD_E_OBUF (LCD_E)
    ----------------------------------------
    Total                      3.668ns (3.018ns logic, 0.650ns route)
                                       (82.3% logic, 17.7% route)

=========================================================================

Cross Clock Domains Report:
--------------------------

Clock to Setup on destination clock CKHT
---------------+---------+---------+---------+---------+
               | Src:Rise| Src:Fall| Src:Rise| Src:Fall|
Source Clock   |Dest:Rise|Dest:Rise|Dest:Fall|Dest:Fall|
---------------+---------+---------+---------+---------+
CKHT           |         |         |    5.139|         |
---------------+---------+---------+---------+---------+

=========================================================================


Total REAL time to Xst completion: 9.00 secs
Total CPU time to Xst completion: 9.57 secs
 
--> 

Total memory usage is 4510204 kilobytes

Number of errors   :    0 (   0 filtered)
Number of warnings :    0 (   0 filtered)
Number of infos    :    2 (   0 filtered)

