--------------------------------------------------------------------------------
Release 14.7 Trace  (nt64)
Copyright (c) 1995-2013 Xilinx, Inc.  All rights reserved.

C:\Xilinx\14.7\ISE_DS\ISE\bin\nt64\unwrapped\trce.exe -intstyle ise -v 3 -s 3
-n 3 -fastpaths -xml DS_18B20_HT_SO_TO.twx DS_18B20_HT_SO_TO.ncd -o
DS_18B20_HT_SO_TO.twr DS_18B20_HT_SO_TO.pcf

Design file:              DS_18B20_HT_SO_TO.ncd
Physical constraint file: DS_18B20_HT_SO_TO.pcf
Device,package,speed:     xc6slx9,tqg144,C,-3 (PRODUCTION 1.23 2013-10-13)
Report level:             verbose report

Environment Variable      Effect 
--------------------      ------ 
NONE                      No environment variables were set
--------------------------------------------------------------------------------

INFO:Timing:2698 - No timing constraints found, doing default enumeration.
INFO:Timing:3412 - To improve timing, see the Timing Closure User Guide (UG612).
INFO:Timing:2752 - To get complete path coverage, use the unconstrained paths 
   option. All paths that are not constrained will be reported in the 
   unconstrained paths section(s) of the report.
INFO:Timing:3339 - The clock-to-out numbers in this timing report are based on 
   a 50 Ohm transmission line loading model.  For the details of this model, 
   and for more information on accounting for different loading conditions, 
   please see the device datasheet.



Data Sheet report:
-----------------
All values displayed in nanoseconds (ns)

Setup/Hold to clock CKHT
------------+------------+------------+------------+------------+------------------+--------+
            |Max Setup to|  Process   |Max Hold to |  Process   |                  | Clock  |
Source      | clk (edge) |   Corner   | clk (edge) |   Corner   |Internal Clock(s) | Phase  |
------------+------------+------------+------------+------------+------------------+--------+
BTN0        |    6.069(R)|      SLOW  |   -1.139(R)|      FAST  |CKHT_BUFGP        |   0.000|
            |    6.683(F)|      SLOW  |   -2.356(F)|      FAST  |CKHT_BUFGP        |   0.000|
DS18B20     |    2.355(R)|      SLOW  |   -0.327(R)|      SLOW  |CKHT_BUFGP        |   0.000|
------------+------------+------------+------------+------------+------------------+--------+

Clock CKHT to Pad
------------+-----------------+------------+-----------------+------------+------------------+--------+
            |Max (slowest) clk|  Process   |Min (fastest) clk|  Process   |                  | Clock  |
Destination |  (edge) to PAD  |   Corner   |  (edge) to PAD  |   Corner   |Internal Clock(s) | Phase  |
------------+-----------------+------------+-----------------+------------+------------------+--------+
DS18B20     |         8.908(R)|      SLOW  |         4.677(R)|      FAST  |CKHT_BUFGP        |   0.000|
LCD_DB<0>   |         8.289(F)|      SLOW  |         4.481(F)|      FAST  |CKHT_BUFGP        |   0.000|
LCD_DB<1>   |         7.955(F)|      SLOW  |         4.218(F)|      FAST  |CKHT_BUFGP        |   0.000|
LCD_DB<2>   |         8.027(F)|      SLOW  |         4.256(F)|      FAST  |CKHT_BUFGP        |   0.000|
LCD_DB<3>   |         7.644(F)|      SLOW  |         4.014(F)|      FAST  |CKHT_BUFGP        |   0.000|
LCD_DB<4>   |         7.705(F)|      SLOW  |         4.070(F)|      FAST  |CKHT_BUFGP        |   0.000|
LCD_DB<5>   |         8.155(F)|      SLOW  |         4.349(F)|      FAST  |CKHT_BUFGP        |   0.000|
LCD_DB<6>   |         7.091(F)|      SLOW  |         3.619(F)|      FAST  |CKHT_BUFGP        |   0.000|
LCD_DB<7>   |         7.410(F)|      SLOW  |         3.902(F)|      FAST  |CKHT_BUFGP        |   0.000|
LCD_E       |         7.524(F)|      SLOW  |         3.907(F)|      FAST  |CKHT_BUFGP        |   0.000|
LCD_RS      |         7.447(F)|      SLOW  |         3.898(F)|      FAST  |CKHT_BUFGP        |   0.000|
LED<0>      |         7.291(R)|      SLOW  |         3.744(R)|      FAST  |CKHT_BUFGP        |   0.000|
LED<1>      |         7.266(R)|      SLOW  |         3.732(R)|      FAST  |CKHT_BUFGP        |   0.000|
LED<2>      |         7.266(R)|      SLOW  |         3.732(R)|      FAST  |CKHT_BUFGP        |   0.000|
LED<3>      |         7.331(R)|      SLOW  |         3.801(R)|      FAST  |CKHT_BUFGP        |   0.000|
------------+-----------------+------------+-----------------+------------+------------------+--------+

Clock to Setup on destination clock CKHT
---------------+---------+---------+---------+---------+
               | Src:Rise| Src:Fall| Src:Rise| Src:Fall|
Source Clock   |Dest:Rise|Dest:Rise|Dest:Fall|Dest:Fall|
---------------+---------+---------+---------+---------+
CKHT           |    6.397|         |    7.615|    7.133|
---------------+---------+---------+---------+---------+


Analysis completed Sun Sep 06 21:23:43 2020 
--------------------------------------------------------------------------------

Trace Settings:
-------------------------
Trace Settings 

Peak Memory Usage: 4573 MB



