--------------------------------------------------------------------------------
Release 14.7 Trace  (nt64)
Copyright (c) 1995-2013 Xilinx, Inc.  All rights reserved.

C:\Xilinx\14.7\ISE_DS\ISE\bin\nt64\unwrapped\trce.exe -intstyle ise -v 3 -s 5
-n 3 -fastpaths -xml GIAIMA_7DOAN_ANODE_ENA.twx GIAIMA_7DOAN_ANODE_ENA.ncd -o
GIAIMA_7DOAN_ANODE_ENA.twr GIAIMA_7DOAN_ANODE_ENA.pcf -ucf
KIT_XC3S500E_PQ208.ucf

Design file:              GIAIMA_7DOAN_ANODE_ENA.ncd
Physical constraint file: GIAIMA_7DOAN_ANODE_ENA.pcf
Device,package,speed:     xc3s500e,pq208,-5 (PRODUCTION 1.27 2013-10-13)
Report level:             verbose report

Environment Variable      Effect 
--------------------      ------ 
NONE                      No environment variables were set
--------------------------------------------------------------------------------

INFO:Timing:2698 - No timing constraints found, doing default enumeration.
INFO:Timing:3412 - To improve timing, see the Timing Closure User Guide (UG612).
INFO:Timing:2752 - To get complete path coverage, use the unconstrained paths 
   option. All paths that are not constrained will be reported in the 
   unconstrained paths section(s) of the report.
INFO:Timing:3339 - The clock-to-out numbers in this timing report are based on 
   a 50 Ohm transmission line loading model.  For the details of this model, 
   and for more information on accounting for different loading conditions, 
   please see the device datasheet.
INFO:Timing:3390 - This architecture does not support a default System Jitter 
   value, please add SYSTEM_JITTER constraint to the UCF to modify the Clock 
   Uncertainty calculation.
INFO:Timing:3389 - This architecture does not support 'Discrete Jitter' and 
   'Phase Error' calculations, these terms will be zero in the Clock 
   Uncertainty calculation.  Please make appropriate modification to 
   SYSTEM_JITTER to account for the unsupported Discrete Jitter and Phase 
   Error.



Data Sheet report:
-----------------
All values displayed in nanoseconds (ns)

Pad to Pad
---------------+---------------+---------+
Source Pad     |Destination Pad|  Delay  |
---------------+---------------+---------+
SW<0>          |SSEG<0>        |    8.016|
SW<0>          |SSEG<1>        |    7.601|
SW<0>          |SSEG<2>        |    8.001|
SW<0>          |SSEG<3>        |    7.835|
SW<0>          |SSEG<4>        |    7.986|
SW<0>          |SSEG<5>        |    8.334|
SW<0>          |SSEG<6>        |    7.768|
SW<1>          |SSEG<0>        |    8.275|
SW<1>          |SSEG<1>        |    7.860|
SW<1>          |SSEG<2>        |    8.308|
SW<1>          |SSEG<3>        |    8.142|
SW<1>          |SSEG<4>        |    8.293|
SW<1>          |SSEG<5>        |    8.342|
SW<1>          |SSEG<6>        |    8.027|
SW<2>          |SSEG<0>        |    8.241|
SW<2>          |SSEG<1>        |    8.054|
SW<2>          |SSEG<2>        |    8.425|
SW<2>          |SSEG<3>        |    8.487|
SW<2>          |SSEG<4>        |    8.638|
SW<2>          |SSEG<5>        |    8.460|
SW<2>          |SSEG<6>        |    8.221|
SW<3>          |SSEG<0>        |    9.130|
SW<3>          |SSEG<1>        |    8.508|
SW<3>          |SSEG<2>        |    9.274|
SW<3>          |SSEG<3>        |    8.901|
SW<3>          |SSEG<4>        |    9.052|
SW<3>          |SSEG<5>        |    8.621|
SW<3>          |SSEG<6>        |    8.675|
SW<4>          |SSEG<0>        |    8.794|
SW<4>          |SSEG<1>        |    8.755|
SW<4>          |SSEG<2>        |    8.516|
SW<4>          |SSEG<3>        |    9.053|
SW<4>          |SSEG<4>        |    9.204|
SW<4>          |SSEG<5>        |    8.370|
SW<4>          |SSEG<6>        |    8.922|
SW<4>          |SSEG<7>        |    7.779|
SW<5>          |SSEG<7>        |    7.225|
---------------+---------------+---------+


Analysis completed Thu Sep 12 12:49:15 2019 
--------------------------------------------------------------------------------

Trace Settings:
-------------------------
Trace Settings 

Peak Memory Usage: 4509 MB



