Release 14.7 - xst P.20131013 (nt64)
Copyright (c) 1995-2013 Xilinx, Inc.  All rights reserved.
--> Parameter TMPDIR set to xst/projnav.tmp


Total REAL time to Xst completion: 0.00 secs
Total CPU time to Xst completion: 0.31 secs
 
--> Parameter xsthdpdir set to xst


Total REAL time to Xst completion: 0.00 secs
Total CPU time to Xst completion: 0.31 secs
 
--> Reading design: LCD_20X4_4BIT_HIENTHI_80KITU.prj

TABLE OF CONTENTS
  1) Synthesis Options Summary
  2) HDL Parsing
  3) HDL Elaboration
  4) HDL Synthesis
       4.1) HDL Synthesis Report
  5) Advanced HDL Synthesis
       5.1) Advanced HDL Synthesis Report
  6) Low Level Synthesis
  7) Partition Report
  8) Design Summary
       8.1) Primitive and Black Box Usage
       8.2) Device utilization summary
       8.3) Partition Resource Summary
       8.4) Timing Report
            8.4.1) Clock Information
            8.4.2) Asynchronous Control Signals Information
            8.4.3) Timing Summary
            8.4.4) Timing Details
            8.4.5) Cross Clock Domains Report


=========================================================================
*                      Synthesis Options Summary                        *
=========================================================================
---- Source Parameters
Input File Name                    : "LCD_20X4_4BIT_HIENTHI_80KITU.prj"
Ignore Synthesis Constraint File   : NO

---- Target Parameters
Output File Name                   : "LCD_20X4_4BIT_HIENTHI_80KITU"
Output Format                      : NGC
Target Device                      : xc6slx9-3-tqg144

---- Source Options
Top Module Name                    : LCD_20X4_4BIT_HIENTHI_80KITU
Automatic FSM Extraction           : YES
FSM Encoding Algorithm             : Auto
Safe Implementation                : No
FSM Style                          : LUT
RAM Extraction                     : Yes
RAM Style                          : Auto
ROM Extraction                     : Yes
Shift Register Extraction          : YES
ROM Style                          : Auto
Resource Sharing                   : YES
Asynchronous To Synchronous        : NO
Shift Register Minimum Size        : 2
Use DSP Block                      : Auto
Automatic Register Balancing       : No

---- Target Options
LUT Combining                      : Auto
Reduce Control Sets                : Auto
Add IO Buffers                     : YES
Global Maximum Fanout              : 100000
Add Generic Clock Buffer(BUFG)     : 16
Register Duplication               : YES
Optimize Instantiated Primitives   : NO
Use Clock Enable                   : Auto
Use Synchronous Set                : Auto
Use Synchronous Reset              : Auto
Pack IO Registers into IOBs        : Auto
Equivalent register Removal        : YES

---- General Options
Optimization Goal                  : Speed
Optimization Effort                : 1
Power Reduction                    : NO
Keep Hierarchy                     : No
Netlist Hierarchy                  : As_Optimized
RTL Output                         : Yes
Global Optimization                : AllClockNets
Read Cores                         : YES
Write Timing Constraints           : NO
Cross Clock Analysis               : NO
Hierarchy Separator                : /
Bus Delimiter                      : <>
Case Specifier                     : Maintain
Slice Utilization Ratio            : 100
BRAM Utilization Ratio             : 100
DSP48 Utilization Ratio            : 100
Auto BRAM Packing                  : NO
Slice Utilization Ratio Delta      : 5

=========================================================================


=========================================================================
*                          HDL Parsing                                  *
=========================================================================
Parsing VHDL file "C:\Users\Admin\Documents\TT-HDL-N7-S2\VHDL\BAI_621_LCD_20X4_4BIT_HIENTHI_80KITU\LCD_20X4_GAN_DULIEU.vhd" into library work
Parsing entity <LCD_20X4_GAN_DULIEU>.
Parsing architecture <Behavioral> of entity <lcd_20x4_gan_dulieu>.
Parsing VHDL file "C:\Users\Admin\Documents\TT-HDL-N7-S2\VHDL\BAI_621_LCD_20X4_4BIT_HIENTHI_80KITU\LCD_20X4_4BIT_KHOITAO_HIENTHI.vhd" into library work
Parsing entity <LCD_20X4_4BIT_KHOITAO_HIENTHI>.
Parsing architecture <Behavioral> of entity <lcd_20x4_4bit_khoitao_hienthi>.
Parsing VHDL file "C:\Users\Admin\Documents\TT-HDL-N7-S2\VHDL\BAI_621_LCD_20X4_4BIT_HIENTHI_80KITU\LCD_20X4_4BIT_HIENTHI_80KITU.vhd" into library work
Parsing entity <LCD_20X4_4BIT_HIENTHI_80KITU>.
Parsing architecture <Behavioral> of entity <lcd_20x4_4bit_hienthi_80kitu>.

=========================================================================
*                            HDL Elaboration                            *
=========================================================================

Elaborating entity <LCD_20X4_4BIT_HIENTHI_80KITU> (architecture <Behavioral>) from library <work>.

Elaborating entity <LCD_20X4_GAN_DULIEU> (architecture <Behavioral>) from library <work>.

Elaborating entity <LCD_20X4_4BIT_KHOITAO_HIENTHI> (architecture <Behavioral>) from library <work>.

=========================================================================
*                           HDL Synthesis                               *
=========================================================================

Synthesizing Unit <LCD_20X4_4BIT_HIENTHI_80KITU>.
    Related source file is "C:\Users\Admin\Documents\TT-HDL-N7-S2\VHDL\BAI_621_LCD_20X4_4BIT_HIENTHI_80KITU\LCD_20X4_4BIT_HIENTHI_80KITU.vhd".
    Summary:
	no macro.
Unit <LCD_20X4_4BIT_HIENTHI_80KITU> synthesized.

Synthesizing Unit <LCD_20X4_GAN_DULIEU>.
    Related source file is "C:\Users\Admin\Documents\TT-HDL-N7-S2\VHDL\BAI_621_LCD_20X4_4BIT_HIENTHI_80KITU\LCD_20X4_GAN_DULIEU.vhd".
    Summary:
	no macro.
Unit <LCD_20X4_GAN_DULIEU> synthesized.

Synthesizing Unit <LCD_20X4_4BIT_KHOITAO_HIENTHI>.
    Related source file is "C:\Users\Admin\Documents\TT-HDL-N7-S2\VHDL\BAI_621_LCD_20X4_4BIT_HIENTHI_80KITU\LCD_20X4_4BIT_KHOITAO_HIENTHI.vhd".
    Found 20-bit register for signal <SLX>.
    Found 5-bit register for signal <PTR>.
    Found 4-bit register for signal <LCD_STATE>.
    Found 1-bit register for signal <LCD_RS>.
    Found 1-bit register for signal <LCD_E>.
    Found 4-bit register for signal <LCD_DB>.
    Found 8-bit register for signal <LCD_DB8>.
    Found finite state machine <FSM_0> for signal <LCD_STATE>.
    -----------------------------------------------------------------------
    | States             | 10                                             |
    | Transitions        | 25                                             |
    | Inputs             | 5                                              |
    | Outputs            | 5                                              |
    | Clock              | LCD_CK (falling_edge)                          |
    | Reset              | LCD_RST (positive)                             |
    | Reset type         | asynchronous                                   |
    | Reset State        | lcd_initial                                    |
    | Power Up State     | lcd_initial                                    |
    | Encoding           | auto                                           |
    | Implementation     | LUT                                            |
    -----------------------------------------------------------------------
    Found 5-bit adder for signal <PTR[4]_GND_7_o_add_303_OUT> created at line 234.
    Found 20-bit adder for signal <SLX[19]_GND_7_o_add_330_OUT> created at line 246.
    Found 8x8-bit Read Only RAM for signal <PTR[2]_X_7_o_wide_mux_92_OUT>
    Found 8-bit 20-to-1 multiplexer for signal <PTR[4]_X_7_o_wide_mux_147_OUT> created at line 151.
    Found 8-bit 20-to-1 multiplexer for signal <PTR[4]_X_7_o_wide_mux_202_OUT> created at line 181.
    Found 8-bit 20-to-1 multiplexer for signal <PTR[4]_X_7_o_wide_mux_257_OUT> created at line 211.
    Found 8-bit 20-to-1 multiplexer for signal <PTR[4]_X_7_o_wide_mux_312_OUT> created at line 242.
    Summary:
	inferred   1 RAM(s).
	inferred   2 Adder/Subtractor(s).
	inferred  39 D-type flip-flop(s).
	inferred  63 Multiplexer(s).
	inferred   1 Finite State Machine(s).
Unit <LCD_20X4_4BIT_KHOITAO_HIENTHI> synthesized.

=========================================================================
HDL Synthesis Report

Macro Statistics
# RAMs                                                 : 1
 8x8-bit single-port Read Only RAM                     : 1
# Adders/Subtractors                                   : 2
 20-bit adder                                          : 1
 5-bit adder                                           : 1
# Registers                                            : 6
 1-bit register                                        : 2
 20-bit register                                       : 1
 4-bit register                                        : 1
 5-bit register                                        : 1
 8-bit register                                        : 1
# Multiplexers                                         : 63
 1-bit 2-to-1 multiplexer                              : 23
 20-bit 2-to-1 multiplexer                             : 5
 4-bit 2-to-1 multiplexer                              : 15
 5-bit 2-to-1 multiplexer                              : 8
 8-bit 2-to-1 multiplexer                              : 8
 8-bit 20-to-1 multiplexer                             : 4
# FSMs                                                 : 1

=========================================================================

=========================================================================
*                       Advanced HDL Synthesis                          *
=========================================================================


Synthesizing (advanced) Unit <LCD_20X4_4BIT_KHOITAO_HIENTHI>.
INFO:Xst:3218 - HDL ADVISOR - The RAM <Mram_PTR[2]_X_7_o_wide_mux_92_OUT> will be implemented on LUTs either because you have described an asynchronous read or because of currently unsupported block RAM features. If you have described an asynchronous read, making it synchronous would allow you to take advantage of available block RAM resources, for optimized device usage and improved timings. Please refer to your documentation for coding guidelines.
    -----------------------------------------------------------------------
    | ram_type           | Distributed                         |          |
    -----------------------------------------------------------------------
    | Port A                                                              |
    |     aspect ratio   | 8-word x 8-bit                      |          |
    |     weA            | connected to signal <GND>           | high     |
    |     addrA          | connected to signal <PTR<2:0>>      |          |
    |     diA            | connected to signal <GND>           |          |
    |     doA            | connected to internal node          |          |
    -----------------------------------------------------------------------
Unit <LCD_20X4_4BIT_KHOITAO_HIENTHI> synthesized (advanced).

=========================================================================
Advanced HDL Synthesis Report

Macro Statistics
# RAMs                                                 : 1
 8x8-bit single-port distributed Read Only RAM         : 1
# Adders/Subtractors                                   : 2
 20-bit adder                                          : 1
 5-bit adder                                           : 1
# Registers                                            : 39
 Flip-Flops                                            : 39
# Multiplexers                                         : 63
 1-bit 2-to-1 multiplexer                              : 23
 20-bit 2-to-1 multiplexer                             : 5
 4-bit 2-to-1 multiplexer                              : 15
 5-bit 2-to-1 multiplexer                              : 8
 8-bit 2-to-1 multiplexer                              : 8
 8-bit 20-to-1 multiplexer                             : 4
# FSMs                                                 : 1

=========================================================================

=========================================================================
*                         Low Level Synthesis                           *
=========================================================================
Analyzing FSM <MFsm> for best encoding.
Optimizing FSM <IC2/FSM_0> on signal <LCD_STATE[1:4]> with user encoding.
-------------------------
 State       | Encoding
-------------------------
 lcd_initial | 0000
 lcd_addr_l1 | 0001
 lcd_data_l1 | 0010
 lcd_addr_l2 | 0011
 lcd_data_l2 | 0100
 lcd_addr_l3 | 0101
 lcd_data_l3 | 0110
 lcd_addr_l4 | 0111
 lcd_data_l4 | 1000
 lcd_stop    | 1001
-------------------------

Optimizing unit <LCD_20X4_4BIT_HIENTHI_80KITU> ...

Optimizing unit <LCD_20X4_4BIT_KHOITAO_HIENTHI> ...

Mapping all equations...
Building and optimizing final netlist ...
Found area constraint ratio of 100 (+ 5) on block LCD_20X4_4BIT_HIENTHI_80KITU, actual ratio is 2.
FlipFlop IC2/SLX_5 has been replicated 1 time(s)

Final Macro Processing ...

=========================================================================
Final Register Report

Macro Statistics
# Registers                                            : 44
 Flip-Flops                                            : 44

=========================================================================

=========================================================================
*                           Partition Report                            *
=========================================================================

Partition Implementation Status
-------------------------------

  No Partitions were found in this design.

-------------------------------

=========================================================================
*                            Design Summary                             *
=========================================================================

Top Level Output File Name         : LCD_20X4_4BIT_HIENTHI_80KITU.ngc

Primitive and Black Box Usage:
------------------------------
# BELS                             : 202
#      GND                         : 1
#      INV                         : 2
#      LUT1                        : 19
#      LUT2                        : 23
#      LUT3                        : 14
#      LUT4                        : 16
#      LUT5                        : 20
#      LUT6                        : 65
#      MUXCY                       : 19
#      MUXF7                       : 2
#      VCC                         : 1
#      XORCY                       : 20
# FlipFlops/Latches                : 44
#      FD_1                        : 13
#      FDC_1                       : 25
#      FDCE_1                      : 5
#      FDE_1                       : 1
# Clock Buffers                    : 1
#      BUFGP                       : 1
# IO Buffers                       : 7
#      IBUF                        : 1
#      OBUF                        : 6

Device utilization summary:
---------------------------

Selected Device : 6slx9tqg144-3 


Slice Logic Utilization: 
 Number of Slice Registers:              44  out of  11440     0%  
 Number of Slice LUTs:                  159  out of   5720     2%  
    Number used as Logic:               159  out of   5720     2%  

Slice Logic Distribution: 
 Number of LUT Flip Flop pairs used:    160
   Number with an unused Flip Flop:     116  out of    160    72%  
   Number with an unused LUT:             1  out of    160     0%  
   Number of fully used LUT-FF pairs:    43  out of    160    26%  
   Number of unique control sets:         4

IO Utilization: 
 Number of IOs:                           8
 Number of bonded IOBs:                   8  out of    102     7%  

Specific Feature Utilization:
 Number of BUFG/BUFGCTRLs:                1  out of     16     6%  

---------------------------
Partition Resource Summary:
---------------------------

  No Partitions were found in this design.

---------------------------


=========================================================================
Timing Report

NOTE: THESE TIMING NUMBERS ARE ONLY A SYNTHESIS ESTIMATE.
      FOR ACCURATE TIMING INFORMATION PLEASE REFER TO THE TRACE REPORT
      GENERATED AFTER PLACE-and-ROUTE.

Clock Information:
------------------
-----------------------------------+------------------------+-------+
Clock Signal                       | Clock buffer(FF name)  | Load  |
-----------------------------------+------------------------+-------+
CKHT                               | BUFGP                  | 44    |
-----------------------------------+------------------------+-------+

Asynchronous Control Signals Information:
----------------------------------------
No asynchronous control signals found in this design

Timing Summary:
---------------
Speed Grade: -3

   Minimum period: 5.889ns (Maximum Frequency: 169.821MHz)
   Minimum input arrival time before clock: 4.053ns
   Maximum output required time after clock: 3.668ns
   Maximum combinational path delay: No path found

Timing Details:
---------------
All values displayed in nanoseconds (ns)

=========================================================================
Timing constraint: Default period analysis for Clock 'CKHT'
  Clock period: 5.889ns (frequency: 169.821MHz)
  Total number of paths / destination ports: 5198 / 50
-------------------------------------------------------------------------
Delay:               5.889ns (Levels of Logic = 6)
  Source:            IC2/SLX_16 (FF)
  Destination:       IC2/LCD_E (FF)
  Source Clock:      CKHT falling
  Destination Clock: CKHT falling

  Data Path: IC2/SLX_16 to IC2/LCD_E
                                Gate     Net
    Cell:in->out      fanout   Delay   Delay  Logical Name (Net Name)
    ----------------------------------------  ------------
     FDC_1:C->Q            3   0.447   0.755  IC2/SLX_16 (IC2/SLX_16)
     LUT2:I0->O           12   0.203   1.253  IC2/GND_7_o_SLX[19]_equal_252_o<19>11_SW0 (N10)
     LUT6:I1->O           12   0.203   0.909  IC2/GND_7_o_SLX[19]_equal_310_o<19>1 (IC2/GND_7_o_SLX[19]_equal_310_o)
     LUT6:I5->O            1   0.205   0.000  IC2/_n0719_inv11_SW0_G (N79)
     MUXF7:I1->O           1   0.140   0.580  IC2/_n0719_inv11_SW0 (N18)
     LUT6:I5->O            1   0.205   0.684  IC2/_n0719_inv1 (IC2/_n0719_inv2)
     LUT5:I3->O            1   0.203   0.000  IC2/LCD_E_rstpot (IC2/LCD_E_rstpot)
     FD_1:D                    0.102          IC2/LCD_E
    ----------------------------------------
    Total                      5.889ns (1.708ns logic, 4.181ns route)
                                       (29.0% logic, 71.0% route)

=========================================================================
Timing constraint: Default OFFSET IN BEFORE for Clock 'CKHT'
  Total number of paths / destination ports: 44 / 44
-------------------------------------------------------------------------
Offset:              4.053ns (Levels of Logic = 2)
  Source:            BTN0 (PAD)
  Destination:       IC2/LCD_STATE_FSM_FFd1 (FF)
  Destination Clock: CKHT falling

  Data Path: BTN0 to IC2/LCD_STATE_FSM_FFd1
                                Gate     Net
    Cell:in->out      fanout   Delay   Delay  Logical Name (Net Name)
    ----------------------------------------  ------------
     IBUF:I->O            13   1.222   0.932  BTN0_IBUF (BTN0_IBUF)
     INV:I->O             30   0.206   1.263  RST1_INV_0 (RST)
     FDC_1:CLR                 0.430          IC2/SLX_0
    ----------------------------------------
    Total                      4.053ns (1.858ns logic, 2.195ns route)
                                       (45.8% logic, 54.2% route)

=========================================================================
Timing constraint: Default OFFSET OUT AFTER for Clock 'CKHT'
  Total number of paths / destination ports: 6 / 6
-------------------------------------------------------------------------
Offset:              3.668ns (Levels of Logic = 1)
  Source:            IC2/LCD_DB_3 (FF)
  Destination:       LCD_DB<7> (PAD)
  Source Clock:      CKHT falling

  Data Path: IC2/LCD_DB_3 to LCD_DB<7>
                                Gate     Net
    Cell:in->out      fanout   Delay   Delay  Logical Name (Net Name)
    ----------------------------------------  ------------
     FD_1:C->Q             3   0.447   0.650  IC2/LCD_DB_3 (IC2/LCD_DB_3)
     OBUF:I->O                 2.571          LCD_DB_7_OBUF (LCD_DB<7>)
    ----------------------------------------
    Total                      3.668ns (3.018ns logic, 0.650ns route)
                                       (82.3% logic, 17.7% route)

=========================================================================

Cross Clock Domains Report:
--------------------------

Clock to Setup on destination clock CKHT
---------------+---------+---------+---------+---------+
               | Src:Rise| Src:Fall| Src:Rise| Src:Fall|
Source Clock   |Dest:Rise|Dest:Rise|Dest:Fall|Dest:Fall|
---------------+---------+---------+---------+---------+
CKHT           |         |         |    5.889|         |
---------------+---------+---------+---------+---------+

=========================================================================


Total REAL time to Xst completion: 11.00 secs
Total CPU time to Xst completion: 11.57 secs
 
--> 

Total memory usage is 4510204 kilobytes

Number of errors   :    0 (   0 filtered)
Number of warnings :    0 (   0 filtered)
Number of infos    :    1 (   0 filtered)

