--------------------------------------------------------------------------------
Release 14.7 Trace  (nt64)
Copyright (c) 1995-2013 Xilinx, Inc.  All rights reserved.

C:\Xilinx\14.7\ISE_DS\ISE\bin\nt64\unwrapped\trce.exe -intstyle ise -v 3 -s 3
-n 3 -fastpaths -xml DK_8LED_2CT_AU_1DSDC_PST_TSP.twx
DK_8LED_2CT_AU_1DSDC_PST_TSP.ncd -o DK_8LED_2CT_AU_1DSDC_PST_TSP.twr
DK_8LED_2CT_AU_1DSDC_PST_TSP.pcf

Design file:              DK_8LED_2CT_AU_1DSDC_PST_TSP.ncd
Physical constraint file: DK_8LED_2CT_AU_1DSDC_PST_TSP.pcf
Device,package,speed:     xc6slx9,tqg144,C,-3 (PRODUCTION 1.23 2013-10-13)
Report level:             verbose report

Environment Variable      Effect 
--------------------      ------ 
NONE                      No environment variables were set
--------------------------------------------------------------------------------

INFO:Timing:2698 - No timing constraints found, doing default enumeration.
INFO:Timing:3412 - To improve timing, see the Timing Closure User Guide (UG612).
INFO:Timing:2752 - To get complete path coverage, use the unconstrained paths 
   option. All paths that are not constrained will be reported in the 
   unconstrained paths section(s) of the report.
INFO:Timing:3339 - The clock-to-out numbers in this timing report are based on 
   a 50 Ohm transmission line loading model.  For the details of this model, 
   and for more information on accounting for different loading conditions, 
   please see the device datasheet.



Data Sheet report:
-----------------
All values displayed in nanoseconds (ns)

Setup/Hold to clock CKHT
------------+------------+------------+------------+------------+------------------+--------+
            |Max Setup to|  Process   |Max Hold to |  Process   |                  | Clock  |
Source      | clk (edge) |   Corner   | clk (edge) |   Corner   |Internal Clock(s) | Phase  |
------------+------------+------------+------------+------------+------------------+--------+
BTN         |    4.627(F)|      SLOW  |   -1.010(F)|      FAST  |CKHT_BUFGP        |   0.000|
------------+------------+------------+------------+------------+------------------+--------+

Clock CKHT to Pad
------------+-----------------+------------+-----------------+------------+------------------+--------+
            |Max (slowest) clk|  Process   |Min (fastest) clk|  Process   |                  | Clock  |
Destination |  (edge) to PAD  |   Corner   |  (edge) to PAD  |   Corner   |Internal Clock(s) | Phase  |
------------+-----------------+------------+-----------------+------------+------------------+--------+
LED<0>      |         8.391(F)|      SLOW  |         3.801(F)|      FAST  |CKHT_BUFGP        |   0.000|
LED<1>      |         8.046(F)|      SLOW  |         3.966(F)|      FAST  |CKHT_BUFGP        |   0.000|
LED<2>      |         8.303(F)|      SLOW  |         3.903(F)|      FAST  |CKHT_BUFGP        |   0.000|
LED<3>      |         8.331(F)|      SLOW  |         3.851(F)|      FAST  |CKHT_BUFGP        |   0.000|
LED<4>      |         8.168(F)|      SLOW  |         3.837(F)|      FAST  |CKHT_BUFGP        |   0.000|
LED<5>      |         8.191(F)|      SLOW  |         3.892(F)|      FAST  |CKHT_BUFGP        |   0.000|
LED<6>      |         7.832(F)|      SLOW  |         3.907(F)|      FAST  |CKHT_BUFGP        |   0.000|
LED<7>      |         7.447(F)|      SLOW  |         3.561(F)|      FAST  |CKHT_BUFGP        |   0.000|
------------+-----------------+------------+-----------------+------------+------------------+--------+

Clock to Setup on destination clock CKHT
---------------+---------+---------+---------+---------+
               | Src:Rise| Src:Fall| Src:Rise| Src:Fall|
Source Clock   |Dest:Rise|Dest:Rise|Dest:Fall|Dest:Fall|
---------------+---------+---------+---------+---------+
CKHT           |         |         |         |    3.615|
---------------+---------+---------+---------+---------+

Pad to Pad
---------------+---------------+---------+
Source Pad     |Destination Pad|  Delay  |
---------------+---------------+---------+
BTN            |LED<0>         |    8.692|
BTN            |LED<1>         |    9.147|
BTN            |LED<2>         |    9.078|
BTN            |LED<3>         |    9.049|
BTN            |LED<4>         |    8.558|
BTN            |LED<5>         |    8.172|
BTN            |LED<6>         |    8.139|
BTN            |LED<7>         |    7.865|
---------------+---------------+---------+


Analysis completed Fri Jun 12 12:48:09 2020 
--------------------------------------------------------------------------------

Trace Settings:
-------------------------
Trace Settings 

Peak Memory Usage: 4573 MB



