--------------------------------------------------------------------------------
Release 14.7 Trace  (nt64)
Copyright (c) 1995-2013 Xilinx, Inc.  All rights reserved.

C:\Xilinx\14.7\ISE_DS\ISE\bin\nt64\unwrapped\trce.exe -intstyle ise -v 3 -s 2
-n 3 -fastpaths -xml BAI_522_THEM_1.twx BAI_522_THEM_1.ncd -o
BAI_522_THEM_1.twr BAI_522_THEM_1.pcf

Design file:              BAI_522_THEM_1.ncd
Physical constraint file: BAI_522_THEM_1.pcf
Device,package,speed:     xc6slx9,tqg144,C,-2 (PRODUCTION 1.23 2013-10-13)
Report level:             verbose report

Environment Variable      Effect 
--------------------      ------ 
NONE                      No environment variables were set
--------------------------------------------------------------------------------

INFO:Timing:2698 - No timing constraints found, doing default enumeration.
INFO:Timing:3412 - To improve timing, see the Timing Closure User Guide (UG612).
INFO:Timing:2752 - To get complete path coverage, use the unconstrained paths 
   option. All paths that are not constrained will be reported in the 
   unconstrained paths section(s) of the report.
INFO:Timing:3339 - The clock-to-out numbers in this timing report are based on 
   a 50 Ohm transmission line loading model.  For the details of this model, 
   and for more information on accounting for different loading conditions, 
   please see the device datasheet.



Data Sheet report:
-----------------
All values displayed in nanoseconds (ns)

Setup/Hold to clock CKHT
------------+------------+------------+------------+------------+------------------+--------+
            |Max Setup to|  Process   |Max Hold to |  Process   |                  | Clock  |
Source      | clk (edge) |   Corner   | clk (edge) |   Corner   |Internal Clock(s) | Phase  |
------------+------------+------------+------------+------------+------------------+--------+
BTN<0>      |    3.718(F)|      SLOW  |   -1.153(F)|      FAST  |CKHT_BUFGP        |   0.000|
BTN<1>      |    2.820(F)|      SLOW  |   -0.616(F)|      FAST  |CKHT_BUFGP        |   0.000|
BTN<2>      |    2.965(F)|      SLOW  |   -0.422(F)|      FAST  |CKHT_BUFGP        |   0.000|
BTN<3>      |    2.503(F)|      SLOW  |   -0.148(F)|      SLOW  |CKHT_BUFGP        |   0.000|
------------+------------+------------+------------+------------+------------------+--------+

Clock CKHT to Pad
------------+-----------------+------------+-----------------+------------+------------------+--------+
            |Max (slowest) clk|  Process   |Min (fastest) clk|  Process   |                  | Clock  |
Destination |  (edge) to PAD  |   Corner   |  (edge) to PAD  |   Corner   |Internal Clock(s) | Phase  |
------------+-----------------+------------+-----------------+------------+------------------+--------+
ANODE<0>    |        10.276(F)|      SLOW  |         4.121(F)|      FAST  |CKHT_BUFGP        |   0.000|
ANODE<1>    |        10.179(F)|      SLOW  |         4.074(F)|      FAST  |CKHT_BUFGP        |   0.000|
ANODE<2>    |        10.324(F)|      SLOW  |         4.233(F)|      FAST  |CKHT_BUFGP        |   0.000|
ANODE<3>    |        10.329(F)|      SLOW  |         4.207(F)|      FAST  |CKHT_BUFGP        |   0.000|
ANODE<4>    |        11.094(F)|      SLOW  |         4.568(F)|      FAST  |CKHT_BUFGP        |   0.000|
ANODE<5>    |        11.149(F)|      SLOW  |         4.586(F)|      FAST  |CKHT_BUFGP        |   0.000|
ANODE<6>    |        10.832(F)|      SLOW  |         4.411(F)|      FAST  |CKHT_BUFGP        |   0.000|
ANODE<7>    |        10.887(F)|      SLOW  |         4.429(F)|      FAST  |CKHT_BUFGP        |   0.000|
LED0        |         9.104(F)|      SLOW  |         3.651(F)|      FAST  |CKHT_BUFGP        |   0.000|
SSEG<0>     |        14.923(F)|      SLOW  |         4.764(F)|      FAST  |CKHT_BUFGP        |   0.000|
SSEG<1>     |        14.694(F)|      SLOW  |         4.533(F)|      FAST  |CKHT_BUFGP        |   0.000|
SSEG<2>     |        14.923(F)|      SLOW  |         4.550(F)|      FAST  |CKHT_BUFGP        |   0.000|
SSEG<3>     |        14.490(F)|      SLOW  |         4.480(F)|      FAST  |CKHT_BUFGP        |   0.000|
SSEG<4>     |        14.815(F)|      SLOW  |         4.597(F)|      FAST  |CKHT_BUFGP        |   0.000|
SSEG<5>     |        14.879(F)|      SLOW  |         4.533(F)|      FAST  |CKHT_BUFGP        |   0.000|
SSEG<6>     |        15.103(F)|      SLOW  |         4.807(F)|      FAST  |CKHT_BUFGP        |   0.000|
------------+-----------------+------------+-----------------+------------+------------------+--------+

Clock to Setup on destination clock CKHT
---------------+---------+---------+---------+---------+
               | Src:Rise| Src:Fall| Src:Rise| Src:Fall|
Source Clock   |Dest:Rise|Dest:Rise|Dest:Fall|Dest:Fall|
---------------+---------+---------+---------+---------+
CKHT           |         |         |         |    6.011|
---------------+---------+---------+---------+---------+


Analysis completed Fri Jun 26 12:44:14 2020 
--------------------------------------------------------------------------------

Trace Settings:
-------------------------
Trace Settings 

Peak Memory Usage: 4571 MB



