--------------------------------------------------------------------------------
Release 14.7 Trace  (nt64)
Copyright (c) 1995-2013 Xilinx, Inc.  All rights reserved.

C:\Xilinx\14.7\ISE_DS\ISE\bin\nt64\unwrapped\trce.exe -intstyle ise -v 3 -s 5
-n 3 -fastpaths -xml HEX_TO_BCD_8_BIT.twx HEX_TO_BCD_8_BIT.ncd -o
HEX_TO_BCD_8_BIT.twr HEX_TO_BCD_8_BIT.pcf -ucf KIT_XC3S500E_PQ208.ucf

Design file:              HEX_TO_BCD_8_BIT.ncd
Physical constraint file: HEX_TO_BCD_8_BIT.pcf
Device,package,speed:     xc3s500e,pq208,-5 (PRODUCTION 1.27 2013-10-13)
Report level:             verbose report

Environment Variable      Effect 
--------------------      ------ 
NONE                      No environment variables were set
--------------------------------------------------------------------------------

INFO:Timing:2698 - No timing constraints found, doing default enumeration.
INFO:Timing:3412 - To improve timing, see the Timing Closure User Guide (UG612).
INFO:Timing:2752 - To get complete path coverage, use the unconstrained paths 
   option. All paths that are not constrained will be reported in the 
   unconstrained paths section(s) of the report.
INFO:Timing:3339 - The clock-to-out numbers in this timing report are based on 
   a 50 Ohm transmission line loading model.  For the details of this model, 
   and for more information on accounting for different loading conditions, 
   please see the device datasheet.
INFO:Timing:3390 - This architecture does not support a default System Jitter 
   value, please add SYSTEM_JITTER constraint to the UCF to modify the Clock 
   Uncertainty calculation.
INFO:Timing:3389 - This architecture does not support 'Discrete Jitter' and 
   'Phase Error' calculations, these terms will be zero in the Clock 
   Uncertainty calculation.  Please make appropriate modification to 
   SYSTEM_JITTER to account for the unsupported Discrete Jitter and Phase 
   Error.



Data Sheet report:
-----------------
All values displayed in nanoseconds (ns)

Pad to Pad
---------------+---------------+---------+
Source Pad     |Destination Pad|  Delay  |
---------------+---------------+---------+
SW<0>          |LED<0>         |    6.436|
SW<1>          |LED<1>         |    9.847|
SW<1>          |LED<2>         |   10.275|
SW<1>          |LED<3>         |    9.268|
SW<1>          |LED<4>         |   10.452|
SW<2>          |LED<1>         |   12.533|
SW<2>          |LED<2>         |   12.961|
SW<2>          |LED<3>         |   11.954|
SW<2>          |LED<4>         |   13.138|
SW<2>          |LED<5>         |   12.832|
SW<2>          |LED<6>         |   12.980|
SW<2>          |LED<7>         |   12.219|
SW<2>          |LED<8>         |   12.232|
SW<3>          |LED<1>         |   15.870|
SW<3>          |LED<2>         |   16.298|
SW<3>          |LED<3>         |   15.291|
SW<3>          |LED<4>         |   16.475|
SW<3>          |LED<5>         |   16.169|
SW<3>          |LED<6>         |   16.317|
SW<3>          |LED<7>         |   15.556|
SW<3>          |LED<8>         |   15.569|
SW<3>          |LED<9>         |   12.008|
SW<4>          |LED<1>         |   15.190|
SW<4>          |LED<2>         |   15.618|
SW<4>          |LED<3>         |   14.611|
SW<4>          |LED<4>         |   15.795|
SW<4>          |LED<5>         |   15.489|
SW<4>          |LED<6>         |   15.637|
SW<4>          |LED<7>         |   14.876|
SW<4>          |LED<8>         |   14.889|
SW<4>          |LED<9>         |   11.328|
SW<5>          |LED<1>         |   15.093|
SW<5>          |LED<2>         |   15.521|
SW<5>          |LED<3>         |   14.514|
SW<5>          |LED<4>         |   15.698|
SW<5>          |LED<5>         |   15.392|
SW<5>          |LED<6>         |   15.540|
SW<5>          |LED<7>         |   14.779|
SW<5>          |LED<8>         |   14.792|
SW<5>          |LED<9>         |   11.231|
SW<6>          |LED<1>         |   15.132|
SW<6>          |LED<2>         |   15.560|
SW<6>          |LED<3>         |   14.553|
SW<6>          |LED<4>         |   15.737|
SW<6>          |LED<5>         |   15.431|
SW<6>          |LED<6>         |   15.579|
SW<6>          |LED<7>         |   14.818|
SW<6>          |LED<8>         |   14.831|
SW<6>          |LED<9>         |   11.270|
SW<7>          |LED<1>         |   15.087|
SW<7>          |LED<2>         |   15.515|
SW<7>          |LED<3>         |   14.508|
SW<7>          |LED<4>         |   15.692|
SW<7>          |LED<5>         |   15.386|
SW<7>          |LED<6>         |   15.534|
SW<7>          |LED<7>         |   14.773|
SW<7>          |LED<8>         |   14.786|
SW<7>          |LED<9>         |   11.225|
---------------+---------------+---------+


Analysis completed Thu Sep 12 13:31:04 2019 
--------------------------------------------------------------------------------

Trace Settings:
-------------------------
Trace Settings 

Peak Memory Usage: 4509 MB



