Release 14.7 - xst P.20131013 (nt64)
Copyright (c) 1995-2013 Xilinx, Inc.  All rights reserved.
--> Parameter TMPDIR set to xst/projnav.tmp


Total REAL time to Xst completion: 1.00 secs
Total CPU time to Xst completion: 0.12 secs
 
--> Parameter xsthdpdir set to xst


Total REAL time to Xst completion: 1.00 secs
Total CPU time to Xst completion: 0.12 secs
 
--> Reading design: DK_16LED_8CT.prj

TABLE OF CONTENTS
  1) Synthesis Options Summary
  2) HDL Compilation
  3) Design Hierarchy Analysis
  4) HDL Analysis
  5) HDL Synthesis
     5.1) HDL Synthesis Report
  6) Advanced HDL Synthesis
     6.1) Advanced HDL Synthesis Report
  7) Low Level Synthesis
  8) Partition Report
  9) Final Report
	9.1) Device utilization summary
	9.2) Partition Resource Summary
	9.3) TIMING REPORT


=========================================================================
*                      Synthesis Options Summary                        *
=========================================================================
---- Source Parameters
Input File Name                    : "DK_16LED_8CT.prj"
Input Format                       : mixed
Ignore Synthesis Constraint File   : NO

---- Target Parameters
Output File Name                   : "DK_16LED_8CT"
Output Format                      : NGC
Target Device                      : xc3s500e-5-pq208

---- Source Options
Top Module Name                    : DK_16LED_8CT
Automatic FSM Extraction           : YES
FSM Encoding Algorithm             : Auto
Safe Implementation                : No
FSM Style                          : LUT
RAM Extraction                     : Yes
RAM Style                          : Auto
ROM Extraction                     : Yes
Mux Style                          : Auto
Decoder Extraction                 : YES
Priority Encoder Extraction        : Yes
Shift Register Extraction          : YES
Logical Shifter Extraction         : YES
XOR Collapsing                     : YES
ROM Style                          : Auto
Mux Extraction                     : Yes
Resource Sharing                   : YES
Asynchronous To Synchronous        : NO
Multiplier Style                   : Auto
Automatic Register Balancing       : No

---- Target Options
Add IO Buffers                     : YES
Global Maximum Fanout              : 100000
Add Generic Clock Buffer(BUFG)     : 24
Register Duplication               : YES
Slice Packing                      : YES
Optimize Instantiated Primitives   : NO
Use Clock Enable                   : Yes
Use Synchronous Set                : Yes
Use Synchronous Reset              : Yes
Pack IO Registers into IOBs        : Auto
Equivalent register Removal        : YES

---- General Options
Optimization Goal                  : Speed
Optimization Effort                : 1
Keep Hierarchy                     : No
Netlist Hierarchy                  : As_Optimized
RTL Output                         : Yes
Global Optimization                : AllClockNets
Read Cores                         : YES
Write Timing Constraints           : NO
Cross Clock Analysis               : NO
Hierarchy Separator                : /
Bus Delimiter                      : <>
Case Specifier                     : Maintain
Slice Utilization Ratio            : 100
BRAM Utilization Ratio             : 100
Verilog 2001                       : YES
Auto BRAM Packing                  : NO
Slice Utilization Ratio Delta      : 5

=========================================================================


=========================================================================
*                          HDL Compilation                              *
=========================================================================
Compiling vhdl file "C:/Users/TOSHIBA/Documents/TT_Xilinx/TTTKVMS_CHIEU_T5_NHOM_2/BAI_448_3_DK_16LED_8CT/DEM_3BIT_CHON_8KENH.vhd" in Library work.
Architecture behavioral of Entity dem_3bit_chon_8kenh is up to date.
Compiling vhdl file "C:/Users/TOSHIBA/Documents/TT_Xilinx/TTTKVMS_CHIEU_T5_NHOM_2/BAI_448_3_DK_16LED_8CT/QUET_ANODE_8LED_7DOAN.vhd" in Library work.
Architecture behavioral of Entity quet_anode_8led_7doan is up to date.
Compiling vhdl file "C:/Users/TOSHIBA/Documents/TT_Xilinx/TTTKVMS_CHIEU_T5_NHOM_2/BAI_448_3_DK_16LED_8CT/DAHOP_8KENH.vhd" in Library work.
Architecture behavioral of Entity dahop_8kenh is up to date.
Compiling vhdl file "C:/Users/TOSHIBA/Documents/TT_Xilinx/TTTKVMS_CHIEU_T5_NHOM_2/BAI_448_3_DK_16LED_8CT/GIAIMA_7DOAN_ENA.vhd" in Library work.
Architecture behavioral of Entity giaima_7doan_ena is up to date.
Compiling vhdl file "C:/Users/TOSHIBA/Documents/TT_Xilinx/TTTKVMS_CHIEU_T5_NHOM_2/BAI_448_3_DK_16LED_8CT/DEBOUNCE_BTN.vhd" in Library work.
Architecture behavioral of Entity debounce_btn is up to date.
Compiling vhdl file "C:/Users/TOSHIBA/Documents/TT_Xilinx/TTTKVMS_CHIEU_T5_NHOM_2/BAI_448_3_DK_16LED_8CT/LAM_HEP_XUNG.vhd" in Library work.
Architecture behavioral of Entity lam_hep_xung is up to date.
Compiling vhdl file "C:/Users/TOSHIBA/Documents/TT_Xilinx/TTTKVMS_CHIEU_T5_NHOM_2/BAI_448_3_DK_16LED_8CT/CD_LAM_HEP_BTN.vhd" in Library work.
Architecture behavioral of Entity cd_lam_hep_btn is up to date.
Compiling vhdl file "C:/Users/TOSHIBA/Documents/TT_Xilinx/TTTKVMS_CHIEU_T5_NHOM_2/BAI_448_3_DK_16LED_8CT/DEM_1BIT.vhd" in Library work.
Architecture behavioral of Entity dem_1bit is up to date.
Compiling vhdl file "C:/Users/TOSHIBA/Documents/TT_Xilinx/TTTKVMS_CHIEU_T5_NHOM_2/BAI_448_3_DK_16LED_8CT/CHIA_10ENA.vhd" in Library work.
Architecture behavioral of Entity chia_10ena is up to date.
Compiling vhdl file "C:/Users/TOSHIBA/Documents/TT_Xilinx/TTTKVMS_CHIEU_T5_NHOM_2/BAI_448_3_DK_16LED_8CT/LED_DSDC_PST.vhd" in Library work.
Architecture behavioral of Entity led_dsdc_pst is up to date.
Compiling vhdl file "C:/Users/TOSHIBA/Documents/TT_Xilinx/TTTKVMS_CHIEU_T5_NHOM_2/BAI_448_3_DK_16LED_8CT/LED_DSDC_TSP.vhd" in Library work.
Architecture behavioral of Entity led_dsdc_tsp is up to date.
Compiling vhdl file "C:/Users/TOSHIBA/Documents/TT_Xilinx/TTTKVMS_CHIEU_T5_NHOM_2/BAI_448_3_DK_16LED_8CT/LED_SANGDON_PST.vhd" in Library work.
Architecture behavioral of Entity led_sangdon_pst is up to date.
Compiling vhdl file "C:/Users/TOSHIBA/Documents/TT_Xilinx/TTTKVMS_CHIEU_T5_NHOM_2/BAI_448_3_DK_16LED_8CT/LED_SANGDON_TSP.vhd" in Library work.
Architecture behavioral of Entity led_sangdon_tsp is up to date.
Compiling vhdl file "C:/Users/TOSHIBA/Documents/TT_Xilinx/TTTKVMS_CHIEU_T5_NHOM_2/BAI_448_3_DK_16LED_8CT/DEM_2SO_GH.vhd" in Library work.
Entity <dem_2so_gh> compiled.
Entity <dem_2so_gh> (Architecture <behavioral>) compiled.
Compiling vhdl file "C:/Users/TOSHIBA/Documents/TT_Xilinx/TTTKVMS_CHIEU_T5_NHOM_2/BAI_448_3_DK_16LED_8CT/GIAIMA_HIENTHI_8LED_7DOAN.vhd" in Library work.
Architecture behavioral of Entity giaima_hienthi_8led_7doan is up to date.
Compiling vhdl file "C:/Users/TOSHIBA/Documents/TT_Xilinx/TTTKVMS_CHIEU_T5_NHOM_2/BAI_448_3_DK_16LED_8CT/DK_16LED_8CT.vhd" in Library work.
Architecture behavioral of Entity dk_16led_8ct is up to date.

=========================================================================
*                     Design Hierarchy Analysis                         *
=========================================================================
Analyzing hierarchy for entity <DK_16LED_8CT> in library <work> (architecture <behavioral>).

Analyzing hierarchy for entity <CD_LAM_HEP_BTN> in library <work> (architecture <Behavioral>).

Analyzing hierarchy for entity <DEM_1BIT> in library <work> (architecture <Behavioral>).

Analyzing hierarchy for entity <CHIA_10ENA> in library <work> (architecture <Behavioral>).

Analyzing hierarchy for entity <LED_DSDC_PST> in library <work> (architecture <Behavioral>).

Analyzing hierarchy for entity <LED_DSDC_TSP> in library <work> (architecture <Behavioral>).

Analyzing hierarchy for entity <LED_SANGDON_PST> in library <work> (architecture <Behavioral>).

Analyzing hierarchy for entity <LED_SANGDON_TSP> in library <work> (architecture <Behavioral>).

Analyzing hierarchy for entity <DEM_2SO_GH> in library <work> (architecture <Behavioral>).

Analyzing hierarchy for entity <GIAIMA_HIENTHI_8LED_7DOAN> in library <work> (architecture <Behavioral>).

Analyzing hierarchy for entity <DEBOUNCE_BTN> in library <work> (architecture <Behavioral>).

Analyzing hierarchy for entity <LAM_HEP_XUNG> in library <work> (architecture <Behavioral>).

Analyzing hierarchy for entity <DEM_3BIT_CHON_8KENH> in library <work> (architecture <Behavioral>).

Analyzing hierarchy for entity <QUET_ANODE_8LED_7DOAN> in library <work> (architecture <Behavioral>).

Analyzing hierarchy for entity <DAHOP_8KENH> in library <work> (architecture <Behavioral>).

Analyzing hierarchy for entity <GIAIMA_7DOAN_ENA> in library <work> (architecture <Behavioral>).


=========================================================================
*                            HDL Analysis                               *
=========================================================================
Analyzing Entity <DK_16LED_8CT> in library <work> (Architecture <behavioral>).
Entity <DK_16LED_8CT> analyzed. Unit <DK_16LED_8CT> generated.

Analyzing Entity <CD_LAM_HEP_BTN> in library <work> (Architecture <Behavioral>).
Entity <CD_LAM_HEP_BTN> analyzed. Unit <CD_LAM_HEP_BTN> generated.

Analyzing Entity <DEBOUNCE_BTN> in library <work> (Architecture <Behavioral>).
Entity <DEBOUNCE_BTN> analyzed. Unit <DEBOUNCE_BTN> generated.

Analyzing Entity <LAM_HEP_XUNG> in library <work> (Architecture <Behavioral>).
Entity <LAM_HEP_XUNG> analyzed. Unit <LAM_HEP_XUNG> generated.

Analyzing Entity <DEM_1BIT> in library <work> (Architecture <Behavioral>).
Entity <DEM_1BIT> analyzed. Unit <DEM_1BIT> generated.

Analyzing Entity <CHIA_10ENA> in library <work> (Architecture <Behavioral>).
Entity <CHIA_10ENA> analyzed. Unit <CHIA_10ENA> generated.

Analyzing Entity <LED_DSDC_PST> in library <work> (Architecture <Behavioral>).
Entity <LED_DSDC_PST> analyzed. Unit <LED_DSDC_PST> generated.

Analyzing Entity <LED_DSDC_TSP> in library <work> (Architecture <Behavioral>).
Entity <LED_DSDC_TSP> analyzed. Unit <LED_DSDC_TSP> generated.

Analyzing Entity <LED_SANGDON_PST> in library <work> (Architecture <Behavioral>).
Entity <LED_SANGDON_PST> analyzed. Unit <LED_SANGDON_PST> generated.

Analyzing Entity <LED_SANGDON_TSP> in library <work> (Architecture <Behavioral>).
Entity <LED_SANGDON_TSP> analyzed. Unit <LED_SANGDON_TSP> generated.

Analyzing Entity <DEM_2SO_GH> in library <work> (Architecture <Behavioral>).
Entity <DEM_2SO_GH> analyzed. Unit <DEM_2SO_GH> generated.

Analyzing Entity <GIAIMA_HIENTHI_8LED_7DOAN> in library <work> (Architecture <Behavioral>).
Entity <GIAIMA_HIENTHI_8LED_7DOAN> analyzed. Unit <GIAIMA_HIENTHI_8LED_7DOAN> generated.

Analyzing Entity <DEM_3BIT_CHON_8KENH> in library <work> (Architecture <Behavioral>).
Entity <DEM_3BIT_CHON_8KENH> analyzed. Unit <DEM_3BIT_CHON_8KENH> generated.

Analyzing Entity <QUET_ANODE_8LED_7DOAN> in library <work> (Architecture <Behavioral>).
Entity <QUET_ANODE_8LED_7DOAN> analyzed. Unit <QUET_ANODE_8LED_7DOAN> generated.

Analyzing Entity <DAHOP_8KENH> in library <work> (Architecture <Behavioral>).
INFO:Xst:1561 - "C:/Users/TOSHIBA/Documents/TT_Xilinx/TTTKVMS_CHIEU_T5_NHOM_2/BAI_448_3_DK_16LED_8CT/DAHOP_8KENH.vhd" line 61: Mux is complete : default of case is discarded
INFO:Xst:1561 - "C:/Users/TOSHIBA/Documents/TT_Xilinx/TTTKVMS_CHIEU_T5_NHOM_2/BAI_448_3_DK_16LED_8CT/DAHOP_8KENH.vhd" line 77: Mux is complete : default of case is discarded
INFO:Xst:1561 - "C:/Users/TOSHIBA/Documents/TT_Xilinx/TTTKVMS_CHIEU_T5_NHOM_2/BAI_448_3_DK_16LED_8CT/DAHOP_8KENH.vhd" line 92: Mux is complete : default of case is discarded
Entity <DAHOP_8KENH> analyzed. Unit <DAHOP_8KENH> generated.

Analyzing Entity <GIAIMA_7DOAN_ENA> in library <work> (Architecture <Behavioral>).
Entity <GIAIMA_7DOAN_ENA> analyzed. Unit <GIAIMA_7DOAN_ENA> generated.


=========================================================================
*                           HDL Synthesis                               *
=========================================================================

Performing bidirectional port resolution...

Synthesizing Unit <DEM_1BIT>.
    Related source file is "C:/Users/TOSHIBA/Documents/TT_Xilinx/TTTKVMS_CHIEU_T5_NHOM_2/BAI_448_3_DK_16LED_8CT/DEM_1BIT.vhd".
    Found 1-bit register for signal <Q_R>.
    Summary:
	inferred   1 D-type flip-flop(s).
Unit <DEM_1BIT> synthesized.


Synthesizing Unit <CHIA_10ENA>.
    Related source file is "C:/Users/TOSHIBA/Documents/TT_Xilinx/TTTKVMS_CHIEU_T5_NHOM_2/BAI_448_3_DK_16LED_8CT/CHIA_10ENA.vhd".
    Found 23-bit adder for signal <D10HZ_N$addsub0000> created at line 98.
    Found 23-bit register for signal <D10HZ_R>.
    Found 16-bit adder for signal <D1KHZ_N$addsub0000> created at line 93.
    Found 16-bit register for signal <D1KHZ_R>.
    Found 24-bit adder for signal <D5HZ_N$addsub0000> created at line 99.
    Found 24-bit register for signal <D5HZ_R>.
    Summary:
	inferred  63 D-type flip-flop(s).
	inferred   3 Adder/Subtractor(s).
Unit <CHIA_10ENA> synthesized.


Synthesizing Unit <LED_DSDC_PST>.
    Related source file is "C:/Users/TOSHIBA/Documents/TT_Xilinx/TTTKVMS_CHIEU_T5_NHOM_2/BAI_448_3_DK_16LED_8CT/LED_DSDC_PST.vhd".
    Found 15-bit register for signal <Q_R>.
Unit <LED_DSDC_PST> synthesized.


Synthesizing Unit <LED_DSDC_TSP>.
    Related source file is "C:/Users/TOSHIBA/Documents/TT_Xilinx/TTTKVMS_CHIEU_T5_NHOM_2/BAI_448_3_DK_16LED_8CT/LED_DSDC_TSP.vhd".
    Found 13-bit register for signal <Q_R>.
Unit <LED_DSDC_TSP> synthesized.


Synthesizing Unit <LED_SANGDON_PST>.
    Related source file is "C:/Users/TOSHIBA/Documents/TT_Xilinx/TTTKVMS_CHIEU_T5_NHOM_2/BAI_448_3_DK_16LED_8CT/LED_SANGDON_PST.vhd".
    Found 4-bit register for signal <DC_R>.
    Found 4-bit subtractor for signal <DC_R$addsub0000> created at line 88.
    Found 4-bit subtractor for signal <DC_R$sub0000> created at line 85.
    Found 4-bit register for signal <DL_R>.
    Found 13-bit register for signal <X_R>.
    Found 13-bit register for signal <Y_R>.
    Summary:
	inferred  26 D-type flip-flop(s).
	inferred   2 Adder/Subtractor(s).
Unit <LED_SANGDON_PST> synthesized.


Synthesizing Unit <LED_SANGDON_TSP>.
    Related source file is "C:/Users/TOSHIBA/Documents/TT_Xilinx/TTTKVMS_CHIEU_T5_NHOM_2/BAI_448_3_DK_16LED_8CT/LED_SANGDON_TSP.vhd".
    Found 4-bit register for signal <DC_R>.
    Found 4-bit subtractor for signal <DC_R$addsub0000> created at line 88.
    Found 4-bit subtractor for signal <DC_R$sub0000> created at line 85.
    Found 4-bit register for signal <DL_R>.
    Found 13-bit register for signal <X_R>.
    Found 13-bit register for signal <Y_R>.
    Summary:
	inferred  26 D-type flip-flop(s).
	inferred   2 Adder/Subtractor(s).
Unit <LED_SANGDON_TSP> synthesized.


Synthesizing Unit <DEM_2SO_GH>.
    Related source file is "C:/Users/TOSHIBA/Documents/TT_Xilinx/TTTKVMS_CHIEU_T5_NHOM_2/BAI_448_3_DK_16LED_8CT/DEM_2SO_GH.vhd".
    Found 4-bit adder for signal <CHUC_N$addsub0000> created at line 68.
    Found 4-bit subtractor for signal <CHUC_N$addsub0001> created at line 81.
    Found 4-bit register for signal <CHUC_R>.
    Found 4-bit adder for signal <DONVI_N$addsub0000> created at line 65.
    Found 4-bit subtractor for signal <DONVI_N$addsub0001> created at line 78.
    Found 4-bit register for signal <DONVI_R>.
    Summary:
	inferred   4 D-type flip-flop(s).
	inferred   4 Adder/Subtractor(s).
Unit <DEM_2SO_GH> synthesized.


Synthesizing Unit <DEBOUNCE_BTN>.
    Related source file is "C:/Users/TOSHIBA/Documents/TT_Xilinx/TTTKVMS_CHIEU_T5_NHOM_2/BAI_448_3_DK_16LED_8CT/DEBOUNCE_BTN.vhd".
    Found finite state machine <FSM_0> for signal <DB_R>.
    -----------------------------------------------------------------------
    | States             | 4                                              |
    | Transitions        | 10                                             |
    | Inputs             | 2                                              |
    | Outputs            | 5                                              |
    | Clock              | CKHT                      (falling_edge)       |
    | Power Up State     | zero                                           |
    | Encoding           | automatic                                      |
    | Implementation     | LUT                                            |
    -----------------------------------------------------------------------
    Found 20-bit register for signal <DL_R>.
    Found 20-bit subtractor for signal <DL_R$addsub0000>.
    Summary:
	inferred   1 Finite State Machine(s).
	inferred  20 D-type flip-flop(s).
	inferred   1 Adder/Subtractor(s).
Unit <DEBOUNCE_BTN> synthesized.


Synthesizing Unit <LAM_HEP_XUNG>.
    Related source file is "C:/Users/TOSHIBA/Documents/TT_Xilinx/TTTKVMS_CHIEU_T5_NHOM_2/BAI_448_3_DK_16LED_8CT/LAM_HEP_XUNG.vhd".
    Found 1-bit register for signal <QFF>.
    Summary:
	inferred   1 D-type flip-flop(s).
Unit <LAM_HEP_XUNG> synthesized.


Synthesizing Unit <DEM_3BIT_CHON_8KENH>.
    Related source file is "C:/Users/TOSHIBA/Documents/TT_Xilinx/TTTKVMS_CHIEU_T5_NHOM_2/BAI_448_3_DK_16LED_8CT/DEM_3BIT_CHON_8KENH.vhd".
    Found 3-bit up counter for signal <Q_R>.
    Summary:
	inferred   1 Counter(s).
Unit <DEM_3BIT_CHON_8KENH> synthesized.


Synthesizing Unit <QUET_ANODE_8LED_7DOAN>.
    Related source file is "C:/Users/TOSHIBA/Documents/TT_Xilinx/TTTKVMS_CHIEU_T5_NHOM_2/BAI_448_3_DK_16LED_8CT/QUET_ANODE_8LED_7DOAN.vhd".
    Found 1-of-8 decoder for signal <ANODE>.
    Summary:
	inferred   1 Decoder(s).
Unit <QUET_ANODE_8LED_7DOAN> synthesized.


Synthesizing Unit <DAHOP_8KENH>.
    Related source file is "C:/Users/TOSHIBA/Documents/TT_Xilinx/TTTKVMS_CHIEU_T5_NHOM_2/BAI_448_3_DK_16LED_8CT/DAHOP_8KENH.vhd".
    Found 8x1-bit ROM for signal <ENA_1LED>.
    Found 4-bit 8-to-1 multiplexer for signal <SO_GMA>.
    Summary:
	inferred   1 ROM(s).
	inferred   4 Multiplexer(s).
Unit <DAHOP_8KENH> synthesized.


Synthesizing Unit <GIAIMA_7DOAN_ENA>.
    Related source file is "C:/Users/TOSHIBA/Documents/TT_Xilinx/TTTKVMS_CHIEU_T5_NHOM_2/BAI_448_3_DK_16LED_8CT/GIAIMA_7DOAN_ENA.vhd".
Unit <GIAIMA_7DOAN_ENA> synthesized.


Synthesizing Unit <CD_LAM_HEP_BTN>.
    Related source file is "C:/Users/TOSHIBA/Documents/TT_Xilinx/TTTKVMS_CHIEU_T5_NHOM_2/BAI_448_3_DK_16LED_8CT/CD_LAM_HEP_BTN.vhd".
Unit <CD_LAM_HEP_BTN> synthesized.


Synthesizing Unit <GIAIMA_HIENTHI_8LED_7DOAN>.
    Related source file is "C:/Users/TOSHIBA/Documents/TT_Xilinx/TTTKVMS_CHIEU_T5_NHOM_2/BAI_448_3_DK_16LED_8CT/GIAIMA_HIENTHI_8LED_7DOAN.vhd".
Unit <GIAIMA_HIENTHI_8LED_7DOAN> synthesized.


Synthesizing Unit <DK_16LED_8CT>.
    Related source file is "C:/Users/TOSHIBA/Documents/TT_Xilinx/TTTKVMS_CHIEU_T5_NHOM_2/BAI_448_3_DK_16LED_8CT/DK_16LED_8CT.vhd".
    Found 1-of-4 decoder for signal <OE>.
    Summary:
	inferred   1 Decoder(s).
Unit <DK_16LED_8CT> synthesized.

INFO:Xst:1767 - HDL ADVISOR - Resource sharing has identified that some arithmetic operations in this design can share the same physical resources for reduced device utilization. For improved clock frequency you may try to disable resource sharing.

=========================================================================
HDL Synthesis Report

Macro Statistics
# ROMs                                                 : 1
 8x1-bit ROM                                           : 1
# Adders/Subtractors                                   : 14
 16-bit adder                                          : 1
 20-bit subtractor                                     : 3
 23-bit adder                                          : 1
 24-bit adder                                          : 1
 4-bit adder                                           : 2
 4-bit subtractor                                      : 6
# Counters                                             : 1
 3-bit up counter                                      : 1
# Registers                                            : 24
 1-bit register                                        : 6
 13-bit register                                       : 5
 15-bit register                                       : 1
 16-bit register                                       : 1
 20-bit register                                       : 3
 23-bit register                                       : 1
 24-bit register                                       : 1
 4-bit register                                        : 6
# Multiplexers                                         : 1
 4-bit 8-to-1 multiplexer                              : 1
# Decoders                                             : 2
 1-of-4 decoder                                        : 1
 1-of-8 decoder                                        : 1

=========================================================================

=========================================================================
*                       Advanced HDL Synthesis                          *
=========================================================================

Analyzing FSM <FSM_0> for best encoding.
Optimizing FSM <ICK1/IC3/DB_R/FSM> on signal <DB_R[1:2]> with sequential encoding.
Optimizing FSM <ICK12/IC3/DB_R/FSM> on signal <DB_R[1:2]> with sequential encoding.
Optimizing FSM <ICK13/IC3/DB_R/FSM> on signal <DB_R[1:2]> with sequential encoding.
-------------------
 State | Encoding
-------------------
 zero  | 00
 wait0 | 11
 one   | 10
 wait1 | 01
-------------------

=========================================================================
Advanced HDL Synthesis Report

Macro Statistics
# FSMs                                                 : 1
# ROMs                                                 : 1
 8x1-bit ROM                                           : 1
# Adders/Subtractors                                   : 14
 16-bit adder                                          : 1
 20-bit subtractor                                     : 3
 23-bit adder                                          : 1
 24-bit adder                                          : 1
 4-bit adder                                           : 2
 4-bit subtractor                                      : 6
# Counters                                             : 1
 3-bit up counter                                      : 1
# Registers                                            : 233
 Flip-Flops                                            : 233
# Multiplexers                                         : 1
 4-bit 8-to-1 multiplexer                              : 1
# Decoders                                             : 2
 1-of-4 decoder                                        : 1
 1-of-8 decoder                                        : 1

=========================================================================

=========================================================================
*                         Low Level Synthesis                           *
=========================================================================

Optimizing unit <DK_16LED_8CT> ...

Optimizing unit <CHIA_10ENA> ...

Optimizing unit <DEBOUNCE_BTN> ...

Optimizing unit <LED_DSDC_PST> ...

Optimizing unit <LED_DSDC_TSP> ...

Optimizing unit <LED_SANGDON_PST> ...

Optimizing unit <LED_SANGDON_TSP> ...

Optimizing unit <DEM_2SO_GH> ...

Mapping all equations...
Building and optimizing final netlist ...
Found area constraint ratio of 100 (+ 5) on block DK_16LED_8CT, actual ratio is 5.

Final Macro Processing ...

=========================================================================
Final Register Report

Macro Statistics
# Registers                                            : 242
 Flip-Flops                                            : 242

=========================================================================

=========================================================================
*                           Partition Report                            *
=========================================================================

Partition Implementation Status
-------------------------------

  No Partitions were found in this design.

-------------------------------

=========================================================================
*                            Final Report                               *
=========================================================================
Final Results
RTL Top Level Output File Name     : DK_16LED_8CT.ngr
Top Level Output File Name         : DK_16LED_8CT
Output Format                      : NGC
Optimization Goal                  : Speed
Keep Hierarchy                     : No

Design Statistics
# IOs                              : 36

Cell Usage :
# BELS                             : 757
#      GND                         : 1
#      INV                         : 66
#      LUT1                        : 63
#      LUT2                        : 10
#      LUT2_D                      : 1
#      LUT2_L                      : 1
#      LUT3                        : 124
#      LUT3_D                      : 3
#      LUT3_L                      : 5
#      LUT4                        : 172
#      LUT4_D                      : 8
#      LUT4_L                      : 18
#      MUXCY                       : 132
#      MUXF5                       : 29
#      VCC                         : 1
#      XORCY                       : 123
# FlipFlops/Latches                : 242
#      FD_1                        : 6
#      FDC_1                       : 6
#      FDCE_1                      : 87
#      FDE                         : 3
#      FDP_1                       : 2
#      FDPE_1                      : 12
#      FDR_1                       : 60
#      FDS_1                       : 3
#      FDSE_1                      : 63
# Clock Buffers                    : 1
#      BUFGP                       : 1
# IO Buffers                       : 35
#      IBUF                        : 6
#      OBUF                        : 29
=========================================================================

Device utilization summary:
---------------------------

Selected Device : 3s500epq208-5 

 Number of Slices:                      252  out of   4656     5%  
 Number of Slice Flip Flops:            242  out of   9312     2%  
 Number of 4 input LUTs:                471  out of   9312     5%  
 Number of IOs:                          36
 Number of bonded IOBs:                  36  out of    158    22%  
 Number of GCLKs:                         1  out of     24     4%  

---------------------------
Partition Resource Summary:
---------------------------

  No Partitions were found in this design.

---------------------------


=========================================================================
TIMING REPORT

NOTE: THESE TIMING NUMBERS ARE ONLY A SYNTHESIS ESTIMATE.
      FOR ACCURATE TIMING INFORMATION PLEASE REFER TO THE TRACE REPORT
      GENERATED AFTER PLACE-and-ROUTE.

Clock Information:
------------------
-----------------------------------+------------------------+-------+
Clock Signal                       | Clock buffer(FF name)  | Load  |
-----------------------------------+------------------------+-------+
CKHT                               | BUFGP                  | 242   |
-----------------------------------+------------------------+-------+

Asynchronous Control Signals Information:
----------------------------------------
-----------------------------------+------------------------+-------+
Control Signal                     | Buffer(FF name)        | Load  |
-----------------------------------+------------------------+-------+
BTN<0>                             | IBUF                   | 107   |
-----------------------------------+------------------------+-------+

Timing Summary:
---------------
Speed Grade: -5

   Minimum period: 7.394ns (Maximum Frequency: 135.238MHz)
   Minimum input arrival time before clock: 5.629ns
   Maximum output required time after clock: 9.086ns
   Maximum combinational path delay: 8.899ns

Timing Detail:
--------------
All values displayed in nanoseconds (ns)

=========================================================================
Timing constraint: Default period analysis for Clock 'CKHT'
  Clock period: 7.394ns (frequency: 135.238MHz)
  Total number of paths / destination ports: 8592 / 530
-------------------------------------------------------------------------
Delay:               7.394ns (Levels of Logic = 6)
  Source:            ICK12/IC3/DB_R_FSM_FFd1 (FF)
  Destination:       ICSSEG2/CHUC_R_2 (FF)
  Source Clock:      CKHT falling
  Destination Clock: CKHT falling

  Data Path: ICK12/IC3/DB_R_FSM_FFd1 to ICSSEG2/CHUC_R_2
                                Gate     Net
    Cell:in->out      fanout   Delay   Delay  Logical Name (Net Name)
    ----------------------------------------  ------------
     FD_1:C->Q             9   0.514   0.766  ICK12/IC3/DB_R_FSM_FFd1 (ICK12/IC3/DB_R_FSM_FFd1)
     LUT2:I1->O           10   0.612   0.753  ICK12/IC4/Q1 (ENAUD)
     LUT4:I3->O            6   0.612   0.572  ICSSEG2/CHUC_N<1>111 (ICSSEG2/N16)
     LUT4:I3->O            1   0.612   0.360  ICSSEG2/CHUC_N<2>42 (ICSSEG2/CHUC_N<2>42)
     LUT4:I3->O            1   0.612   0.387  ICSSEG2/CHUC_N<2>60_SW0 (N153)
     LUT4_L:I2->LO         1   0.612   0.103  ICSSEG2/CHUC_N<2>60 (ICSSEG2/CHUC_N<2>60)
     LUT4:I3->O            1   0.612   0.000  ICSSEG2/CHUC_N<2>65 (ICSSEG2/CHUC_N<2>)
     FDC_1:D                   0.268          ICSSEG2/CHUC_R_2
    ----------------------------------------
    Total                      7.394ns (4.454ns logic, 2.940ns route)
                                       (60.2% logic, 39.8% route)

=========================================================================
Timing constraint: Default OFFSET IN BEFORE for Clock 'CKHT'
  Total number of paths / destination ports: 466 / 258
-------------------------------------------------------------------------
Offset:              5.629ns (Levels of Logic = 3)
  Source:            SW<0> (PAD)
  Destination:       IC9/DL_R_0 (FF)
  Destination Clock: CKHT falling

  Data Path: SW<0> to IC9/DL_R_0
                                Gate     Net
    Cell:in->out      fanout   Delay   Delay  Logical Name (Net Name)
    ----------------------------------------  ------------
     IBUF:I->O            60   1.106   1.232  SW_0_IBUF (SW_0_IBUF)
     LUT2:I0->O            5   0.612   0.690  Mdecod_OE31 (OE<3>)
     LUT4:I0->O           17   0.612   0.893  IC9/X_R_not0001 (IC9/X_R_not0001)
     FDCE_1:CE                 0.483          IC9/X_R_0
    ----------------------------------------
    Total                      5.629ns (2.813ns logic, 2.816ns route)
                                       (50.0% logic, 50.0% route)

=========================================================================
Timing constraint: Default OFFSET OUT AFTER for Clock 'CKHT'
  Total number of paths / destination ports: 265 / 28
-------------------------------------------------------------------------
Offset:              9.086ns (Levels of Logic = 5)
  Source:            ICSSEG3/K1/Q_R_0 (FF)
  Destination:       SSEG<0> (PAD)
  Source Clock:      CKHT falling

  Data Path: ICSSEG3/K1/Q_R_0 to SSEG<0>
                                Gate     Net
    Cell:in->out      fanout   Delay   Delay  Logical Name (Net Name)
    ----------------------------------------  ------------
     FDE:C->Q             16   0.514   1.031  ICSSEG3/K1/Q_R_0 (ICSSEG3/K1/Q_R_0)
     LUT3:I0->O            7   0.612   0.671  ICSSEG3/K3/Mmux_SO_GMA8_SW0 (N53)
     LUT3:I1->O            1   0.612   0.509  ICSSEG3/K3/Mmux_SO_GMA8 (ICSSEG3/SO_GMA<3>)
     LUT4:I0->O            1   0.612   0.387  ICSSEG3/K4/SSEG<0>_SW0 (N55)
     LUT3:I2->O            1   0.612   0.357  ICSSEG3/K4/SSEG<0> (SSEG_0_OBUF)
     OBUF:I->O                 3.169          SSEG_0_OBUF (SSEG<0>)
    ----------------------------------------
    Total                      9.086ns (6.131ns logic, 2.955ns route)
                                       (67.5% logic, 32.5% route)

=========================================================================
Timing constraint: Default path analysis
  Total number of paths / destination ports: 43 / 13
-------------------------------------------------------------------------
Delay:               8.899ns (Levels of Logic = 5)
  Source:            SW<0> (PAD)
  Destination:       LED<0> (PAD)

  Data Path: SW<0> to LED<0>
                                Gate     Net
    Cell:in->out      fanout   Delay   Delay  Logical Name (Net Name)
    ----------------------------------------  ------------
     IBUF:I->O            60   1.106   1.232  SW_0_IBUF (SW_0_IBUF)
     LUT2:I0->O            5   0.612   0.690  Mdecod_OE31 (OE<3>)
     LUT4:I0->O            1   0.612   0.509  LED<0>5 (LED<0>5)
     LUT2:I0->O            1   0.612   0.357  LED<0>14 (LED_0_OBUF)
     OBUF:I->O                 3.169          LED_0_OBUF (LED<0>)
    ----------------------------------------
    Total                      8.899ns (6.111ns logic, 2.788ns route)
                                       (68.7% logic, 31.3% route)

=========================================================================


Total REAL time to Xst completion: 9.00 secs
Total CPU time to Xst completion: 8.30 secs
 
--> 

Total memory usage is 4553004 kilobytes

Number of errors   :    0 (   0 filtered)
Number of warnings :    0 (   0 filtered)
Number of infos    :    4 (   0 filtered)

