--------------------------------------------------------------------------------
Release 14.7 Trace  (nt64)
Copyright (c) 1995-2013 Xilinx, Inc.  All rights reserved.

C:\Xilinx\14.7\ISE_DS\ISE\bin\nt64\unwrapped\trce.exe -intstyle ise -v 3 -s 3
-n 3 -fastpaths -xml DK_8LED_STD_PST.twx DK_8LED_STD_PST.ncd -o
DK_8LED_STD_PST.twr DK_8LED_STD_PST.pcf

Design file:              DK_8LED_STD_PST.ncd
Physical constraint file: DK_8LED_STD_PST.pcf
Device,package,speed:     xc6slx9,tqg144,C,-3 (PRODUCTION 1.23 2013-10-13)
Report level:             verbose report

Environment Variable      Effect 
--------------------      ------ 
NONE                      No environment variables were set
--------------------------------------------------------------------------------

INFO:Timing:2698 - No timing constraints found, doing default enumeration.
INFO:Timing:3412 - To improve timing, see the Timing Closure User Guide (UG612).
INFO:Timing:2752 - To get complete path coverage, use the unconstrained paths 
   option. All paths that are not constrained will be reported in the 
   unconstrained paths section(s) of the report.
INFO:Timing:3339 - The clock-to-out numbers in this timing report are based on 
   a 50 Ohm transmission line loading model.  For the details of this model, 
   and for more information on accounting for different loading conditions, 
   please see the device datasheet.



Data Sheet report:
-----------------
All values displayed in nanoseconds (ns)

Setup/Hold to clock CKHT
------------+------------+------------+------------+------------+------------------+--------+
            |Max Setup to|  Process   |Max Hold to |  Process   |                  | Clock  |
Source      | clk (edge) |   Corner   | clk (edge) |   Corner   |Internal Clock(s) | Phase  |
------------+------------+------------+------------+------------+------------------+--------+
BTN         |    3.031(F)|      SLOW  |   -0.955(F)|      FAST  |CKHT_BUFGP        |   0.000|
SW          |    2.856(F)|      SLOW  |   -0.775(F)|      SLOW  |CKHT_BUFGP        |   0.000|
------------+------------+------------+------------+------------+------------------+--------+

Clock CKHT to Pad
------------+-----------------+------------+-----------------+------------+------------------+--------+
            |Max (slowest) clk|  Process   |Min (fastest) clk|  Process   |                  | Clock  |
Destination |  (edge) to PAD  |   Corner   |  (edge) to PAD  |   Corner   |Internal Clock(s) | Phase  |
------------+-----------------+------------+-----------------+------------+------------------+--------+
LED<0>      |         8.343(F)|      SLOW  |         4.350(F)|      FAST  |CKHT_BUFGP        |   0.000|
LED<1>      |         7.618(F)|      SLOW  |         3.867(F)|      FAST  |CKHT_BUFGP        |   0.000|
LED<2>      |         7.580(F)|      SLOW  |         3.859(F)|      FAST  |CKHT_BUFGP        |   0.000|
LED<3>      |         8.096(F)|      SLOW  |         4.194(F)|      FAST  |CKHT_BUFGP        |   0.000|
LED<4>      |         7.683(F)|      SLOW  |         3.909(F)|      FAST  |CKHT_BUFGP        |   0.000|
LED<5>      |         7.806(F)|      SLOW  |         3.933(F)|      FAST  |CKHT_BUFGP        |   0.000|
LED<6>      |         7.614(F)|      SLOW  |         3.862(F)|      FAST  |CKHT_BUFGP        |   0.000|
LED<7>      |         7.899(F)|      SLOW  |         4.079(F)|      FAST  |CKHT_BUFGP        |   0.000|
------------+-----------------+------------+-----------------+------------+------------------+--------+

Clock to Setup on destination clock CKHT
---------------+---------+---------+---------+---------+
               | Src:Rise| Src:Fall| Src:Rise| Src:Fall|
Source Clock   |Dest:Rise|Dest:Rise|Dest:Fall|Dest:Fall|
---------------+---------+---------+---------+---------+
CKHT           |         |         |         |    3.365|
---------------+---------+---------+---------+---------+

Pad to Pad
---------------+---------------+---------+
Source Pad     |Destination Pad|  Delay  |
---------------+---------------+---------+
SW             |LED<0>         |    7.164|
SW             |LED<1>         |    7.224|
SW             |LED<2>         |    7.392|
SW             |LED<3>         |    7.818|
SW             |LED<4>         |    7.517|
SW             |LED<5>         |    7.508|
SW             |LED<6>         |    7.283|
SW             |LED<7>         |    6.693|
---------------+---------------+---------+


Analysis completed Wed Jun 10 20:03:08 2020 
--------------------------------------------------------------------------------

Trace Settings:
-------------------------
Trace Settings 

Peak Memory Usage: 4572 MB



