Release 14.7 - xst P.20131013 (nt64)
Copyright (c) 1995-2013 Xilinx, Inc.  All rights reserved.
--> Parameter TMPDIR set to xst/projnav.tmp


Total REAL time to Xst completion: 0.00 secs
Total CPU time to Xst completion: 0.21 secs
 
--> Parameter xsthdpdir set to xst


Total REAL time to Xst completion: 0.00 secs
Total CPU time to Xst completion: 0.21 secs
 
--> Reading design: DK_8LED_STD_PST.prj

TABLE OF CONTENTS
  1) Synthesis Options Summary
  2) HDL Parsing
  3) HDL Elaboration
  4) HDL Synthesis
       4.1) HDL Synthesis Report
  5) Advanced HDL Synthesis
       5.1) Advanced HDL Synthesis Report
  6) Low Level Synthesis
  7) Partition Report
  8) Design Summary
       8.1) Primitive and Black Box Usage
       8.2) Device utilization summary
       8.3) Partition Resource Summary
       8.4) Timing Report
            8.4.1) Clock Information
            8.4.2) Asynchronous Control Signals Information
            8.4.3) Timing Summary
            8.4.4) Timing Details
            8.4.5) Cross Clock Domains Report


=========================================================================
*                      Synthesis Options Summary                        *
=========================================================================
---- Source Parameters
Input File Name                    : "DK_8LED_STD_PST.prj"
Ignore Synthesis Constraint File   : NO

---- Target Parameters
Output File Name                   : "DK_8LED_STD_PST"
Output Format                      : NGC
Target Device                      : xc6slx9-3-tqg144

---- Source Options
Top Module Name                    : DK_8LED_STD_PST
Automatic FSM Extraction           : YES
FSM Encoding Algorithm             : Auto
Safe Implementation                : No
FSM Style                          : LUT
RAM Extraction                     : Yes
RAM Style                          : Auto
ROM Extraction                     : Yes
Shift Register Extraction          : YES
ROM Style                          : Auto
Resource Sharing                   : YES
Asynchronous To Synchronous        : NO
Shift Register Minimum Size        : 2
Use DSP Block                      : Auto
Automatic Register Balancing       : No

---- Target Options
LUT Combining                      : Auto
Reduce Control Sets                : Auto
Add IO Buffers                     : YES
Global Maximum Fanout              : 100000
Add Generic Clock Buffer(BUFG)     : 16
Register Duplication               : YES
Optimize Instantiated Primitives   : NO
Use Clock Enable                   : Auto
Use Synchronous Set                : Auto
Use Synchronous Reset              : Auto
Pack IO Registers into IOBs        : Auto
Equivalent register Removal        : YES

---- General Options
Optimization Goal                  : Speed
Optimization Effort                : 1
Power Reduction                    : NO
Keep Hierarchy                     : No
Netlist Hierarchy                  : As_Optimized
RTL Output                         : Yes
Global Optimization                : AllClockNets
Read Cores                         : YES
Write Timing Constraints           : NO
Cross Clock Analysis               : NO
Hierarchy Separator                : /
Bus Delimiter                      : <>
Case Specifier                     : Maintain
Slice Utilization Ratio            : 100
BRAM Utilization Ratio             : 100
DSP48 Utilization Ratio            : 100
Auto BRAM Packing                  : NO
Slice Utilization Ratio Delta      : 5

=========================================================================


=========================================================================
*                          HDL Parsing                                  *
=========================================================================
Parsing VHDL file "C:\Users\Admin\Documents\TT-HDL-N7-S2\BAI_441_DK_8LED_STD_PST\LED_STD_PST.vhd" into library work
Parsing entity <LED_STD_PST>.
Parsing architecture <Behavioral> of entity <led_std_pst>.
Parsing VHDL file "C:\Users\Admin\Documents\TT-HDL-N7-S2\BAI_441_DK_8LED_STD_PST\CHIA_10ENA.vhd" into library work
Parsing entity <CHIA_10ENA>.
Parsing architecture <Behavioral> of entity <chia_10ena>.
Parsing VHDL file "C:\Users\Admin\Documents\TT-HDL-N7-S2\BAI_441_DK_8LED_STD_PST\DK_8LED_STD_PST.vhd" into library work
Parsing entity <DK_8LED_STD_PST>.
Parsing architecture <Behavioral> of entity <dk_8led_std_pst>.

=========================================================================
*                            HDL Elaboration                            *
=========================================================================

Elaborating entity <DK_8LED_STD_PST> (architecture <Behavioral>) from library <work>.

Elaborating entity <CHIA_10ENA> (architecture <Behavioral>) from library <work>.

Elaborating entity <LED_STD_PST> (architecture <Behavioral>) from library <work>.

=========================================================================
*                           HDL Synthesis                               *
=========================================================================

Synthesizing Unit <DK_8LED_STD_PST>.
    Related source file is "C:\Users\Admin\Documents\TT-HDL-N7-S2\BAI_441_DK_8LED_STD_PST\DK_8LED_STD_PST.vhd".
    Summary:
	no macro.
Unit <DK_8LED_STD_PST> synthesized.

Synthesizing Unit <CHIA_10ENA>.
    Related source file is "C:\Users\Admin\Documents\TT-HDL-N7-S2\BAI_441_DK_8LED_STD_PST\CHIA_10ENA.vhd".
    Found 24-bit register for signal <D5HZ_R>.
    Found 25-bit adder for signal <n0009> created at line 99.
    Summary:
	inferred   1 Adder/Subtractor(s).
	inferred  24 D-type flip-flop(s).
Unit <CHIA_10ENA> synthesized.

Synthesizing Unit <LED_STD_PST>.
    Related source file is "C:\Users\Admin\Documents\TT-HDL-N7-S2\BAI_441_DK_8LED_STD_PST\LED_STD_PST.vhd".
    Found 8-bit register for signal <Q_R>.
    Summary:
	inferred   8 D-type flip-flop(s).
	inferred   2 Multiplexer(s).
Unit <LED_STD_PST> synthesized.

=========================================================================
HDL Synthesis Report

Macro Statistics
# Adders/Subtractors                                   : 1
 25-bit adder                                          : 1
# Registers                                            : 2
 24-bit register                                       : 1
 8-bit register                                        : 1
# Multiplexers                                         : 2
 8-bit 2-to-1 multiplexer                              : 2

=========================================================================

=========================================================================
*                       Advanced HDL Synthesis                          *
=========================================================================


Synthesizing (advanced) Unit <CHIA_10ENA>.
The following registers are absorbed into counter <D5HZ_R>: 1 register on signal <D5HZ_R>.
Unit <CHIA_10ENA> synthesized (advanced).

=========================================================================
Advanced HDL Synthesis Report

Macro Statistics
# Counters                                             : 1
 24-bit up counter                                     : 1
# Registers                                            : 8
 Flip-Flops                                            : 8
# Multiplexers                                         : 2
 8-bit 2-to-1 multiplexer                              : 2

=========================================================================

=========================================================================
*                         Low Level Synthesis                           *
=========================================================================

Optimizing unit <DK_8LED_STD_PST> ...

Optimizing unit <LED_STD_PST> ...

Mapping all equations...
Building and optimizing final netlist ...
Found area constraint ratio of 100 (+ 5) on block DK_8LED_STD_PST, actual ratio is 0.

Final Macro Processing ...

=========================================================================
Final Register Report

Macro Statistics
# Registers                                            : 32
 Flip-Flops                                            : 32

=========================================================================

=========================================================================
*                           Partition Report                            *
=========================================================================

Partition Implementation Status
-------------------------------

  No Partitions were found in this design.

-------------------------------

=========================================================================
*                            Design Summary                             *
=========================================================================

Top Level Output File Name         : DK_8LED_STD_PST.ngc

Primitive and Black Box Usage:
------------------------------
# BELS                             : 135
#      GND                         : 1
#      INV                         : 3
#      LUT1                        : 23
#      LUT2                        : 18
#      LUT5                        : 24
#      LUT6                        : 18
#      MUXCY                       : 23
#      VCC                         : 1
#      XORCY                       : 24
# FlipFlops/Latches                : 32
#      FD                          : 24
#      FDC_1                       : 8
# Clock Buffers                    : 1
#      BUFGP                       : 1
# IO Buffers                       : 10
#      IBUF                        : 2
#      OBUF                        : 8

Device utilization summary:
---------------------------

Selected Device : 6slx9tqg144-3 


Slice Logic Utilization: 
 Number of Slice Registers:              32  out of  11440     0%  
 Number of Slice LUTs:                   86  out of   5720     1%  
    Number used as Logic:                86  out of   5720     1%  

Slice Logic Distribution: 
 Number of LUT Flip Flop pairs used:     86
   Number with an unused Flip Flop:      54  out of     86    62%  
   Number with an unused LUT:             0  out of     86     0%  
   Number of fully used LUT-FF pairs:    32  out of     86    37%  
   Number of unique control sets:         2

IO Utilization: 
 Number of IOs:                          11
 Number of bonded IOBs:                  11  out of    102    10%  

Specific Feature Utilization:
 Number of BUFG/BUFGCTRLs:                1  out of     16     6%  

---------------------------
Partition Resource Summary:
---------------------------

  No Partitions were found in this design.

---------------------------


=========================================================================
Timing Report

NOTE: THESE TIMING NUMBERS ARE ONLY A SYNTHESIS ESTIMATE.
      FOR ACCURATE TIMING INFORMATION PLEASE REFER TO THE TRACE REPORT
      GENERATED AFTER PLACE-and-ROUTE.

Clock Information:
------------------
-----------------------------------+------------------------+-------+
Clock Signal                       | Clock buffer(FF name)  | Load  |
-----------------------------------+------------------------+-------+
CKHT                               | BUFGP                  | 32    |
-----------------------------------+------------------------+-------+

Asynchronous Control Signals Information:
----------------------------------------
No asynchronous control signals found in this design

Timing Summary:
---------------
Speed Grade: -3

   Minimum period: 3.245ns (Maximum Frequency: 308.157MHz)
   Minimum input arrival time before clock: 3.865ns
   Maximum output required time after clock: 4.453ns
   Maximum combinational path delay: 5.729ns

Timing Details:
---------------
All values displayed in nanoseconds (ns)

=========================================================================
Timing constraint: Default period analysis for Clock 'CKHT'
  Clock period: 3.245ns (frequency: 308.157MHz)
  Total number of paths / destination ports: 1084 / 32
-------------------------------------------------------------------------
Delay:               3.245ns (Levels of Logic = 23)
  Source:            IC1/D5HZ_R_0 (FF)
  Destination:       IC1/D5HZ_R_20 (FF)
  Source Clock:      CKHT falling
  Destination Clock: CKHT falling

  Data Path: IC1/D5HZ_R_0 to IC1/D5HZ_R_20
                                Gate     Net
    Cell:in->out      fanout   Delay   Delay  Logical Name (Net Name)
    ----------------------------------------  ------------
     FD:C->Q               3   0.447   0.650  IC1/D5HZ_R_0 (IC1/D5HZ_R_0)
     INV:I->O              1   0.206   0.000  IC1/Mcount_D5HZ_R_lut<0>_INV_0 (IC1/Mcount_D5HZ_R_lut<0>)
     MUXCY:S->O            1   0.172   0.000  IC1/Mcount_D5HZ_R_cy<0> (IC1/Mcount_D5HZ_R_cy<0>)
     MUXCY:CI->O           1   0.019   0.000  IC1/Mcount_D5HZ_R_cy<1> (IC1/Mcount_D5HZ_R_cy<1>)
     MUXCY:CI->O           1   0.019   0.000  IC1/Mcount_D5HZ_R_cy<2> (IC1/Mcount_D5HZ_R_cy<2>)
     MUXCY:CI->O           1   0.019   0.000  IC1/Mcount_D5HZ_R_cy<3> (IC1/Mcount_D5HZ_R_cy<3>)
     MUXCY:CI->O           1   0.019   0.000  IC1/Mcount_D5HZ_R_cy<4> (IC1/Mcount_D5HZ_R_cy<4>)
     MUXCY:CI->O           1   0.019   0.000  IC1/Mcount_D5HZ_R_cy<5> (IC1/Mcount_D5HZ_R_cy<5>)
     MUXCY:CI->O           1   0.019   0.000  IC1/Mcount_D5HZ_R_cy<6> (IC1/Mcount_D5HZ_R_cy<6>)
     MUXCY:CI->O           1   0.019   0.000  IC1/Mcount_D5HZ_R_cy<7> (IC1/Mcount_D5HZ_R_cy<7>)
     MUXCY:CI->O           1   0.019   0.000  IC1/Mcount_D5HZ_R_cy<8> (IC1/Mcount_D5HZ_R_cy<8>)
     MUXCY:CI->O           1   0.019   0.000  IC1/Mcount_D5HZ_R_cy<9> (IC1/Mcount_D5HZ_R_cy<9>)
     MUXCY:CI->O           1   0.019   0.000  IC1/Mcount_D5HZ_R_cy<10> (IC1/Mcount_D5HZ_R_cy<10>)
     MUXCY:CI->O           1   0.019   0.000  IC1/Mcount_D5HZ_R_cy<11> (IC1/Mcount_D5HZ_R_cy<11>)
     MUXCY:CI->O           1   0.019   0.000  IC1/Mcount_D5HZ_R_cy<12> (IC1/Mcount_D5HZ_R_cy<12>)
     MUXCY:CI->O           1   0.019   0.000  IC1/Mcount_D5HZ_R_cy<13> (IC1/Mcount_D5HZ_R_cy<13>)
     MUXCY:CI->O           1   0.019   0.000  IC1/Mcount_D5HZ_R_cy<14> (IC1/Mcount_D5HZ_R_cy<14>)
     MUXCY:CI->O           1   0.019   0.000  IC1/Mcount_D5HZ_R_cy<15> (IC1/Mcount_D5HZ_R_cy<15>)
     MUXCY:CI->O           1   0.019   0.000  IC1/Mcount_D5HZ_R_cy<16> (IC1/Mcount_D5HZ_R_cy<16>)
     MUXCY:CI->O           1   0.019   0.000  IC1/Mcount_D5HZ_R_cy<17> (IC1/Mcount_D5HZ_R_cy<17>)
     MUXCY:CI->O           1   0.019   0.000  IC1/Mcount_D5HZ_R_cy<18> (IC1/Mcount_D5HZ_R_cy<18>)
     MUXCY:CI->O           1   0.019   0.000  IC1/Mcount_D5HZ_R_cy<19> (IC1/Mcount_D5HZ_R_cy<19>)
     XORCY:CI->O           1   0.180   0.924  IC1/Mcount_D5HZ_R_xor<20> (Result<20>)
     LUT5:I0->O            1   0.203   0.000  IC1/D5HZ_R_20_rstpot (IC1/D5HZ_R_20_rstpot)
     FD:D                      0.102          IC1/D5HZ_R_20
    ----------------------------------------
    Total                      3.245ns (1.671ns logic, 1.574ns route)
                                       (51.5% logic, 48.5% route)

=========================================================================
Timing constraint: Default OFFSET IN BEFORE for Clock 'CKHT'
  Total number of paths / destination ports: 24 / 16
-------------------------------------------------------------------------
Offset:              3.865ns (Levels of Logic = 3)
  Source:            SW (PAD)
  Destination:       IC2/Q_R_6 (FF)
  Destination Clock: CKHT falling

  Data Path: SW to IC2/Q_R_6
                                Gate     Net
    Cell:in->out      fanout   Delay   Delay  Logical Name (Net Name)
    ----------------------------------------  ------------
     IBUF:I->O            18   1.222   1.154  SW_IBUF (SW_IBUF)
     LUT2:I0->O            2   0.203   0.981  IC2/_n0015_inv3_SW5 (N10)
     LUT6:I0->O            1   0.203   0.000  IC2/Q_R_6_rstpot (IC2/Q_R_6_rstpot)
     FDC_1:D                   0.102          IC2/Q_R_6
    ----------------------------------------
    Total                      3.865ns (1.730ns logic, 2.135ns route)
                                       (44.8% logic, 55.2% route)

=========================================================================
Timing constraint: Default OFFSET OUT AFTER for Clock 'CKHT'
  Total number of paths / destination ports: 8 / 8
-------------------------------------------------------------------------
Offset:              4.453ns (Levels of Logic = 2)
  Source:            IC2/Q_R_7 (FF)
  Destination:       LED<7> (PAD)
  Source Clock:      CKHT falling

  Data Path: IC2/Q_R_7 to LED<7>
                                Gate     Net
    Cell:in->out      fanout   Delay   Delay  Logical Name (Net Name)
    ----------------------------------------  ------------
     FDC_1:C->Q            3   0.447   0.651  IC2/Q_R_7 (IC2/Q_R_7)
     LUT2:I1->O            1   0.205   0.579  IC2/Mmux_Q81 (LED_7_OBUF)
     OBUF:I->O                 2.571          LED_7_OBUF (LED<7>)
    ----------------------------------------
    Total                      4.453ns (3.223ns logic, 1.230ns route)
                                       (72.4% logic, 27.6% route)

=========================================================================
Timing constraint: Default path analysis
  Total number of paths / destination ports: 8 / 8
-------------------------------------------------------------------------
Delay:               5.729ns (Levels of Logic = 3)
  Source:            SW (PAD)
  Destination:       LED<7> (PAD)

  Data Path: SW to LED<7>
                                Gate     Net
    Cell:in->out      fanout   Delay   Delay  Logical Name (Net Name)
    ----------------------------------------  ------------
     IBUF:I->O            18   1.222   1.154  SW_IBUF (SW_IBUF)
     LUT2:I0->O            1   0.203   0.579  IC2/Q<0>1 (LED_0_OBUF)
     OBUF:I->O                 2.571          LED_0_OBUF (LED<0>)
    ----------------------------------------
    Total                      5.729ns (3.996ns logic, 1.733ns route)
                                       (69.8% logic, 30.2% route)

=========================================================================

Cross Clock Domains Report:
--------------------------

Clock to Setup on destination clock CKHT
---------------+---------+---------+---------+---------+
               | Src:Rise| Src:Fall| Src:Rise| Src:Fall|
Source Clock   |Dest:Rise|Dest:Rise|Dest:Fall|Dest:Fall|
---------------+---------+---------+---------+---------+
CKHT           |         |         |    3.245|         |
---------------+---------+---------+---------+---------+

=========================================================================


Total REAL time to Xst completion: 8.00 secs
Total CPU time to Xst completion: 7.29 secs
 
--> 

Total memory usage is 4493980 kilobytes

Number of errors   :    0 (   0 filtered)
Number of warnings :    0 (   0 filtered)
Number of infos    :    0 (   0 filtered)

