--------------------------------------------------------------------------------
Release 14.7 Trace  (nt64)
Copyright (c) 1995-2013 Xilinx, Inc.  All rights reserved.

C:\Xilinx\14.7\ISE_DS\ISE\bin\nt64\unwrapped\trce.exe -intstyle ise -v 3 -s 5
-n 3 -fastpaths -xml DK_8LED_8CT_ENA_SS_TU_CAP_XUNG.twx
DK_8LED_8CT_ENA_SS_TU_CAP_XUNG.ncd -o DK_8LED_8CT_ENA_SS_TU_CAP_XUNG.twr
DK_8LED_8CT_ENA_SS_TU_CAP_XUNG.pcf -ucf KIT_XC3S500E_PQ208.ucf

Design file:              DK_8LED_8CT_ENA_SS_TU_CAP_XUNG.ncd
Physical constraint file: DK_8LED_8CT_ENA_SS_TU_CAP_XUNG.pcf
Device,package,speed:     xc3s500e,pq208,-5 (PRODUCTION 1.27 2013-10-13)
Report level:             verbose report

Environment Variable      Effect 
--------------------      ------ 
NONE                      No environment variables were set
--------------------------------------------------------------------------------

INFO:Timing:2698 - No timing constraints found, doing default enumeration.
INFO:Timing:3412 - To improve timing, see the Timing Closure User Guide (UG612).
INFO:Timing:2752 - To get complete path coverage, use the unconstrained paths 
   option. All paths that are not constrained will be reported in the 
   unconstrained paths section(s) of the report.
INFO:Timing:3339 - The clock-to-out numbers in this timing report are based on 
   a 50 Ohm transmission line loading model.  For the details of this model, 
   and for more information on accounting for different loading conditions, 
   please see the device datasheet.
INFO:Timing:3390 - This architecture does not support a default System Jitter 
   value, please add SYSTEM_JITTER constraint to the UCF to modify the Clock 
   Uncertainty calculation.
INFO:Timing:3389 - This architecture does not support 'Discrete Jitter' and 
   'Phase Error' calculations, these terms will be zero in the Clock 
   Uncertainty calculation.  Please make appropriate modification to 
   SYSTEM_JITTER to account for the unsupported Discrete Jitter and Phase 
   Error.



Data Sheet report:
-----------------
All values displayed in nanoseconds (ns)

Setup/Hold to clock CKHT
------------+------------+------------+------------------+--------+
            |Max Setup to|Max Hold to |                  | Clock  |
Source      | clk (edge) | clk (edge) |Internal Clock(s) | Phase  |
------------+------------+------------+------------------+--------+
BTN<0>      |    6.249(F)|   -2.099(F)|CKHT_BUFGP        |   0.000|
BTN<1>      |    3.731(F)|    0.004(F)|CKHT_BUFGP        |   0.000|
SW          |    5.533(F)|   -0.592(F)|CKHT_BUFGP        |   0.000|
------------+------------+------------+------------------+--------+

Clock CKHT to Pad
------------+------------+------------------+--------+
            | clk (edge) |                  | Clock  |
Destination |   to PAD   |Internal Clock(s) | Phase  |
------------+------------+------------------+--------+
LED<0>      |   13.794(F)|CKHT_BUFGP        |   0.000|
LED<1>      |   13.690(F)|CKHT_BUFGP        |   0.000|
LED<2>      |   13.549(F)|CKHT_BUFGP        |   0.000|
LED<3>      |   13.945(F)|CKHT_BUFGP        |   0.000|
LED<4>      |   15.394(F)|CKHT_BUFGP        |   0.000|
LED<5>      |   15.445(F)|CKHT_BUFGP        |   0.000|
LED<6>      |   13.781(F)|CKHT_BUFGP        |   0.000|
LED<7>      |   13.727(F)|CKHT_BUFGP        |   0.000|
------------+------------+------------------+--------+

Clock to Setup on destination clock CKHT
---------------+---------+---------+---------+---------+
               | Src:Rise| Src:Fall| Src:Rise| Src:Fall|
Source Clock   |Dest:Rise|Dest:Rise|Dest:Fall|Dest:Fall|
---------------+---------+---------+---------+---------+
CKHT           |         |         |         |    5.652|
---------------+---------+---------+---------+---------+

Pad to Pad
---------------+---------------+---------+
Source Pad     |Destination Pad|  Delay  |
---------------+---------------+---------+
BTN<0>         |LED<0>         |   13.825|
BTN<0>         |LED<1>         |   13.607|
BTN<0>         |LED<2>         |   13.547|
BTN<0>         |LED<3>         |   14.086|
BTN<0>         |LED<4>         |   14.321|
BTN<0>         |LED<5>         |   14.372|
BTN<0>         |LED<6>         |   13.863|
BTN<0>         |LED<7>         |   13.760|
---------------+---------------+---------+


Analysis completed Sun Oct 27 19:05:22 2019 
--------------------------------------------------------------------------------

Trace Settings:
-------------------------
Trace Settings 

Peak Memory Usage: 4509 MB



