--------------------------------------------------------------------------------
Release 14.7 Trace  (nt64)
Copyright (c) 1995-2013 Xilinx, Inc.  All rights reserved.

C:\Xilinx\14.7\ISE_DS\ISE\bin\nt64\unwrapped\trce.exe -intstyle ise -v 3 -s 5
-n 3 -fastpaths -xml GIAIMA_LED_7DOAN_ANODE.twx GIAIMA_LED_7DOAN_ANODE.ncd -o
GIAIMA_LED_7DOAN_ANODE.twr GIAIMA_LED_7DOAN_ANODE.pcf -ucf
KIT_XC3S500E_PQ208.ucf

Design file:              GIAIMA_LED_7DOAN_ANODE.ncd
Physical constraint file: GIAIMA_LED_7DOAN_ANODE.pcf
Device,package,speed:     xc3s500e,pq208,-5 (PRODUCTION 1.27 2013-10-13)
Report level:             verbose report

Environment Variable      Effect 
--------------------      ------ 
NONE                      No environment variables were set
--------------------------------------------------------------------------------

INFO:Timing:2698 - No timing constraints found, doing default enumeration.
INFO:Timing:3412 - To improve timing, see the Timing Closure User Guide (UG612).
INFO:Timing:2752 - To get complete path coverage, use the unconstrained paths 
   option. All paths that are not constrained will be reported in the 
   unconstrained paths section(s) of the report.
INFO:Timing:3339 - The clock-to-out numbers in this timing report are based on 
   a 50 Ohm transmission line loading model.  For the details of this model, 
   and for more information on accounting for different loading conditions, 
   please see the device datasheet.
INFO:Timing:3390 - This architecture does not support a default System Jitter 
   value, please add SYSTEM_JITTER constraint to the UCF to modify the Clock 
   Uncertainty calculation.
INFO:Timing:3389 - This architecture does not support 'Discrete Jitter' and 
   'Phase Error' calculations, these terms will be zero in the Clock 
   Uncertainty calculation.  Please make appropriate modification to 
   SYSTEM_JITTER to account for the unsupported Discrete Jitter and Phase 
   Error.



Data Sheet report:
-----------------
All values displayed in nanoseconds (ns)

Pad to Pad
---------------+---------------+---------+
Source Pad     |Destination Pad|  Delay  |
---------------+---------------+---------+
SW<0>          |SSEG<0>        |    7.763|
SW<0>          |SSEG<1>        |    7.155|
SW<0>          |SSEG<2>        |    7.280|
SW<0>          |SSEG<3>        |    7.467|
SW<0>          |SSEG<4>        |    7.386|
SW<0>          |SSEG<5>        |    7.360|
SW<0>          |SSEG<6>        |    7.504|
SW<1>          |SSEG<0>        |    7.970|
SW<1>          |SSEG<1>        |    7.418|
SW<1>          |SSEG<2>        |    7.487|
SW<1>          |SSEG<3>        |    7.730|
SW<1>          |SSEG<4>        |    7.641|
SW<1>          |SSEG<5>        |    7.671|
SW<1>          |SSEG<6>        |    7.759|
SW<2>          |SSEG<0>        |    9.299|
SW<2>          |SSEG<1>        |    8.697|
SW<2>          |SSEG<2>        |    8.816|
SW<2>          |SSEG<3>        |    9.009|
SW<2>          |SSEG<4>        |    9.650|
SW<2>          |SSEG<5>        |    9.675|
SW<2>          |SSEG<6>        |    9.768|
SW<3>          |SSEG<0>        |    9.304|
SW<3>          |SSEG<1>        |    8.729|
SW<3>          |SSEG<2>        |    8.821|
SW<3>          |SSEG<3>        |    9.041|
SW<3>          |SSEG<4>        |    9.671|
SW<3>          |SSEG<5>        |    9.667|
SW<3>          |SSEG<6>        |    9.789|
---------------+---------------+---------+


Analysis completed Thu Sep 05 16:30:00 2019 
--------------------------------------------------------------------------------

Trace Settings:
-------------------------
Trace Settings 

Peak Memory Usage: 4509 MB



