--------------------------------------------------------------------------------
Release 14.7 Trace  (nt64)
Copyright (c) 1995-2013 Xilinx, Inc.  All rights reserved.

C:\Xilinx\14.7\ISE_DS\ISE\bin\nt64\unwrapped\trce.exe -intstyle ise -v 3 -s 5
-n 3 -fastpaths -xml DK_8LED_SELECT_STD_PST_TSP.twx
DK_8LED_SELECT_STD_PST_TSP.ncd -o DK_8LED_SELECT_STD_PST_TSP.twr
DK_8LED_SELECT_STD_PST_TSP.pcf -ucf KIT_XC3S500E_PQ208.ucf

Design file:              DK_8LED_SELECT_STD_PST_TSP.ncd
Physical constraint file: DK_8LED_SELECT_STD_PST_TSP.pcf
Device,package,speed:     xc3s500e,pq208,-5 (PRODUCTION 1.27 2013-10-13)
Report level:             verbose report

Environment Variable      Effect 
--------------------      ------ 
NONE                      No environment variables were set
--------------------------------------------------------------------------------

INFO:Timing:2698 - No timing constraints found, doing default enumeration.
INFO:Timing:3412 - To improve timing, see the Timing Closure User Guide (UG612).
INFO:Timing:2752 - To get complete path coverage, use the unconstrained paths 
   option. All paths that are not constrained will be reported in the 
   unconstrained paths section(s) of the report.
INFO:Timing:3339 - The clock-to-out numbers in this timing report are based on 
   a 50 Ohm transmission line loading model.  For the details of this model, 
   and for more information on accounting for different loading conditions, 
   please see the device datasheet.
INFO:Timing:3390 - This architecture does not support a default System Jitter 
   value, please add SYSTEM_JITTER constraint to the UCF to modify the Clock 
   Uncertainty calculation.
INFO:Timing:3389 - This architecture does not support 'Discrete Jitter' and 
   'Phase Error' calculations, these terms will be zero in the Clock 
   Uncertainty calculation.  Please make appropriate modification to 
   SYSTEM_JITTER to account for the unsupported Discrete Jitter and Phase 
   Error.



Data Sheet report:
-----------------
All values displayed in nanoseconds (ns)

Setup/Hold to clock CKHT
------------+------------+------------+------------------+--------+
            |Max Setup to|Max Hold to |                  | Clock  |
Source      | clk (edge) | clk (edge) |Internal Clock(s) | Phase  |
------------+------------+------------+------------------+--------+
SW          |    3.126(F)|    0.014(F)|CKHT_BUFGP        |   0.000|
------------+------------+------------+------------------+--------+

Clock CKHT to Pad
------------+------------+------------------+--------+
            | clk (edge) |                  | Clock  |
Destination |   to PAD   |Internal Clock(s) | Phase  |
------------+------------+------------------+--------+
LED<0>      |    9.331(F)|CKHT_BUFGP        |   0.000|
LED<1>      |    9.090(F)|CKHT_BUFGP        |   0.000|
LED<2>      |    9.169(F)|CKHT_BUFGP        |   0.000|
LED<3>      |    9.415(F)|CKHT_BUFGP        |   0.000|
LED<4>      |    9.280(F)|CKHT_BUFGP        |   0.000|
LED<5>      |    9.211(F)|CKHT_BUFGP        |   0.000|
LED<6>      |    9.432(F)|CKHT_BUFGP        |   0.000|
LED<7>      |    9.752(F)|CKHT_BUFGP        |   0.000|
------------+------------+------------------+--------+

Clock to Setup on destination clock CKHT
---------------+---------+---------+---------+---------+
               | Src:Rise| Src:Fall| Src:Rise| Src:Fall|
Source Clock   |Dest:Rise|Dest:Rise|Dest:Fall|Dest:Fall|
---------------+---------+---------+---------+---------+
CKHT           |         |         |         |    5.102|
---------------+---------+---------+---------+---------+

Pad to Pad
---------------+---------------+---------+
Source Pad     |Destination Pad|  Delay  |
---------------+---------------+---------+
SW             |LED<0>         |    8.293|
SW             |LED<1>         |    8.292|
SW             |LED<2>         |    8.849|
SW             |LED<3>         |    8.760|
SW             |LED<4>         |    9.119|
SW             |LED<5>         |    8.834|
SW             |LED<6>         |    9.069|
SW             |LED<7>         |    9.169|
---------------+---------------+---------+


Analysis completed Thu Oct 03 14:29:03 2019 
--------------------------------------------------------------------------------

Trace Settings:
-------------------------
Trace Settings 

Peak Memory Usage: 4509 MB



