--------------------------------------------------------------------------------
Release 14.7 Trace  (nt64)
Copyright (c) 1995-2013 Xilinx, Inc.  All rights reserved.

C:\Xilinx\14.7\ISE_DS\ISE\bin\nt64\unwrapped\trce.exe -intstyle ise -v 3 -s 2
-n 3 -fastpaths -xml BTVN_SO9.twx BTVN_SO9.ncd -o BTVN_SO9.twr BTVN_SO9.pcf

Design file:              BTVN_SO9.ncd
Physical constraint file: BTVN_SO9.pcf
Device,package,speed:     xc6slx9,tqg144,C,-2 (PRODUCTION 1.23 2013-10-13)
Report level:             verbose report

Environment Variable      Effect 
--------------------      ------ 
NONE                      No environment variables were set
--------------------------------------------------------------------------------

INFO:Timing:2698 - No timing constraints found, doing default enumeration.
INFO:Timing:3412 - To improve timing, see the Timing Closure User Guide (UG612).
INFO:Timing:2752 - To get complete path coverage, use the unconstrained paths 
   option. All paths that are not constrained will be reported in the 
   unconstrained paths section(s) of the report.
INFO:Timing:3339 - The clock-to-out numbers in this timing report are based on 
   a 50 Ohm transmission line loading model.  For the details of this model, 
   and for more information on accounting for different loading conditions, 
   please see the device datasheet.



Data Sheet report:
-----------------
All values displayed in nanoseconds (ns)

Setup/Hold to clock CKHT
------------+------------+------------+------------+------------+------------------+--------+
            |Max Setup to|  Process   |Max Hold to |  Process   |                  | Clock  |
Source      | clk (edge) |   Corner   | clk (edge) |   Corner   |Internal Clock(s) | Phase  |
------------+------------+------------+------------+------------+------------------+--------+
BTN<0>      |    8.556(F)|      SLOW  |   -0.582(F)|      FAST  |CKHT_BUFGP        |   0.000|
BTN<1>      |    2.158(F)|      SLOW  |   -0.053(F)|      SLOW  |CKHT_BUFGP        |   0.000|
------------+------------+------------+------------+------------+------------------+--------+

Clock CKHT to Pad
------------+-----------------+------------+-----------------+------------+------------------+--------+
            |Max (slowest) clk|  Process   |Min (fastest) clk|  Process   |                  | Clock  |
Destination |  (edge) to PAD  |   Corner   |  (edge) to PAD  |   Corner   |Internal Clock(s) | Phase  |
------------+-----------------+------------+-----------------+------------+------------------+--------+
LED<0>      |        11.974(F)|      SLOW  |         4.689(F)|      FAST  |CKHT_BUFGP        |   0.000|
LED<1>      |        12.012(F)|      SLOW  |         4.467(F)|      FAST  |CKHT_BUFGP        |   0.000|
LED<2>      |        12.012(F)|      SLOW  |         4.335(F)|      FAST  |CKHT_BUFGP        |   0.000|
LED<3>      |        11.458(F)|      SLOW  |         4.273(F)|      FAST  |CKHT_BUFGP        |   0.000|
LED<4>      |        11.575(F)|      SLOW  |         4.499(F)|      FAST  |CKHT_BUFGP        |   0.000|
LED<5>      |        11.460(F)|      SLOW  |         4.330(F)|      FAST  |CKHT_BUFGP        |   0.000|
LED<6>      |        11.975(F)|      SLOW  |         4.288(F)|      FAST  |CKHT_BUFGP        |   0.000|
LED<7>      |        11.464(F)|      SLOW  |         4.375(F)|      FAST  |CKHT_BUFGP        |   0.000|
------------+-----------------+------------+-----------------+------------+------------------+--------+

Clock to Setup on destination clock CKHT
---------------+---------+---------+---------+---------+
               | Src:Rise| Src:Fall| Src:Rise| Src:Fall|
Source Clock   |Dest:Rise|Dest:Rise|Dest:Fall|Dest:Fall|
---------------+---------+---------+---------+---------+
CKHT           |         |         |         |    6.477|
---------------+---------+---------+---------+---------+

Pad to Pad
---------------+---------------+---------+
Source Pad     |Destination Pad|  Delay  |
---------------+---------------+---------+
BTN<0>         |LED<0>         |   12.115|
BTN<0>         |LED<1>         |   12.573|
BTN<0>         |LED<2>         |   12.573|
BTN<0>         |LED<3>         |   11.662|
BTN<0>         |LED<4>         |   12.136|
BTN<0>         |LED<5>         |   11.717|
BTN<0>         |LED<6>         |   11.994|
BTN<0>         |LED<7>         |   11.778|
---------------+---------------+---------+


Analysis completed Sat Aug 01 09:27:39 2020 
--------------------------------------------------------------------------------

Trace Settings:
-------------------------
Trace Settings 

Peak Memory Usage: 4571 MB



