Release 14.7 - xst P.20131013 (nt64)
Copyright (c) 1995-2013 Xilinx, Inc.  All rights reserved.
--> Parameter TMPDIR set to xst/projnav.tmp


Total REAL time to Xst completion: 1.00 secs
Total CPU time to Xst completion: 0.25 secs
 
--> Parameter xsthdpdir set to xst


Total REAL time to Xst completion: 1.00 secs
Total CPU time to Xst completion: 0.27 secs
 
--> Reading design: BTVN_SO9.prj

TABLE OF CONTENTS
  1) Synthesis Options Summary
  2) HDL Parsing
  3) HDL Elaboration
  4) HDL Synthesis
       4.1) HDL Synthesis Report
  5) Advanced HDL Synthesis
       5.1) Advanced HDL Synthesis Report
  6) Low Level Synthesis
  7) Partition Report
  8) Design Summary
       8.1) Primitive and Black Box Usage
       8.2) Device utilization summary
       8.3) Partition Resource Summary
       8.4) Timing Report
            8.4.1) Clock Information
            8.4.2) Asynchronous Control Signals Information
            8.4.3) Timing Summary
            8.4.4) Timing Details
            8.4.5) Cross Clock Domains Report


=========================================================================
*                      Synthesis Options Summary                        *
=========================================================================
---- Source Parameters
Input File Name                    : "BTVN_SO9.prj"
Ignore Synthesis Constraint File   : NO

---- Target Parameters
Output File Name                   : "BTVN_SO9"
Output Format                      : NGC
Target Device                      : xc6slx9-2-tqg144

---- Source Options
Top Module Name                    : BTVN_SO9
Automatic FSM Extraction           : YES
FSM Encoding Algorithm             : Auto
Safe Implementation                : No
FSM Style                          : LUT
RAM Extraction                     : Yes
RAM Style                          : Auto
ROM Extraction                     : Yes
Shift Register Extraction          : YES
ROM Style                          : Auto
Resource Sharing                   : YES
Asynchronous To Synchronous        : NO
Shift Register Minimum Size        : 2
Use DSP Block                      : Auto
Automatic Register Balancing       : No

---- Target Options
LUT Combining                      : Auto
Reduce Control Sets                : Auto
Add IO Buffers                     : YES
Global Maximum Fanout              : 100000
Add Generic Clock Buffer(BUFG)     : 16
Register Duplication               : YES
Optimize Instantiated Primitives   : NO
Use Clock Enable                   : Auto
Use Synchronous Set                : Auto
Use Synchronous Reset              : Auto
Pack IO Registers into IOBs        : Auto
Equivalent register Removal        : YES

---- General Options
Optimization Goal                  : Speed
Optimization Effort                : 1
Power Reduction                    : NO
Keep Hierarchy                     : No
Netlist Hierarchy                  : As_Optimized
RTL Output                         : Yes
Global Optimization                : AllClockNets
Read Cores                         : YES
Write Timing Constraints           : NO
Cross Clock Analysis               : NO
Hierarchy Separator                : /
Bus Delimiter                      : <>
Case Specifier                     : Maintain
Slice Utilization Ratio            : 100
BRAM Utilization Ratio             : 100
DSP48 Utilization Ratio            : 100
Auto BRAM Packing                  : NO
Slice Utilization Ratio Delta      : 5

=========================================================================


=========================================================================
*                          HDL Parsing                                  *
=========================================================================
Parsing VHDL file "C:\Users\Admin\Documents\TT-HDL-N7-S2\VHDL\BAI_TAP_LAM_THEM_VHDL\BTVN_SO9\LED_DSDC_TSP.vhd" into library work
Parsing entity <LED_DSDC_TSP>.
Parsing architecture <BEHAVIORAL> of entity <led_dsdc_tsp>.
Parsing VHDL file "C:\Users\Admin\Documents\TT-HDL-N7-S2\VHDL\BAI_TAP_LAM_THEM_VHDL\BTVN_SO9\LED_DSDC_PST.vhd" into library work
Parsing entity <LED_DSDC_PST>.
Parsing architecture <BEHAVIORAL> of entity <led_dsdc_pst>.
Parsing VHDL file "C:\Users\Admin\Documents\TT-HDL-N7-S2\VHDL\BAI_TAP_LAM_THEM_VHDL\BTVN_SO9\LAM_HEP_XUNG.vhd" into library work
Parsing entity <LAM_HEP_XUNG>.
Parsing architecture <Behavioral> of entity <lam_hep_xung>.
Parsing VHDL file "C:\Users\Admin\Documents\TT-HDL-N7-S2\VHDL\BAI_TAP_LAM_THEM_VHDL\BTVN_SO9\DIEUKHIEN_CHOPHEP.vhd" into library work
Parsing entity <DIEUKHIEN_CHOPHEP>.
Parsing architecture <BEHAVIORAL> of entity <dieukhien_chophep>.
Parsing VHDL file "C:\Users\Admin\Documents\TT-HDL-N7-S2\VHDL\BAI_TAP_LAM_THEM_VHDL\BTVN_SO9\DEBOUNCE_BTN.vhd" into library work
Parsing entity <DEBOUNCE_BTN>.
Parsing architecture <Behavioral> of entity <debounce_btn>.
Parsing VHDL file "C:\Users\Admin\Documents\TT-HDL-N7-S2\VHDL\BAI_TAP_LAM_THEM_VHDL\BTVN_SO9\LED_SANGDON_TSP.vhd" into library work
Parsing entity <LED_SANGDON_TSP>.
Parsing architecture <Behavioral> of entity <led_sangdon_tsp>.
Parsing VHDL file "C:\Users\Admin\Documents\TT-HDL-N7-S2\VHDL\BAI_TAP_LAM_THEM_VHDL\BTVN_SO9\LED_SANGDON_PST.vhd" into library work
Parsing entity <LED_SANGDON_PST>.
Parsing architecture <Behavioral> of entity <led_sangdon_pst>.
Parsing VHDL file "C:\Users\Admin\Documents\TT-HDL-N7-S2\VHDL\BAI_TAP_LAM_THEM_VHDL\BTVN_SO9\DK_8LED_2CT_AU_1DSDC_PST_TSP.vhd" into library work
Parsing entity <DK_8LED_2CT_AU_1DSDC_PST_TSP>.
Parsing architecture <BEHAVIORAL> of entity <dk_8led_2ct_au_1dsdc_pst_tsp>.
Parsing VHDL file "C:\Users\Admin\Documents\TT-HDL-N7-S2\VHDL\BAI_TAP_LAM_THEM_VHDL\BTVN_SO9\DIEUKHIEN_MODE.vhd" into library work
Parsing entity <DIEUKHIEN_MODE>.
Parsing architecture <BEHAVIORAL> of entity <dieukhien_mode>.
Parsing VHDL file "C:\Users\Admin\Documents\TT-HDL-N7-S2\VHDL\BAI_TAP_LAM_THEM_VHDL\BTVN_SO9\CHIA_10ENA.vhd" into library work
Parsing entity <CHIA_10ENA>.
Parsing architecture <BEHAVIORAL> of entity <chia_10ena>.
Parsing VHDL file "C:\Users\Admin\Documents\TT-HDL-N7-S2\VHDL\BAI_TAP_LAM_THEM_VHDL\BTVN_SO9\CD_LAM_HEP_BTN.vhd" into library work
Parsing entity <CD_LAM_HEP_BTN>.
Parsing architecture <Behavioral> of entity <cd_lam_hep_btn>.
Parsing VHDL file "C:\Users\Admin\Documents\TT-HDL-N7-S2\VHDL\BAI_TAP_LAM_THEM_VHDL\BTVN_SO9\BTVN_SO9.vhd" into library work
Parsing entity <BTVN_SO9>.
Parsing architecture <BEHAVIORAL> of entity <btvn_so9>.

=========================================================================
*                            HDL Elaboration                            *
=========================================================================

Elaborating entity <BTVN_SO9> (architecture <BEHAVIORAL>) from library <work>.

Elaborating entity <CD_LAM_HEP_BTN> (architecture <Behavioral>) from library <work>.

Elaborating entity <DEBOUNCE_BTN> (architecture <Behavioral>) from library <work>.

Elaborating entity <LAM_HEP_XUNG> (architecture <Behavioral>) from library <work>.

Elaborating entity <DIEUKHIEN_MODE> (architecture <BEHAVIORAL>) from library <work>.

Elaborating entity <CHIA_10ENA> (architecture <BEHAVIORAL>) from library <work>.

Elaborating entity <LED_SANGDON_PST> (architecture <Behavioral>) from library <work>.

Elaborating entity <LED_SANGDON_TSP> (architecture <Behavioral>) from library <work>.

Elaborating entity <DK_8LED_2CT_AU_1DSDC_PST_TSP> (architecture <BEHAVIORAL>) from library <work>.

Elaborating entity <LED_DSDC_PST> (architecture <BEHAVIORAL>) from library <work>.

Elaborating entity <LED_DSDC_TSP> (architecture <BEHAVIORAL>) from library <work>.

Elaborating entity <DIEUKHIEN_CHOPHEP> (architecture <BEHAVIORAL>) from library <work>.

=========================================================================
*                           HDL Synthesis                               *
=========================================================================

Synthesizing Unit <BTVN_SO9>.
    Related source file is "C:\Users\Admin\Documents\TT-HDL-N7-S2\VHDL\BAI_TAP_LAM_THEM_VHDL\BTVN_SO9\BTVN_SO9.vhd".
    Summary:
	no macro.
Unit <BTVN_SO9> synthesized.

Synthesizing Unit <CD_LAM_HEP_BTN>.
    Related source file is "C:\Users\Admin\Documents\TT-HDL-N7-S2\VHDL\BAI_TAP_LAM_THEM_VHDL\BTVN_SO9\CD_LAM_HEP_BTN.vhd".
    Summary:
	no macro.
Unit <CD_LAM_HEP_BTN> synthesized.

Synthesizing Unit <DEBOUNCE_BTN>.
    Related source file is "C:\Users\Admin\Documents\TT-HDL-N7-S2\VHDL\BAI_TAP_LAM_THEM_VHDL\BTVN_SO9\DEBOUNCE_BTN.vhd".
    Found 20-bit register for signal <DELAY_REG>.
    Found 2-bit register for signal <DB_REG>.
    Found finite state machine <FSM_0> for signal <DB_REG>.
    -----------------------------------------------------------------------
    | States             | 4                                              |
    | Transitions        | 10                                             |
    | Inputs             | 2                                              |
    | Outputs            | 3                                              |
    | Clock              | CKHT (falling_edge)                            |
    | Power Up State     | zero                                           |
    | Encoding           | auto                                           |
    | Implementation     | LUT                                            |
    -----------------------------------------------------------------------
    Found 20-bit subtractor for signal <GND_7_o_GND_7_o_sub_5_OUT<19:0>> created at line 41.
    Found 20-bit 4-to-1 multiplexer for signal <DELAY_NEXT> created at line 35.
    Summary:
	inferred   1 Adder/Subtractor(s).
	inferred  20 D-type flip-flop(s).
	inferred   3 Multiplexer(s).
	inferred   1 Finite State Machine(s).
Unit <DEBOUNCE_BTN> synthesized.

Synthesizing Unit <LAM_HEP_XUNG>.
    Related source file is "C:\Users\Admin\Documents\TT-HDL-N7-S2\VHDL\BAI_TAP_LAM_THEM_VHDL\BTVN_SO9\LAM_HEP_XUNG.vhd".
    Found 1-bit register for signal <QFF>.
    Summary:
	inferred   1 D-type flip-flop(s).
Unit <LAM_HEP_XUNG> synthesized.

Synthesizing Unit <DIEUKHIEN_MODE>.
    Related source file is "C:\Users\Admin\Documents\TT-HDL-N7-S2\VHDL\BAI_TAP_LAM_THEM_VHDL\BTVN_SO9\DIEUKHIEN_MODE.vhd".
    Found 2-bit register for signal <DEM_R>.
    Found 3-bit adder for signal <n0027> created at line 25.
    Found 4x3-bit Read Only RAM for signal <GND_9_o_GND_9_o_mux_13_OUT>
    Found 2-bit comparator greater for signal <DEM_R[1]_PWR_10_o_LessThan_2_o> created at line 25
    Summary:
	inferred   1 RAM(s).
	inferred   1 Adder/Subtractor(s).
	inferred   2 D-type flip-flop(s).
	inferred   1 Comparator(s).
	inferred   3 Multiplexer(s).
Unit <DIEUKHIEN_MODE> synthesized.

Synthesizing Unit <CHIA_10ENA>.
    Related source file is "C:\Users\Admin\Documents\TT-HDL-N7-S2\VHDL\BAI_TAP_LAM_THEM_VHDL\BTVN_SO9\CHIA_10ENA.vhd".
    Found 24-bit register for signal <D5HZ_REG>.
    Found 25-bit register for signal <D2HZ_REG>.
    Found 23-bit register for signal <D10HZ_REG>.
    Found 24-bit adder for signal <n0032> created at line 51.
    Found 25-bit adder for signal <n0033> created at line 54.
    Found 26-bit adder for signal <n0034> created at line 57.
    Summary:
	inferred   3 Adder/Subtractor(s).
	inferred  72 D-type flip-flop(s).
	inferred   9 Multiplexer(s).
Unit <CHIA_10ENA> synthesized.

Synthesizing Unit <LED_SANGDON_PST>.
    Related source file is "C:\Users\Admin\Documents\TT-HDL-N7-S2\VHDL\BAI_TAP_LAM_THEM_VHDL\BTVN_SO9\LED_SANGDON_PST.vhd".
    Found 3-bit register for signal <DC_R>.
    Found 3-bit register for signal <DL_R>.
    Found 8-bit register for signal <Y_R>.
    Found 8-bit register for signal <X_R>.
    Found 3-bit subtractor for signal <GND_11_o_GND_11_o_sub_10_OUT<2:0>> created at line 76.
    Found 3-bit subtractor for signal <GND_11_o_GND_11_o_sub_11_OUT<2:0>> created at line 79.
    Summary:
	inferred   2 Adder/Subtractor(s).
	inferred  22 D-type flip-flop(s).
	inferred  13 Multiplexer(s).
Unit <LED_SANGDON_PST> synthesized.

Synthesizing Unit <LED_SANGDON_TSP>.
    Related source file is "C:\Users\Admin\Documents\TT-HDL-N7-S2\VHDL\BAI_TAP_LAM_THEM_VHDL\BTVN_SO9\LED_SANGDON_TSP.vhd".
    Found 3-bit register for signal <DC_R>.
    Found 3-bit register for signal <DL_R>.
    Found 8-bit register for signal <Y_R>.
    Found 8-bit register for signal <X_R>.
    Found 3-bit subtractor for signal <GND_13_o_GND_13_o_sub_10_OUT<2:0>> created at line 84.
    Found 3-bit subtractor for signal <GND_13_o_GND_13_o_sub_11_OUT<2:0>> created at line 87.
    Summary:
	inferred   2 Adder/Subtractor(s).
	inferred  22 D-type flip-flop(s).
	inferred  13 Multiplexer(s).
Unit <LED_SANGDON_TSP> synthesized.

Synthesizing Unit <DK_8LED_2CT_AU_1DSDC_PST_TSP>.
    Related source file is "C:\Users\Admin\Documents\TT-HDL-N7-S2\VHDL\BAI_TAP_LAM_THEM_VHDL\BTVN_SO9\DK_8LED_2CT_AU_1DSDC_PST_TSP.vhd".
    Summary:
	inferred   1 Multiplexer(s).
Unit <DK_8LED_2CT_AU_1DSDC_PST_TSP> synthesized.

Synthesizing Unit <LED_DSDC_PST>.
    Related source file is "C:\Users\Admin\Documents\TT-HDL-N7-S2\VHDL\BAI_TAP_LAM_THEM_VHDL\BTVN_SO9\LED_DSDC_PST.vhd".
    Found 8-bit register for signal <Q_REG>.
    Summary:
	inferred   8 D-type flip-flop(s).
	inferred   2 Multiplexer(s).
Unit <LED_DSDC_PST> synthesized.

Synthesizing Unit <LED_DSDC_TSP>.
    Related source file is "C:\Users\Admin\Documents\TT-HDL-N7-S2\VHDL\BAI_TAP_LAM_THEM_VHDL\BTVN_SO9\LED_DSDC_TSP.vhd".
    Found 8-bit register for signal <Q_REG>.
    Summary:
	inferred   8 D-type flip-flop(s).
	inferred   2 Multiplexer(s).
Unit <LED_DSDC_TSP> synthesized.

Synthesizing Unit <DIEUKHIEN_CHOPHEP>.
    Related source file is "C:\Users\Admin\Documents\TT-HDL-N7-S2\VHDL\BAI_TAP_LAM_THEM_VHDL\BTVN_SO9\DIEUKHIEN_CHOPHEP.vhd".
    Found 4-bit register for signal <DEM_REG>.
    Found 5-bit adder for signal <n0019> created at line 24.
    Found 4-bit comparator greater for signal <DEM_REG[3]_PWR_18_o_LessThan_6_o> created at line 31
    Summary:
	inferred   1 Adder/Subtractor(s).
	inferred   4 D-type flip-flop(s).
	inferred   1 Comparator(s).
	inferred   2 Multiplexer(s).
Unit <DIEUKHIEN_CHOPHEP> synthesized.

=========================================================================
HDL Synthesis Report

Macro Statistics
# RAMs                                                 : 1
 4x3-bit single-port Read Only RAM                     : 1
# Adders/Subtractors                                   : 10
 20-bit subtractor                                     : 1
 24-bit adder                                          : 1
 25-bit adder                                          : 1
 26-bit adder                                          : 1
 3-bit adder                                           : 1
 3-bit subtractor                                      : 4
 5-bit adder                                           : 1
# Registers                                            : 17
 1-bit register                                        : 1
 2-bit register                                        : 1
 20-bit register                                       : 1
 23-bit register                                       : 1
 24-bit register                                       : 1
 25-bit register                                       : 1
 3-bit register                                        : 4
 4-bit register                                        : 1
 8-bit register                                        : 6
# Comparators                                          : 2
 2-bit comparator greater                              : 1
 4-bit comparator greater                              : 1
# Multiplexers                                         : 48
 1-bit 2-to-1 multiplexer                              : 6
 2-bit 2-to-1 multiplexer                              : 2
 20-bit 2-to-1 multiplexer                             : 2
 20-bit 4-to-1 multiplexer                             : 1
 24-bit 2-to-1 multiplexer                             : 1
 25-bit 2-to-1 multiplexer                             : 1
 26-bit 2-to-1 multiplexer                             : 1
 3-bit 2-to-1 multiplexer                              : 14
 5-bit 2-to-1 multiplexer                              : 1
 8-bit 2-to-1 multiplexer                              : 19
# FSMs                                                 : 1

=========================================================================
INFO:Xst:1767 - HDL ADVISOR - Resource sharing has identified that some arithmetic operations in this design can share the same physical resources for reduced device utilization. For improved clock frequency you may try to disable resource sharing.

=========================================================================
*                       Advanced HDL Synthesis                          *
=========================================================================


Synthesizing (advanced) Unit <DIEUKHIEN_MODE>.
INFO:Xst:3218 - HDL ADVISOR - The RAM <Mram_GND_9_o_GND_9_o_mux_13_OUT> will be implemented on LUTs either because you have described an asynchronous read or because of currently unsupported block RAM features. If you have described an asynchronous read, making it synchronous would allow you to take advantage of available block RAM resources, for optimized device usage and improved timings. Please refer to your documentation for coding guidelines.
    -----------------------------------------------------------------------
    | ram_type           | Distributed                         |          |
    -----------------------------------------------------------------------
    | Port A                                                              |
    |     aspect ratio   | 4-word x 3-bit                      |          |
    |     weA            | connected to signal <GND>           | high     |
    |     addrA          | connected to signal <DEM_R>         |          |
    |     diA            | connected to signal <GND>           |          |
    |     doA            | connected to internal node          |          |
    -----------------------------------------------------------------------
Unit <DIEUKHIEN_MODE> synthesized (advanced).

=========================================================================
Advanced HDL Synthesis Report

Macro Statistics
# RAMs                                                 : 1
 4x3-bit single-port distributed Read Only RAM         : 1
# Adders/Subtractors                                   : 10
 20-bit subtractor                                     : 1
 24-bit adder                                          : 1
 25-bit adder                                          : 1
 26-bit adder                                          : 1
 3-bit adder                                           : 1
 3-bit subtractor                                      : 4
 5-bit adder                                           : 1
# Registers                                            : 159
 Flip-Flops                                            : 159
# Comparators                                          : 2
 2-bit comparator greater                              : 1
 4-bit comparator greater                              : 1
# Multiplexers                                         : 52
 1-bit 2-to-1 multiplexer                              : 12
 2-bit 2-to-1 multiplexer                              : 2
 20-bit 2-to-1 multiplexer                             : 2
 20-bit 4-to-1 multiplexer                             : 1
 24-bit 2-to-1 multiplexer                             : 1
 25-bit 2-to-1 multiplexer                             : 1
 26-bit 2-to-1 multiplexer                             : 1
 3-bit 2-to-1 multiplexer                              : 12
 5-bit 2-to-1 multiplexer                              : 1
 8-bit 2-to-1 multiplexer                              : 19
# FSMs                                                 : 1

=========================================================================

=========================================================================
*                         Low Level Synthesis                           *
=========================================================================
Analyzing FSM <MFsm> for best encoding.
Optimizing FSM <IC0/IC3/FSM_0> on signal <DB_REG[1:2]> with user encoding.
-------------------
 State | Encoding
-------------------
 zero  | 00
 wait0 | 01
 one   | 10
 wait1 | 11
-------------------

Optimizing unit <BTVN_SO9> ...

Optimizing unit <DEBOUNCE_BTN> ...

Optimizing unit <DIEUKHIEN_MODE> ...

Optimizing unit <CHIA_10ENA> ...

Optimizing unit <LED_SANGDON_PST> ...

Optimizing unit <LED_SANGDON_TSP> ...

Optimizing unit <DK_8LED_2CT_AU_1DSDC_PST_TSP> ...

Optimizing unit <LED_DSDC_PST> ...

Optimizing unit <LED_DSDC_TSP> ...

Optimizing unit <DIEUKHIEN_CHOPHEP> ...
INFO:Xst:2261 - The FF/Latch <IC2/D10HZ_REG_0> in Unit <BTVN_SO9> is equivalent to the following 2 FFs/Latches, which will be removed : <IC2/D2HZ_REG_0> <IC2/D5HZ_REG_0> 
INFO:Xst:2261 - The FF/Latch <IC2/D10HZ_REG_1> in Unit <BTVN_SO9> is equivalent to the following 2 FFs/Latches, which will be removed : <IC2/D2HZ_REG_1> <IC2/D5HZ_REG_1> 
INFO:Xst:2261 - The FF/Latch <IC2/D10HZ_REG_2> in Unit <BTVN_SO9> is equivalent to the following 2 FFs/Latches, which will be removed : <IC2/D2HZ_REG_2> <IC2/D5HZ_REG_2> 
INFO:Xst:2261 - The FF/Latch <IC2/D10HZ_REG_3> in Unit <BTVN_SO9> is equivalent to the following 2 FFs/Latches, which will be removed : <IC2/D2HZ_REG_3> <IC2/D5HZ_REG_3> 
INFO:Xst:2261 - The FF/Latch <IC2/D10HZ_REG_4> in Unit <BTVN_SO9> is equivalent to the following 2 FFs/Latches, which will be removed : <IC2/D2HZ_REG_4> <IC2/D5HZ_REG_4> 
INFO:Xst:2261 - The FF/Latch <IC2/D10HZ_REG_5> in Unit <BTVN_SO9> is equivalent to the following 2 FFs/Latches, which will be removed : <IC2/D2HZ_REG_5> <IC2/D5HZ_REG_5> 

Mapping all equations...
Building and optimizing final netlist ...
Found area constraint ratio of 100 (+ 5) on block BTVN_SO9, actual ratio is 7.
FlipFlop IC1/DEM_R_0 has been replicated 2 time(s)
FlipFlop IC1/DEM_R_1 has been replicated 2 time(s)

Final Macro Processing ...

=========================================================================
Final Register Report

Macro Statistics
# Registers                                            : 153
 Flip-Flops                                            : 153

=========================================================================

=========================================================================
*                           Partition Report                            *
=========================================================================

Partition Implementation Status
-------------------------------

  No Partitions were found in this design.

-------------------------------

=========================================================================
*                            Design Summary                             *
=========================================================================

Top Level Output File Name         : BTVN_SO9.ngc

Primitive and Black Box Usage:
------------------------------
# BELS                             : 588
#      GND                         : 1
#      INV                         : 23
#      LUT1                        : 70
#      LUT2                        : 20
#      LUT3                        : 22
#      LUT4                        : 50
#      LUT5                        : 81
#      LUT6                        : 152
#      MUXCY                       : 88
#      VCC                         : 1
#      XORCY                       : 80
# FlipFlops/Latches                : 153
#      FD_1                        : 83
#      FDC_1                       : 56
#      FDP_1                       : 14
# Clock Buffers                    : 1
#      BUFGP                       : 1
# IO Buffers                       : 10
#      IBUF                        : 2
#      OBUF                        : 8

Device utilization summary:
---------------------------

Selected Device : 6slx9tqg144-2 


Slice Logic Utilization: 
 Number of Slice Registers:             153  out of  11440     1%  
 Number of Slice LUTs:                  418  out of   5720     7%  
    Number used as Logic:               418  out of   5720     7%  

Slice Logic Distribution: 
 Number of LUT Flip Flop pairs used:    422
   Number with an unused Flip Flop:     269  out of    422    63%  
   Number with an unused LUT:             4  out of    422     0%  
   Number of fully used LUT-FF pairs:   149  out of    422    35%  
   Number of unique control sets:         2

IO Utilization: 
 Number of IOs:                          11
 Number of bonded IOBs:                  11  out of    102    10%  

Specific Feature Utilization:
 Number of BUFG/BUFGCTRLs:                1  out of     16     6%  

---------------------------
Partition Resource Summary:
---------------------------

  No Partitions were found in this design.

---------------------------


=========================================================================
Timing Report

NOTE: THESE TIMING NUMBERS ARE ONLY A SYNTHESIS ESTIMATE.
      FOR ACCURATE TIMING INFORMATION PLEASE REFER TO THE TRACE REPORT
      GENERATED AFTER PLACE-and-ROUTE.

Clock Information:
------------------
-----------------------------------+------------------------+-------+
Clock Signal                       | Clock buffer(FF name)  | Load  |
-----------------------------------+------------------------+-------+
CKHT                               | BUFGP                  | 153   |
-----------------------------------+------------------------+-------+

Asynchronous Control Signals Information:
----------------------------------------
No asynchronous control signals found in this design

Timing Summary:
---------------
Speed Grade: -2

   Minimum period: 6.117ns (Maximum Frequency: 163.479MHz)
   Minimum input arrival time before clock: 8.158ns
   Maximum output required time after clock: 7.933ns
   Maximum combinational path delay: 9.715ns

Timing Details:
---------------
All values displayed in nanoseconds (ns)

=========================================================================
Timing constraint: Default period analysis for Clock 'CKHT'
  Clock period: 6.117ns (frequency: 163.479MHz)
  Total number of paths / destination ports: 8020 / 153
-------------------------------------------------------------------------
Delay:               6.117ns (Levels of Logic = 4)
  Source:            IC2/D10HZ_REG_3 (FF)
  Destination:       IC3/DC_R_0 (FF)
  Source Clock:      CKHT falling
  Destination Clock: CKHT falling

  Data Path: IC2/D10HZ_REG_3 to IC3/DC_R_0
                                Gate     Net
    Cell:in->out      fanout   Delay   Delay  Logical Name (Net Name)
    ----------------------------------------  ------------
     FD_1:C->Q             6   0.525   1.306  IC2/D10HZ_REG_3 (IC2/D10HZ_REG_3)
     LUT6:I1->O            2   0.254   0.726  IC2/ENA2HZ<24>12 (IC2/ENA2HZ<24>12)
     LUT6:I5->O           19   0.254   1.261  IC2/ENA2HZ<24>13 (IC2/ENA2HZ<24>1)
     LUT6:I5->O           17   0.254   1.209  IC2/Mmux_ENA_CK13 (IC2/Mmux_ENA_CK12)
     LUT5:I4->O            1   0.254   0.000  IC5/IC2/DEM_REG_0_rstpot (IC5/IC2/DEM_REG_0_rstpot)
     FDC_1:D                   0.074          IC5/IC2/DEM_REG_0
    ----------------------------------------
    Total                      6.117ns (1.615ns logic, 4.502ns route)
                                       (26.4% logic, 73.6% route)

=========================================================================
Timing constraint: Default OFFSET IN BEFORE for Clock 'CKHT'
  Total number of paths / destination ports: 593 / 156
-------------------------------------------------------------------------
Offset:              8.158ns (Levels of Logic = 5)
  Source:            BTN<0> (PAD)
  Destination:       IC3/Y_R_7 (FF)
  Destination Clock: CKHT falling

  Data Path: BTN<0> to IC3/Y_R_7
                                Gate     Net
    Cell:in->out      fanout   Delay   Delay  Logical Name (Net Name)
    ----------------------------------------  ------------
     IBUF:I->O            98   1.328   2.421  BTN_0_IBUF (BTN_0_IBUF)
     LUT3:I0->O           16   0.235   1.182  IC1/Mmux_OE11 (OE<0>)
     LUT6:I5->O            3   0.254   0.874  IC2/Mmux_ENA_CK19 (IC2/Mmux_ENA_CK18)
     LUT5:I3->O           16   0.250   1.290  IC2/Mmux_ENA_CK110_SW3 (N20)
     LUT5:I3->O            1   0.250   0.000  IC3/Y_R_0_rstpot (IC3/Y_R_0_rstpot)
     FDC_1:D                   0.074          IC3/Y_R_0
    ----------------------------------------
    Total                      8.158ns (2.391ns logic, 5.767ns route)
                                       (29.3% logic, 70.7% route)

=========================================================================
Timing constraint: Default OFFSET OUT AFTER for Clock 'CKHT'
  Total number of paths / destination ports: 88 / 8
-------------------------------------------------------------------------
Offset:              7.933ns (Levels of Logic = 3)
  Source:            IC1/DEM_R_0 (FF)
  Destination:       LED<7> (PAD)
  Source Clock:      CKHT falling

  Data Path: IC1/DEM_R_0 to LED<7>
                                Gate     Net
    Cell:in->out      fanout   Delay   Delay  Logical Name (Net Name)
    ----------------------------------------  ------------
     FDC_1:C->Q           95   0.525   2.625  IC1/DEM_R_0 (IC1/DEM_R_0)
     LUT6:I0->O            1   0.254   0.682  LED<7>3_SW0 (N210)
     LUT6:I5->O            1   0.254   0.681  LED<7>3 (LED_7_OBUF)
     OBUF:I->O                 2.912          LED_7_OBUF (LED<7>)
    ----------------------------------------
    Total                      7.933ns (3.945ns logic, 3.988ns route)
                                       (49.7% logic, 50.3% route)

=========================================================================
Timing constraint: Default path analysis
  Total number of paths / destination ports: 16 / 8
-------------------------------------------------------------------------
Delay:               9.715ns (Levels of Logic = 4)
  Source:            BTN<0> (PAD)
  Destination:       LED<7> (PAD)

  Data Path: BTN<0> to LED<7>
                                Gate     Net
    Cell:in->out      fanout   Delay   Delay  Logical Name (Net Name)
    ----------------------------------------  ------------
     IBUF:I->O            98   1.328   2.421  BTN_0_IBUF (BTN_0_IBUF)
     LUT3:I0->O           28   0.235   1.883  IC1/Mmux_OE31 (OE<2>)
     LUT6:I1->O            1   0.254   0.681  LED<7>3 (LED_7_OBUF)
     OBUF:I->O                 2.912          LED_7_OBUF (LED<7>)
    ----------------------------------------
    Total                      9.715ns (4.729ns logic, 4.986ns route)
                                       (48.7% logic, 51.3% route)

=========================================================================

Cross Clock Domains Report:
--------------------------

Clock to Setup on destination clock CKHT
---------------+---------+---------+---------+---------+
               | Src:Rise| Src:Fall| Src:Rise| Src:Fall|
Source Clock   |Dest:Rise|Dest:Rise|Dest:Fall|Dest:Fall|
---------------+---------+---------+---------+---------+
CKHT           |         |         |    6.117|         |
---------------+---------+---------+---------+---------+

=========================================================================


Total REAL time to Xst completion: 12.00 secs
Total CPU time to Xst completion: 11.72 secs
 
--> 

Total memory usage is 4510204 kilobytes

Number of errors   :    0 (   0 filtered)
Number of warnings :    0 (   0 filtered)
Number of infos    :    8 (   0 filtered)

