--------------------------------------------------------------------------------
Release 14.7 Trace  (nt64)
Copyright (c) 1995-2013 Xilinx, Inc.  All rights reserved.

C:\Xilinx\14.7\ISE_DS\ISE\bin\nt64\unwrapped\trce.exe -intstyle ise -v 3 -s 2
-n 3 -fastpaths -xml BAITAP_MORONG_THEM_ENA_SS_SW1_5HZ.twx
BAITAP_MORONG_THEM_ENA_SS_SW1_5HZ.ncd -o BAITAP_MORONG_THEM_ENA_SS_SW1_5HZ.twr
BAITAP_MORONG_THEM_ENA_SS_SW1_5HZ.pcf

Design file:              BAITAP_MORONG_THEM_ENA_SS_SW1_5HZ.ncd
Physical constraint file: BAITAP_MORONG_THEM_ENA_SS_SW1_5HZ.pcf
Device,package,speed:     xc6slx9,tqg144,C,-2 (PRODUCTION 1.23 2013-10-13)
Report level:             verbose report

Environment Variable      Effect 
--------------------      ------ 
NONE                      No environment variables were set
--------------------------------------------------------------------------------

INFO:Timing:2698 - No timing constraints found, doing default enumeration.
INFO:Timing:3412 - To improve timing, see the Timing Closure User Guide (UG612).
INFO:Timing:2752 - To get complete path coverage, use the unconstrained paths 
   option. All paths that are not constrained will be reported in the 
   unconstrained paths section(s) of the report.
INFO:Timing:3339 - The clock-to-out numbers in this timing report are based on 
   a 50 Ohm transmission line loading model.  For the details of this model, 
   and for more information on accounting for different loading conditions, 
   please see the device datasheet.



Data Sheet report:
-----------------
All values displayed in nanoseconds (ns)

Setup/Hold to clock CKHT
------------+------------+------------+------------+------------+------------------+--------+
            |Max Setup to|  Process   |Max Hold to |  Process   |                  | Clock  |
Source      | clk (edge) |   Corner   | clk (edge) |   Corner   |Internal Clock(s) | Phase  |
------------+------------+------------+------------+------------+------------------+--------+
BTN<0>      |    4.526(F)|      SLOW  |   -0.316(F)|      FAST  |CKHT_BUFGP        |   0.000|
BTN<1>      |    2.583(F)|      SLOW  |    0.045(F)|      SLOW  |CKHT_BUFGP        |   0.000|
SW<0>       |    4.137(F)|      SLOW  |   -0.645(F)|      FAST  |CKHT_BUFGP        |   0.000|
SW<1>       |    4.797(F)|      SLOW  |   -1.079(F)|      FAST  |CKHT_BUFGP        |   0.000|
------------+------------+------------+------------+------------+------------------+--------+

Clock CKHT to Pad
------------+-----------------+------------+-----------------+------------+------------------+--------+
            |Max (slowest) clk|  Process   |Min (fastest) clk|  Process   |                  | Clock  |
Destination |  (edge) to PAD  |   Corner   |  (edge) to PAD  |   Corner   |Internal Clock(s) | Phase  |
------------+-----------------+------------+-----------------+------------+------------------+--------+
LED<0>      |        10.973(F)|      SLOW  |         4.303(F)|      FAST  |CKHT_BUFGP        |   0.000|
LED<1>      |        10.245(F)|      SLOW  |         4.005(F)|      FAST  |CKHT_BUFGP        |   0.000|
LED<2>      |        10.060(F)|      SLOW  |         4.117(F)|      FAST  |CKHT_BUFGP        |   0.000|
LED<3>      |        10.347(F)|      SLOW  |         4.098(F)|      FAST  |CKHT_BUFGP        |   0.000|
LED<4>      |        10.345(F)|      SLOW  |         4.070(F)|      FAST  |CKHT_BUFGP        |   0.000|
LED<5>      |        10.405(F)|      SLOW  |         4.151(F)|      FAST  |CKHT_BUFGP        |   0.000|
LED<6>      |        10.451(F)|      SLOW  |         4.085(F)|      FAST  |CKHT_BUFGP        |   0.000|
LED<7>      |         9.709(F)|      SLOW  |         3.970(F)|      FAST  |CKHT_BUFGP        |   0.000|
------------+-----------------+------------+-----------------+------------+------------------+--------+

Clock to Setup on destination clock CKHT
---------------+---------+---------+---------+---------+
               | Src:Rise| Src:Fall| Src:Rise| Src:Fall|
Source Clock   |Dest:Rise|Dest:Rise|Dest:Fall|Dest:Fall|
---------------+---------+---------+---------+---------+
CKHT           |         |         |         |    5.232|
---------------+---------+---------+---------+---------+

Pad to Pad
---------------+---------------+---------+
Source Pad     |Destination Pad|  Delay  |
---------------+---------------+---------+
SW<0>          |LED<0>         |    9.453|
SW<0>          |LED<1>         |    9.453|
SW<0>          |LED<2>         |    9.995|
SW<0>          |LED<3>         |    9.897|
SW<0>          |LED<4>         |   10.140|
SW<0>          |LED<5>         |    9.378|
SW<0>          |LED<6>         |    9.568|
SW<0>          |LED<7>         |    9.486|
---------------+---------------+---------+


Analysis completed Wed Jun 10 22:13:56 2020 
--------------------------------------------------------------------------------

Trace Settings:
-------------------------
Trace Settings 

Peak Memory Usage: 4573 MB



