--------------------------------------------------------------------------------
Release 14.7 Trace  (nt64)
Copyright (c) 1995-2013 Xilinx, Inc.  All rights reserved.

C:\Xilinx\14.7\ISE_DS\ISE\bin\nt64\unwrapped\trce.exe -intstyle ise -v 3 -s 2
-n 3 -fastpaths -xml DEM_UD_00_99_HT_7DOAN_SW.twx DEM_UD_00_99_HT_7DOAN_SW.ncd
-o DEM_UD_00_99_HT_7DOAN_SW.twr DEM_UD_00_99_HT_7DOAN_SW.pcf

Design file:              DEM_UD_00_99_HT_7DOAN_SW.ncd
Physical constraint file: DEM_UD_00_99_HT_7DOAN_SW.pcf
Device,package,speed:     xc6slx9,tqg144,C,-2 (PRODUCTION 1.23 2013-10-13)
Report level:             verbose report

Environment Variable      Effect 
--------------------      ------ 
NONE                      No environment variables were set
--------------------------------------------------------------------------------

INFO:Timing:2698 - No timing constraints found, doing default enumeration.
INFO:Timing:3412 - To improve timing, see the Timing Closure User Guide (UG612).
INFO:Timing:2752 - To get complete path coverage, use the unconstrained paths 
   option. All paths that are not constrained will be reported in the 
   unconstrained paths section(s) of the report.
INFO:Timing:3339 - The clock-to-out numbers in this timing report are based on 
   a 50 Ohm transmission line loading model.  For the details of this model, 
   and for more information on accounting for different loading conditions, 
   please see the device datasheet.



Data Sheet report:
-----------------
All values displayed in nanoseconds (ns)

Setup/Hold to clock CKHT
------------+------------+------------+------------+------------+------------------+--------+
            |Max Setup to|  Process   |Max Hold to |  Process   |                  | Clock  |
Source      | clk (edge) |   Corner   | clk (edge) |   Corner   |Internal Clock(s) | Phase  |
------------+------------+------------+------------+------------+------------------+--------+
BTN0        |    3.529(F)|      SLOW  |   -0.866(F)|      FAST  |CKHT_BUFGP        |   0.000|
SW<0>       |    4.394(F)|      SLOW  |   -0.230(F)|      SLOW  |CKHT_BUFGP        |   0.000|
SW<1>       |    5.096(F)|      SLOW  |   -1.235(F)|      FAST  |CKHT_BUFGP        |   0.000|
SW<2>       |    4.302(F)|      SLOW  |   -0.705(F)|      FAST  |CKHT_BUFGP        |   0.000|
------------+------------+------------+------------+------------+------------------+--------+

Clock CKHT to Pad
------------+-----------------+------------+-----------------+------------+------------------+--------+
            |Max (slowest) clk|  Process   |Min (fastest) clk|  Process   |                  | Clock  |
Destination |  (edge) to PAD  |   Corner   |  (edge) to PAD  |   Corner   |Internal Clock(s) | Phase  |
------------+-----------------+------------+-----------------+------------+------------------+--------+
ANODE<0>    |        10.384(F)|      SLOW  |         4.300(F)|      FAST  |CKHT_BUFGP        |   0.000|
ANODE<1>    |        10.439(F)|      SLOW  |         4.324(F)|      FAST  |CKHT_BUFGP        |   0.000|
ANODE<2>    |        10.761(F)|      SLOW  |         4.340(F)|      FAST  |CKHT_BUFGP        |   0.000|
ANODE<3>    |        10.766(F)|      SLOW  |         4.314(F)|      FAST  |CKHT_BUFGP        |   0.000|
ANODE<4>    |        10.733(F)|      SLOW  |         4.511(F)|      FAST  |CKHT_BUFGP        |   0.000|
ANODE<5>    |        10.884(F)|      SLOW  |         4.617(F)|      FAST  |CKHT_BUFGP        |   0.000|
ANODE<6>    |        10.884(F)|      SLOW  |         4.379(F)|      FAST  |CKHT_BUFGP        |   0.000|
ANODE<7>    |        11.024(F)|      SLOW  |         4.483(F)|      FAST  |CKHT_BUFGP        |   0.000|
SSEG<0>     |        13.653(F)|      SLOW  |         4.281(F)|      FAST  |CKHT_BUFGP        |   0.000|
SSEG<1>     |        13.670(F)|      SLOW  |         4.351(F)|      FAST  |CKHT_BUFGP        |   0.000|
SSEG<2>     |        13.597(F)|      SLOW  |         4.363(F)|      FAST  |CKHT_BUFGP        |   0.000|
SSEG<3>     |        13.631(F)|      SLOW  |         4.252(F)|      FAST  |CKHT_BUFGP        |   0.000|
SSEG<4>     |        13.618(F)|      SLOW  |         4.241(F)|      FAST  |CKHT_BUFGP        |   0.000|
SSEG<5>     |        13.646(F)|      SLOW  |         4.468(F)|      FAST  |CKHT_BUFGP        |   0.000|
SSEG<6>     |        13.734(F)|      SLOW  |         4.446(F)|      FAST  |CKHT_BUFGP        |   0.000|
------------+-----------------+------------+-----------------+------------+------------------+--------+

Clock to Setup on destination clock CKHT
---------------+---------+---------+---------+---------+
               | Src:Rise| Src:Fall| Src:Rise| Src:Fall|
Source Clock   |Dest:Rise|Dest:Rise|Dest:Fall|Dest:Fall|
---------------+---------+---------+---------+---------+
CKHT           |         |         |         |    4.920|
---------------+---------+---------+---------+---------+

Pad to Pad
---------------+---------------+---------+
Source Pad     |Destination Pad|  Delay  |
---------------+---------------+---------+
SW<2>          |led0           |    8.525|
---------------+---------------+---------+


Analysis completed Wed Jun 24 17:32:49 2020 
--------------------------------------------------------------------------------

Trace Settings:
-------------------------
Trace Settings 

Peak Memory Usage: 4572 MB



