Release 14.7 - xst P.20131013 (nt64)
Copyright (c) 1995-2013 Xilinx, Inc.  All rights reserved.
--> Parameter TMPDIR set to xst/projnav.tmp


Total REAL time to Xst completion: 0.00 secs
Total CPU time to Xst completion: 0.16 secs
 
--> Parameter xsthdpdir set to xst


Total REAL time to Xst completion: 0.00 secs
Total CPU time to Xst completion: 0.16 secs
 
--> Reading design: CHIA_1XUNG_CK1HZ.prj

TABLE OF CONTENTS
  1) Synthesis Options Summary
  2) HDL Parsing
  3) HDL Elaboration
  4) HDL Synthesis
       4.1) HDL Synthesis Report
  5) Advanced HDL Synthesis
       5.1) Advanced HDL Synthesis Report
  6) Low Level Synthesis
  7) Partition Report
  8) Design Summary
       8.1) Primitive and Black Box Usage
       8.2) Device utilization summary
       8.3) Partition Resource Summary
       8.4) Timing Report
            8.4.1) Clock Information
            8.4.2) Asynchronous Control Signals Information
            8.4.3) Timing Summary
            8.4.4) Timing Details
            8.4.5) Cross Clock Domains Report


=========================================================================
*                      Synthesis Options Summary                        *
=========================================================================
---- Source Parameters
Input File Name                    : "CHIA_1XUNG_CK1HZ.prj"
Ignore Synthesis Constraint File   : NO

---- Target Parameters
Output File Name                   : "CHIA_1XUNG_CK1HZ"
Output Format                      : NGC
Target Device                      : xc6slx9-3-tqg144

---- Source Options
Top Module Name                    : CHIA_1XUNG_CK1HZ
Automatic FSM Extraction           : YES
FSM Encoding Algorithm             : Auto
Safe Implementation                : No
FSM Style                          : LUT
RAM Extraction                     : Yes
RAM Style                          : Auto
ROM Extraction                     : Yes
Shift Register Extraction          : YES
ROM Style                          : Auto
Resource Sharing                   : YES
Asynchronous To Synchronous        : NO
Shift Register Minimum Size        : 2
Use DSP Block                      : Auto
Automatic Register Balancing       : No

---- Target Options
LUT Combining                      : Auto
Reduce Control Sets                : Auto
Add IO Buffers                     : YES
Global Maximum Fanout              : 100000
Add Generic Clock Buffer(BUFG)     : 16
Register Duplication               : YES
Optimize Instantiated Primitives   : NO
Use Clock Enable                   : Auto
Use Synchronous Set                : Auto
Use Synchronous Reset              : Auto
Pack IO Registers into IOBs        : Auto
Equivalent register Removal        : YES

---- General Options
Optimization Goal                  : Speed
Optimization Effort                : 1
Power Reduction                    : NO
Keep Hierarchy                     : No
Netlist Hierarchy                  : As_Optimized
RTL Output                         : Yes
Global Optimization                : AllClockNets
Read Cores                         : YES
Write Timing Constraints           : NO
Cross Clock Analysis               : NO
Hierarchy Separator                : /
Bus Delimiter                      : <>
Case Specifier                     : Maintain
Slice Utilization Ratio            : 100
BRAM Utilization Ratio             : 100
DSP48 Utilization Ratio            : 100
Auto BRAM Packing                  : NO
Slice Utilization Ratio Delta      : 5

=========================================================================


=========================================================================
*                          HDL Parsing                                  *
=========================================================================
Parsing VHDL file "C:\Users\Admin\Documents\TT-HDL-N7-S2\BAI_401_CHIA_1XUNG_CK1HZ\CHIA_CK1HZ.vhd" into library work
Parsing entity <CHIA_CK1HZ>.
Parsing architecture <Behavioral> of entity <chia_ck1hz>.
Parsing VHDL file "C:\Users\Admin\Documents\TT-HDL-N7-S2\BAI_401_CHIA_1XUNG_CK1HZ\CHIA_1XUNG_CK1HZ.vhd" into library work
Parsing entity <CHIA_1XUNG_CK1HZ>.
Parsing architecture <Behavioral> of entity <chia_1xung_ck1hz>.

=========================================================================
*                            HDL Elaboration                            *
=========================================================================

Elaborating entity <CHIA_1XUNG_CK1HZ> (architecture <Behavioral>) from library <work>.

Elaborating entity <CHIA_CK1HZ> (architecture <Behavioral>) from library <work>.

=========================================================================
*                           HDL Synthesis                               *
=========================================================================

Synthesizing Unit <CHIA_1XUNG_CK1HZ>.
    Related source file is "C:\Users\Admin\Documents\TT-HDL-N7-S2\BAI_401_CHIA_1XUNG_CK1HZ\CHIA_1XUNG_CK1HZ.vhd".
    Summary:
	no macro.
Unit <CHIA_1XUNG_CK1HZ> synthesized.

Synthesizing Unit <CHIA_CK1HZ>.
    Related source file is "C:\Users\Admin\Documents\TT-HDL-N7-S2\BAI_401_CHIA_1XUNG_CK1HZ\CHIA_CK1HZ.vhd".
    Found 26-bit register for signal <D1HZ_REG>.
    Found 27-bit adder for signal <n0009> created at line 23.
    Found 26-bit comparator greater for signal <CK1HZ> created at line 25
    Summary:
	inferred   1 Adder/Subtractor(s).
	inferred  26 D-type flip-flop(s).
	inferred   1 Comparator(s).
Unit <CHIA_CK1HZ> synthesized.

=========================================================================
HDL Synthesis Report

Macro Statistics
# Adders/Subtractors                                   : 1
 27-bit adder                                          : 1
# Registers                                            : 1
 26-bit register                                       : 1
# Comparators                                          : 1
 26-bit comparator greater                             : 1

=========================================================================

=========================================================================
*                       Advanced HDL Synthesis                          *
=========================================================================


Synthesizing (advanced) Unit <CHIA_CK1HZ>.
The following registers are absorbed into counter <D1HZ_REG>: 1 register on signal <D1HZ_REG>.
Unit <CHIA_CK1HZ> synthesized (advanced).

=========================================================================
Advanced HDL Synthesis Report

Macro Statistics
# Counters                                             : 1
 26-bit up counter                                     : 1
# Comparators                                          : 1
 26-bit comparator greater                             : 1

=========================================================================

=========================================================================
*                         Low Level Synthesis                           *
=========================================================================

Optimizing unit <CHIA_1XUNG_CK1HZ> ...

Mapping all equations...
Building and optimizing final netlist ...
Found area constraint ratio of 100 (+ 5) on block CHIA_1XUNG_CK1HZ, actual ratio is 0.

Final Macro Processing ...

=========================================================================
Final Register Report

Macro Statistics
# Registers                                            : 26
 Flip-Flops                                            : 26

=========================================================================

=========================================================================
*                           Partition Report                            *
=========================================================================

Partition Implementation Status
-------------------------------

  No Partitions were found in this design.

-------------------------------

=========================================================================
*                            Design Summary                             *
=========================================================================

Top Level Output File Name         : CHIA_1XUNG_CK1HZ.ngc

Primitive and Black Box Usage:
------------------------------
# BELS                             : 116
#      GND                         : 1
#      INV                         : 2
#      LUT1                        : 25
#      LUT2                        : 26
#      LUT5                        : 1
#      LUT6                        : 9
#      MUXCY                       : 25
#      VCC                         : 1
#      XORCY                       : 26
# FlipFlops/Latches                : 26
#      FD                          : 26
# Clock Buffers                    : 1
#      BUFGP                       : 1
# IO Buffers                       : 1
#      OBUF                        : 1

Device utilization summary:
---------------------------

Selected Device : 6slx9tqg144-3 


Slice Logic Utilization: 
 Number of Slice Registers:              26  out of  11440     0%  
 Number of Slice LUTs:                   63  out of   5720     1%  
    Number used as Logic:                63  out of   5720     1%  

Slice Logic Distribution: 
 Number of LUT Flip Flop pairs used:     63
   Number with an unused Flip Flop:      37  out of     63    58%  
   Number with an unused LUT:             0  out of     63     0%  
   Number of fully used LUT-FF pairs:    26  out of     63    41%  
   Number of unique control sets:         1

IO Utilization: 
 Number of IOs:                           2
 Number of bonded IOBs:                   2  out of    102     1%  

Specific Feature Utilization:
 Number of BUFG/BUFGCTRLs:                1  out of     16     6%  

---------------------------
Partition Resource Summary:
---------------------------

  No Partitions were found in this design.

---------------------------


=========================================================================
Timing Report

NOTE: THESE TIMING NUMBERS ARE ONLY A SYNTHESIS ESTIMATE.
      FOR ACCURATE TIMING INFORMATION PLEASE REFER TO THE TRACE REPORT
      GENERATED AFTER PLACE-and-ROUTE.

Clock Information:
------------------
-----------------------------------+------------------------+-------+
Clock Signal                       | Clock buffer(FF name)  | Load  |
-----------------------------------+------------------------+-------+
CKHT                               | BUFGP                  | 26    |
-----------------------------------+------------------------+-------+

Asynchronous Control Signals Information:
----------------------------------------
No asynchronous control signals found in this design

Timing Summary:
---------------
Speed Grade: -3

   Minimum period: 3.964ns (Maximum Frequency: 252.296MHz)
   Minimum input arrival time before clock: No path found
   Maximum output required time after clock: 6.732ns
   Maximum combinational path delay: No path found

Timing Details:
---------------
All values displayed in nanoseconds (ns)

=========================================================================
Timing constraint: Default period analysis for Clock 'CKHT'
  Clock period: 3.964ns (frequency: 252.296MHz)
  Total number of paths / destination ports: 1027 / 26
-------------------------------------------------------------------------
Delay:               3.964ns (Levels of Logic = 3)
  Source:            IC/D1HZ_REG_2 (FF)
  Destination:       IC/D1HZ_REG_1 (FF)
  Source Clock:      CKHT falling
  Destination Clock: CKHT falling

  Data Path: IC/D1HZ_REG_2 to IC/D1HZ_REG_1
                                Gate     Net
    Cell:in->out      fanout   Delay   Delay  Logical Name (Net Name)
    ----------------------------------------  ------------
     FD:C->Q               2   0.447   0.981  IC/D1HZ_REG_2 (IC/D1HZ_REG_2)
     LUT6:I0->O            2   0.203   0.864  IC/PWR_5_o_D1HZ_REG[25]_equal_2_o<25>4 (IC/PWR_5_o_D1HZ_REG[25]_equal_2_o<25>3)
     LUT6:I2->O           14   0.203   0.958  IC/PWR_5_o_D1HZ_REG[25]_equal_2_o<25>5 (IC/PWR_5_o_D1HZ_REG[25]_equal_2_o)
     LUT2:I1->O            1   0.205   0.000  IC/D1HZ_REG_1_rstpot (IC/D1HZ_REG_1_rstpot)
     FD:D                      0.102          IC/D1HZ_REG_1
    ----------------------------------------
    Total                      3.964ns (1.160ns logic, 2.804ns route)
                                       (29.3% logic, 70.7% route)

=========================================================================
Timing constraint: Default OFFSET OUT AFTER for Clock 'CKHT'
  Total number of paths / destination ports: 20 / 1
-------------------------------------------------------------------------
Offset:              6.732ns (Levels of Logic = 4)
  Source:            IC/D1HZ_REG_14 (FF)
  Destination:       LED (PAD)
  Source Clock:      CKHT falling

  Data Path: IC/D1HZ_REG_14 to LED
                                Gate     Net
    Cell:in->out      fanout   Delay   Delay  Logical Name (Net Name)
    ----------------------------------------  ------------
     FD:C->Q               3   0.447   1.015  IC/D1HZ_REG_14 (IC/D1HZ_REG_14)
     LUT6:I0->O            1   0.203   0.684  LED32 (LED31)
     LUT6:I4->O            1   0.203   0.827  LED33 (LED32)
     LUT6:I2->O            1   0.203   0.579  LED34 (LED_OBUF)
     OBUF:I->O                 2.571          LED_OBUF (LED)
    ----------------------------------------
    Total                      6.732ns (3.627ns logic, 3.105ns route)
                                       (53.9% logic, 46.1% route)

=========================================================================

Cross Clock Domains Report:
--------------------------

Clock to Setup on destination clock CKHT
---------------+---------+---------+---------+---------+
               | Src:Rise| Src:Fall| Src:Rise| Src:Fall|
Source Clock   |Dest:Rise|Dest:Rise|Dest:Fall|Dest:Fall|
---------------+---------+---------+---------+---------+
CKHT           |         |         |    3.964|         |
---------------+---------+---------+---------+---------+

=========================================================================


Total REAL time to Xst completion: 7.00 secs
Total CPU time to Xst completion: 6.82 secs
 
--> 

Total memory usage is 4493980 kilobytes

Number of errors   :    0 (   0 filtered)
Number of warnings :    0 (   0 filtered)
Number of infos    :    0 (   0 filtered)

