#-----------------------------------------------------------
# PlanAhead v14.7 (64-bit)
# Build 321239 by xbuild on Fri Sep 27 19:29:51 MDT 2013
# Start of session at: Thu Sep 05 15:26:18 2019
# Process ID: 8380
# Log file: C:/Users/TOSHIBA/Documents/TT_Xilinx/TTTKVMS_CHIEU_T5_NHOM_2/BAI_313_MAHOAUUTIEN_42HE_CONDITIONAL/planAhead_run_1/planAhead.log
# Journal file: C:/Users/TOSHIBA/Documents/TT_Xilinx/TTTKVMS_CHIEU_T5_NHOM_2/BAI_313_MAHOAUUTIEN_42HE_CONDITIONAL/planAhead_run_1/planAhead.jou
#-----------------------------------------------------------
INFO: [Common 17-78] Attempting to get a license: PlanAhead
INFO: [Common 17-290] Got license for PlanAhead
INFO: [Device 21-36] Loading parts and site information from C:/Xilinx/14.7/ISE_DS/PlanAhead/data/parts/arch.xml
Parsing RTL primitives file [C:/Xilinx/14.7/ISE_DS/PlanAhead/data/parts/xilinx/rtl/prims/rtl_prims.xml]
Finished parsing RTL primitives file [C:/Xilinx/14.7/ISE_DS/PlanAhead/data/parts/xilinx/rtl/prims/rtl_prims.xml]
start_gui
source C:/Users/TOSHIBA/Documents/TT_Xilinx/TTTKVMS_CHIEU_T5_NHOM_2/BAI_313_MAHOAUUTIEN_42HE_CONDITIONAL/pa.fromHdl.tcl
# create_project -name BAI_313_MAHOAUUTIEN_42HE_CONDITIONAL -dir "C:/Users/TOSHIBA/Documents/TT_Xilinx/TTTKVMS_CHIEU_T5_NHOM_2/BAI_313_MAHOAUUTIEN_42HE_CONDITIONAL/planAhead_run_1" -part xc3s500epq208-5
# set_param project.pinAheadLayout yes
# set srcset [get_property srcset [current_run -impl]]
# set_property target_constrs_file "MAHOAUUTIEN_42HE_CONDITIONAL.ucf" [current_fileset -constrset]
Adding file 'C:/Users/TOSHIBA/Documents/TT_Xilinx/TTTKVMS_CHIEU_T5_NHOM_2/BAI_313_MAHOAUUTIEN_42HE_CONDITIONAL/MAHOAUUTIEN_42HE_CONDITIONAL.ucf' to fileset 'constrs_1'
INFO: [Common 17-41] Interrupt caught. Command should exit soon.
INFO: [Common 17-344] 'add_files' was cancelled
INFO: [Common 17-344] 'source' was cancelled
exit
ERROR: [PlanAhead 12-106] *** Exception: ui.h.b: Found deleted key in HTclEventBroker. Verify if the classes listed here call cleanup()
HTclEvent: DEBUG_PORT_CONFIG_CHANGE   Classes: ui.views.aR 
HTclEvent: DEBUG_CORE_CONFIG_CHANGE   Classes: ui.views.aR 
HTclEvent: SIGNAL_BUS_MODIFY   Classes: ui.views.aR 
HTclEvent: SIGNAL_MODIFY   Classes: ui.views.aR 
 (See C:/Users/TOSHIBA/Documents/TT_Xilinx/TTTKVMS_CHIEU_T5_NHOM_2/BAI_313_MAHOAUUTIEN_42HE_CONDITIONAL\planAhead_pid8380.debug)
ERROR: [Common 17-39] 'stop_gui' failed due to earlier errors.
INFO: [Common 17-206] Exiting PlanAhead at Thu Sep 05 15:26:35 2019...
INFO: [Common 17-83] Releasing license: PlanAhead
