--------------------------------------------------------------------------------
Release 14.7 Trace  (nt64)
Copyright (c) 1995-2013 Xilinx, Inc.  All rights reserved.

C:\Xilinx\14.7\ISE_DS\ISE\bin\nt64\unwrapped\trce.exe -intstyle ise -v 3 -s 5
-n 3 -fastpaths -xml BAI_522_THEM.twx BAI_522_THEM.ncd -o BAI_522_THEM.twr
BAI_522_THEM.pcf

Design file:              BAI_522_THEM.ncd
Physical constraint file: BAI_522_THEM.pcf
Device,package,speed:     xc3s500e,pq208,-5 (PRODUCTION 1.27 2013-10-13)
Report level:             verbose report

Environment Variable      Effect 
--------------------      ------ 
NONE                      No environment variables were set
--------------------------------------------------------------------------------

INFO:Timing:2698 - No timing constraints found, doing default enumeration.
INFO:Timing:3412 - To improve timing, see the Timing Closure User Guide (UG612).
INFO:Timing:2752 - To get complete path coverage, use the unconstrained paths 
   option. All paths that are not constrained will be reported in the 
   unconstrained paths section(s) of the report.
INFO:Timing:3339 - The clock-to-out numbers in this timing report are based on 
   a 50 Ohm transmission line loading model.  For the details of this model, 
   and for more information on accounting for different loading conditions, 
   please see the device datasheet.
INFO:Timing:3390 - This architecture does not support a default System Jitter 
   value, please add SYSTEM_JITTER constraint to the UCF to modify the Clock 
   Uncertainty calculation.
INFO:Timing:3389 - This architecture does not support 'Discrete Jitter' and 
   'Phase Error' calculations, these terms will be zero in the Clock 
   Uncertainty calculation.  Please make appropriate modification to 
   SYSTEM_JITTER to account for the unsupported Discrete Jitter and Phase 
   Error.



Data Sheet report:
-----------------
All values displayed in nanoseconds (ns)

Setup/Hold to clock CKHT
------------+------------+------------+------------------+--------+
            |Max Setup to|Max Hold to |                  | Clock  |
Source      | clk (edge) | clk (edge) |Internal Clock(s) | Phase  |
------------+------------+------------+------------------+--------+
BTN<1>      |    2.878(F)|    0.515(F)|CKHT_BUFGP        |   0.000|
BTN<2>      |    2.651(F)|    0.323(F)|CKHT_BUFGP        |   0.000|
BTN<3>      |    2.274(F)|    0.650(F)|CKHT_BUFGP        |   0.000|
BTN<4>      |    2.473(F)|    0.415(F)|CKHT_BUFGP        |   0.000|
BTN<5>      |    2.633(F)|    0.387(F)|CKHT_BUFGP        |   0.000|
------------+------------+------------+------------------+--------+

Clock CKHT to Pad
------------+------------+------------------+--------+
            | clk (edge) |                  | Clock  |
Destination |   to PAD   |Internal Clock(s) | Phase  |
------------+------------+------------------+--------+
ANODE<0>    |    8.048(F)|CKHT_BUFGP        |   0.000|
ANODE<1>    |    8.005(F)|CKHT_BUFGP        |   0.000|
ANODE<2>    |    8.968(F)|CKHT_BUFGP        |   0.000|
ANODE<3>    |    8.972(F)|CKHT_BUFGP        |   0.000|
ANODE<4>    |    9.391(F)|CKHT_BUFGP        |   0.000|
ANODE<5>    |    9.599(F)|CKHT_BUFGP        |   0.000|
ANODE<6>    |    9.151(F)|CKHT_BUFGP        |   0.000|
ANODE<7>    |    9.606(F)|CKHT_BUFGP        |   0.000|
LED0        |    8.320(F)|CKHT_BUFGP        |   0.000|
SSEG<0>     |   14.740(F)|CKHT_BUFGP        |   0.000|
SSEG<1>     |   16.578(F)|CKHT_BUFGP        |   0.000|
SSEG<2>     |   15.270(F)|CKHT_BUFGP        |   0.000|
SSEG<3>     |   14.990(F)|CKHT_BUFGP        |   0.000|
SSEG<4>     |   15.226(F)|CKHT_BUFGP        |   0.000|
SSEG<5>     |   16.065(F)|CKHT_BUFGP        |   0.000|
SSEG<6>     |   15.451(F)|CKHT_BUFGP        |   0.000|
------------+------------+------------------+--------+

Clock to Setup on destination clock CKHT
---------------+---------+---------+---------+---------+
               | Src:Rise| Src:Fall| Src:Rise| Src:Fall|
Source Clock   |Dest:Rise|Dest:Rise|Dest:Fall|Dest:Fall|
---------------+---------+---------+---------+---------+
CKHT           |         |         |         |    7.414|
---------------+---------+---------+---------+---------+


Analysis completed Fri Jun 26 09:37:50 2020 
--------------------------------------------------------------------------------

Trace Settings:
-------------------------
Trace Settings 

Peak Memory Usage: 4509 MB



