--------------------------------------------------------------------------------
Release 14.7 Trace  (nt64)
Copyright (c) 1995-2013 Xilinx, Inc.  All rights reserved.

C:\Xilinx\14.7\ISE_DS\ISE\bin\nt64\unwrapped\trce.exe -intstyle ise -v 3 -s 3
-n 3 -fastpaths -xml DO_ND_DS_18B20_HT_7DOAN_BUZZER_GIAY_UP_DW.twx
DO_ND_DS_18B20_HT_7DOAN_BUZZER_GIAY_UP_DW.ncd -o
DO_ND_DS_18B20_HT_7DOAN_BUZZER_GIAY_UP_DW.twr
DO_ND_DS_18B20_HT_7DOAN_BUZZER_GIAY_UP_DW.pcf

Design file:              DO_ND_DS_18B20_HT_7DOAN_BUZZER_GIAY_UP_DW.ncd
Physical constraint file: DO_ND_DS_18B20_HT_7DOAN_BUZZER_GIAY_UP_DW.pcf
Device,package,speed:     xc6slx9,tqg144,C,-3 (PRODUCTION 1.23 2013-10-13)
Report level:             verbose report

Environment Variable      Effect 
--------------------      ------ 
NONE                      No environment variables were set
--------------------------------------------------------------------------------

INFO:Timing:2698 - No timing constraints found, doing default enumeration.
INFO:Timing:3412 - To improve timing, see the Timing Closure User Guide (UG612).
INFO:Timing:2752 - To get complete path coverage, use the unconstrained paths 
   option. All paths that are not constrained will be reported in the 
   unconstrained paths section(s) of the report.
INFO:Timing:3339 - The clock-to-out numbers in this timing report are based on 
   a 50 Ohm transmission line loading model.  For the details of this model, 
   and for more information on accounting for different loading conditions, 
   please see the device datasheet.



Data Sheet report:
-----------------
All values displayed in nanoseconds (ns)

Setup/Hold to clock CKHT
------------+------------+------------+------------+------------+------------------+--------+
            |Max Setup to|  Process   |Max Hold to |  Process   |                  | Clock  |
Source      | clk (edge) |   Corner   | clk (edge) |   Corner   |Internal Clock(s) | Phase  |
------------+------------+------------+------------+------------+------------------+--------+
BTN<0>      |    4.417(R)|      SLOW  |   -1.358(R)|      FAST  |CKHT_BUFGP        |   0.000|
            |    4.866(F)|      SLOW  |   -1.836(F)|      FAST  |CKHT_BUFGP        |   0.000|
BTN<1>      |    2.226(F)|      SLOW  |   -0.470(F)|      SLOW  |CKHT_BUFGP        |   0.000|
BTN<2>      |    1.799(F)|      SLOW  |   -0.284(F)|      SLOW  |CKHT_BUFGP        |   0.000|
DS18B20     |    2.211(R)|      SLOW  |   -0.970(R)|      FAST  |CKHT_BUFGP        |   0.000|
------------+------------+------------+------------+------------+------------------+--------+

Clock CKHT to Pad
------------+-----------------+------------+-----------------+------------+------------------+--------+
            |Max (slowest) clk|  Process   |Min (fastest) clk|  Process   |                  | Clock  |
Destination |  (edge) to PAD  |   Corner   |  (edge) to PAD  |   Corner   |Internal Clock(s) | Phase  |
------------+-----------------+------------+-----------------+------------+------------------+--------+
ANODE<0>    |         8.631(F)|      SLOW  |         4.443(F)|      FAST  |CKHT_BUFGP        |   0.000|
ANODE<1>    |         8.680(F)|      SLOW  |         4.466(F)|      FAST  |CKHT_BUFGP        |   0.000|
ANODE<2>    |         8.459(F)|      SLOW  |         4.380(F)|      FAST  |CKHT_BUFGP        |   0.000|
ANODE<3>    |         8.468(F)|      SLOW  |         4.363(F)|      FAST  |CKHT_BUFGP        |   0.000|
ANODE<4>    |         8.493(F)|      SLOW  |         4.398(F)|      FAST  |CKHT_BUFGP        |   0.000|
ANODE<5>    |         8.540(F)|      SLOW  |         4.414(F)|      FAST  |CKHT_BUFGP        |   0.000|
ANODE<6>    |         8.502(F)|      SLOW  |         4.408(F)|      FAST  |CKHT_BUFGP        |   0.000|
ANODE<7>    |         8.549(F)|      SLOW  |         4.424(F)|      FAST  |CKHT_BUFGP        |   0.000|
BELL        |        10.506(R)|      SLOW  |         4.470(R)|      FAST  |CKHT_BUFGP        |   0.000|
            |        10.084(F)|      SLOW  |         4.280(F)|      FAST  |CKHT_BUFGP        |   0.000|
DS18B20     |         8.950(R)|      SLOW  |         4.613(R)|      FAST  |CKHT_BUFGP        |   0.000|
LED<0>      |         7.147(R)|      SLOW  |         3.660(R)|      FAST  |CKHT_BUFGP        |   0.000|
LED<1>      |         6.946(R)|      SLOW  |         3.543(R)|      FAST  |CKHT_BUFGP        |   0.000|
LED<2>      |         6.916(R)|      SLOW  |         3.513(R)|      FAST  |CKHT_BUFGP        |   0.000|
LED<3>      |         6.881(R)|      SLOW  |         3.490(R)|      FAST  |CKHT_BUFGP        |   0.000|
SSEG<0>     |        14.901(R)|      SLOW  |         5.554(R)|      FAST  |CKHT_BUFGP        |   0.000|
            |        13.632(F)|      SLOW  |         5.629(F)|      FAST  |CKHT_BUFGP        |   0.000|
SSEG<1>     |        14.950(R)|      SLOW  |         5.488(R)|      FAST  |CKHT_BUFGP        |   0.000|
            |        13.883(F)|      SLOW  |         5.590(F)|      FAST  |CKHT_BUFGP        |   0.000|
SSEG<2>     |        14.744(R)|      SLOW  |         5.661(R)|      FAST  |CKHT_BUFGP        |   0.000|
            |        13.700(F)|      SLOW  |         5.648(F)|      FAST  |CKHT_BUFGP        |   0.000|
SSEG<3>     |        14.707(R)|      SLOW  |         5.437(R)|      FAST  |CKHT_BUFGP        |   0.000|
            |        13.438(F)|      SLOW  |         5.512(F)|      FAST  |CKHT_BUFGP        |   0.000|
SSEG<4>     |        14.908(R)|      SLOW  |         5.676(R)|      FAST  |CKHT_BUFGP        |   0.000|
            |        13.867(F)|      SLOW  |         5.661(F)|      FAST  |CKHT_BUFGP        |   0.000|
SSEG<5>     |        14.822(R)|      SLOW  |         5.749(R)|      FAST  |CKHT_BUFGP        |   0.000|
            |        13.778(F)|      SLOW  |         5.736(F)|      FAST  |CKHT_BUFGP        |   0.000|
SSEG<6>     |        15.097(R)|      SLOW  |         5.796(R)|      FAST  |CKHT_BUFGP        |   0.000|
            |        14.056(F)|      SLOW  |         5.781(F)|      FAST  |CKHT_BUFGP        |   0.000|
------------+-----------------+------------+-----------------+------------+------------------+--------+

Clock to Setup on destination clock CKHT
---------------+---------+---------+---------+---------+
               | Src:Rise| Src:Fall| Src:Rise| Src:Fall|
Source Clock   |Dest:Rise|Dest:Rise|Dest:Fall|Dest:Fall|
---------------+---------+---------+---------+---------+
CKHT           |    6.496|         |         |    4.055|
---------------+---------+---------+---------+---------+


Analysis completed Sun Aug 02 21:44:48 2020 
--------------------------------------------------------------------------------

Trace Settings:
-------------------------
Trace Settings 

Peak Memory Usage: 4571 MB



