--------------------------------------------------------------------------------
Release 14.7 Trace  (nt64)
Copyright (c) 1995-2013 Xilinx, Inc.  All rights reserved.

C:\Xilinx\14.7\ISE_DS\ISE\bin\nt64\unwrapped\trce.exe -intstyle ise -v 3 -s 2
-n 3 -fastpaths -xml BTVN_SO57.twx BTVN_SO57.ncd -o BTVN_SO57.twr BTVN_SO57.pcf

Design file:              BTVN_SO57.ncd
Physical constraint file: BTVN_SO57.pcf
Device,package,speed:     xc6slx9,tqg144,C,-2 (PRODUCTION 1.23 2013-10-13)
Report level:             verbose report

Environment Variable      Effect 
--------------------      ------ 
NONE                      No environment variables were set
--------------------------------------------------------------------------------

INFO:Timing:2698 - No timing constraints found, doing default enumeration.
INFO:Timing:3412 - To improve timing, see the Timing Closure User Guide (UG612).
INFO:Timing:2752 - To get complete path coverage, use the unconstrained paths 
   option. All paths that are not constrained will be reported in the 
   unconstrained paths section(s) of the report.
INFO:Timing:3339 - The clock-to-out numbers in this timing report are based on 
   a 50 Ohm transmission line loading model.  For the details of this model, 
   and for more information on accounting for different loading conditions, 
   please see the device datasheet.



Data Sheet report:
-----------------
All values displayed in nanoseconds (ns)

Setup/Hold to clock CKHT
------------+------------+------------+------------+------------+------------------+--------+
            |Max Setup to|  Process   |Max Hold to |  Process   |                  | Clock  |
Source      | clk (edge) |   Corner   | clk (edge) |   Corner   |Internal Clock(s) | Phase  |
------------+------------+------------+------------+------------+------------------+--------+
BTN<0>      |    6.240(F)|      SLOW  |   -0.938(F)|      FAST  |CKHT_BUFGP        |   0.000|
BTN<1>      |    2.809(F)|      SLOW  |   -0.428(F)|      FAST  |CKHT_BUFGP        |   0.000|
------------+------------+------------+------------+------------+------------------+--------+

Clock CKHT to Pad
------------+-----------------+------------+-----------------+------------+------------------+--------+
            |Max (slowest) clk|  Process   |Min (fastest) clk|  Process   |                  | Clock  |
Destination |  (edge) to PAD  |   Corner   |  (edge) to PAD  |   Corner   |Internal Clock(s) | Phase  |
------------+-----------------+------------+-----------------+------------+------------------+--------+
ANODE<0>    |         9.900(F)|      SLOW  |         3.982(F)|      FAST  |CKHT_BUFGP        |   0.000|
ANODE<1>    |         9.955(F)|      SLOW  |         4.006(F)|      FAST  |CKHT_BUFGP        |   0.000|
ANODE<2>    |        10.313(F)|      SLOW  |         3.986(F)|      FAST  |CKHT_BUFGP        |   0.000|
ANODE<3>    |        10.516(F)|      SLOW  |         4.106(F)|      FAST  |CKHT_BUFGP        |   0.000|
ANODE<4>    |        11.233(F)|      SLOW  |         4.781(F)|      FAST  |CKHT_BUFGP        |   0.000|
ANODE<5>    |        11.384(F)|      SLOW  |         4.887(F)|      FAST  |CKHT_BUFGP        |   0.000|
ANODE<6>    |        11.287(F)|      SLOW  |         4.900(F)|      FAST  |CKHT_BUFGP        |   0.000|
ANODE<7>    |        11.374(F)|      SLOW  |         4.928(F)|      FAST  |CKHT_BUFGP        |   0.000|
LED<0>      |         9.587(F)|      SLOW  |         3.994(F)|      FAST  |CKHT_BUFGP        |   0.000|
LED<1>      |         9.778(F)|      SLOW  |         4.126(F)|      FAST  |CKHT_BUFGP        |   0.000|
LED<2>      |         9.389(F)|      SLOW  |         3.842(F)|      FAST  |CKHT_BUFGP        |   0.000|
LED<3>      |         9.300(F)|      SLOW  |         3.768(F)|      FAST  |CKHT_BUFGP        |   0.000|
LED<4>      |         9.317(F)|      SLOW  |         3.805(F)|      FAST  |CKHT_BUFGP        |   0.000|
LED<5>      |         9.565(F)|      SLOW  |         3.911(F)|      FAST  |CKHT_BUFGP        |   0.000|
LED<6>      |         9.401(F)|      SLOW  |         3.858(F)|      FAST  |CKHT_BUFGP        |   0.000|
LED<7>      |         8.845(F)|      SLOW  |         3.576(F)|      FAST  |CKHT_BUFGP        |   0.000|
SSEG<0>     |        13.308(F)|      SLOW  |         4.793(F)|      FAST  |CKHT_BUFGP        |   0.000|
SSEG<1>     |        13.112(F)|      SLOW  |         4.472(F)|      FAST  |CKHT_BUFGP        |   0.000|
SSEG<2>     |        13.105(F)|      SLOW  |         4.837(F)|      FAST  |CKHT_BUFGP        |   0.000|
SSEG<3>     |        13.199(F)|      SLOW  |         4.697(F)|      FAST  |CKHT_BUFGP        |   0.000|
SSEG<4>     |        12.952(F)|      SLOW  |         4.421(F)|      FAST  |CKHT_BUFGP        |   0.000|
SSEG<5>     |        13.344(F)|      SLOW  |         4.679(F)|      FAST  |CKHT_BUFGP        |   0.000|
SSEG<6>     |        13.403(F)|      SLOW  |         4.363(F)|      FAST  |CKHT_BUFGP        |   0.000|
------------+-----------------+------------+-----------------+------------+------------------+--------+

Clock to Setup on destination clock CKHT
---------------+---------+---------+---------+---------+
               | Src:Rise| Src:Fall| Src:Rise| Src:Fall|
Source Clock   |Dest:Rise|Dest:Rise|Dest:Fall|Dest:Fall|
---------------+---------+---------+---------+---------+
CKHT           |         |         |         |    7.953|
---------------+---------+---------+---------+---------+


Analysis completed Mon Jul 20 22:41:36 2020 
--------------------------------------------------------------------------------

Trace Settings:
-------------------------
Trace Settings 

Peak Memory Usage: 4571 MB



