--------------------------------------------------------------------------------
Release 14.7 Trace  (nt64)
Copyright (c) 1995-2013 Xilinx, Inc.  All rights reserved.

C:\Xilinx\14.7\ISE_DS\ISE\bin\nt64\unwrapped\trce.exe -intstyle ise -v 3 -s 3
-n 3 -fastpaths -xml SANGTANGDAN_BTN.twx SANGTANGDAN_BTN.ncd -o
SANGTANGDAN_BTN.twr SANGTANGDAN_BTN.pcf

Design file:              SANGTANGDAN_BTN.ncd
Physical constraint file: SANGTANGDAN_BTN.pcf
Device,package,speed:     xc6slx9,tqg144,C,-3 (PRODUCTION 1.23 2013-10-13)
Report level:             verbose report

Environment Variable      Effect 
--------------------      ------ 
NONE                      No environment variables were set
--------------------------------------------------------------------------------

INFO:Timing:2698 - No timing constraints found, doing default enumeration.
INFO:Timing:3412 - To improve timing, see the Timing Closure User Guide (UG612).
INFO:Timing:2752 - To get complete path coverage, use the unconstrained paths 
   option. All paths that are not constrained will be reported in the 
   unconstrained paths section(s) of the report.
INFO:Timing:3339 - The clock-to-out numbers in this timing report are based on 
   a 50 Ohm transmission line loading model.  For the details of this model, 
   and for more information on accounting for different loading conditions, 
   please see the device datasheet.



Data Sheet report:
-----------------
All values displayed in nanoseconds (ns)

Setup/Hold to clock CKHT
------------+------------+------------+------------+------------+------------------+--------+
            |Max Setup to|  Process   |Max Hold to |  Process   |                  | Clock  |
Source      | clk (edge) |   Corner   | clk (edge) |   Corner   |Internal Clock(s) | Phase  |
------------+------------+------------+------------+------------+------------------+--------+
BTN<0>      |    2.312(F)|      SLOW  |   -1.045(F)|      FAST  |CKHT_BUFGP        |   0.000|
BTN<1>      |    3.464(F)|      SLOW  |   -0.564(F)|      SLOW  |CKHT_BUFGP        |   0.000|
------------+------------+------------+------------+------------+------------------+--------+

Clock CKHT to Pad
------------+-----------------+------------+-----------------+------------+------------------+--------+
            |Max (slowest) clk|  Process   |Min (fastest) clk|  Process   |                  | Clock  |
Destination |  (edge) to PAD  |   Corner   |  (edge) to PAD  |   Corner   |Internal Clock(s) | Phase  |
------------+-----------------+------------+-----------------+------------+------------------+--------+
LED<0>      |         7.156(F)|      SLOW  |         3.620(F)|      FAST  |CKHT_BUFGP        |   0.000|
LED<1>      |         6.998(F)|      SLOW  |         3.531(F)|      FAST  |CKHT_BUFGP        |   0.000|
LED<2>      |         6.936(F)|      SLOW  |         3.466(F)|      FAST  |CKHT_BUFGP        |   0.000|
LED<3>      |         6.917(F)|      SLOW  |         3.476(F)|      FAST  |CKHT_BUFGP        |   0.000|
LED<4>      |         6.991(F)|      SLOW  |         3.517(F)|      FAST  |CKHT_BUFGP        |   0.000|
LED<5>      |         6.845(F)|      SLOW  |         3.414(F)|      FAST  |CKHT_BUFGP        |   0.000|
LED<6>      |         6.846(F)|      SLOW  |         3.415(F)|      FAST  |CKHT_BUFGP        |   0.000|
LED<7>      |         7.021(F)|      SLOW  |         3.544(F)|      FAST  |CKHT_BUFGP        |   0.000|
------------+-----------------+------------+-----------------+------------+------------------+--------+

Clock to Setup on destination clock CKHT
---------------+---------+---------+---------+---------+
               | Src:Rise| Src:Fall| Src:Rise| Src:Fall|
Source Clock   |Dest:Rise|Dest:Rise|Dest:Fall|Dest:Fall|
---------------+---------+---------+---------+---------+
CKHT           |         |         |         |    3.220|
---------------+---------+---------+---------+---------+


Analysis completed Fri Jun 12 12:18:47 2020 
--------------------------------------------------------------------------------

Trace Settings:
-------------------------
Trace Settings 

Peak Memory Usage: 4571 MB



