--------------------------------------------------------------------------------
Release 14.7 Trace  (nt64)
Copyright (c) 1995-2013 Xilinx, Inc.  All rights reserved.

C:\Xilinx\14.7\ISE_DS\ISE\bin\nt64\unwrapped\trce.exe -intstyle ise -v 3 -s 5
-n 3 -fastpaths -xml DAHOP_4KENH.twx DAHOP_4KENH.ncd -o DAHOP_4KENH.twr
DAHOP_4KENH.pcf -ucf KIT_XC3S500E_PQ208.ucf

Design file:              DAHOP_4KENH.ncd
Physical constraint file: DAHOP_4KENH.pcf
Device,package,speed:     xc3s500e,pq208,-5 (PRODUCTION 1.27 2013-10-13)
Report level:             verbose report

Environment Variable      Effect 
--------------------      ------ 
NONE                      No environment variables were set
--------------------------------------------------------------------------------

INFO:Timing:2698 - No timing constraints found, doing default enumeration.
INFO:Timing:3412 - To improve timing, see the Timing Closure User Guide (UG612).
INFO:Timing:2752 - To get complete path coverage, use the unconstrained paths 
   option. All paths that are not constrained will be reported in the 
   unconstrained paths section(s) of the report.
INFO:Timing:3339 - The clock-to-out numbers in this timing report are based on 
   a 50 Ohm transmission line loading model.  For the details of this model, 
   and for more information on accounting for different loading conditions, 
   please see the device datasheet.
INFO:Timing:3390 - This architecture does not support a default System Jitter 
   value, please add SYSTEM_JITTER constraint to the UCF to modify the Clock 
   Uncertainty calculation.
INFO:Timing:3389 - This architecture does not support 'Discrete Jitter' and 
   'Phase Error' calculations, these terms will be zero in the Clock 
   Uncertainty calculation.  Please make appropriate modification to 
   SYSTEM_JITTER to account for the unsupported Discrete Jitter and Phase 
   Error.



Data Sheet report:
-----------------
All values displayed in nanoseconds (ns)

Pad to Pad
---------------+---------------+---------+
Source Pad     |Destination Pad|  Delay  |
---------------+---------------+---------+
SW<0>          |LED<0>         |    8.537|
SW<1>          |LED<1>         |    8.500|
SW<2>          |LED<0>         |    8.476|
SW<3>          |LED<1>         |    8.909|
SW<4>          |LED<0>         |    8.234|
SW<5>          |LED<1>         |    7.848|
SW<6>          |LED<0>         |    8.296|
SW<7>          |LED<1>         |    8.654|
SW<8>          |LED<0>         |    8.381|
SW<8>          |LED<1>         |    8.427|
SW<9>          |LED<0>         |    8.831|
SW<9>          |LED<1>         |    8.877|
---------------+---------------+---------+


Analysis completed Thu Sep 05 16:04:04 2019 
--------------------------------------------------------------------------------

Trace Settings:
-------------------------
Trace Settings 

Peak Memory Usage: 4509 MB



