Release 14.7 - xst P.20131013 (nt64)
Copyright (c) 1995-2013 Xilinx, Inc.  All rights reserved.
--> Parameter TMPDIR set to xst/projnav.tmp


Total REAL time to Xst completion: 0.00 secs
Total CPU time to Xst completion: 0.17 secs
 
--> Parameter xsthdpdir set to xst


Total REAL time to Xst completion: 0.00 secs
Total CPU time to Xst completion: 0.17 secs
 
--> Reading design: BAI_522_THEM_1.prj

TABLE OF CONTENTS
  1) Synthesis Options Summary
  2) HDL Parsing
  3) HDL Elaboration
  4) HDL Synthesis
       4.1) HDL Synthesis Report
  5) Advanced HDL Synthesis
       5.1) Advanced HDL Synthesis Report
  6) Low Level Synthesis
  7) Partition Report
  8) Design Summary
       8.1) Primitive and Black Box Usage
       8.2) Device utilization summary
       8.3) Partition Resource Summary
       8.4) Timing Report
            8.4.1) Clock Information
            8.4.2) Asynchronous Control Signals Information
            8.4.3) Timing Summary
            8.4.4) Timing Details
            8.4.5) Cross Clock Domains Report


=========================================================================
*                      Synthesis Options Summary                        *
=========================================================================
---- Source Parameters
Input File Name                    : "BAI_522_THEM_1.prj"
Ignore Synthesis Constraint File   : NO

---- Target Parameters
Output File Name                   : "BAI_522_THEM_1"
Output Format                      : NGC
Target Device                      : xc6slx9-2-tqg144

---- Source Options
Top Module Name                    : BAI_522_THEM_1
Automatic FSM Extraction           : YES
FSM Encoding Algorithm             : Auto
Safe Implementation                : No
FSM Style                          : LUT
RAM Extraction                     : Yes
RAM Style                          : Auto
ROM Extraction                     : Yes
Shift Register Extraction          : YES
ROM Style                          : Auto
Resource Sharing                   : YES
Asynchronous To Synchronous        : NO
Shift Register Minimum Size        : 2
Use DSP Block                      : Auto
Automatic Register Balancing       : No

---- Target Options
LUT Combining                      : Auto
Reduce Control Sets                : Auto
Add IO Buffers                     : YES
Global Maximum Fanout              : 100000
Add Generic Clock Buffer(BUFG)     : 16
Register Duplication               : YES
Optimize Instantiated Primitives   : NO
Use Clock Enable                   : Auto
Use Synchronous Set                : Auto
Use Synchronous Reset              : Auto
Pack IO Registers into IOBs        : Auto
Equivalent register Removal        : YES

---- General Options
Optimization Goal                  : Speed
Optimization Effort                : 1
Power Reduction                    : NO
Keep Hierarchy                     : No
Netlist Hierarchy                  : As_Optimized
RTL Output                         : Yes
Global Optimization                : AllClockNets
Read Cores                         : YES
Write Timing Constraints           : NO
Cross Clock Analysis               : NO
Hierarchy Separator                : /
Bus Delimiter                      : <>
Case Specifier                     : Maintain
Slice Utilization Ratio            : 100
BRAM Utilization Ratio             : 100
DSP48 Utilization Ratio            : 100
Auto BRAM Packing                  : NO
Slice Utilization Ratio Delta      : 5

=========================================================================


=========================================================================
*                          HDL Parsing                                  *
=========================================================================
Parsing VHDL file "C:\Users\Admin\Documents\TT-HDL-N7-S2\VHDL\BAI_TAP_LAM_THEM_VHDL\BAI_522_THEM_1\QUET_ANODE_8LED_7DOAN.vhd" into library work
Parsing entity <QUET_ANODE_8LED_7DOAN>.
Parsing architecture <Behavioral> of entity <quet_anode_8led_7doan>.
Parsing VHDL file "C:\Users\Admin\Documents\TT-HDL-N7-S2\VHDL\BAI_TAP_LAM_THEM_VHDL\BAI_522_THEM_1\LAM_HEP_XUNG.vhd" into library work
Parsing entity <LAM_HEP_XUNG>.
Parsing architecture <Behavioral> of entity <lam_hep_xung>.
Parsing VHDL file "C:\Users\Admin\Documents\TT-HDL-N7-S2\VHDL\BAI_TAP_LAM_THEM_VHDL\BAI_522_THEM_1\GIAIMA_7DOAN_ENA.vhd" into library work
Parsing entity <GIAIMA_7DOAN_ENA>.
Parsing architecture <Behavioral> of entity <giaima_7doan_ena>.
Parsing VHDL file "C:\Users\Admin\Documents\TT-HDL-N7-S2\VHDL\BAI_TAP_LAM_THEM_VHDL\BAI_522_THEM_1\DEM_3BIT_CHON_8KENH.vhd" into library work
Parsing entity <DEM_3BIT_CHON_8KENH>.
Parsing architecture <Behavioral> of entity <dem_3bit_chon_8kenh>.
Parsing VHDL file "C:\Users\Admin\Documents\TT-HDL-N7-S2\VHDL\BAI_TAP_LAM_THEM_VHDL\BAI_522_THEM_1\DEBOUNCE_BTN.vhd" into library work
Parsing entity <DEBOUNCE_BTN>.
Parsing architecture <Behavioral> of entity <debounce_btn>.
Parsing VHDL file "C:\Users\Admin\Documents\TT-HDL-N7-S2\VHDL\BAI_TAP_LAM_THEM_VHDL\BAI_522_THEM_1\DAHOP_8KENH.vhd" into library work
Parsing entity <DAHOP_8KENH>.
Parsing architecture <Behavioral> of entity <dahop_8kenh>.
Parsing VHDL file "C:\Users\Admin\Documents\TT-HDL-N7-S2\VHDL\BAI_TAP_LAM_THEM_VHDL\BAI_522_THEM_1\GIAIMA_HIENTHI_8LED_7DOAN.vhd" into library work
Parsing entity <GIAIMA_HIENTHI_8LED_7DOAN>.
Parsing architecture <Behavioral> of entity <giaima_hienthi_8led_7doan>.
Parsing VHDL file "C:\Users\Admin\Documents\TT-HDL-N7-S2\VHDL\BAI_TAP_LAM_THEM_VHDL\BAI_522_THEM_1\DEM_2SO_GH.vhd" into library work
Parsing entity <DEM_2SO_GH>.
Parsing architecture <Behavioral> of entity <dem_2so_gh>.
Parsing VHDL file "C:\Users\Admin\Documents\TT-HDL-N7-S2\VHDL\BAI_TAP_LAM_THEM_VHDL\BAI_522_THEM_1\DEM_1BIT.vhd" into library work
Parsing entity <DEM_1BIT>.
Parsing architecture <Behavioral> of entity <dem_1bit>.
Parsing VHDL file "C:\Users\Admin\Documents\TT-HDL-N7-S2\VHDL\BAI_TAP_LAM_THEM_VHDL\BAI_522_THEM_1\CHON_TANSO.vhd" into library work
Parsing entity <CHON_TANSO>.
Parsing architecture <Behavioral> of entity <chon_tanso>.
Parsing VHDL file "C:\Users\Admin\Documents\TT-HDL-N7-S2\VHDL\BAI_TAP_LAM_THEM_VHDL\BAI_522_THEM_1\CHIA_10ENA.vhd" into library work
Parsing entity <CHIA_10ENA>.
Parsing architecture <Behavioral> of entity <chia_10ena>.
Parsing VHDL file "C:\Users\Admin\Documents\TT-HDL-N7-S2\VHDL\BAI_TAP_LAM_THEM_VHDL\BAI_522_THEM_1\CD_LAM_HEP_BTN.vhd" into library work
Parsing entity <CD_LAM_HEP_BTN>.
Parsing architecture <Behavioral> of entity <cd_lam_hep_btn>.
Parsing VHDL file "C:\Users\Admin\Documents\TT-HDL-N7-S2\VHDL\BAI_TAP_LAM_THEM_VHDL\BAI_522_THEM_1\CAI_GH_T_BTN.vhd" into library work
Parsing entity <CAI_GH_T_BTN>.
Parsing architecture <Behavioral> of entity <cai_gh_t_btn>.
Parsing VHDL file "C:\Users\Admin\Documents\TT-HDL-N7-S2\VHDL\BAI_TAP_LAM_THEM_VHDL\BAI_522_THEM_1\BAI_522_THEM_1.vhd" into library work
Parsing entity <BAI_522_THEM_1>.
Parsing architecture <Behavioral> of entity <bai_522_them_1>.

=========================================================================
*                            HDL Elaboration                            *
=========================================================================

Elaborating entity <BAI_522_THEM_1> (architecture <Behavioral>) from library <work>.

Elaborating entity <CD_LAM_HEP_BTN> (architecture <Behavioral>) from library <work>.

Elaborating entity <DEBOUNCE_BTN> (architecture <Behavioral>) from library <work>.

Elaborating entity <LAM_HEP_XUNG> (architecture <Behavioral>) from library <work>.

Elaborating entity <DEM_1BIT> (architecture <Behavioral>) from library <work>.

Elaborating entity <CAI_GH_T_BTN> (architecture <Behavioral>) from library <work>.

Elaborating entity <CHIA_10ENA> (architecture <Behavioral>) from library <work>.

Elaborating entity <CHON_TANSO> (architecture <Behavioral>) from library <work>.

Elaborating entity <DEM_2SO_GH> (architecture <Behavioral>) from library <work>.

Elaborating entity <GIAIMA_HIENTHI_8LED_7DOAN> (architecture <Behavioral>) from library <work>.

Elaborating entity <DEM_3BIT_CHON_8KENH> (architecture <Behavioral>) from library <work>.

Elaborating entity <QUET_ANODE_8LED_7DOAN> (architecture <Behavioral>) from library <work>.

Elaborating entity <DAHOP_8KENH> (architecture <Behavioral>) from library <work>.
INFO:HDLCompiler:679 - "C:\Users\Admin\Documents\TT-HDL-N7-S2\VHDL\BAI_TAP_LAM_THEM_VHDL\BAI_522_THEM_1\DAHOP_8KENH.vhd" Line 62. Case statement is complete. others clause is never selected
INFO:HDLCompiler:679 - "C:\Users\Admin\Documents\TT-HDL-N7-S2\VHDL\BAI_TAP_LAM_THEM_VHDL\BAI_522_THEM_1\DAHOP_8KENH.vhd" Line 78. Case statement is complete. others clause is never selected
INFO:HDLCompiler:679 - "C:\Users\Admin\Documents\TT-HDL-N7-S2\VHDL\BAI_TAP_LAM_THEM_VHDL\BAI_522_THEM_1\DAHOP_8KENH.vhd" Line 93. Case statement is complete. others clause is never selected

Elaborating entity <GIAIMA_7DOAN_ENA> (architecture <Behavioral>) from library <work>.

=========================================================================
*                           HDL Synthesis                               *
=========================================================================

Synthesizing Unit <BAI_522_THEM_1>.
    Related source file is "C:\Users\Admin\Documents\TT-HDL-N7-S2\VHDL\BAI_TAP_LAM_THEM_VHDL\BAI_522_THEM_1\BAI_522_THEM_1.vhd".
    Summary:
	no macro.
Unit <BAI_522_THEM_1> synthesized.

Synthesizing Unit <CD_LAM_HEP_BTN>.
    Related source file is "C:\Users\Admin\Documents\TT-HDL-N7-S2\VHDL\BAI_TAP_LAM_THEM_VHDL\BAI_522_THEM_1\CD_LAM_HEP_BTN.vhd".
    Summary:
	no macro.
Unit <CD_LAM_HEP_BTN> synthesized.

Synthesizing Unit <DEBOUNCE_BTN>.
    Related source file is "C:\Users\Admin\Documents\TT-HDL-N7-S2\VHDL\BAI_TAP_LAM_THEM_VHDL\BAI_522_THEM_1\DEBOUNCE_BTN.vhd".
    Found 20-bit register for signal <DL_R>.
    Found 2-bit register for signal <DB_R>.
    Found finite state machine <FSM_0> for signal <DB_R>.
    -----------------------------------------------------------------------
    | States             | 4                                              |
    | Transitions        | 10                                             |
    | Inputs             | 2                                              |
    | Outputs            | 3                                              |
    | Clock              | CKHT (falling_edge)                            |
    | Power Up State     | zero                                           |
    | Encoding           | auto                                           |
    | Implementation     | LUT                                            |
    -----------------------------------------------------------------------
    Found 20-bit subtractor for signal <GND_7_o_GND_7_o_sub_5_OUT<19:0>> created at line 65.
    Found 20-bit 4-to-1 multiplexer for signal <DL_N> created at line 58.
    Summary:
	inferred   1 Adder/Subtractor(s).
	inferred  20 D-type flip-flop(s).
	inferred   3 Multiplexer(s).
	inferred   1 Finite State Machine(s).
Unit <DEBOUNCE_BTN> synthesized.

Synthesizing Unit <LAM_HEP_XUNG>.
    Related source file is "C:\Users\Admin\Documents\TT-HDL-N7-S2\VHDL\BAI_TAP_LAM_THEM_VHDL\BAI_522_THEM_1\LAM_HEP_XUNG.vhd".
    Found 1-bit register for signal <QFF>.
    Summary:
	inferred   1 D-type flip-flop(s).
Unit <LAM_HEP_XUNG> synthesized.

Synthesizing Unit <DEM_1BIT>.
    Related source file is "C:\Users\Admin\Documents\TT-HDL-N7-S2\VHDL\BAI_TAP_LAM_THEM_VHDL\BAI_522_THEM_1\DEM_1BIT.vhd".
    Found 1-bit register for signal <Q_R>.
    Summary:
	inferred   1 D-type flip-flop(s).
	inferred   1 Multiplexer(s).
Unit <DEM_1BIT> synthesized.

Synthesizing Unit <CAI_GH_T_BTN>.
    Related source file is "C:\Users\Admin\Documents\TT-HDL-N7-S2\VHDL\BAI_TAP_LAM_THEM_VHDL\BAI_522_THEM_1\CAI_GH_T_BTN.vhd".
    Found 4-bit register for signal <DONVI_R>.
    Found 4-bit register for signal <CHUC_R>.
    Found 4-bit adder for signal <DONVI_R[3]_GND_10_o_add_3_OUT> created at line 64.
    Found 4-bit adder for signal <CHUC_R[3]_GND_10_o_add_5_OUT> created at line 67.
    Found 4-bit subtractor for signal <GND_10_o_GND_10_o_sub_17_OUT<3:0>> created at line 79.
    Found 4-bit subtractor for signal <GND_10_o_GND_10_o_sub_19_OUT<3:0>> created at line 82.
    Summary:
	inferred   3 Adder/Subtractor(s).
	inferred   8 D-type flip-flop(s).
	inferred  10 Multiplexer(s).
Unit <CAI_GH_T_BTN> synthesized.

Synthesizing Unit <CHIA_10ENA>.
    Related source file is "C:\Users\Admin\Documents\TT-HDL-N7-S2\VHDL\BAI_TAP_LAM_THEM_VHDL\BAI_522_THEM_1\CHIA_10ENA.vhd".
    Found 24-bit register for signal <D5HZ_R>.
    Found 16-bit register for signal <D1KHZ_R>.
    Found 25-bit register for signal <D2HZ_R>.
    Found 17-bit adder for signal <n0025> created at line 93.
    Found 25-bit adder for signal <n0026> created at line 99.
    Found 26-bit adder for signal <n0027> created at line 100.
    Summary:
	inferred   3 Adder/Subtractor(s).
	inferred  65 D-type flip-flop(s).
	inferred   3 Multiplexer(s).
Unit <CHIA_10ENA> synthesized.

Synthesizing Unit <CHON_TANSO>.
    Related source file is "C:\Users\Admin\Documents\TT-HDL-N7-S2\VHDL\BAI_TAP_LAM_THEM_VHDL\BAI_522_THEM_1\CHON_TANSO.vhd".
    Summary:
	inferred   1 Multiplexer(s).
Unit <CHON_TANSO> synthesized.

Synthesizing Unit <DEM_2SO_GH>.
    Related source file is "C:\Users\Admin\Documents\TT-HDL-N7-S2\VHDL\BAI_TAP_LAM_THEM_VHDL\BAI_522_THEM_1\DEM_2SO_GH.vhd".
    Found 4-bit register for signal <CHUC_R>.
    Found 4-bit register for signal <DONVI_R>.
    Found 4-bit adder for signal <DONVI_R[3]_GND_14_o_add_3_OUT> created at line 68.
    Found 4-bit adder for signal <CHUC_R[3]_GND_14_o_add_5_OUT> created at line 71.
    Found 4-bit comparator equal for signal <CHUC_R[3]_CHUC_GH_T[3]_equal_14_o> created at line 78
    Found 4-bit comparator equal for signal <DONVI_R[3]_DONVI_GH_T[3]_equal_15_o> created at line 78
    Summary:
	inferred   2 Adder/Subtractor(s).
	inferred   8 D-type flip-flop(s).
	inferred   2 Comparator(s).
	inferred   4 Multiplexer(s).
Unit <DEM_2SO_GH> synthesized.

Synthesizing Unit <GIAIMA_HIENTHI_8LED_7DOAN>.
    Related source file is "C:\Users\Admin\Documents\TT-HDL-N7-S2\VHDL\BAI_TAP_LAM_THEM_VHDL\BAI_522_THEM_1\GIAIMA_HIENTHI_8LED_7DOAN.vhd".
    Summary:
	no macro.
Unit <GIAIMA_HIENTHI_8LED_7DOAN> synthesized.

Synthesizing Unit <DEM_3BIT_CHON_8KENH>.
    Related source file is "C:\Users\Admin\Documents\TT-HDL-N7-S2\VHDL\BAI_TAP_LAM_THEM_VHDL\BAI_522_THEM_1\DEM_3BIT_CHON_8KENH.vhd".
    Found 3-bit register for signal <Q_R>.
    Found 3-bit adder for signal <Q_R[2]_GND_17_o_add_1_OUT> created at line 51.
    Summary:
	inferred   1 Adder/Subtractor(s).
	inferred   3 D-type flip-flop(s).
Unit <DEM_3BIT_CHON_8KENH> synthesized.

Synthesizing Unit <QUET_ANODE_8LED_7DOAN>.
    Related source file is "C:\Users\Admin\Documents\TT-HDL-N7-S2\VHDL\BAI_TAP_LAM_THEM_VHDL\BAI_522_THEM_1\QUET_ANODE_8LED_7DOAN.vhd".
    Found 8x8-bit Read Only RAM for signal <ANODE>
    Summary:
	inferred   1 RAM(s).
Unit <QUET_ANODE_8LED_7DOAN> synthesized.

Synthesizing Unit <DAHOP_8KENH>.
    Related source file is "C:\Users\Admin\Documents\TT-HDL-N7-S2\VHDL\BAI_TAP_LAM_THEM_VHDL\BAI_522_THEM_1\DAHOP_8KENH.vhd".
    Found 8x1-bit Read Only RAM for signal <ENA_1LED>
    Found 4-bit 8-to-1 multiplexer for signal <SO_GMA> created at line 53.
    Summary:
	inferred   1 RAM(s).
	inferred   1 Multiplexer(s).
Unit <DAHOP_8KENH> synthesized.

Synthesizing Unit <GIAIMA_7DOAN_ENA>.
    Related source file is "C:\Users\Admin\Documents\TT-HDL-N7-S2\VHDL\BAI_TAP_LAM_THEM_VHDL\BAI_522_THEM_1\GIAIMA_7DOAN_ENA.vhd".
    Summary:
	inferred   1 Multiplexer(s).
Unit <GIAIMA_7DOAN_ENA> synthesized.

=========================================================================
HDL Synthesis Report

Macro Statistics
# RAMs                                                 : 2
 8x1-bit single-port Read Only RAM                     : 1
 8x8-bit single-port Read Only RAM                     : 1
# Adders/Subtractors                                   : 13
 17-bit adder                                          : 1
 20-bit subtractor                                     : 4
 25-bit adder                                          : 1
 26-bit adder                                          : 1
 3-bit adder                                           : 1
 4-bit adder                                           : 3
 4-bit addsub                                          : 1
 4-bit subtractor                                      : 1
# Registers                                            : 18
 1-bit register                                        : 6
 16-bit register                                       : 1
 20-bit register                                       : 4
 24-bit register                                       : 1
 25-bit register                                       : 1
 3-bit register                                        : 1
 4-bit register                                        : 4
# Comparators                                          : 2
 4-bit comparator equal                                : 2
# Multiplexers                                         : 34
 1-bit 2-to-1 multiplexer                              : 3
 17-bit 2-to-1 multiplexer                             : 1
 20-bit 2-to-1 multiplexer                             : 8
 20-bit 4-to-1 multiplexer                             : 4
 25-bit 2-to-1 multiplexer                             : 1
 26-bit 2-to-1 multiplexer                             : 1
 4-bit 2-to-1 multiplexer                              : 14
 4-bit 8-to-1 multiplexer                              : 1
 8-bit 2-to-1 multiplexer                              : 1
# FSMs                                                 : 4

=========================================================================
INFO:Xst:1767 - HDL ADVISOR - Resource sharing has identified that some arithmetic operations in this design can share the same physical resources for reduced device utilization. For improved clock frequency you may try to disable resource sharing.

=========================================================================
*                       Advanced HDL Synthesis                          *
=========================================================================


Synthesizing (advanced) Unit <DAHOP_8KENH>.
INFO:Xst:3218 - HDL ADVISOR - The RAM <Mram_ENA_1LED> will be implemented on LUTs either because you have described an asynchronous read or because of currently unsupported block RAM features. If you have described an asynchronous read, making it synchronous would allow you to take advantage of available block RAM resources, for optimized device usage and improved timings. Please refer to your documentation for coding guidelines.
    -----------------------------------------------------------------------
    | ram_type           | Distributed                         |          |
    -----------------------------------------------------------------------
    | Port A                                                              |
    |     aspect ratio   | 8-word x 1-bit                      |          |
    |     weA            | connected to signal <GND>           | high     |
    |     addrA          | connected to signal <SEL_3B>        |          |
    |     diA            | connected to signal <GND>           |          |
    |     doA            | connected to signal <ENA_1LED>      |          |
    -----------------------------------------------------------------------
Unit <DAHOP_8KENH> synthesized (advanced).

Synthesizing (advanced) Unit <DEM_3BIT_CHON_8KENH>.
The following registers are absorbed into counter <Q_R>: 1 register on signal <Q_R>.
Unit <DEM_3BIT_CHON_8KENH> synthesized (advanced).

Synthesizing (advanced) Unit <QUET_ANODE_8LED_7DOAN>.
INFO:Xst:3218 - HDL ADVISOR - The RAM <Mram_ANODE> will be implemented on LUTs either because you have described an asynchronous read or because of currently unsupported block RAM features. If you have described an asynchronous read, making it synchronous would allow you to take advantage of available block RAM resources, for optimized device usage and improved timings. Please refer to your documentation for coding guidelines.
    -----------------------------------------------------------------------
    | ram_type           | Distributed                         |          |
    -----------------------------------------------------------------------
    | Port A                                                              |
    |     aspect ratio   | 8-word x 8-bit                      |          |
    |     weA            | connected to signal <GND>           | high     |
    |     addrA          | connected to signal <SEL_3B>        |          |
    |     diA            | connected to signal <GND>           |          |
    |     doA            | connected to signal <ANODE>         |          |
    -----------------------------------------------------------------------
Unit <QUET_ANODE_8LED_7DOAN> synthesized (advanced).

=========================================================================
Advanced HDL Synthesis Report

Macro Statistics
# RAMs                                                 : 2
 8x1-bit single-port distributed Read Only RAM         : 1
 8x8-bit single-port distributed Read Only RAM         : 1
# Adders/Subtractors                                   : 12
 17-bit adder                                          : 1
 20-bit subtractor                                     : 4
 25-bit adder                                          : 1
 26-bit adder                                          : 1
 4-bit adder                                           : 3
 4-bit addsub                                          : 1
 4-bit subtractor                                      : 1
# Counters                                             : 1
 3-bit up counter                                      : 1
# Registers                                            : 167
 Flip-Flops                                            : 167
# Comparators                                          : 2
 4-bit comparator equal                                : 2
# Multiplexers                                         : 33
 1-bit 2-to-1 multiplexer                              : 2
 17-bit 2-to-1 multiplexer                             : 1
 20-bit 2-to-1 multiplexer                             : 8
 20-bit 4-to-1 multiplexer                             : 4
 25-bit 2-to-1 multiplexer                             : 1
 26-bit 2-to-1 multiplexer                             : 1
 4-bit 2-to-1 multiplexer                              : 14
 4-bit 8-to-1 multiplexer                              : 1
 8-bit 2-to-1 multiplexer                              : 1
# FSMs                                                 : 4

=========================================================================

=========================================================================
*                         Low Level Synthesis                           *
=========================================================================
Analyzing FSM <MFsm> for best encoding.
Optimizing FSM <IC4/IC3/FSM_0> on signal <DB_R[1:2]> with user encoding.
Optimizing FSM <IC3/IC3/FSM_0> on signal <DB_R[1:2]> with user encoding.
Optimizing FSM <IC11/IC3/FSM_0> on signal <DB_R[1:2]> with user encoding.
Optimizing FSM <IC1/IC3/FSM_0> on signal <DB_R[1:2]> with user encoding.
-------------------
 State | Encoding
-------------------
 zero  | 00
 wait0 | 01
 one   | 10
 wait1 | 11
-------------------

Optimizing unit <BAI_522_THEM_1> ...

Optimizing unit <DEBOUNCE_BTN> ...

Optimizing unit <CAI_GH_T_BTN> ...

Optimizing unit <CHIA_10ENA> ...

Optimizing unit <DEM_2SO_GH> ...
INFO:Xst:2261 - The FF/Latch <IC6/D5HZ_R_4> in Unit <BAI_522_THEM_1> is equivalent to the following FF/Latch, which will be removed : <IC6/D2HZ_R_4> 
INFO:Xst:2261 - The FF/Latch <IC6/D5HZ_R_5> in Unit <BAI_522_THEM_1> is equivalent to the following FF/Latch, which will be removed : <IC6/D2HZ_R_5> 
INFO:Xst:2261 - The FF/Latch <IC6/D1KHZ_R_0> in Unit <BAI_522_THEM_1> is equivalent to the following 2 FFs/Latches, which will be removed : <IC6/D5HZ_R_0> <IC6/D2HZ_R_0> 
INFO:Xst:2261 - The FF/Latch <IC6/D1KHZ_R_1> in Unit <BAI_522_THEM_1> is equivalent to the following 2 FFs/Latches, which will be removed : <IC6/D5HZ_R_1> <IC6/D2HZ_R_1> 
INFO:Xst:2261 - The FF/Latch <IC6/D1KHZ_R_2> in Unit <BAI_522_THEM_1> is equivalent to the following 2 FFs/Latches, which will be removed : <IC6/D5HZ_R_2> <IC6/D2HZ_R_2> 
INFO:Xst:2261 - The FF/Latch <IC6/D1KHZ_R_3> in Unit <BAI_522_THEM_1> is equivalent to the following 2 FFs/Latches, which will be removed : <IC6/D5HZ_R_3> <IC6/D2HZ_R_3> 

Mapping all equations...
Building and optimizing final netlist ...
Found area constraint ratio of 100 (+ 5) on block BAI_522_THEM_1, actual ratio is 8.

Final Macro Processing ...

=========================================================================
Final Register Report

Macro Statistics
# Registers                                            : 168
 Flip-Flops                                            : 168

=========================================================================

=========================================================================
*                           Partition Report                            *
=========================================================================

Partition Implementation Status
-------------------------------

  No Partitions were found in this design.

-------------------------------

=========================================================================
*                            Design Summary                             *
=========================================================================

Top Level Output File Name         : BAI_522_THEM_1.ngc

Primitive and Black Box Usage:
------------------------------
# BELS                             : 672
#      GND                         : 1
#      INV                         : 83
#      LUT1                        : 66
#      LUT2                        : 44
#      LUT3                        : 19
#      LUT4                        : 12
#      LUT5                        : 117
#      LUT6                        : 55
#      MUXCY                       : 138
#      MUXF7                       : 1
#      VCC                         : 1
#      XORCY                       : 135
# FlipFlops/Latches                : 168
#      FD_1                        : 147
#      FDC_1                       : 5
#      FDCE_1                      : 8
#      FDE                         : 3
#      FDP_1                       : 3
#      FDPE_1                      : 2
# Clock Buffers                    : 1
#      BUFGP                       : 1
# IO Buffers                       : 21
#      IBUF                        : 5
#      OBUF                        : 16

Device utilization summary:
---------------------------

Selected Device : 6slx9tqg144-2 


Slice Logic Utilization: 
 Number of Slice Registers:             168  out of  11440     1%  
 Number of Slice LUTs:                  396  out of   5720     6%  
    Number used as Logic:               396  out of   5720     6%  

Slice Logic Distribution: 
 Number of LUT Flip Flop pairs used:    396
   Number with an unused Flip Flop:     228  out of    396    57%  
   Number with an unused LUT:             0  out of    396     0%  
   Number of fully used LUT-FF pairs:   168  out of    396    42%  
   Number of unique control sets:         5

IO Utilization: 
 Number of IOs:                          22
 Number of bonded IOBs:                  22  out of    102    21%  

Specific Feature Utilization:
 Number of BUFG/BUFGCTRLs:                1  out of     16     6%  

---------------------------
Partition Resource Summary:
---------------------------

  No Partitions were found in this design.

---------------------------


=========================================================================
Timing Report

NOTE: THESE TIMING NUMBERS ARE ONLY A SYNTHESIS ESTIMATE.
      FOR ACCURATE TIMING INFORMATION PLEASE REFER TO THE TRACE REPORT
      GENERATED AFTER PLACE-and-ROUTE.

Clock Information:
------------------
-----------------------------------+------------------------+-------+
Clock Signal                       | Clock buffer(FF name)  | Load  |
-----------------------------------+------------------------+-------+
CKHT                               | BUFGP                  | 168   |
-----------------------------------+------------------------+-------+

Asynchronous Control Signals Information:
----------------------------------------
No asynchronous control signals found in this design

Timing Summary:
---------------
Speed Grade: -2

   Minimum period: 6.955ns (Maximum Frequency: 143.781MHz)
   Minimum input arrival time before clock: 3.957ns
   Maximum output required time after clock: 8.319ns
   Maximum combinational path delay: No path found

Timing Details:
---------------
All values displayed in nanoseconds (ns)

=========================================================================
Timing constraint: Default period analysis for Clock 'CKHT'
  Clock period: 6.955ns (frequency: 143.781MHz)
  Total number of paths / destination ports: 4492 / 181
-------------------------------------------------------------------------
Delay:               6.955ns (Levels of Logic = 5)
  Source:            IC6/D5HZ_R_19 (FF)
  Destination:       IC7/DONVI_R_3 (FF)
  Source Clock:      CKHT falling
  Destination Clock: CKHT falling

  Data Path: IC6/D5HZ_R_19 to IC7/DONVI_R_3
                                Gate     Net
    Cell:in->out      fanout   Delay   Delay  Logical Name (Net Name)
    ----------------------------------------  ------------
     FD_1:C->Q             2   0.525   1.181  IC6/D5HZ_R_19 (IC6/D5HZ_R_19)
     LUT6:I0->O           21   0.254   1.418  IC6/ENA5HZ<23>11 (IC6/ENA5HZ<23>11)
     LUT2:I0->O            1   0.250   0.682  IC6/ENA5HZ<23>13 (IC6/ENA5HZ<23>1)
     LUT6:I5->O           14   0.254   1.127  IC6_1/Mmux_ENA_O15 (ENA_DB)
     LUT6:I5->O            1   0.254   0.682  IC7/Mmux_DONVI_N21 (IC7/DONVI_N<1>)
     LUT3:I2->O            1   0.254   0.000  IC7/DONVI_R_1_dpot (IC7/DONVI_R_1_dpot)
     FDCE_1:D                  0.074          IC7/DONVI_R_1
    ----------------------------------------
    Total                      6.955ns (1.865ns logic, 5.090ns route)
                                       (26.8% logic, 73.2% route)

=========================================================================
Timing constraint: Default OFFSET IN BEFORE for Clock 'CKHT'
  Total number of paths / destination ports: 106 / 106
-------------------------------------------------------------------------
Offset:              3.957ns (Levels of Logic = 2)
  Source:            BTN<0> (PAD)
  Destination:       IC21/Q_R (FF)
  Destination Clock: CKHT falling

  Data Path: BTN<0> to IC21/Q_R
                                Gate     Net
    Cell:in->out      fanout   Delay   Delay  Logical Name (Net Name)
    ----------------------------------------  ------------
     IBUF:I->O             1   1.328   0.681  BTN_0_IBUF (BTN_0_IBUF)
     INV:I->O             18   0.255   1.234  RST1_INV_0 (RST)
     FDC_1:CLR                 0.459          IC21/Q_R
    ----------------------------------------
    Total                      3.957ns (2.042ns logic, 1.915ns route)
                                       (51.6% logic, 48.4% route)

=========================================================================
Timing constraint: Default OFFSET OUT AFTER for Clock 'CKHT'
  Total number of paths / destination ports: 269 / 15
-------------------------------------------------------------------------
Offset:              8.319ns (Levels of Logic = 4)
  Source:            IC8/K1/Q_R_1 (FF)
  Destination:       SSEG<5> (PAD)
  Source Clock:      CKHT falling

  Data Path: IC8/K1/Q_R_1 to SSEG<5>
                                Gate     Net
    Cell:in->out      fanout   Delay   Delay  Logical Name (Net Name)
    ----------------------------------------  ------------
     FDE:C->Q             17   0.525   1.317  IC8/K1/Q_R_1 (IC8/K1/Q_R_1)
     LUT3:I1->O            1   0.250   0.790  IC8/K3/Mmux_SO_GMA4_SW0 (N0)
     LUT6:I4->O            7   0.250   1.340  IC8/K3/Mmux_SO_GMA4 (IC8/SO_GMA<3>)
     LUT5:I0->O            1   0.254   0.681  IC8/K4/Mmux_SSEG61 (SSEG_5_OBUF)
     OBUF:I->O                 2.912          SSEG_5_OBUF (SSEG<5>)
    ----------------------------------------
    Total                      8.319ns (4.191ns logic, 4.128ns route)
                                       (50.4% logic, 49.6% route)

=========================================================================

Cross Clock Domains Report:
--------------------------

Clock to Setup on destination clock CKHT
---------------+---------+---------+---------+---------+
               | Src:Rise| Src:Fall| Src:Rise| Src:Fall|
Source Clock   |Dest:Rise|Dest:Rise|Dest:Fall|Dest:Fall|
---------------+---------+---------+---------+---------+
CKHT           |         |         |    6.955|         |
---------------+---------+---------+---------+---------+

=========================================================================


Total REAL time to Xst completion: 9.00 secs
Total CPU time to Xst completion: 8.92 secs
 
--> 

Total memory usage is 4510192 kilobytes

Number of errors   :    0 (   0 filtered)
Number of warnings :    0 (   0 filtered)
Number of infos    :    9 (   0 filtered)

