--------------------------------------------------------------------------------
Release 14.7 Trace  (nt64)
Copyright (c) 1995-2013 Xilinx, Inc.  All rights reserved.

C:\Xilinx\14.7\ISE_DS\ISE\bin\nt64\unwrapped\trce.exe -intstyle ise -v 3 -s 2
-n 3 -fastpaths -xml BAI_522_THEM_1.twx BAI_522_THEM_1.ncd -o
BAI_522_THEM_1.twr BAI_522_THEM_1.pcf

Design file:              BAI_522_THEM_1.ncd
Physical constraint file: BAI_522_THEM_1.pcf
Device,package,speed:     xc6slx9,tqg144,C,-2 (PRODUCTION 1.23 2013-10-13)
Report level:             verbose report

Environment Variable      Effect 
--------------------      ------ 
NONE                      No environment variables were set
--------------------------------------------------------------------------------

INFO:Timing:2698 - No timing constraints found, doing default enumeration.
INFO:Timing:3412 - To improve timing, see the Timing Closure User Guide (UG612).
INFO:Timing:2752 - To get complete path coverage, use the unconstrained paths 
   option. All paths that are not constrained will be reported in the 
   unconstrained paths section(s) of the report.
INFO:Timing:3339 - The clock-to-out numbers in this timing report are based on 
   a 50 Ohm transmission line loading model.  For the details of this model, 
   and for more information on accounting for different loading conditions, 
   please see the device datasheet.



Data Sheet report:
-----------------
All values displayed in nanoseconds (ns)

Setup/Hold to clock CKHT
------------+------------+------------+------------+------------+------------------+--------+
            |Max Setup to|  Process   |Max Hold to |  Process   |                  | Clock  |
Source      | clk (edge) |   Corner   | clk (edge) |   Corner   |Internal Clock(s) | Phase  |
------------+------------+------------+------------+------------+------------------+--------+
BTN<0>      |    4.476(F)|      SLOW  |   -0.429(F)|      FAST  |CKHT_BUFGP        |   0.000|
BTN<1>      |    3.969(F)|      SLOW  |   -1.180(F)|      FAST  |CKHT_BUFGP        |   0.000|
BTN<2>      |    2.990(F)|      SLOW  |   -0.641(F)|      FAST  |CKHT_BUFGP        |   0.000|
BTN<3>      |    2.628(F)|      SLOW  |   -0.182(F)|      SLOW  |CKHT_BUFGP        |   0.000|
BTN<4>      |    2.785(F)|      SLOW  |   -0.395(F)|      SLOW  |CKHT_BUFGP        |   0.000|
------------+------------+------------+------------+------------+------------------+--------+

Clock CKHT to Pad
------------+-----------------+------------+-----------------+------------+------------------+--------+
            |Max (slowest) clk|  Process   |Min (fastest) clk|  Process   |                  | Clock  |
Destination |  (edge) to PAD  |   Corner   |  (edge) to PAD  |   Corner   |Internal Clock(s) | Phase  |
------------+-----------------+------------+-----------------+------------+------------------+--------+
ANODE<0>    |        10.200(F)|      SLOW  |         4.110(F)|      FAST  |CKHT_BUFGP        |   0.000|
ANODE<1>    |        10.428(F)|      SLOW  |         4.255(F)|      FAST  |CKHT_BUFGP        |   0.000|
ANODE<2>    |        10.217(F)|      SLOW  |         4.184(F)|      FAST  |CKHT_BUFGP        |   0.000|
ANODE<3>    |        10.420(F)|      SLOW  |         4.304(F)|      FAST  |CKHT_BUFGP        |   0.000|
ANODE<4>    |        10.923(F)|      SLOW  |         4.557(F)|      FAST  |CKHT_BUFGP        |   0.000|
ANODE<5>    |        10.978(F)|      SLOW  |         4.575(F)|      FAST  |CKHT_BUFGP        |   0.000|
ANODE<6>    |        10.724(F)|      SLOW  |         4.551(F)|      FAST  |CKHT_BUFGP        |   0.000|
ANODE<7>    |        10.779(F)|      SLOW  |         4.569(F)|      FAST  |CKHT_BUFGP        |   0.000|
SSEG<0>     |        15.726(F)|      SLOW  |         4.896(F)|      FAST  |CKHT_BUFGP        |   0.000|
SSEG<1>     |        15.220(F)|      SLOW  |         4.790(F)|      FAST  |CKHT_BUFGP        |   0.000|
SSEG<2>     |        15.443(F)|      SLOW  |         4.601(F)|      FAST  |CKHT_BUFGP        |   0.000|
SSEG<3>     |        15.293(F)|      SLOW  |         4.590(F)|      FAST  |CKHT_BUFGP        |   0.000|
SSEG<4>     |        15.529(F)|      SLOW  |         4.692(F)|      FAST  |CKHT_BUFGP        |   0.000|
SSEG<5>     |        15.608(F)|      SLOW  |         4.690(F)|      FAST  |CKHT_BUFGP        |   0.000|
SSEG<6>     |        15.943(F)|      SLOW  |         4.923(F)|      FAST  |CKHT_BUFGP        |   0.000|
------------+-----------------+------------+-----------------+------------+------------------+--------+

Clock to Setup on destination clock CKHT
---------------+---------+---------+---------+---------+
               | Src:Rise| Src:Fall| Src:Rise| Src:Fall|
Source Clock   |Dest:Rise|Dest:Rise|Dest:Fall|Dest:Fall|
---------------+---------+---------+---------+---------+
CKHT           |         |         |         |    5.688|
---------------+---------+---------+---------+---------+


Analysis completed Thu Jul 09 22:31:13 2020 
--------------------------------------------------------------------------------

Trace Settings:
-------------------------
Trace Settings 

Peak Memory Usage: 4571 MB



