--------------------------------------------------------------------------------
Release 14.7 Trace  (nt64)
Copyright (c) 1995-2013 Xilinx, Inc.  All rights reserved.

C:\Xilinx\14.7\ISE_DS\ISE\bin\nt64\unwrapped\trce.exe -intstyle ise -v 3 -s 5
-n 3 -fastpaths -xml DICH_MSSV_DO_ND.twx DICH_MSSV_DO_ND.ncd -o
DICH_MSSV_DO_ND.twr DICH_MSSV_DO_ND.pcf

Design file:              DICH_MSSV_DO_ND.ncd
Physical constraint file: DICH_MSSV_DO_ND.pcf
Device,package,speed:     xc3s500e,pq208,-5 (PRODUCTION 1.27 2013-10-13)
Report level:             verbose report

Environment Variable      Effect 
--------------------      ------ 
NONE                      No environment variables were set
--------------------------------------------------------------------------------

INFO:Timing:2698 - No timing constraints found, doing default enumeration.
INFO:Timing:3412 - To improve timing, see the Timing Closure User Guide (UG612).
INFO:Timing:2752 - To get complete path coverage, use the unconstrained paths 
   option. All paths that are not constrained will be reported in the 
   unconstrained paths section(s) of the report.
INFO:Timing:3339 - The clock-to-out numbers in this timing report are based on 
   a 50 Ohm transmission line loading model.  For the details of this model, 
   and for more information on accounting for different loading conditions, 
   please see the device datasheet.
INFO:Timing:3390 - This architecture does not support a default System Jitter 
   value, please add SYSTEM_JITTER constraint to the UCF to modify the Clock 
   Uncertainty calculation.
INFO:Timing:3389 - This architecture does not support 'Discrete Jitter' and 
   'Phase Error' calculations, these terms will be zero in the Clock 
   Uncertainty calculation.  Please make appropriate modification to 
   SYSTEM_JITTER to account for the unsupported Discrete Jitter and Phase 
   Error.



Data Sheet report:
-----------------
All values displayed in nanoseconds (ns)

Setup/Hold to clock CKHT
------------+------------+------------+------------------+--------+
            |Max Setup to|Max Hold to |                  | Clock  |
Source      | clk (edge) | clk (edge) |Internal Clock(s) | Phase  |
------------+------------+------------+------------------+--------+
BTN<0>      |    4.645(R)|    0.107(R)|CKHT_BUFGP        |   0.000|
            |   11.684(F)|    0.033(F)|CKHT_BUFGP        |   0.000|
BTN<1>      |    2.666(F)|    0.561(F)|CKHT_BUFGP        |   0.000|
DS18B20     |    2.504(R)|   -0.138(R)|CKHT_BUFGP        |   0.000|
------------+------------+------------+------------------+--------+

Clock CKHT to Pad
------------+------------+------------------+--------+
            | clk (edge) |                  | Clock  |
Destination |   to PAD   |Internal Clock(s) | Phase  |
------------+------------+------------------+--------+
DS18B20     |    8.274(R)|CKHT_BUFGP        |   0.000|
LCD_DB<0>   |    8.989(F)|CKHT_BUFGP        |   0.000|
LCD_DB<1>   |    8.855(F)|CKHT_BUFGP        |   0.000|
LCD_DB<2>   |    8.784(F)|CKHT_BUFGP        |   0.000|
LCD_DB<3>   |    8.279(F)|CKHT_BUFGP        |   0.000|
LCD_DB<4>   |    8.006(F)|CKHT_BUFGP        |   0.000|
LCD_DB<5>   |    8.704(F)|CKHT_BUFGP        |   0.000|
LCD_DB<6>   |    7.893(F)|CKHT_BUFGP        |   0.000|
LCD_DB<7>   |    7.129(F)|CKHT_BUFGP        |   0.000|
LCD_E       |    7.408(F)|CKHT_BUFGP        |   0.000|
LCD_RS      |    7.940(F)|CKHT_BUFGP        |   0.000|
LED<0>      |    7.436(R)|CKHT_BUFGP        |   0.000|
LED<1>      |    7.167(R)|CKHT_BUFGP        |   0.000|
LED<2>      |    7.430(R)|CKHT_BUFGP        |   0.000|
LED<3>      |    7.382(R)|CKHT_BUFGP        |   0.000|
------------+------------+------------------+--------+

Clock to Setup on destination clock CKHT
---------------+---------+---------+---------+---------+
               | Src:Rise| Src:Fall| Src:Rise| Src:Fall|
Source Clock   |Dest:Rise|Dest:Rise|Dest:Fall|Dest:Fall|
---------------+---------+---------+---------+---------+
CKHT           |   11.452|         |   13.910|   14.215|
---------------+---------+---------+---------+---------+


Analysis completed Mon Aug 31 07:25:32 2020 
--------------------------------------------------------------------------------

Trace Settings:
-------------------------
Trace Settings 

Peak Memory Usage: 4526 MB



