--------------------------------------------------------------------------------
Release 14.7 Trace  (nt64)
Copyright (c) 1995-2013 Xilinx, Inc.  All rights reserved.

C:\Xilinx\14.7\ISE_DS\ISE\bin\nt64\unwrapped\trce.exe -intstyle ise -v 3 -s 5
-n 3 -fastpaths -xml GIAIMA2_24H_2E_IF_CASE.twx GIAIMA2_24H_2E_IF_CASE.ncd -o
GIAIMA2_24H_2E_IF_CASE.twr GIAIMA2_24H_2E_IF_CASE.pcf -ucf
GIAIMA2_24H_2E_IF_CASE.ucf

Design file:              GIAIMA2_24H_2E_IF_CASE.ncd
Physical constraint file: GIAIMA2_24H_2E_IF_CASE.pcf
Device,package,speed:     xc3s500e,pq208,-5 (PRODUCTION 1.27 2013-10-13)
Report level:             verbose report

Environment Variable      Effect 
--------------------      ------ 
NONE                      No environment variables were set
--------------------------------------------------------------------------------

INFO:Timing:2698 - No timing constraints found, doing default enumeration.
INFO:Timing:3412 - To improve timing, see the Timing Closure User Guide (UG612).
INFO:Timing:2752 - To get complete path coverage, use the unconstrained paths 
   option. All paths that are not constrained will be reported in the 
   unconstrained paths section(s) of the report.
INFO:Timing:3339 - The clock-to-out numbers in this timing report are based on 
   a 50 Ohm transmission line loading model.  For the details of this model, 
   and for more information on accounting for different loading conditions, 
   please see the device datasheet.
INFO:Timing:3390 - This architecture does not support a default System Jitter 
   value, please add SYSTEM_JITTER constraint to the UCF to modify the Clock 
   Uncertainty calculation.
INFO:Timing:3389 - This architecture does not support 'Discrete Jitter' and 
   'Phase Error' calculations, these terms will be zero in the Clock 
   Uncertainty calculation.  Please make appropriate modification to 
   SYSTEM_JITTER to account for the unsupported Discrete Jitter and Phase 
   Error.



Data Sheet report:
-----------------
All values displayed in nanoseconds (ns)

Pad to Pad
---------------+---------------+---------+
Source Pad     |Destination Pad|  Delay  |
---------------+---------------+---------+
SW<0>          |LED<0>         |    7.250|
SW<0>          |LED<1>         |    7.556|
SW<0>          |LED<2>         |    7.484|
SW<0>          |LED<3>         |    7.914|
SW<1>          |LED<0>         |    7.503|
SW<1>          |LED<1>         |    7.865|
SW<1>          |LED<2>         |    7.689|
SW<1>          |LED<3>         |    8.175|
SW<2>          |LED<0>         |    8.182|
SW<2>          |LED<1>         |    8.539|
SW<2>          |LED<2>         |    8.235|
SW<2>          |LED<3>         |    8.698|
SW<3>          |LED<4>         |    9.146|
SW<3>          |LED<5>         |    9.096|
SW<3>          |LED<6>         |    9.448|
SW<3>          |LED<7>         |    8.987|
SW<4>          |LED<4>         |    8.545|
SW<4>          |LED<5>         |    8.529|
SW<4>          |LED<6>         |    8.942|
SW<4>          |LED<7>         |    8.531|
SW<5>          |LED<4>         |    8.626|
SW<5>          |LED<5>         |    8.319|
SW<5>          |LED<6>         |    9.071|
SW<5>          |LED<7>         |    8.604|
---------------+---------------+---------+


Analysis completed Thu Sep 05 12:53:50 2019 
--------------------------------------------------------------------------------

Trace Settings:
-------------------------
Trace Settings 

Peak Memory Usage: 4509 MB



