--------------------------------------------------------------------------------
Release 14.7 Trace  (nt64)
Copyright (c) 1995-2013 Xilinx, Inc.  All rights reserved.

C:\Xilinx\14.7\ISE_DS\ISE\bin\nt64\unwrapped\trce.exe -intstyle ise -v 3 -s 3
-n 3 -fastpaths -xml BTVN_SO11.twx BTVN_SO11.ncd -o BTVN_SO11.twr BTVN_SO11.pcf

Design file:              BTVN_SO11.ncd
Physical constraint file: BTVN_SO11.pcf
Device,package,speed:     xc6slx9,tqg144,C,-3 (PRODUCTION 1.23 2013-10-13)
Report level:             verbose report

Environment Variable      Effect 
--------------------      ------ 
NONE                      No environment variables were set
--------------------------------------------------------------------------------

INFO:Timing:2698 - No timing constraints found, doing default enumeration.
INFO:Timing:3412 - To improve timing, see the Timing Closure User Guide (UG612).
INFO:Timing:2752 - To get complete path coverage, use the unconstrained paths 
   option. All paths that are not constrained will be reported in the 
   unconstrained paths section(s) of the report.
INFO:Timing:3339 - The clock-to-out numbers in this timing report are based on 
   a 50 Ohm transmission line loading model.  For the details of this model, 
   and for more information on accounting for different loading conditions, 
   please see the device datasheet.



Data Sheet report:
-----------------
All values displayed in nanoseconds (ns)

Setup/Hold to clock CKHT
------------+------------+------------+------------+------------+------------------+--------+
            |Max Setup to|  Process   |Max Hold to |  Process   |                  | Clock  |
Source      | clk (edge) |   Corner   | clk (edge) |   Corner   |Internal Clock(s) | Phase  |
------------+------------+------------+------------+------------+------------------+--------+
BTN<0>      |    7.332(F)|      SLOW  |   -0.575(F)|      FAST  |CKHT_BUFGP        |   0.000|
BTN<1>      |    1.787(F)|      SLOW  |    0.042(F)|      SLOW  |CKHT_BUFGP        |   0.000|
SW0         |    6.728(F)|      SLOW  |   -0.427(F)|      SLOW  |CKHT_BUFGP        |   0.000|
------------+------------+------------+------------+------------+------------------+--------+

Clock CKHT to Pad
------------+-----------------+------------+-----------------+------------+------------------+--------+
            |Max (slowest) clk|  Process   |Min (fastest) clk|  Process   |                  | Clock  |
Destination |  (edge) to PAD  |   Corner   |  (edge) to PAD  |   Corner   |Internal Clock(s) | Phase  |
------------+-----------------+------------+-----------------+------------+------------------+--------+
LED<0>      |        10.209(F)|      SLOW  |         4.245(F)|      FAST  |CKHT_BUFGP        |   0.000|
LED<1>      |        10.039(F)|      SLOW  |         4.146(F)|      FAST  |CKHT_BUFGP        |   0.000|
LED<2>      |        10.331(F)|      SLOW  |         4.031(F)|      FAST  |CKHT_BUFGP        |   0.000|
LED<3>      |        10.117(F)|      SLOW  |         4.088(F)|      FAST  |CKHT_BUFGP        |   0.000|
LED<4>      |        10.359(F)|      SLOW  |         4.023(F)|      FAST  |CKHT_BUFGP        |   0.000|
LED<5>      |        10.214(F)|      SLOW  |         4.320(F)|      FAST  |CKHT_BUFGP        |   0.000|
LED<6>      |         9.300(F)|      SLOW  |         4.252(F)|      FAST  |CKHT_BUFGP        |   0.000|
LED<7>      |         9.295(F)|      SLOW  |         4.067(F)|      FAST  |CKHT_BUFGP        |   0.000|
------------+-----------------+------------+-----------------+------------+------------------+--------+

Clock to Setup on destination clock CKHT
---------------+---------+---------+---------+---------+
               | Src:Rise| Src:Fall| Src:Rise| Src:Fall|
Source Clock   |Dest:Rise|Dest:Rise|Dest:Fall|Dest:Fall|
---------------+---------+---------+---------+---------+
CKHT           |         |         |         |    6.301|
---------------+---------+---------+---------+---------+

Pad to Pad
---------------+---------------+---------+
Source Pad     |Destination Pad|  Delay  |
---------------+---------------+---------+
BTN<0>         |LED<0>         |    9.961|
BTN<0>         |LED<1>         |    9.791|
BTN<0>         |LED<2>         |   10.083|
BTN<0>         |LED<3>         |    9.869|
BTN<0>         |LED<4>         |   10.045|
BTN<0>         |LED<5>         |    9.914|
BTN<0>         |LED<6>         |    8.673|
BTN<0>         |LED<7>         |    8.668|
SW0            |LED<0>         |    9.037|
SW0            |LED<1>         |    8.867|
SW0            |LED<2>         |    9.168|
SW0            |LED<3>         |    9.101|
SW0            |LED<4>         |    9.331|
SW0            |LED<5>         |    9.186|
SW0            |LED<6>         |    8.272|
SW0            |LED<7>         |    8.267|
---------------+---------------+---------+


Analysis completed Thu Jul 23 18:19:23 2020 
--------------------------------------------------------------------------------

Trace Settings:
-------------------------
Trace Settings 

Peak Memory Usage: 4571 MB



