Release 14.7 - xst P.20131013 (nt64)
Copyright (c) 1995-2013 Xilinx, Inc.  All rights reserved.
--> Parameter TMPDIR set to xst/projnav.tmp


Total REAL time to Xst completion: 0.00 secs
Total CPU time to Xst completion: 0.19 secs
 
--> Parameter xsthdpdir set to xst


Total REAL time to Xst completion: 0.00 secs
Total CPU time to Xst completion: 0.20 secs
 
--> Reading design: DEN_GIAOTHONG.prj

TABLE OF CONTENTS
  1) Synthesis Options Summary
  2) HDL Parsing
  3) HDL Elaboration
  4) HDL Synthesis
       4.1) HDL Synthesis Report
  5) Advanced HDL Synthesis
       5.1) Advanced HDL Synthesis Report
  6) Low Level Synthesis
  7) Partition Report
  8) Design Summary
       8.1) Primitive and Black Box Usage
       8.2) Device utilization summary
       8.3) Partition Resource Summary
       8.4) Timing Report
            8.4.1) Clock Information
            8.4.2) Asynchronous Control Signals Information
            8.4.3) Timing Summary
            8.4.4) Timing Details
            8.4.5) Cross Clock Domains Report


=========================================================================
*                      Synthesis Options Summary                        *
=========================================================================
---- Source Parameters
Input File Name                    : "DEN_GIAOTHONG.prj"
Ignore Synthesis Constraint File   : NO

---- Target Parameters
Output File Name                   : "DEN_GIAOTHONG"
Output Format                      : NGC
Target Device                      : xc6slx9-2-tqg144

---- Source Options
Top Module Name                    : DEN_GIAOTHONG
Automatic FSM Extraction           : YES
FSM Encoding Algorithm             : Auto
Safe Implementation                : No
FSM Style                          : LUT
RAM Extraction                     : Yes
RAM Style                          : Auto
ROM Extraction                     : Yes
Shift Register Extraction          : YES
ROM Style                          : Auto
Resource Sharing                   : YES
Asynchronous To Synchronous        : NO
Shift Register Minimum Size        : 2
Use DSP Block                      : Auto
Automatic Register Balancing       : No

---- Target Options
LUT Combining                      : Auto
Reduce Control Sets                : Auto
Add IO Buffers                     : YES
Global Maximum Fanout              : 100000
Add Generic Clock Buffer(BUFG)     : 16
Register Duplication               : YES
Optimize Instantiated Primitives   : NO
Use Clock Enable                   : Auto
Use Synchronous Set                : Auto
Use Synchronous Reset              : Auto
Pack IO Registers into IOBs        : Auto
Equivalent register Removal        : YES

---- General Options
Optimization Goal                  : Speed
Optimization Effort                : 1
Power Reduction                    : NO
Keep Hierarchy                     : No
Netlist Hierarchy                  : As_Optimized
RTL Output                         : Yes
Global Optimization                : AllClockNets
Read Cores                         : YES
Write Timing Constraints           : NO
Cross Clock Analysis               : NO
Hierarchy Separator                : /
Bus Delimiter                      : <>
Case Specifier                     : Maintain
Slice Utilization Ratio            : 100
BRAM Utilization Ratio             : 100
DSP48 Utilization Ratio            : 100
Auto BRAM Packing                  : NO
Slice Utilization Ratio Delta      : 5

=========================================================================


=========================================================================
*                          HDL Parsing                                  *
=========================================================================
Parsing VHDL file "C:\Users\Admin\Documents\TT-HDL-N7-S2\VHDL\DEN_GIAOTHONG\DEN_GIAOTHONG.vhd" into library work
Parsing entity <DEN_GIAOTHONG>.
Parsing architecture <Behavioral> of entity <den_giaothong>.

=========================================================================
*                            HDL Elaboration                            *
=========================================================================

Elaborating entity <DEN_GIAOTHONG> (architecture <Behavioral>) from library <work>.

=========================================================================
*                           HDL Synthesis                               *
=========================================================================

Synthesizing Unit <DEN_GIAOTHONG>.
    Related source file is "C:\Users\Admin\Documents\TT-HDL-N7-S2\VHDL\DEN_GIAOTHONG\DEN_GIAOTHONG.vhd".
    Found 2-bit register for signal <TT_REG>.
    Found 31-bit register for signal <DL_R>.
    Found finite state machine <FSM_0> for signal <TT_REG>.
    -----------------------------------------------------------------------
    | States             | 4                                              |
    | Transitions        | 8                                              |
    | Inputs             | 2                                              |
    | Outputs            | 8                                              |
    | Clock              | CKHT (falling_edge)                            |
    | Reset              | BTN0 (negative)                                |
    | Reset type         | asynchronous                                   |
    | Reset State        | a                                              |
    | Power Up State     | a                                              |
    | Encoding           | auto                                           |
    | Implementation     | LUT                                            |
    -----------------------------------------------------------------------
    Found 32-bit adder for signal <n0027> created at line 65.
    Summary:
	inferred   1 Adder/Subtractor(s).
	inferred  31 D-type flip-flop(s).
	inferred   4 Multiplexer(s).
	inferred   1 Finite State Machine(s).
Unit <DEN_GIAOTHONG> synthesized.

=========================================================================
HDL Synthesis Report

Macro Statistics
# Adders/Subtractors                                   : 1
 32-bit adder                                          : 1
# Registers                                            : 1
 31-bit register                                       : 1
# Multiplexers                                         : 4
 1-bit 2-to-1 multiplexer                              : 3
 32-bit 2-to-1 multiplexer                             : 1
# FSMs                                                 : 1

=========================================================================

=========================================================================
*                       Advanced HDL Synthesis                          *
=========================================================================


=========================================================================
Advanced HDL Synthesis Report

Macro Statistics
# Adders/Subtractors                                   : 1
 32-bit adder                                          : 1
# Registers                                            : 31
 Flip-Flops                                            : 31
# Multiplexers                                         : 4
 1-bit 2-to-1 multiplexer                              : 3
 32-bit 2-to-1 multiplexer                             : 1
# FSMs                                                 : 1

=========================================================================

=========================================================================
*                         Low Level Synthesis                           *
=========================================================================
Analyzing FSM <MFsm> for best encoding.
Optimizing FSM <FSM_0> on signal <TT_REG[1:2]> with user encoding.
-------------------
 State | Encoding
-------------------
 a     | 00
 b     | 01
 c     | 10
 d     | 11
-------------------

Optimizing unit <DEN_GIAOTHONG> ...

Mapping all equations...
Building and optimizing final netlist ...
Found area constraint ratio of 100 (+ 5) on block DEN_GIAOTHONG, actual ratio is 1.

Final Macro Processing ...

=========================================================================
Final Register Report

Macro Statistics
# Registers                                            : 33
 Flip-Flops                                            : 33

=========================================================================

=========================================================================
*                           Partition Report                            *
=========================================================================

Partition Implementation Status
-------------------------------

  No Partitions were found in this design.

-------------------------------

=========================================================================
*                            Design Summary                             *
=========================================================================

Top Level Output File Name         : DEN_GIAOTHONG.ngc

Primitive and Black Box Usage:
------------------------------
# BELS                             : 146
#      GND                         : 1
#      INV                         : 3
#      LUT1                        : 30
#      LUT2                        : 4
#      LUT3                        : 1
#      LUT4                        : 1
#      LUT5                        : 32
#      LUT6                        : 12
#      MUXCY                       : 30
#      VCC                         : 1
#      XORCY                       : 31
# FlipFlops/Latches                : 33
#      FDC_1                       : 2
#      FDE_1                       : 31
# Clock Buffers                    : 1
#      BUFGP                       : 1
# IO Buffers                       : 7
#      IBUF                        : 1
#      OBUF                        : 6

Device utilization summary:
---------------------------

Selected Device : 6slx9tqg144-2 


Slice Logic Utilization: 
 Number of Slice Registers:              33  out of  11440     0%  
 Number of Slice LUTs:                   83  out of   5720     1%  
    Number used as Logic:                83  out of   5720     1%  

Slice Logic Distribution: 
 Number of LUT Flip Flop pairs used:     83
   Number with an unused Flip Flop:      50  out of     83    60%  
   Number with an unused LUT:             0  out of     83     0%  
   Number of fully used LUT-FF pairs:    33  out of     83    39%  
   Number of unique control sets:         2

IO Utilization: 
 Number of IOs:                           8
 Number of bonded IOBs:                   8  out of    102     7%  

Specific Feature Utilization:
 Number of BUFG/BUFGCTRLs:                1  out of     16     6%  

---------------------------
Partition Resource Summary:
---------------------------

  No Partitions were found in this design.

---------------------------


=========================================================================
Timing Report

NOTE: THESE TIMING NUMBERS ARE ONLY A SYNTHESIS ESTIMATE.
      FOR ACCURATE TIMING INFORMATION PLEASE REFER TO THE TRACE REPORT
      GENERATED AFTER PLACE-and-ROUTE.

Clock Information:
------------------
-----------------------------------+------------------------+-------+
Clock Signal                       | Clock buffer(FF name)  | Load  |
-----------------------------------+------------------------+-------+
CKHT                               | BUFGP                  | 33    |
-----------------------------------+------------------------+-------+

Asynchronous Control Signals Information:
----------------------------------------
No asynchronous control signals found in this design

Timing Summary:
---------------
Speed Grade: -2

   Minimum period: 4.947ns (Maximum Frequency: 202.143MHz)
   Minimum input arrival time before clock: 4.286ns
   Maximum output required time after clock: 6.080ns
   Maximum combinational path delay: No path found

Timing Details:
---------------
All values displayed in nanoseconds (ns)

=========================================================================
Timing constraint: Default period analysis for Clock 'CKHT'
  Clock period: 4.947ns (frequency: 202.143MHz)
  Total number of paths / destination ports: 2545 / 33
-------------------------------------------------------------------------
Delay:               4.947ns (Levels of Logic = 3)
  Source:            DL_R_11 (FF)
  Destination:       DL_R_1 (FF)
  Source Clock:      CKHT falling
  Destination Clock: CKHT falling

  Data Path: DL_R_11 to DL_R_1
                                Gate     Net
    Cell:in->out      fanout   Delay   Delay  Logical Name (Net Name)
    ----------------------------------------  ------------
     FDE_1:C->Q            3   0.525   1.221  DL_R_11 (DL_R_11)
     LUT6:I0->O            2   0.254   1.156  GND_5_o_DL_R[30]_equal_12_o<30>13_SW0 (N3)
     LUT6:I1->O           17   0.254   1.209  GND_5_o_DL_R[30]_equal_12_o<30>3 (GND_5_o_DL_R[30]_equal_12_o)
     LUT5:I4->O            1   0.254   0.000  Mmux_n0020311 (n0020<9>)
     FDE_1:D                   0.074          DL_R_9
    ----------------------------------------
    Total                      4.947ns (1.361ns logic, 3.586ns route)
                                       (27.5% logic, 72.5% route)

=========================================================================
Timing constraint: Default OFFSET IN BEFORE for Clock 'CKHT'
  Total number of paths / destination ports: 33 / 33
-------------------------------------------------------------------------
Offset:              4.286ns (Levels of Logic = 2)
  Source:            BTN0 (PAD)
  Destination:       TT_REG_FSM_FFd1 (FF)
  Destination Clock: CKHT falling

  Data Path: BTN0 to TT_REG_FSM_FFd1
                                Gate     Net
    Cell:in->out      fanout   Delay   Delay  Logical Name (Net Name)
    ----------------------------------------  ------------
     IBUF:I->O            32   1.328   1.519  BTN0_IBUF (BTN0_IBUF)
     INV:I->O              2   0.255   0.725  BTN0_inv1_INV_0 (BTN0_inv)
     FDC_1:CLR                 0.459          TT_REG_FSM_FFd1
    ----------------------------------------
    Total                      4.286ns (2.042ns logic, 2.244ns route)
                                       (47.6% logic, 52.4% route)

=========================================================================
Timing constraint: Default OFFSET OUT AFTER for Clock 'CKHT'
  Total number of paths / destination ports: 10 / 6
-------------------------------------------------------------------------
Offset:              6.080ns (Levels of Logic = 2)
  Source:            TT_REG_FSM_FFd2 (FF)
  Destination:       LED<5> (PAD)
  Source Clock:      CKHT falling

  Data Path: TT_REG_FSM_FFd2 to LED<5>
                                Gate     Net
    Cell:in->out      fanout   Delay   Delay  Logical Name (Net Name)
    ----------------------------------------  ------------
     FDC_1:C->Q           37   0.525   1.712  TT_REG_FSM_FFd2 (TT_REG_FSM_FFd2)
     LUT2:I0->O            1   0.250   0.681  TT_REG_LED<1>1 (LED_1_OBUF)
     OBUF:I->O                 2.912          LED_1_OBUF (LED<1>)
    ----------------------------------------
    Total                      6.080ns (3.687ns logic, 2.393ns route)
                                       (60.6% logic, 39.4% route)

=========================================================================

Cross Clock Domains Report:
--------------------------

Clock to Setup on destination clock CKHT
---------------+---------+---------+---------+---------+
               | Src:Rise| Src:Fall| Src:Rise| Src:Fall|
Source Clock   |Dest:Rise|Dest:Rise|Dest:Fall|Dest:Fall|
---------------+---------+---------+---------+---------+
CKHT           |         |         |    4.947|         |
---------------+---------+---------+---------+---------+

=========================================================================


Total REAL time to Xst completion: 12.00 secs
Total CPU time to Xst completion: 12.28 secs
 
--> 

Total memory usage is 4494012 kilobytes

Number of errors   :    0 (   0 filtered)
Number of warnings :    0 (   0 filtered)
Number of infos    :    0 (   0 filtered)

