--------------------------------------------------------------------------------
Release 14.7 Trace  (nt64)
Copyright (c) 1995-2013 Xilinx, Inc.  All rights reserved.

F:\Xilinx_ISE_DS_Win_14.7_1015_1\ISE_file_cai_dat\14.7\ISE_DS\ISE\bin\nt64\unwrapped\trce.exe
-intstyle ise -v 3 -s 5 -n 3 -fastpaths -xml DONGHO_BAMGIO.twx
DONGHO_BAMGIO.ncd -o DONGHO_BAMGIO.twr DONGHO_BAMGIO.pcf -ucf
KIT_XC3S500E_PQ208.ucf

Design file:              DONGHO_BAMGIO.ncd
Physical constraint file: DONGHO_BAMGIO.pcf
Device,package,speed:     xc3s500e,pq208,-5 (PRODUCTION 1.27 2013-10-13)
Report level:             verbose report

Environment Variable      Effect 
--------------------      ------ 
NONE                      No environment variables were set
--------------------------------------------------------------------------------

INFO:Timing:2698 - No timing constraints found, doing default enumeration.
INFO:Timing:3412 - To improve timing, see the Timing Closure User Guide (UG612).
INFO:Timing:2752 - To get complete path coverage, use the unconstrained paths 
   option. All paths that are not constrained will be reported in the 
   unconstrained paths section(s) of the report.
INFO:Timing:3339 - The clock-to-out numbers in this timing report are based on 
   a 50 Ohm transmission line loading model.  For the details of this model, 
   and for more information on accounting for different loading conditions, 
   please see the device datasheet.
INFO:Timing:3390 - This architecture does not support a default System Jitter 
   value, please add SYSTEM_JITTER constraint to the UCF to modify the Clock 
   Uncertainty calculation.
INFO:Timing:3389 - This architecture does not support 'Discrete Jitter' and 
   'Phase Error' calculations, these terms will be zero in the Clock 
   Uncertainty calculation.  Please make appropriate modification to 
   SYSTEM_JITTER to account for the unsupported Discrete Jitter and Phase 
   Error.



Data Sheet report:
-----------------
All values displayed in nanoseconds (ns)

Setup/Hold to clock CKHT
------------+------------+------------+------------------+--------+
            |Max Setup to|Max Hold to |                  | Clock  |
Source      | clk (edge) | clk (edge) |Internal Clock(s) | Phase  |
------------+------------+------------+------------------+--------+
BTN<1>      |    2.322(F)|    0.320(F)|CKHT_BUFGP        |   0.000|
------------+------------+------------+------------------+--------+

Clock CKHT to Pad
------------+------------+------------------+--------+
            | clk (edge) |                  | Clock  |
Destination |   to PAD   |Internal Clock(s) | Phase  |
------------+------------+------------------+--------+
ANODE<0>    |    8.912(F)|CKHT_BUFGP        |   0.000|
ANODE<1>    |    9.231(F)|CKHT_BUFGP        |   0.000|
ANODE<2>    |    8.693(F)|CKHT_BUFGP        |   0.000|
ANODE<3>    |    8.796(F)|CKHT_BUFGP        |   0.000|
ANODE<4>    |    8.366(F)|CKHT_BUFGP        |   0.000|
ANODE<5>    |    8.247(F)|CKHT_BUFGP        |   0.000|
ANODE<6>    |    8.055(F)|CKHT_BUFGP        |   0.000|
ANODE<7>    |    8.269(F)|CKHT_BUFGP        |   0.000|
SSEG<0>     |   13.478(R)|CKHT_BUFGP        |   0.000|
            |   12.434(F)|CKHT_BUFGP        |   0.000|
SSEG<1>     |   13.622(R)|CKHT_BUFGP        |   0.000|
            |   12.578(F)|CKHT_BUFGP        |   0.000|
SSEG<2>     |   13.461(R)|CKHT_BUFGP        |   0.000|
            |   12.417(F)|CKHT_BUFGP        |   0.000|
SSEG<3>     |   13.125(R)|CKHT_BUFGP        |   0.000|
            |   12.081(F)|CKHT_BUFGP        |   0.000|
SSEG<4>     |   13.339(R)|CKHT_BUFGP        |   0.000|
            |   12.295(F)|CKHT_BUFGP        |   0.000|
SSEG<5>     |   13.520(R)|CKHT_BUFGP        |   0.000|
            |   12.476(F)|CKHT_BUFGP        |   0.000|
SSEG<6>     |   13.195(R)|CKHT_BUFGP        |   0.000|
            |   12.151(F)|CKHT_BUFGP        |   0.000|
------------+------------+------------------+--------+

Clock to Setup on destination clock CKHT
---------------+---------+---------+---------+---------+
               | Src:Rise| Src:Fall| Src:Rise| Src:Fall|
Source Clock   |Dest:Rise|Dest:Rise|Dest:Fall|Dest:Fall|
---------------+---------+---------+---------+---------+
CKHT           |    5.187|    4.729|         |    6.600|
---------------+---------+---------+---------+---------+


Analysis completed Thu Nov 07 14:54:38 2019 
--------------------------------------------------------------------------------

Trace Settings:
-------------------------
Trace Settings 

Peak Memory Usage: 4509 MB



