--------------------------------------------------------------------------------
Release 14.7 Trace  (nt64)
Copyright (c) 1995-2013 Xilinx, Inc.  All rights reserved.

C:\Xilinx\14.7\ISE_DS\ISE\bin\nt64\unwrapped\trce.exe -intstyle ise -v 3 -s 5
-n 3 -fastpaths -xml GIO_PHUT_GIAY.twx GIO_PHUT_GIAY.ncd -o GIO_PHUT_GIAY.twr
GIO_PHUT_GIAY.pcf -ucf EDA_XC3S500E_PQ208.ucf

Design file:              GIO_PHUT_GIAY.ncd
Physical constraint file: GIO_PHUT_GIAY.pcf
Device,package,speed:     xc3s500e,pq208,-5 (PRODUCTION 1.27 2013-10-13)
Report level:             verbose report

Environment Variable      Effect 
--------------------      ------ 
NONE                      No environment variables were set
--------------------------------------------------------------------------------

INFO:Timing:2698 - No timing constraints found, doing default enumeration.
INFO:Timing:3412 - To improve timing, see the Timing Closure User Guide (UG612).
INFO:Timing:2752 - To get complete path coverage, use the unconstrained paths 
   option. All paths that are not constrained will be reported in the 
   unconstrained paths section(s) of the report.
INFO:Timing:3339 - The clock-to-out numbers in this timing report are based on 
   a 50 Ohm transmission line loading model.  For the details of this model, 
   and for more information on accounting for different loading conditions, 
   please see the device datasheet.
INFO:Timing:3390 - This architecture does not support a default System Jitter 
   value, please add SYSTEM_JITTER constraint to the UCF to modify the Clock 
   Uncertainty calculation.
INFO:Timing:3389 - This architecture does not support 'Discrete Jitter' and 
   'Phase Error' calculations, these terms will be zero in the Clock 
   Uncertainty calculation.  Please make appropriate modification to 
   SYSTEM_JITTER to account for the unsupported Discrete Jitter and Phase 
   Error.



Data Sheet report:
-----------------
All values displayed in nanoseconds (ns)

Setup/Hold to clock CKHT
------------+------------+------------+------------------+--------+
            |Max Setup to|Max Hold to |                  | Clock  |
Source      | clk (edge) | clk (edge) |Internal Clock(s) | Phase  |
------------+------------+------------+------------------+--------+
BTN_N<1>    |    2.782(F)|    0.159(F)|CKHT_BUFGP        |   0.000|
------------+------------+------------+------------------+--------+

Clock CKHT to Pad
------------+------------+------------------+--------+
            | clk (edge) |                  | Clock  |
Destination |   to PAD   |Internal Clock(s) | Phase  |
------------+------------+------------------+--------+
ANODE<0>    |    9.463(F)|CKHT_BUFGP        |   0.000|
ANODE<1>    |    9.314(F)|CKHT_BUFGP        |   0.000|
ANODE<2>    |    8.824(F)|CKHT_BUFGP        |   0.000|
ANODE<3>    |    8.861(F)|CKHT_BUFGP        |   0.000|
ANODE<4>    |    8.339(F)|CKHT_BUFGP        |   0.000|
ANODE<5>    |    9.484(F)|CKHT_BUFGP        |   0.000|
ANODE<6>    |    9.207(F)|CKHT_BUFGP        |   0.000|
ANODE<7>    |    8.793(F)|CKHT_BUFGP        |   0.000|
SSEG<0>     |   14.184(R)|CKHT_BUFGP        |   0.000|
            |   13.597(F)|CKHT_BUFGP        |   0.000|
SSEG<1>     |   14.205(R)|CKHT_BUFGP        |   0.000|
            |   12.460(F)|CKHT_BUFGP        |   0.000|
SSEG<2>     |   14.873(R)|CKHT_BUFGP        |   0.000|
            |   13.309(F)|CKHT_BUFGP        |   0.000|
SSEG<3>     |   14.954(R)|CKHT_BUFGP        |   0.000|
            |   13.780(F)|CKHT_BUFGP        |   0.000|
SSEG<4>     |   14.345(R)|CKHT_BUFGP        |   0.000|
            |   13.356(F)|CKHT_BUFGP        |   0.000|
SSEG<5>     |   15.377(R)|CKHT_BUFGP        |   0.000|
            |   13.901(F)|CKHT_BUFGP        |   0.000|
SSEG<6>     |   14.121(R)|CKHT_BUFGP        |   0.000|
            |   13.132(F)|CKHT_BUFGP        |   0.000|
------------+------------+------------------+--------+

Clock to Setup on destination clock CKHT
---------------+---------+---------+---------+---------+
               | Src:Rise| Src:Fall| Src:Rise| Src:Fall|
Source Clock   |Dest:Rise|Dest:Rise|Dest:Fall|Dest:Fall|
---------------+---------+---------+---------+---------+
CKHT           |    6.894|    4.865|         |    5.387|
---------------+---------+---------+---------+---------+


Analysis completed Wed Nov 01 07:10:31 2017 
--------------------------------------------------------------------------------

Trace Settings:
-------------------------
Trace Settings 

Peak Memory Usage: 182 MB



