--------------------------------------------------------------------------------
Release 14.7 Trace  (nt64)
Copyright (c) 1995-2013 Xilinx, Inc.  All rights reserved.

C:\Xilinx\14.7\ISE_DS\ISE\bin\nt64\unwrapped\trce.exe -intstyle ise -v 3 -s 5
-n 3 -fastpaths -xml LCD_CLOCK_3KEY_NHAPNHAY_BUZZER.twx
LCD_CLOCK_3KEY_NHAPNHAY_BUZZER.ncd -o LCD_CLOCK_3KEY_NHAPNHAY_BUZZER.twr
LCD_CLOCK_3KEY_NHAPNHAY_BUZZER.pcf

Design file:              LCD_CLOCK_3KEY_NHAPNHAY_BUZZER.ncd
Physical constraint file: LCD_CLOCK_3KEY_NHAPNHAY_BUZZER.pcf
Device,package,speed:     xc3s500e,pq208,-5 (PRODUCTION 1.27 2013-10-13)
Report level:             verbose report

Environment Variable      Effect 
--------------------      ------ 
NONE                      No environment variables were set
--------------------------------------------------------------------------------

INFO:Timing:2698 - No timing constraints found, doing default enumeration.
INFO:Timing:3412 - To improve timing, see the Timing Closure User Guide (UG612).
INFO:Timing:2752 - To get complete path coverage, use the unconstrained paths 
   option. All paths that are not constrained will be reported in the 
   unconstrained paths section(s) of the report.
INFO:Timing:3339 - The clock-to-out numbers in this timing report are based on 
   a 50 Ohm transmission line loading model.  For the details of this model, 
   and for more information on accounting for different loading conditions, 
   please see the device datasheet.
INFO:Timing:3390 - This architecture does not support a default System Jitter 
   value, please add SYSTEM_JITTER constraint to the UCF to modify the Clock 
   Uncertainty calculation.
INFO:Timing:3389 - This architecture does not support 'Discrete Jitter' and 
   'Phase Error' calculations, these terms will be zero in the Clock 
   Uncertainty calculation.  Please make appropriate modification to 
   SYSTEM_JITTER to account for the unsupported Discrete Jitter and Phase 
   Error.



Data Sheet report:
-----------------
All values displayed in nanoseconds (ns)

Setup/Hold to clock CKHT
------------+------------+------------+------------------+--------+
            |Max Setup to|Max Hold to |                  | Clock  |
Source      | clk (edge) | clk (edge) |Internal Clock(s) | Phase  |
------------+------------+------------+------------------+--------+
BTN<0>      |    2.971(F)|    0.071(F)|CKHT_BUFGP        |   0.000|
BTN<1>      |    4.591(F)|    0.463(F)|CKHT_BUFGP        |   0.000|
BTN<2>      |    3.152(F)|    0.460(F)|CKHT_BUFGP        |   0.000|
BTN<3>      |    2.080(F)|    0.930(F)|CKHT_BUFGP        |   0.000|
------------+------------+------------+------------------+--------+

Clock CKHT to Pad
------------+------------+------------------+--------+
            | clk (edge) |                  | Clock  |
Destination |   to PAD   |Internal Clock(s) | Phase  |
------------+------------+------------------+--------+
BELL        |    8.759(F)|CKHT_BUFGP        |   0.000|
LCD_DB<0>   |    8.088(F)|CKHT_BUFGP        |   0.000|
LCD_DB<1>   |    8.620(F)|CKHT_BUFGP        |   0.000|
LCD_DB<2>   |    8.534(F)|CKHT_BUFGP        |   0.000|
LCD_DB<3>   |    7.859(F)|CKHT_BUFGP        |   0.000|
LCD_DB<4>   |    7.651(F)|CKHT_BUFGP        |   0.000|
LCD_DB<5>   |    7.516(F)|CKHT_BUFGP        |   0.000|
LCD_DB<6>   |    7.024(F)|CKHT_BUFGP        |   0.000|
LCD_DB<7>   |    7.848(F)|CKHT_BUFGP        |   0.000|
LCD_E       |    7.599(F)|CKHT_BUFGP        |   0.000|
LCD_RS      |    7.804(F)|CKHT_BUFGP        |   0.000|
------------+------------+------------------+--------+

Clock to Setup on destination clock CKHT
---------------+---------+---------+---------+---------+
               | Src:Rise| Src:Fall| Src:Rise| Src:Fall|
Source Clock   |Dest:Rise|Dest:Rise|Dest:Fall|Dest:Fall|
---------------+---------+---------+---------+---------+
CKHT           |         |         |         |    7.378|
---------------+---------+---------+---------+---------+


Analysis completed Mon Aug 10 10:46:39 2020 
--------------------------------------------------------------------------------

Trace Settings:
-------------------------
Trace Settings 

Peak Memory Usage: 4526 MB



