Release 14.7 - xst P.20131013 (nt64)
Copyright (c) 1995-2013 Xilinx, Inc.  All rights reserved.
--> Parameter TMPDIR set to xst/projnav.tmp


Total REAL time to Xst completion: 0.00 secs
Total CPU time to Xst completion: 0.15 secs
 
--> Parameter xsthdpdir set to xst


Total REAL time to Xst completion: 0.00 secs
Total CPU time to Xst completion: 0.15 secs
 
--> Reading design: LCD_CLOCK_3KEY_NHAPNHAY_BUZZER.prj

TABLE OF CONTENTS
  1) Synthesis Options Summary
  2) HDL Compilation
  3) Design Hierarchy Analysis
  4) HDL Analysis
  5) HDL Synthesis
     5.1) HDL Synthesis Report
  6) Advanced HDL Synthesis
     6.1) Advanced HDL Synthesis Report
  7) Low Level Synthesis
  8) Partition Report
  9) Final Report
	9.1) Device utilization summary
	9.2) Partition Resource Summary
	9.3) TIMING REPORT


=========================================================================
*                      Synthesis Options Summary                        *
=========================================================================
---- Source Parameters
Input File Name                    : "LCD_CLOCK_3KEY_NHAPNHAY_BUZZER.prj"
Input Format                       : mixed
Ignore Synthesis Constraint File   : NO

---- Target Parameters
Output File Name                   : "LCD_CLOCK_3KEY_NHAPNHAY_BUZZER"
Output Format                      : NGC
Target Device                      : xc3s500e-5-pq208

---- Source Options
Top Module Name                    : LCD_CLOCK_3KEY_NHAPNHAY_BUZZER
Automatic FSM Extraction           : YES
FSM Encoding Algorithm             : Auto
Safe Implementation                : No
FSM Style                          : LUT
RAM Extraction                     : Yes
RAM Style                          : Auto
ROM Extraction                     : Yes
Mux Style                          : Auto
Decoder Extraction                 : YES
Priority Encoder Extraction        : Yes
Shift Register Extraction          : YES
Logical Shifter Extraction         : YES
XOR Collapsing                     : YES
ROM Style                          : Auto
Mux Extraction                     : Yes
Resource Sharing                   : YES
Asynchronous To Synchronous        : NO
Multiplier Style                   : Auto
Automatic Register Balancing       : No

---- Target Options
Add IO Buffers                     : YES
Global Maximum Fanout              : 500
Add Generic Clock Buffer(BUFG)     : 24
Register Duplication               : YES
Slice Packing                      : YES
Optimize Instantiated Primitives   : NO
Use Clock Enable                   : Yes
Use Synchronous Set                : Yes
Use Synchronous Reset              : Yes
Pack IO Registers into IOBs        : Auto
Equivalent register Removal        : YES

---- General Options
Optimization Goal                  : Speed
Optimization Effort                : 1
Keep Hierarchy                     : No
Netlist Hierarchy                  : As_Optimized
RTL Output                         : Yes
Global Optimization                : AllClockNets
Read Cores                         : YES
Write Timing Constraints           : NO
Cross Clock Analysis               : NO
Hierarchy Separator                : /
Bus Delimiter                      : <>
Case Specifier                     : Maintain
Slice Utilization Ratio            : 100
BRAM Utilization Ratio             : 100
Verilog 2001                       : YES
Auto BRAM Packing                  : NO
Slice Utilization Ratio Delta      : 5

=========================================================================


=========================================================================
*                          HDL Compilation                              *
=========================================================================
Compiling vhdl file "C:/Users/Admin/Documents/TT-HDL-N7-S2/VHDL/BAI_614_LCD_CLOCK_3KEY_NHAPNHAY_BUZZER/DEBOUNCE_BTN.vhd" in Library work.
Architecture behavioral of Entity debounce_btn is up to date.
Compiling vhdl file "C:/Users/Admin/Documents/TT-HDL-N7-S2/VHDL/BAI_614_LCD_CLOCK_3KEY_NHAPNHAY_BUZZER/LAM_HEP_XUNG.vhd" in Library work.
Architecture behavioral of Entity lam_hep_xung is up to date.
Compiling vhdl file "C:/Users/Admin/Documents/TT-HDL-N7-S2/VHDL/BAI_614_LCD_CLOCK_3KEY_NHAPNHAY_BUZZER/CHIA_10ENA.vhd" in Library work.
Architecture behavioral of Entity chia_10ena is up to date.
Compiling vhdl file "C:/Users/Admin/Documents/TT-HDL-N7-S2/VHDL/BAI_614_LCD_CLOCK_3KEY_NHAPNHAY_BUZZER/CD_LAM_HEP_BTN.vhd" in Library work.
Architecture behavioral of Entity cd_lam_hep_btn is up to date.
Compiling vhdl file "C:/Users/Admin/Documents/TT-HDL-N7-S2/VHDL/BAI_614_LCD_CLOCK_3KEY_NHAPNHAY_BUZZER/XULY_MOD_DAUCHAM_NHAPNHAY.vhd" in Library work.
Architecture behavioral of Entity xuly_mod_daucham_nhapnhay is up to date.
Compiling vhdl file "C:/Users/Admin/Documents/TT-HDL-N7-S2/VHDL/BAI_614_LCD_CLOCK_3KEY_NHAPNHAY_BUZZER/DEM_GIOPHUTGIAY.vhd" in Library work.
Entity <dem_giophutgiay> compiled.
Entity <dem_giophutgiay> (Architecture <behavioral>) compiled.
Compiling vhdl file "C:/Users/Admin/Documents/TT-HDL-N7-S2/VHDL/BAI_614_LCD_CLOCK_3KEY_NHAPNHAY_BUZZER/HEXTOBCD_6BIT.vhd" in Library work.
Architecture behavioral of Entity hextobcd_6bit is up to date.
Compiling vhdl file "C:/Users/Admin/Documents/TT-HDL-N7-S2/VHDL/BAI_614_LCD_CLOCK_3KEY_NHAPNHAY_BUZZER/LCD_20X4_GAN_DULIEU.vhd" in Library work.
Architecture behavioral of Entity lcd_20x4_gan_dulieu is up to date.
Compiling vhdl file "C:/Users/Admin/Documents/TT-HDL-N7-S2/VHDL/BAI_614_LCD_CLOCK_3KEY_NHAPNHAY_BUZZER/LCD_20X4_KHOITAO_HIENTHI.vhd" in Library work.
Architecture behavioral of Entity lcd_20x4_khoitao_hienthi is up to date.
Compiling vhdl file "C:/Users/Admin/Documents/TT-HDL-N7-S2/VHDL/BAI_614_LCD_CLOCK_3KEY_NHAPNHAY_BUZZER/LCD_CLOCK_3KEY_NHAPNHAY_BUZZER.vhd" in Library work.
Architecture behavioral of Entity lcd_clock_3key_nhapnhay_buzzer is up to date.

=========================================================================
*                     Design Hierarchy Analysis                         *
=========================================================================
Analyzing hierarchy for entity <LCD_CLOCK_3KEY_NHAPNHAY_BUZZER> in library <work> (architecture <behavioral>).

Analyzing hierarchy for entity <CHIA_10ENA> in library <work> (architecture <Behavioral>).

Analyzing hierarchy for entity <DEBOUNCE_BTN> in library <work> (architecture <Behavioral>).

Analyzing hierarchy for entity <CD_LAM_HEP_BTN> in library <work> (architecture <Behavioral>).

Analyzing hierarchy for entity <XULY_MOD_DAUCHAM_NHAPNHAY> in library <work> (architecture <Behavioral>).

Analyzing hierarchy for entity <DEM_GIOPHUTGIAY> in library <work> (architecture <Behavioral>).

Analyzing hierarchy for entity <HEXTOBCD_6BIT> in library <work> (architecture <Behavioral>).

Analyzing hierarchy for entity <LCD_20X4_GAN_DULIEU> in library <work> (architecture <Behavioral>).

Analyzing hierarchy for entity <LCD_20X4_KHOITAO_HIENTHI> in library <work> (architecture <Behavioral>).

Analyzing hierarchy for entity <DEBOUNCE_BTN> in library <work> (architecture <Behavioral>).

Analyzing hierarchy for entity <LAM_HEP_XUNG> in library <work> (architecture <Behavioral>).


=========================================================================
*                            HDL Analysis                               *
=========================================================================
Analyzing Entity <LCD_CLOCK_3KEY_NHAPNHAY_BUZZER> in library <work> (Architecture <behavioral>).
Entity <LCD_CLOCK_3KEY_NHAPNHAY_BUZZER> analyzed. Unit <LCD_CLOCK_3KEY_NHAPNHAY_BUZZER> generated.

Analyzing Entity <CHIA_10ENA> in library <work> (Architecture <Behavioral>).
Entity <CHIA_10ENA> analyzed. Unit <CHIA_10ENA> generated.

Analyzing Entity <DEBOUNCE_BTN> in library <work> (Architecture <Behavioral>).
Entity <DEBOUNCE_BTN> analyzed. Unit <DEBOUNCE_BTN> generated.

Analyzing Entity <CD_LAM_HEP_BTN> in library <work> (Architecture <Behavioral>).
Entity <CD_LAM_HEP_BTN> analyzed. Unit <CD_LAM_HEP_BTN> generated.

Analyzing Entity <LAM_HEP_XUNG> in library <work> (Architecture <Behavioral>).
Entity <LAM_HEP_XUNG> analyzed. Unit <LAM_HEP_XUNG> generated.

Analyzing Entity <XULY_MOD_DAUCHAM_NHAPNHAY> in library <work> (Architecture <Behavioral>).
Entity <XULY_MOD_DAUCHAM_NHAPNHAY> analyzed. Unit <XULY_MOD_DAUCHAM_NHAPNHAY> generated.

Analyzing Entity <DEM_GIOPHUTGIAY> in library <work> (Architecture <Behavioral>).
Entity <DEM_GIOPHUTGIAY> analyzed. Unit <DEM_GIOPHUTGIAY> generated.

Analyzing Entity <HEXTOBCD_6BIT> in library <work> (Architecture <Behavioral>).
Entity <HEXTOBCD_6BIT> analyzed. Unit <HEXTOBCD_6BIT> generated.

Analyzing Entity <LCD_20X4_GAN_DULIEU> in library <work> (Architecture <Behavioral>).
Entity <LCD_20X4_GAN_DULIEU> analyzed. Unit <LCD_20X4_GAN_DULIEU> generated.

Analyzing Entity <LCD_20X4_KHOITAO_HIENTHI> in library <work> (Architecture <Behavioral>).
Entity <LCD_20X4_KHOITAO_HIENTHI> analyzed. Unit <LCD_20X4_KHOITAO_HIENTHI> generated.


=========================================================================
*                           HDL Synthesis                               *
=========================================================================

Performing bidirectional port resolution...

Synthesizing Unit <CHIA_10ENA>.
    Related source file is "C:/Users/Admin/Documents/TT-HDL-N7-S2/VHDL/BAI_614_LCD_CLOCK_3KEY_NHAPNHAY_BUZZER/CHIA_10ENA.vhd".
    Found 23-bit adder for signal <D10HZ_NEXT$addsub0000> created at line 54.
    Found 23-bit register for signal <D10HZ_REG>.
    Found 25-bit adder for signal <D2HZ_NEXT$addsub0000> created at line 50.
    Found 25-bit register for signal <D2HZ_REG>.
    Found 24-bit adder for signal <D5HZ_NEXT$addsub0000> created at line 52.
    Found 24-bit register for signal <D5HZ_REG>.
    Summary:
	inferred  72 D-type flip-flop(s).
	inferred   3 Adder/Subtractor(s).
Unit <CHIA_10ENA> synthesized.


Synthesizing Unit <DEBOUNCE_BTN>.
    Related source file is "C:/Users/Admin/Documents/TT-HDL-N7-S2/VHDL/BAI_614_LCD_CLOCK_3KEY_NHAPNHAY_BUZZER/DEBOUNCE_BTN.vhd".
    Found finite state machine <FSM_0> for signal <DB_REG>.
    -----------------------------------------------------------------------
    | States             | 4                                              |
    | Transitions        | 10                                             |
    | Inputs             | 2                                              |
    | Outputs            | 5                                              |
    | Clock              | CKHT                      (falling_edge)       |
    | Power Up State     | zero                                           |
    | Encoding           | automatic                                      |
    | Implementation     | LUT                                            |
    -----------------------------------------------------------------------
    Found 20-bit register for signal <DELAY_REG>.
    Found 20-bit subtractor for signal <DELAY_REG$share0000> created at line 28.
    Summary:
	inferred   1 Finite State Machine(s).
	inferred  20 D-type flip-flop(s).
	inferred   1 Adder/Subtractor(s).
Unit <DEBOUNCE_BTN> synthesized.


Synthesizing Unit <XULY_MOD_DAUCHAM_NHAPNHAY>.
    Related source file is "C:/Users/Admin/Documents/TT-HDL-N7-S2/VHDL/BAI_614_LCD_CLOCK_3KEY_NHAPNHAY_BUZZER/XULY_MOD_DAUCHAM_NHAPNHAY.vhd".
    Found 5-bit 4-to-1 multiplexer for signal <DLNN_NEXT>.
    Found 5-bit adder for signal <DLNN_NEXT$addsub0000> created at line 63.
    Found 5-bit register for signal <DLNN_REG>.
    Found 6-bit register for signal <ENAGM_8LED_REG>.
    Found 6-bit 4-to-1 multiplexer for signal <ENAGM_8LED_REG$mux0000>.
    Found 2-bit up counter for signal <GIATRI_MOD_REG>.
    Summary:
	inferred   1 Counter(s).
	inferred  11 D-type flip-flop(s).
	inferred   1 Adder/Subtractor(s).
	inferred  11 Multiplexer(s).
Unit <XULY_MOD_DAUCHAM_NHAPNHAY> synthesized.


Synthesizing Unit <DEM_GIOPHUTGIAY>.
    Related source file is "C:/Users/Admin/Documents/TT-HDL-N7-S2/VHDL/BAI_614_LCD_CLOCK_3KEY_NHAPNHAY_BUZZER/DEM_GIOPHUTGIAY.vhd".
    Found 27-bit adder for signal <dl_n$addsub0000> created at line 73.
    Found 27-bit register for signal <dl_r>.
    Found 6-bit adder for signal <GIAY_N$addsub0000> created at line 106.
    Found 6-bit register for signal <GIAY_R>.
    Found 6-bit subtractor for signal <GIAY_R$addsub0000> created at line 110.
    Found 5-bit adder for signal <GIO_N$addsub0000> created at line 143.
    Found 5-bit register for signal <GIO_R>.
    Found 5-bit subtractor for signal <GIO_R$addsub0000> created at line 147.
    Found 6-bit adder for signal <PHUT_N$addsub0000> created at line 125.
    Found 6-bit register for signal <PHUT_R>.
    Found 6-bit subtractor for signal <PHUT_R$addsub0000> created at line 129.
    Found 1-bit register for signal <tt_r<0>>.
    Summary:
	inferred  45 D-type flip-flop(s).
	inferred   7 Adder/Subtractor(s).
Unit <DEM_GIOPHUTGIAY> synthesized.


Synthesizing Unit <HEXTOBCD_6BIT>.
    Related source file is "C:/Users/Admin/Documents/TT-HDL-N7-S2/VHDL/BAI_614_LCD_CLOCK_3KEY_NHAPNHAY_BUZZER/HEXTOBCD_6BIT.vhd".
    Found 4-bit comparator greatequal for signal <BCD_HEX_9$cmp_ge0000> created at line 22.
    Found 4-bit comparator greatequal for signal <BCD_HEX_9$cmp_ge0001> created at line 22.
    Found 4-bit comparator greatequal for signal <BCD_HEX_9$cmp_ge0002> created at line 22.
    Found 4-bit adder for signal <BCD_HEX_9_6$add0000> created at line 23.
    Found 4-bit adder for signal <BCD_HEX_9_6$add0001> created at line 23.
    Found 4-bit adder for signal <BCD_HEX_9_6$add0002> created at line 23.
    Summary:
	inferred   3 Adder/Subtractor(s).
	inferred   3 Comparator(s).
Unit <HEXTOBCD_6BIT> synthesized.


Synthesizing Unit <LCD_20X4_GAN_DULIEU>.
    Related source file is "C:/Users/Admin/Documents/TT-HDL-N7-S2/VHDL/BAI_614_LCD_CLOCK_3KEY_NHAPNHAY_BUZZER/LCD_20X4_GAN_DULIEU.vhd".
Unit <LCD_20X4_GAN_DULIEU> synthesized.


Synthesizing Unit <LCD_20X4_KHOITAO_HIENTHI>.
    Related source file is "C:/Users/Admin/Documents/TT-HDL-N7-S2/VHDL/BAI_614_LCD_CLOCK_3KEY_NHAPNHAY_BUZZER/LCD_20X4_KHOITAO_HIENTHI.vhd".
    Found finite state machine <FSM_1> for signal <LCD_STATE>.
    -----------------------------------------------------------------------
    | States             | 10                                             |
    | Transitions        | 25                                             |
    | Inputs             | 5                                              |
    | Outputs            | 10                                             |
    | Clock              | LCD_CK                    (falling_edge)       |
    | Reset              | LCD_RST                   (positive)           |
    | Reset type         | asynchronous                                   |
    | Reset State        | lcd_initial                                    |
    | Power Up State     | lcd_initial                                    |
    | Encoding           | automatic                                      |
    | Implementation     | LUT                                            |
    -----------------------------------------------------------------------
    Found 6x8-bit ROM for signal <LCD_DB$mux0000> created at line 108.
    Found 1-bit register for signal <LCD_E>.
    Found 1-bit register for signal <LCD_RS>.
    Found 8-bit register for signal <LCD_DB>.
    Found 8-bit 20-to-1 multiplexer for signal <$varindex0000> created at line 129.
    Found 8-bit 20-to-1 multiplexer for signal <$varindex0001> created at line 151.
    Found 8-bit 20-to-1 multiplexer for signal <$varindex0002> created at line 173.
    Found 8-bit 20-to-1 multiplexer for signal <$varindex0003> created at line 195.
    Found 5-bit register for signal <PTR>.
    Found 5-bit adder for signal <PTR$share0000> created at line 99.
    Found 20-bit register for signal <SLX>.
    Found 20-bit adder for signal <SLX$share0000> created at line 99.
    Summary:
	inferred   1 Finite State Machine(s).
	inferred   1 ROM(s).
	inferred  35 D-type flip-flop(s).
	inferred   2 Adder/Subtractor(s).
	inferred  32 Multiplexer(s).
Unit <LCD_20X4_KHOITAO_HIENTHI> synthesized.


Synthesizing Unit <LAM_HEP_XUNG>.
    Related source file is "C:/Users/Admin/Documents/TT-HDL-N7-S2/VHDL/BAI_614_LCD_CLOCK_3KEY_NHAPNHAY_BUZZER/LAM_HEP_XUNG.vhd".
    Found 1-bit register for signal <QFF>.
    Summary:
	inferred   1 D-type flip-flop(s).
Unit <LAM_HEP_XUNG> synthesized.


Synthesizing Unit <CD_LAM_HEP_BTN>.
    Related source file is "C:/Users/Admin/Documents/TT-HDL-N7-S2/VHDL/BAI_614_LCD_CLOCK_3KEY_NHAPNHAY_BUZZER/CD_LAM_HEP_BTN.vhd".
Unit <CD_LAM_HEP_BTN> synthesized.


Synthesizing Unit <LCD_CLOCK_3KEY_NHAPNHAY_BUZZER>.
    Related source file is "C:/Users/Admin/Documents/TT-HDL-N7-S2/VHDL/BAI_614_LCD_CLOCK_3KEY_NHAPNHAY_BUZZER/LCD_CLOCK_3KEY_NHAPNHAY_BUZZER.vhd".
Unit <LCD_CLOCK_3KEY_NHAPNHAY_BUZZER> synthesized.

INFO:Xst:1767 - HDL ADVISOR - Resource sharing has identified that some arithmetic operations in this design can share the same physical resources for reduced device utilization. For improved clock frequency you may try to disable resource sharing.

=========================================================================
HDL Synthesis Report

Macro Statistics
# ROMs                                                 : 1
 6x8-bit ROM                                           : 1
# Adders/Subtractors                                   : 25
 20-bit adder                                          : 1
 20-bit subtractor                                     : 3
 23-bit adder                                          : 1
 24-bit adder                                          : 1
 25-bit adder                                          : 1
 27-bit adder                                          : 1
 4-bit adder                                           : 9
 5-bit adder                                           : 3
 5-bit subtractor                                      : 1
 6-bit adder                                           : 2
 6-bit subtractor                                      : 2
# Counters                                             : 1
 2-bit up counter                                      : 1
# Registers                                            : 19
 1-bit register                                        : 4
 20-bit register                                       : 4
 23-bit register                                       : 1
 24-bit register                                       : 1
 25-bit register                                       : 1
 27-bit register                                       : 1
 5-bit register                                        : 3
 6-bit register                                        : 3
 8-bit register                                        : 1
# Comparators                                          : 9
 4-bit comparator greatequal                           : 9
# Multiplexers                                         : 6
 5-bit 4-to-1 multiplexer                              : 1
 6-bit 4-to-1 multiplexer                              : 1
 8-bit 20-to-1 multiplexer                             : 4

=========================================================================

=========================================================================
*                       Advanced HDL Synthesis                          *
=========================================================================

Analyzing FSM <FSM_1> for best encoding.
Optimizing FSM <LCD_KHOITAO_HIENTHI/LCD_STATE/FSM> on signal <LCD_STATE[1:4]> with gray encoding.
-------------------------
 State       | Encoding
-------------------------
 lcd_initial | 0000
 lcd_addr_l1 | 0001
 lcd_data_l1 | 0011
 lcd_addr_l2 | 0010
 lcd_data_l2 | 0110
 lcd_addr_l3 | 0111
 lcd_data_l3 | 0101
 lcd_addr_l4 | 0100
 lcd_data_l4 | 1100
 lcd_stop    | 1101
-------------------------
Analyzing FSM <FSM_0> for best encoding.
Optimizing FSM <CD_LAM_HEP_BTN_MOD/DEBOUNCE_BTN/DB_REG/FSM> on signal <DB_REG[1:2]> with gray encoding.
Optimizing FSM <DEBOUNCE_BTN_UP/DB_REG/FSM> on signal <DB_REG[1:2]> with gray encoding.
Optimizing FSM <DEBOUNCE_BTN_DW/DB_REG/FSM> on signal <DB_REG[1:2]> with gray encoding.
-------------------
 State | Encoding
-------------------
 zero  | 00
 wai0  | 10
 one   | 11
 wai1  | 01
-------------------

=========================================================================
Advanced HDL Synthesis Report

Macro Statistics
# FSMs                                                 : 2
# ROMs                                                 : 1
 6x8-bit ROM                                           : 1
# Adders/Subtractors                                   : 25
 20-bit adder                                          : 1
 20-bit subtractor                                     : 3
 23-bit adder                                          : 1
 24-bit adder                                          : 1
 25-bit adder                                          : 1
 27-bit adder                                          : 1
 4-bit adder                                           : 9
 5-bit adder                                           : 3
 5-bit subtractor                                      : 1
 6-bit adder                                           : 2
 6-bit subtractor                                      : 2
# Counters                                             : 1
 2-bit up counter                                      : 1
# Registers                                            : 224
 Flip-Flops                                            : 224
# Comparators                                          : 9
 4-bit comparator greatequal                           : 9
# Multiplexers                                         : 6
 5-bit 4-to-1 multiplexer                              : 1
 6-bit 4-to-1 multiplexer                              : 1
 8-bit 20-to-1 multiplexer                             : 4

=========================================================================

=========================================================================
*                         Low Level Synthesis                           *
=========================================================================

Optimizing unit <LCD_CLOCK_3KEY_NHAPNHAY_BUZZER> ...

Optimizing unit <CHIA_10ENA> ...

Optimizing unit <DEBOUNCE_BTN> ...

Optimizing unit <XULY_MOD_DAUCHAM_NHAPNHAY> ...

Optimizing unit <DEM_GIOPHUTGIAY> ...

Optimizing unit <HEXTOBCD_6BIT> ...

Optimizing unit <LCD_20X4_KHOITAO_HIENTHI> ...

Mapping all equations...
Building and optimizing final netlist ...
Found area constraint ratio of 100 (+ 5) on block LCD_CLOCK_3KEY_NHAPNHAY_BUZZER, actual ratio is 7.

Final Macro Processing ...

=========================================================================
Final Register Report

Macro Statistics
# Registers                                            : 236
 Flip-Flops                                            : 236

=========================================================================

=========================================================================
*                           Partition Report                            *
=========================================================================

Partition Implementation Status
-------------------------------

  No Partitions were found in this design.

-------------------------------

=========================================================================
*                            Final Report                               *
=========================================================================
Final Results
RTL Top Level Output File Name     : LCD_CLOCK_3KEY_NHAPNHAY_BUZZER.ngr
Top Level Output File Name         : LCD_CLOCK_3KEY_NHAPNHAY_BUZZER
Output Format                      : NGC
Optimization Goal                  : Speed
Keep Hierarchy                     : No

Design Statistics
# IOs                              : 17

Cell Usage :
# BELS                             : 1050
#      GND                         : 1
#      INV                         : 68
#      LUT1                        : 117
#      LUT2                        : 13
#      LUT2_D                      : 6
#      LUT2_L                      : 2
#      LUT3                        : 52
#      LUT3_D                      : 5
#      LUT3_L                      : 13
#      LUT4                        : 321
#      LUT4_D                      : 24
#      LUT4_L                      : 33
#      MUXCY                       : 193
#      MUXF5                       : 21
#      MUXF6                       : 1
#      VCC                         : 1
#      XORCY                       : 179
# FlipFlops/Latches                : 236
#      FD_1                        : 12
#      FDC_1                       : 30
#      FDCE_1                      : 17
#      FDE_1                       : 37
#      FDR_1                       : 69
#      FDRE                        : 2
#      FDS_1                       : 69
# Clock Buffers                    : 1
#      BUFGP                       : 1
# IO Buffers                       : 16
#      IBUF                        : 4
#      OBUF                        : 12
=========================================================================

Device utilization summary:
---------------------------

Selected Device : 3s500epq208-5 

 Number of Slices:                      343  out of   4656     7%  
 Number of Slice Flip Flops:            236  out of   9312     2%  
 Number of 4 input LUTs:                654  out of   9312     7%  
 Number of IOs:                          17
 Number of bonded IOBs:                  17  out of    158    10%  
 Number of GCLKs:                         1  out of     24     4%  

---------------------------
Partition Resource Summary:
---------------------------

  No Partitions were found in this design.

---------------------------


=========================================================================
TIMING REPORT

NOTE: THESE TIMING NUMBERS ARE ONLY A SYNTHESIS ESTIMATE.
      FOR ACCURATE TIMING INFORMATION PLEASE REFER TO THE TRACE REPORT
      GENERATED AFTER PLACE-and-ROUTE.

Clock Information:
------------------
-----------------------------------+------------------------+-------+
Clock Signal                       | Clock buffer(FF name)  | Load  |
-----------------------------------+------------------------+-------+
CKHT                               | BUFGP                  | 236   |
-----------------------------------+------------------------+-------+

Asynchronous Control Signals Information:
----------------------------------------
-----------------------------------+------------------------+-------+
Control Signal                     | Buffer(FF name)        | Load  |
-----------------------------------+------------------------+-------+
BTN<0>                             | IBUF                   | 47    |
-----------------------------------+------------------------+-------+

Timing Summary:
---------------
Speed Grade: -5

   Minimum period: 7.865ns (Maximum Frequency: 127.142MHz)
   Minimum input arrival time before clock: 4.501ns
   Maximum output required time after clock: 4.755ns
   Maximum combinational path delay: No path found

Timing Detail:
--------------
All values displayed in nanoseconds (ns)

=========================================================================
Timing constraint: Default period analysis for Clock 'CKHT'
  Clock period: 7.865ns (frequency: 127.142MHz)
  Total number of paths / destination ports: 12523 / 392
-------------------------------------------------------------------------
Delay:               7.865ns (Levels of Logic = 6)
  Source:            LCD_KHOITAO_HIENTHI/SLX_13 (FF)
  Destination:       LCD_KHOITAO_HIENTHI/LCD_DB_2 (FF)
  Source Clock:      CKHT falling
  Destination Clock: CKHT falling

  Data Path: LCD_KHOITAO_HIENTHI/SLX_13 to LCD_KHOITAO_HIENTHI/LCD_DB_2
                                Gate     Net
    Cell:in->out      fanout   Delay   Delay  Logical Name (Net Name)
    ----------------------------------------  ------------
     FDC_1:C->Q            2   0.514   0.532  LCD_KHOITAO_HIENTHI/SLX_13 (LCD_KHOITAO_HIENTHI/SLX_13)
     LUT4:I0->O            2   0.612   0.410  LCD_KHOITAO_HIENTHI/LCD_STATE_cmp_eq000423 (LCD_KHOITAO_HIENTHI/N40)
     LUT4:I2->O           17   0.612   0.896  LCD_KHOITAO_HIENTHI/LCD_DB_cmp_eq00001 (LCD_KHOITAO_HIENTHI/N12)
     LUT4_D:I3->O         14   0.612   0.853  LCD_KHOITAO_HIENTHI/LCD_STATE_cmp_eq0000 (LCD_KHOITAO_HIENTHI/LCD_STATE_cmp_eq0000)
     LUT4_D:I3->O          1   0.612   0.360  LCD_KHOITAO_HIENTHI/LCD_DB_mux0001<4>118 (LCD_KHOITAO_HIENTHI/LCD_DB_mux0001<3>139)
     LUT4_D:I3->O          1   0.612   0.360  LCD_KHOITAO_HIENTHI/LCD_DB_mux0001<3>142 (LCD_KHOITAO_HIENTHI/N4)
     LUT4:I3->O            1   0.612   0.000  LCD_KHOITAO_HIENTHI/LCD_DB_mux0001<5>52 (LCD_KHOITAO_HIENTHI/LCD_DB_mux0001<5>)
     FDE_1:D                   0.268          LCD_KHOITAO_HIENTHI/LCD_DB_2
    ----------------------------------------
    Total                      7.865ns (4.454ns logic, 3.411ns route)
                                       (56.6% logic, 43.4% route)

=========================================================================
Timing constraint: Default OFFSET IN BEFORE for Clock 'CKHT'
  Total number of paths / destination ports: 163 / 163
-------------------------------------------------------------------------
Offset:              4.501ns (Levels of Logic = 2)
  Source:            BTN<3> (PAD)
  Destination:       CD_LAM_HEP_BTN_MOD/DEBOUNCE_BTN/DELAY_REG_19 (FF)
  Destination Clock: CKHT falling

  Data Path: BTN<3> to CD_LAM_HEP_BTN_MOD/DEBOUNCE_BTN/DELAY_REG_19
                                Gate     Net
    Cell:in->out      fanout   Delay   Delay  Logical Name (Net Name)
    ----------------------------------------  ------------
     IBUF:I->O            23   1.106   1.052  BTN_3_IBUF (BTN_3_IBUF)
     LUT3:I2->O           20   0.612   0.937  CD_LAM_HEP_BTN_MOD/DEBOUNCE_BTN/DELAY_REG_mux0000<0>21 (CD_LAM_HEP_BTN_MOD/DEBOUNCE_BTN/N11)
     FDS_1:S                   0.795          CD_LAM_HEP_BTN_MOD/DEBOUNCE_BTN/DELAY_REG_19
    ----------------------------------------
    Total                      4.501ns (2.513ns logic, 1.988ns route)
                                       (55.8% logic, 44.2% route)

=========================================================================
Timing constraint: Default OFFSET OUT AFTER for Clock 'CKHT'
  Total number of paths / destination ports: 11 / 11
-------------------------------------------------------------------------
Offset:              4.755ns (Levels of Logic = 1)
  Source:            DEM_GIOPHUTGIAY/tt_r_0 (FF)
  Destination:       BELL (PAD)
  Source Clock:      CKHT falling

  Data Path: DEM_GIOPHUTGIAY/tt_r_0 to BELL
                                Gate     Net
    Cell:in->out      fanout   Delay   Delay  Logical Name (Net Name)
    ----------------------------------------  ------------
     FDC_1:C->Q           29   0.514   1.072  DEM_GIOPHUTGIAY/tt_r_0 (DEM_GIOPHUTGIAY/tt_r_0)
     OBUF:I->O                 3.169          BELL_OBUF (BELL)
    ----------------------------------------
    Total                      4.755ns (3.683ns logic, 1.072ns route)
                                       (77.5% logic, 22.5% route)

=========================================================================


Total REAL time to Xst completion: 14.00 secs
Total CPU time to Xst completion: 13.63 secs
 
--> 

Total memory usage is 4537660 kilobytes

Number of errors   :    0 (   0 filtered)
Number of warnings :    0 (   0 filtered)
Number of infos    :    1 (   0 filtered)

