Release 14.7 - xst P.20131013 (nt64)
Copyright (c) 1995-2013 Xilinx, Inc.  All rights reserved.
--> Parameter TMPDIR set to xst/projnav.tmp


Total REAL time to Xst completion: 0.00 secs
Total CPU time to Xst completion: 0.20 secs
 
--> Parameter xsthdpdir set to xst


Total REAL time to Xst completion: 0.00 secs
Total CPU time to Xst completion: 0.20 secs
 
--> Reading design: DEM_NHI_PHAN_8BIT_UD_AUTO_SS_SW.prj

TABLE OF CONTENTS
  1) Synthesis Options Summary
  2) HDL Parsing
  3) HDL Elaboration
  4) HDL Synthesis
       4.1) HDL Synthesis Report
  5) Advanced HDL Synthesis
       5.1) Advanced HDL Synthesis Report
  6) Low Level Synthesis
  7) Partition Report
  8) Design Summary
       8.1) Primitive and Black Box Usage
       8.2) Device utilization summary
       8.3) Partition Resource Summary
       8.4) Timing Report
            8.4.1) Clock Information
            8.4.2) Asynchronous Control Signals Information
            8.4.3) Timing Summary
            8.4.4) Timing Details
            8.4.5) Cross Clock Domains Report


=========================================================================
*                      Synthesis Options Summary                        *
=========================================================================
---- Source Parameters
Input File Name                    : "DEM_NHI_PHAN_8BIT_UD_AUTO_SS_SW.prj"
Ignore Synthesis Constraint File   : NO

---- Target Parameters
Output File Name                   : "DEM_NHI_PHAN_8BIT_UD_AUTO_SS_SW"
Output Format                      : NGC
Target Device                      : xa7a100t-2I-csg324

---- Source Options
Top Module Name                    : DEM_NHI_PHAN_8BIT_UD_AUTO_SS_SW
Automatic FSM Extraction           : YES
FSM Encoding Algorithm             : Auto
Safe Implementation                : No
FSM Style                          : LUT
RAM Extraction                     : Yes
RAM Style                          : Auto
ROM Extraction                     : Yes
Shift Register Extraction          : YES
ROM Style                          : Auto
Resource Sharing                   : YES
Asynchronous To Synchronous        : NO
Shift Register Minimum Size        : 2
Use DSP Block                      : Auto
Automatic Register Balancing       : No

---- Target Options
LUT Combining                      : Auto
Reduce Control Sets                : Auto
Add IO Buffers                     : YES
Global Maximum Fanout              : 100000
Add Generic Clock Buffer(BUFG)     : 32
Register Duplication               : YES
Optimize Instantiated Primitives   : NO
Use Clock Enable                   : Auto
Use Synchronous Set                : Auto
Use Synchronous Reset              : Auto
Pack IO Registers into IOBs        : Auto
Equivalent register Removal        : YES

---- General Options
Optimization Goal                  : Speed
Optimization Effort                : 1
Power Reduction                    : NO
Keep Hierarchy                     : No
Netlist Hierarchy                  : As_Optimized
RTL Output                         : Yes
Global Optimization                : AllClockNets
Read Cores                         : YES
Write Timing Constraints           : NO
Cross Clock Analysis               : NO
Hierarchy Separator                : /
Bus Delimiter                      : <>
Case Specifier                     : Maintain
Slice Utilization Ratio            : 100
BRAM Utilization Ratio             : 100
DSP48 Utilization Ratio            : 100
Auto BRAM Packing                  : NO
Slice Utilization Ratio Delta      : 5

=========================================================================


=========================================================================
*                          HDL Parsing                                  *
=========================================================================
Parsing VHDL file "C:\Users\Admin\Documents\TT-HDL-N7-S2\BAI_425_THEM_DEM_CO_GIOI_HAN\DEM_4BIT_UD_AUTO_SS_SW.vhd" into library work
Parsing entity <DEM_4BIT_UD_AUTO_SS_SW>.
Parsing architecture <Behavioral> of entity <dem_4bit_ud_auto_ss_sw>.
Parsing VHDL file "C:\Users\Admin\Documents\TT-HDL-N7-S2\BAI_425_THEM_DEM_CO_GIOI_HAN\CHIA_10ENA.vhd" into library work
Parsing entity <CHIA_10ENA>.
Parsing architecture <Behavioral> of entity <chia_10ena>.
Parsing VHDL file "C:\Users\Admin\Documents\TT-HDL-N7-S2\BAI_425_THEM_DEM_CO_GIOI_HAN\THEM_DEM_CO_GIOI_HAN.vhd" into library work
Parsing entity <THEM_DEM_CO_GIOI_HAN>.
ERROR:HDLCompiler:580 - "C:\Users\Admin\Documents\TT-HDL-N7-S2\BAI_425_THEM_DEM_CO_GIOI_HAN\THEM_DEM_CO_GIOI_HAN.vhd" Line 11: Mismatch on label ; expected them_dem_co_gioi_han
ERROR:HDLCompiler:854 - "C:\Users\Admin\Documents\TT-HDL-N7-S2\BAI_425_THEM_DEM_CO_GIOI_HAN\THEM_DEM_CO_GIOI_HAN.vhd" Line 5: Unit <them_dem_co_gioi_han> ignored due to previous errors.
Parsing architecture <Behavioral> of entity <dem_nhi_phan_8bit_ud_auto_ss_sw>.
ERROR:HDLCompiler:374 - "C:\Users\Admin\Documents\TT-HDL-N7-S2\BAI_425_THEM_DEM_CO_GIOI_HAN\THEM_DEM_CO_GIOI_HAN.vhd" Line 13: Entity <dem_nhi_phan_8bit_ud_auto_ss_sw> is not yet compiled.
ERROR:HDLCompiler:69 - "C:\Users\Admin\Documents\TT-HDL-N7-S2\BAI_425_THEM_DEM_CO_GIOI_HAN\THEM_DEM_CO_GIOI_HAN.vhd" Line 14: <std_logic> is not declared.
ERROR:HDLCompiler:69 - "C:\Users\Admin\Documents\TT-HDL-N7-S2\BAI_425_THEM_DEM_CO_GIOI_HAN\THEM_DEM_CO_GIOI_HAN.vhd" Line 16: <rst> is not declared.
ERROR:HDLCompiler:69 - "C:\Users\Admin\Documents\TT-HDL-N7-S2\BAI_425_THEM_DEM_CO_GIOI_HAN\THEM_DEM_CO_GIOI_HAN.vhd" Line 20: <ckht> is not declared.
ERROR:HDLCompiler:69 - "C:\Users\Admin\Documents\TT-HDL-N7-S2\BAI_425_THEM_DEM_CO_GIOI_HAN\THEM_DEM_CO_GIOI_HAN.vhd" Line 21: <ena_db> is not declared.
ERROR:HDLCompiler:192 - "C:\Users\Admin\Documents\TT-HDL-N7-S2\BAI_425_THEM_DEM_CO_GIOI_HAN\THEM_DEM_CO_GIOI_HAN.vhd" Line 21: Actual of formal out port ena5hz cannot be an expression
ERROR:HDLCompiler:69 - "C:\Users\Admin\Documents\TT-HDL-N7-S2\BAI_425_THEM_DEM_CO_GIOI_HAN\THEM_DEM_CO_GIOI_HAN.vhd" Line 26: <ckht> is not declared.
ERROR:HDLCompiler:69 - "C:\Users\Admin\Documents\TT-HDL-N7-S2\BAI_425_THEM_DEM_CO_GIOI_HAN\THEM_DEM_CO_GIOI_HAN.vhd" Line 27: <rst> is not declared.
ERROR:HDLCompiler:69 - "C:\Users\Admin\Documents\TT-HDL-N7-S2\BAI_425_THEM_DEM_CO_GIOI_HAN\THEM_DEM_CO_GIOI_HAN.vhd" Line 28: <ena_db> is not declared.
ERROR:HDLCompiler:69 - "C:\Users\Admin\Documents\TT-HDL-N7-S2\BAI_425_THEM_DEM_CO_GIOI_HAN\THEM_DEM_CO_GIOI_HAN.vhd" Line 29: <sw> is not declared.
ERROR:HDLCompiler:69 - "C:\Users\Admin\Documents\TT-HDL-N7-S2\BAI_425_THEM_DEM_CO_GIOI_HAN\THEM_DEM_CO_GIOI_HAN.vhd" Line 30: <led> is not declared.
ERROR:HDLCompiler:192 - "C:\Users\Admin\Documents\TT-HDL-N7-S2\BAI_425_THEM_DEM_CO_GIOI_HAN\THEM_DEM_CO_GIOI_HAN.vhd" Line 30: Actual of formal out port q cannot be an expression
VHDL file C:\Users\Admin\Documents\TT-HDL-N7-S2\BAI_425_THEM_DEM_CO_GIOI_HAN\THEM_DEM_CO_GIOI_HAN.vhd ignored due to errors
--> 

Total memory usage is 4506072 kilobytes

Number of errors   :   14 (   0 filtered)
Number of warnings :    0 (   0 filtered)
Number of infos    :    0 (   0 filtered)

