--------------------------------------------------------------------------------
Release 14.7 Trace  (nt64)
Copyright (c) 1995-2013 Xilinx, Inc.  All rights reserved.

F:\Xilinx_ISE_DS_Win_14.7_1015_1\ISE_file_cai_dat\14.7\ISE_DS\ISE\bin\nt64\unwrapped\trce.exe
-intstyle ise -v 3 -s 5 -n 3 -fastpaths -xml DEM_00_99_4TANSO_2SW_HT_7DOAN.twx
DEM_00_99_4TANSO_2SW_HT_7DOAN.ncd -o DEM_00_99_4TANSO_2SW_HT_7DOAN.twr
DEM_00_99_4TANSO_2SW_HT_7DOAN.pcf -ucf KIT_XC3S500E_PQ208.ucf

Design file:              DEM_00_99_4TANSO_2SW_HT_7DOAN.ncd
Physical constraint file: DEM_00_99_4TANSO_2SW_HT_7DOAN.pcf
Device,package,speed:     xc3s500e,pq208,-5 (PRODUCTION 1.27 2013-10-13)
Report level:             verbose report

Environment Variable      Effect 
--------------------      ------ 
NONE                      No environment variables were set
--------------------------------------------------------------------------------

INFO:Timing:2698 - No timing constraints found, doing default enumeration.
INFO:Timing:3412 - To improve timing, see the Timing Closure User Guide (UG612).
INFO:Timing:2752 - To get complete path coverage, use the unconstrained paths 
   option. All paths that are not constrained will be reported in the 
   unconstrained paths section(s) of the report.
INFO:Timing:3339 - The clock-to-out numbers in this timing report are based on 
   a 50 Ohm transmission line loading model.  For the details of this model, 
   and for more information on accounting for different loading conditions, 
   please see the device datasheet.
INFO:Timing:3390 - This architecture does not support a default System Jitter 
   value, please add SYSTEM_JITTER constraint to the UCF to modify the Clock 
   Uncertainty calculation.
INFO:Timing:3389 - This architecture does not support 'Discrete Jitter' and 
   'Phase Error' calculations, these terms will be zero in the Clock 
   Uncertainty calculation.  Please make appropriate modification to 
   SYSTEM_JITTER to account for the unsupported Discrete Jitter and Phase 
   Error.



Data Sheet report:
-----------------
All values displayed in nanoseconds (ns)

Setup/Hold to clock CKHT
------------+------------+------------+------------------+--------+
            |Max Setup to|Max Hold to |                  | Clock  |
Source      | clk (edge) | clk (edge) |Internal Clock(s) | Phase  |
------------+------------+------------+------------------+--------+
BTN<1>      |    2.272(F)|    0.607(F)|CKHT_BUFGP        |   0.000|
SW<0>       |    4.019(F)|   -1.387(F)|CKHT_BUFGP        |   0.000|
SW<1>       |    4.021(F)|   -1.643(F)|CKHT_BUFGP        |   0.000|
------------+------------+------------+------------------+--------+

Clock CKHT to Pad
------------+------------+------------------+--------+
            | clk (edge) |                  | Clock  |
Destination |   to PAD   |Internal Clock(s) | Phase  |
------------+------------+------------------+--------+
ANODE<0>    |    8.683(F)|CKHT_BUFGP        |   0.000|
ANODE<1>    |    8.570(F)|CKHT_BUFGP        |   0.000|
ANODE<2>    |    8.377(F)|CKHT_BUFGP        |   0.000|
ANODE<3>    |    8.735(F)|CKHT_BUFGP        |   0.000|
ANODE<4>    |    8.310(F)|CKHT_BUFGP        |   0.000|
ANODE<5>    |    8.492(F)|CKHT_BUFGP        |   0.000|
ANODE<6>    |    8.417(F)|CKHT_BUFGP        |   0.000|
ANODE<7>    |    8.633(F)|CKHT_BUFGP        |   0.000|
LED<0>      |    7.303(F)|CKHT_BUFGP        |   0.000|
SSEG<0>     |   11.899(F)|CKHT_BUFGP        |   0.000|
SSEG<1>     |   11.899(F)|CKHT_BUFGP        |   0.000|
SSEG<2>     |   11.502(F)|CKHT_BUFGP        |   0.000|
SSEG<3>     |   11.684(F)|CKHT_BUFGP        |   0.000|
SSEG<4>     |   10.569(F)|CKHT_BUFGP        |   0.000|
SSEG<5>     |   12.118(F)|CKHT_BUFGP        |   0.000|
SSEG<6>     |   10.128(F)|CKHT_BUFGP        |   0.000|
------------+------------+------------------+--------+

Clock to Setup on destination clock CKHT
---------------+---------+---------+---------+---------+
               | Src:Rise| Src:Fall| Src:Rise| Src:Fall|
Source Clock   |Dest:Rise|Dest:Rise|Dest:Fall|Dest:Fall|
---------------+---------+---------+---------+---------+
CKHT           |         |         |         |    7.444|
---------------+---------+---------+---------+---------+

Pad to Pad
---------------+---------------+---------+
Source Pad     |Destination Pad|  Delay  |
---------------+---------------+---------+
SW<0>          |LED<1>         |    6.446|
SW<1>          |LED<2>         |    6.736|
---------------+---------------+---------+


Analysis completed Thu Oct 24 14:11:42 2019 
--------------------------------------------------------------------------------

Trace Settings:
-------------------------
Trace Settings 

Peak Memory Usage: 4509 MB



