Release 14.7 - xst P.20131013 (nt64)
Copyright (c) 1995-2013 Xilinx, Inc.  All rights reserved.
--> Parameter TMPDIR set to xst/projnav.tmp


Total REAL time to Xst completion: 0.00 secs
Total CPU time to Xst completion: 0.10 secs
 
--> Parameter xsthdpdir set to xst


Total REAL time to Xst completion: 0.00 secs
Total CPU time to Xst completion: 0.10 secs
 
--> Reading design: DEM_00_99_4TANSO_2SW_HT_7DOAN.prj

TABLE OF CONTENTS
  1) Synthesis Options Summary
  2) HDL Compilation
  3) Design Hierarchy Analysis
  4) HDL Analysis
  5) HDL Synthesis
     5.1) HDL Synthesis Report
  6) Advanced HDL Synthesis
     6.1) Advanced HDL Synthesis Report
  7) Low Level Synthesis
  8) Partition Report
  9) Final Report
	9.1) Device utilization summary
	9.2) Partition Resource Summary
	9.3) TIMING REPORT


=========================================================================
*                      Synthesis Options Summary                        *
=========================================================================
---- Source Parameters
Input File Name                    : "DEM_00_99_4TANSO_2SW_HT_7DOAN.prj"
Input Format                       : mixed
Ignore Synthesis Constraint File   : NO

---- Target Parameters
Output File Name                   : "DEM_00_99_4TANSO_2SW_HT_7DOAN"
Output Format                      : NGC
Target Device                      : xc3s500e-5-pq208

---- Source Options
Top Module Name                    : DEM_00_99_4TANSO_2SW_HT_7DOAN
Automatic FSM Extraction           : YES
FSM Encoding Algorithm             : Auto
Safe Implementation                : No
FSM Style                          : LUT
RAM Extraction                     : Yes
RAM Style                          : Auto
ROM Extraction                     : Yes
Mux Style                          : Auto
Decoder Extraction                 : YES
Priority Encoder Extraction        : Yes
Shift Register Extraction          : YES
Logical Shifter Extraction         : YES
XOR Collapsing                     : YES
ROM Style                          : Auto
Mux Extraction                     : Yes
Resource Sharing                   : YES
Asynchronous To Synchronous        : NO
Multiplier Style                   : Auto
Automatic Register Balancing       : No

---- Target Options
Add IO Buffers                     : YES
Global Maximum Fanout              : 100000
Add Generic Clock Buffer(BUFG)     : 24
Register Duplication               : YES
Slice Packing                      : YES
Optimize Instantiated Primitives   : NO
Use Clock Enable                   : Yes
Use Synchronous Set                : Yes
Use Synchronous Reset              : Yes
Pack IO Registers into IOBs        : Auto
Equivalent register Removal        : YES

---- General Options
Optimization Goal                  : Speed
Optimization Effort                : 1
Keep Hierarchy                     : No
Netlist Hierarchy                  : As_Optimized
RTL Output                         : Yes
Global Optimization                : AllClockNets
Read Cores                         : YES
Write Timing Constraints           : NO
Cross Clock Analysis               : NO
Hierarchy Separator                : /
Bus Delimiter                      : <>
Case Specifier                     : Maintain
Slice Utilization Ratio            : 100
BRAM Utilization Ratio             : 100
Verilog 2001                       : YES
Auto BRAM Packing                  : NO
Slice Utilization Ratio Delta      : 5

=========================================================================


=========================================================================
*                          HDL Compilation                              *
=========================================================================
Compiling vhdl file "O:/TT VHDL/CHUONG_3/TUAN_8/BAI_525_DEM_00_99_4TANSO_2SW_HT_7DOAN/DEBOUCE_BTN.vhd" in Library work.
Architecture behavioral of Entity debouce_btn is up to date.
Compiling vhdl file "O:/TT VHDL/CHUONG_3/TUAN_8/BAI_525_DEM_00_99_4TANSO_2SW_HT_7DOAN/LAM_HEP_XUNG.vhd" in Library work.
Architecture behavioral of Entity lam_hep_xung is up to date.
Compiling vhdl file "O:/TT VHDL/CHUONG_3/TUAN_8/BAI_525_DEM_00_99_4TANSO_2SW_HT_7DOAN/DEM_3BIT_CHON_8KENH.vhd" in Library work.
Architecture behavioral of Entity dem_3bit_chon_8kenh is up to date.
Compiling vhdl file "O:/TT VHDL/CHUONG_3/TUAN_8/BAI_525_DEM_00_99_4TANSO_2SW_HT_7DOAN/QUET_ANODE_8LED_7DOAN.vhd" in Library work.
Architecture behavioral of Entity quet_anode_8led_7doan is up to date.
Compiling vhdl file "O:/TT VHDL/CHUONG_3/TUAN_8/BAI_525_DEM_00_99_4TANSO_2SW_HT_7DOAN/DAHOP_8KENH.vhd" in Library work.
Architecture behavioral of Entity dahop_8kenh is up to date.
Compiling vhdl file "O:/TT VHDL/CHUONG_3/TUAN_8/BAI_525_DEM_00_99_4TANSO_2SW_HT_7DOAN/GIAIMA_7DOAN_ENA.vhd" in Library work.
Architecture behavioral of Entity giaima_7doan_ena is up to date.
Compiling vhdl file "O:/TT VHDL/CHUONG_3/TUAN_8/BAI_525_DEM_00_99_4TANSO_2SW_HT_7DOAN/CD_LAM_HEP_BTN.vhd" in Library work.
Architecture behavioral of Entity cd_lam_hep_btn is up to date.
Compiling vhdl file "O:/TT VHDL/CHUONG_3/TUAN_8/BAI_525_DEM_00_99_4TANSO_2SW_HT_7DOAN/DEM_1BIT.vhd" in Library work.
Architecture behavioral of Entity dem_1bit is up to date.
Compiling vhdl file "O:/TT VHDL/CHUONG_3/TUAN_8/BAI_525_DEM_00_99_4TANSO_2SW_HT_7DOAN/CHIA_10ENA.vhd" in Library work.
Architecture behavioral of Entity chia_10ena is up to date.
Compiling vhdl file "O:/TT VHDL/CHUONG_3/TUAN_8/BAI_525_DEM_00_99_4TANSO_2SW_HT_7DOAN/CHON_TAN_SO.vhd" in Library work.
Architecture behavioral of Entity chon_tan_so is up to date.
Compiling vhdl file "O:/TT VHDL/CHUONG_3/TUAN_8/BAI_525_DEM_00_99_4TANSO_2SW_HT_7DOAN/DEM_1BIT_BTN.vhd" in Library work.
Architecture behavioral of Entity dem_1bit_btn is up to date.
Compiling vhdl file "O:/TT VHDL/CHUONG_3/TUAN_8/BAI_525_DEM_00_99_4TANSO_2SW_HT_7DOAN/DEM_2SO.vhd" in Library work.
Architecture behavioral of Entity dem_2so is up to date.
Compiling vhdl file "O:/TT VHDL/CHUONG_3/TUAN_8/BAI_525_DEM_00_99_4TANSO_2SW_HT_7DOAN/GIAIMA_HIENTHI_8LED_7DOAN.vhd" in Library work.
Architecture behavioral of Entity giaima_hienthi_8led_7doan is up to date.
Compiling vhdl file "O:/TT VHDL/CHUONG_3/TUAN_8/BAI_525_DEM_00_99_4TANSO_2SW_HT_7DOAN/DEM_00_99_4TANSO_2SW_HT_7DOAN.vhd" in Library work.
Architecture behavioral of Entity dem_00_99_4tanso_2sw_ht_7doan is up to date.

=========================================================================
*                     Design Hierarchy Analysis                         *
=========================================================================
Analyzing hierarchy for entity <DEM_00_99_4TANSO_2SW_HT_7DOAN> in library <work> (architecture <behavioral>).

Analyzing hierarchy for entity <CHIA_10ENA> in library <work> (architecture <Behavioral>).

Analyzing hierarchy for entity <CHON_TAN_SO> in library <work> (architecture <Behavioral>).

Analyzing hierarchy for entity <DEM_1BIT_BTN> in library <work> (architecture <Behavioral>).

Analyzing hierarchy for entity <DEM_2SO> in library <work> (architecture <Behavioral>).

Analyzing hierarchy for entity <GIAIMA_HIENTHI_8LED_7DOAN> in library <work> (architecture <Behavioral>).

Analyzing hierarchy for entity <CD_LAM_HEP_BTN> in library <work> (architecture <Behavioral>).

Analyzing hierarchy for entity <DEM_1BIT> in library <work> (architecture <Behavioral>).

Analyzing hierarchy for entity <DEM_3BIT_CHON_8KENH> in library <work> (architecture <Behavioral>).

Analyzing hierarchy for entity <QUET_ANODE_8LED_7DOAN> in library <work> (architecture <Behavioral>).

Analyzing hierarchy for entity <DAHOP_8KENH> in library <work> (architecture <Behavioral>).

Analyzing hierarchy for entity <GIAIMA_7DOAN_ENA> in library <work> (architecture <Behavioral>).

Analyzing hierarchy for entity <DEBOUCE_BTN> in library <work> (architecture <Behavioral>).

Analyzing hierarchy for entity <LAM_HEP_XUNG> in library <work> (architecture <Behavioral>).


=========================================================================
*                            HDL Analysis                               *
=========================================================================
Analyzing Entity <DEM_00_99_4TANSO_2SW_HT_7DOAN> in library <work> (Architecture <behavioral>).
Entity <DEM_00_99_4TANSO_2SW_HT_7DOAN> analyzed. Unit <DEM_00_99_4TANSO_2SW_HT_7DOAN> generated.

Analyzing Entity <CHIA_10ENA> in library <work> (Architecture <Behavioral>).
Entity <CHIA_10ENA> analyzed. Unit <CHIA_10ENA> generated.

Analyzing Entity <CHON_TAN_SO> in library <work> (Architecture <Behavioral>).
Entity <CHON_TAN_SO> analyzed. Unit <CHON_TAN_SO> generated.

Analyzing Entity <DEM_1BIT_BTN> in library <work> (Architecture <Behavioral>).
Entity <DEM_1BIT_BTN> analyzed. Unit <DEM_1BIT_BTN> generated.

Analyzing Entity <CD_LAM_HEP_BTN> in library <work> (Architecture <Behavioral>).
Entity <CD_LAM_HEP_BTN> analyzed. Unit <CD_LAM_HEP_BTN> generated.

Analyzing Entity <DEBOUCE_BTN> in library <work> (Architecture <Behavioral>).
Entity <DEBOUCE_BTN> analyzed. Unit <DEBOUCE_BTN> generated.

Analyzing Entity <LAM_HEP_XUNG> in library <work> (Architecture <Behavioral>).
Entity <LAM_HEP_XUNG> analyzed. Unit <LAM_HEP_XUNG> generated.

Analyzing Entity <DEM_1BIT> in library <work> (Architecture <Behavioral>).
Entity <DEM_1BIT> analyzed. Unit <DEM_1BIT> generated.

Analyzing Entity <DEM_2SO> in library <work> (Architecture <Behavioral>).
Entity <DEM_2SO> analyzed. Unit <DEM_2SO> generated.

Analyzing Entity <GIAIMA_HIENTHI_8LED_7DOAN> in library <work> (Architecture <Behavioral>).
Entity <GIAIMA_HIENTHI_8LED_7DOAN> analyzed. Unit <GIAIMA_HIENTHI_8LED_7DOAN> generated.

Analyzing Entity <DEM_3BIT_CHON_8KENH> in library <work> (Architecture <Behavioral>).
Entity <DEM_3BIT_CHON_8KENH> analyzed. Unit <DEM_3BIT_CHON_8KENH> generated.

Analyzing Entity <QUET_ANODE_8LED_7DOAN> in library <work> (Architecture <Behavioral>).
Entity <QUET_ANODE_8LED_7DOAN> analyzed. Unit <QUET_ANODE_8LED_7DOAN> generated.

Analyzing Entity <DAHOP_8KENH> in library <work> (Architecture <Behavioral>).
Entity <DAHOP_8KENH> analyzed. Unit <DAHOP_8KENH> generated.

Analyzing Entity <GIAIMA_7DOAN_ENA> in library <work> (Architecture <Behavioral>).
Entity <GIAIMA_7DOAN_ENA> analyzed. Unit <GIAIMA_7DOAN_ENA> generated.


=========================================================================
*                           HDL Synthesis                               *
=========================================================================

Performing bidirectional port resolution...

Synthesizing Unit <CHIA_10ENA>.
    Related source file is "O:/TT VHDL/CHUONG_3/TUAN_8/BAI_525_DEM_00_99_4TANSO_2SW_HT_7DOAN/CHIA_10ENA.vhd".
    Found 19-bit adder for signal <D100HZ_NEXT$addsub0000> created at line 80.
    Found 19-bit register for signal <D100HZ_REG>.
    Found 23-bit adder for signal <D10HZ_NEXT$addsub0000> created at line 88.
    Found 23-bit register for signal <D10HZ_REG>.
    Found 26-bit adder for signal <D1HZ_NEXT$addsub0000> created at line 94.
    Found 26-bit register for signal <D1HZ_REG>.
    Found 16-bit adder for signal <D1KHZ_NEXT$addsub0000> created at line 78.
    Found 16-bit register for signal <D1KHZ_REG>.
    Found 6-bit adder for signal <D1MHZ_NEXT$addsub0000> created at line 76.
    Found 6-bit register for signal <D1MHZ_REG>.
    Found 22-bit adder for signal <D20HZ_NEXT$addsub0000> created at line 86.
    Found 22-bit register for signal <D20HZ_REG>.
    Found 21-bit adder for signal <D25HZ_NEXT$addsub0000> created at line 84.
    Found 21-bit register for signal <D25HZ_REG>.
    Found 25-bit adder for signal <D2HZ_NEXT$addsub0000> created at line 92.
    Found 25-bit register for signal <D2HZ_REG>.
    Found 20-bit adder for signal <D50HZ_NEXT$addsub0000> created at line 82.
    Found 20-bit register for signal <D50HZ_REG>.
    Found 24-bit adder for signal <D5HZ_NEXT$addsub0000> created at line 90.
    Found 24-bit register for signal <D5HZ_REG>.
    Summary:
	inferred 202 D-type flip-flop(s).
	inferred  10 Adder/Subtractor(s).
Unit <CHIA_10ENA> synthesized.


Synthesizing Unit <CHON_TAN_SO>.
    Related source file is "O:/TT VHDL/CHUONG_3/TUAN_8/BAI_525_DEM_00_99_4TANSO_2SW_HT_7DOAN/CHON_TAN_SO.vhd".
    Found 1-bit 4-to-1 multiplexer for signal <ENA_O>.
    Summary:
	inferred   1 Multiplexer(s).
Unit <CHON_TAN_SO> synthesized.


Synthesizing Unit <DEM_2SO>.
    Related source file is "O:/TT VHDL/CHUONG_3/TUAN_8/BAI_525_DEM_00_99_4TANSO_2SW_HT_7DOAN/DEM_2SO.vhd".
    Found 4-bit up counter for signal <CHUC_REG>.
    Found 4-bit up counter for signal <DONVI_REG>.
    Summary:
	inferred   2 Counter(s).
Unit <DEM_2SO> synthesized.


Synthesizing Unit <DEM_1BIT>.
    Related source file is "O:/TT VHDL/CHUONG_3/TUAN_8/BAI_525_DEM_00_99_4TANSO_2SW_HT_7DOAN/DEM_1BIT.vhd".
    Found 1-bit register for signal <Q_REG>.
    Summary:
	inferred   1 D-type flip-flop(s).
Unit <DEM_1BIT> synthesized.


Synthesizing Unit <DEBOUCE_BTN>.
    Related source file is "O:/TT VHDL/CHUONG_3/TUAN_8/BAI_525_DEM_00_99_4TANSO_2SW_HT_7DOAN/DEBOUCE_BTN.vhd".
    Found finite state machine <FSM_0> for signal <DB_REG>.
    -----------------------------------------------------------------------
    | States             | 4                                              |
    | Transitions        | 10                                             |
    | Inputs             | 2                                              |
    | Outputs            | 5                                              |
    | Clock              | CKHT                      (falling_edge)       |
    | Power Up State     | zero                                           |
    | Encoding           | automatic                                      |
    | Implementation     | LUT                                            |
    -----------------------------------------------------------------------
    Found 20-bit register for signal <DELAY_REG>.
    Found 20-bit subtractor for signal <DELAY_REG$addsub0000>.
    Summary:
	inferred   1 Finite State Machine(s).
	inferred  20 D-type flip-flop(s).
	inferred   1 Adder/Subtractor(s).
Unit <DEBOUCE_BTN> synthesized.


Synthesizing Unit <LAM_HEP_XUNG>.
    Related source file is "O:/TT VHDL/CHUONG_3/TUAN_8/BAI_525_DEM_00_99_4TANSO_2SW_HT_7DOAN/LAM_HEP_XUNG.vhd".
    Found 1-bit register for signal <QFF>.
    Summary:
	inferred   1 D-type flip-flop(s).
Unit <LAM_HEP_XUNG> synthesized.


Synthesizing Unit <DEM_3BIT_CHON_8KENH>.
    Related source file is "O:/TT VHDL/CHUONG_3/TUAN_8/BAI_525_DEM_00_99_4TANSO_2SW_HT_7DOAN/DEM_3BIT_CHON_8KENH.vhd".
    Found 3-bit up counter for signal <Q_REG>.
    Summary:
	inferred   1 Counter(s).
Unit <DEM_3BIT_CHON_8KENH> synthesized.


Synthesizing Unit <QUET_ANODE_8LED_7DOAN>.
    Related source file is "O:/TT VHDL/CHUONG_3/TUAN_8/BAI_525_DEM_00_99_4TANSO_2SW_HT_7DOAN/QUET_ANODE_8LED_7DOAN.vhd".
    Found 1-of-8 decoder for signal <ANODE>.
    Summary:
	inferred   1 Decoder(s).
Unit <QUET_ANODE_8LED_7DOAN> synthesized.


Synthesizing Unit <DAHOP_8KENH>.
    Related source file is "O:/TT VHDL/CHUONG_3/TUAN_8/BAI_525_DEM_00_99_4TANSO_2SW_HT_7DOAN/DAHOP_8KENH.vhd".
    Found 8x1-bit ROM for signal <ENA_GIAIMA_1LED>.
    Found 4-bit 8-to-1 multiplexer for signal <SO_GIAIMA>.
    Summary:
	inferred   1 ROM(s).
	inferred   4 Multiplexer(s).
Unit <DAHOP_8KENH> synthesized.


Synthesizing Unit <GIAIMA_7DOAN_ENA>.
    Related source file is "O:/TT VHDL/CHUONG_3/TUAN_8/BAI_525_DEM_00_99_4TANSO_2SW_HT_7DOAN/GIAIMA_7DOAN_ENA.vhd".
Unit <GIAIMA_7DOAN_ENA> synthesized.


Synthesizing Unit <GIAIMA_HIENTHI_8LED_7DOAN>.
    Related source file is "O:/TT VHDL/CHUONG_3/TUAN_8/BAI_525_DEM_00_99_4TANSO_2SW_HT_7DOAN/GIAIMA_HIENTHI_8LED_7DOAN.vhd".
Unit <GIAIMA_HIENTHI_8LED_7DOAN> synthesized.


Synthesizing Unit <CD_LAM_HEP_BTN>.
    Related source file is "O:/TT VHDL/CHUONG_3/TUAN_8/BAI_525_DEM_00_99_4TANSO_2SW_HT_7DOAN/CD_LAM_HEP_BTN.vhd".
Unit <CD_LAM_HEP_BTN> synthesized.


Synthesizing Unit <DEM_1BIT_BTN>.
    Related source file is "O:/TT VHDL/CHUONG_3/TUAN_8/BAI_525_DEM_00_99_4TANSO_2SW_HT_7DOAN/DEM_1BIT_BTN.vhd".
Unit <DEM_1BIT_BTN> synthesized.


Synthesizing Unit <DEM_00_99_4TANSO_2SW_HT_7DOAN>.
    Related source file is "O:/TT VHDL/CHUONG_3/TUAN_8/BAI_525_DEM_00_99_4TANSO_2SW_HT_7DOAN/DEM_00_99_4TANSO_2SW_HT_7DOAN.vhd".
Unit <DEM_00_99_4TANSO_2SW_HT_7DOAN> synthesized.

INFO:Xst:1767 - HDL ADVISOR - Resource sharing has identified that some arithmetic operations in this design can share the same physical resources for reduced device utilization. For improved clock frequency you may try to disable resource sharing.

=========================================================================
HDL Synthesis Report

Macro Statistics
# ROMs                                                 : 1
 8x1-bit ROM                                           : 1
# Adders/Subtractors                                   : 11
 16-bit adder                                          : 1
 19-bit adder                                          : 1
 20-bit adder                                          : 1
 20-bit subtractor                                     : 1
 21-bit adder                                          : 1
 22-bit adder                                          : 1
 23-bit adder                                          : 1
 24-bit adder                                          : 1
 25-bit adder                                          : 1
 26-bit adder                                          : 1
 6-bit adder                                           : 1
# Counters                                             : 3
 3-bit up counter                                      : 1
 4-bit up counter                                      : 2
# Registers                                            : 13
 1-bit register                                        : 2
 16-bit register                                       : 1
 19-bit register                                       : 1
 20-bit register                                       : 2
 21-bit register                                       : 1
 22-bit register                                       : 1
 23-bit register                                       : 1
 24-bit register                                       : 1
 25-bit register                                       : 1
 26-bit register                                       : 1
 6-bit register                                        : 1
# Multiplexers                                         : 2
 1-bit 4-to-1 multiplexer                              : 1
 4-bit 8-to-1 multiplexer                              : 1
# Decoders                                             : 1
 1-of-8 decoder                                        : 1

=========================================================================

=========================================================================
*                       Advanced HDL Synthesis                          *
=========================================================================

Analyzing FSM <FSM_0> for best encoding.
Optimizing FSM <DEM_1BIT_BTN/CD_LAM_HEP_BTN/DEBOUCE_BTN/DB_REG/FSM> on signal <DB_REG[1:2]> with sequential encoding.
-------------------
 State | Encoding
-------------------
 zero  | 00
 wait0 | 11
 one   | 10
 wait1 | 01
-------------------

=========================================================================
Advanced HDL Synthesis Report

Macro Statistics
# FSMs                                                 : 1
# ROMs                                                 : 1
 8x1-bit ROM                                           : 1
# Adders/Subtractors                                   : 6
 16-bit adder                                          : 1
 20-bit subtractor                                     : 1
 22-bit adder                                          : 1
 23-bit adder                                          : 1
 24-bit adder                                          : 1
 26-bit adder                                          : 1
# Counters                                             : 3
 3-bit up counter                                      : 1
 4-bit up counter                                      : 2
# Registers                                            : 133
 Flip-Flops                                            : 133
# Multiplexers                                         : 2
 1-bit 4-to-1 multiplexer                              : 1
 4-bit 8-to-1 multiplexer                              : 1
# Decoders                                             : 1
 1-of-8 decoder                                        : 1

=========================================================================

=========================================================================
*                         Low Level Synthesis                           *
=========================================================================

Optimizing unit <DEM_00_99_4TANSO_2SW_HT_7DOAN> ...

Optimizing unit <CHIA_10ENA> ...

Optimizing unit <DEM_2SO> ...

Optimizing unit <DEBOUCE_BTN> ...

Mapping all equations...
Building and optimizing final netlist ...
Found area constraint ratio of 100 (+ 5) on block DEM_00_99_4TANSO_2SW_HT_7DOAN, actual ratio is 2.

Final Macro Processing ...

=========================================================================
Final Register Report

Macro Statistics
# Registers                                            : 146
 Flip-Flops                                            : 146

=========================================================================

=========================================================================
*                           Partition Report                            *
=========================================================================

Partition Implementation Status
-------------------------------

  No Partitions were found in this design.

-------------------------------

=========================================================================
*                            Final Report                               *
=========================================================================
Final Results
RTL Top Level Output File Name     : DEM_00_99_4TANSO_2SW_HT_7DOAN.ngr
Top Level Output File Name         : DEM_00_99_4TANSO_2SW_HT_7DOAN
Output Format                      : NGC
Optimization Goal                  : Speed
Keep Hierarchy                     : No

Design Statistics
# IOs                              : 25

Cell Usage :
# BELS                             : 509
#      GND                         : 1
#      INV                         : 29
#      LUT1                        : 107
#      LUT2                        : 6
#      LUT3                        : 25
#      LUT4                        : 65
#      LUT4_D                      : 3
#      LUT4_L                      : 8
#      MUXCY                       : 130
#      MUXF5                       : 3
#      VCC                         : 1
#      XORCY                       : 131
# FlipFlops/Latches                : 146
#      FD_1                        : 2
#      FDCE                        : 8
#      FDCE_1                      : 1
#      FDE                         : 3
#      FDR_1                       : 106
#      FDS_1                       : 5
#      FDSE_1                      : 21
# Clock Buffers                    : 1
#      BUFGP                       : 1
# IO Buffers                       : 24
#      IBUF                        : 4
#      OBUF                        : 20
=========================================================================

Device utilization summary:
---------------------------

Selected Device : 3s500epq208-5 

 Number of Slices:                      126  out of   4656     2%  
 Number of Slice Flip Flops:            146  out of   9312     1%  
 Number of 4 input LUTs:                243  out of   9312     2%  
 Number of IOs:                          25
 Number of bonded IOBs:                  25  out of    158    15%  
 Number of GCLKs:                         1  out of     24     4%  

---------------------------
Partition Resource Summary:
---------------------------

  No Partitions were found in this design.

---------------------------


=========================================================================
TIMING REPORT

NOTE: THESE TIMING NUMBERS ARE ONLY A SYNTHESIS ESTIMATE.
      FOR ACCURATE TIMING INFORMATION PLEASE REFER TO THE TRACE REPORT
      GENERATED AFTER PLACE-and-ROUTE.

Clock Information:
------------------
-----------------------------------+------------------------+-------+
Clock Signal                       | Clock buffer(FF name)  | Load  |
-----------------------------------+------------------------+-------+
CKHT                               | BUFGP                  | 146   |
-----------------------------------+------------------------+-------+

Asynchronous Control Signals Information:
----------------------------------------
-----------------------------------+------------------------+-------+
Control Signal                     | Buffer(FF name)        | Load  |
-----------------------------------+------------------------+-------+
BTN<0>                             | IBUF                   | 9     |
-----------------------------------+------------------------+-------+

Timing Summary:
---------------
Speed Grade: -5

   Minimum period: 7.011ns (Maximum Frequency: 142.637MHz)
   Minimum input arrival time before clock: 4.642ns
   Maximum output required time after clock: 9.119ns
   Maximum combinational path delay: 4.726ns

Timing Detail:
--------------
All values displayed in nanoseconds (ns)

=========================================================================
Timing constraint: Default period analysis for Clock 'CKHT'
  Clock period: 7.011ns (frequency: 142.637MHz)
  Total number of paths / destination ports: 5017 / 310
-------------------------------------------------------------------------
Delay:               7.011ns (Levels of Logic = 6)
  Source:            CHIA_10ENA/D5HZ_REG_9 (FF)
  Destination:       DEM_2S0/DONVI_REG_3 (FF)
  Source Clock:      CKHT falling
  Destination Clock: CKHT falling

  Data Path: CHIA_10ENA/D5HZ_REG_9 to DEM_2S0/DONVI_REG_3
                                Gate     Net
    Cell:in->out      fanout   Delay   Delay  Logical Name (Net Name)
    ----------------------------------------  ------------
     FDR_1:C->Q            2   0.514   0.532  CHIA_10ENA/D5HZ_REG_9 (CHIA_10ENA/D5HZ_REG_9)
     LUT4:I0->O            1   0.612   0.426  CHIA_10ENA/D5HZ_NEXT_cmp_eq0000123 (CHIA_10ENA/D5HZ_NEXT_cmp_eq0000123)
     LUT3:I1->O            2   0.612   0.383  CHIA_10ENA/D5HZ_NEXT_cmp_eq0000149 (CHIA_10ENA/N11)
     LUT4:I3->O            1   0.612   0.387  CHIA_10ENA/ENA5HZ_cmp_eq000063 (ENA5)
     LUT3:I2->O            1   0.612   0.000  CHON_TAN_SO/Mmux_ENA_O_2_f5_F (N47)
     MUXF5:I0->O           2   0.278   0.449  CHON_TAN_SO/Mmux_ENA_O_2_f5 (ENA_DB)
     LUT2:I1->O            4   0.612   0.499  DEM_2S0/DONVI_REG_not00021 (DEM_2S0/DONVI_REG_not0002)
     FDCE:CE                   0.483          DEM_2S0/DONVI_REG_0
    ----------------------------------------
    Total                      7.011ns (4.335ns logic, 2.676ns route)
                                       (61.8% logic, 38.2% route)

=========================================================================
Timing constraint: Default OFFSET IN BEFORE for Clock 'CKHT'
  Total number of paths / destination ports: 46 / 30
-------------------------------------------------------------------------
Offset:              4.642ns (Levels of Logic = 4)
  Source:            SW<0> (PAD)
  Destination:       DEM_2S0/DONVI_REG_3 (FF)
  Destination Clock: CKHT falling

  Data Path: SW<0> to DEM_2S0/DONVI_REG_3
                                Gate     Net
    Cell:in->out      fanout   Delay   Delay  Logical Name (Net Name)
    ----------------------------------------  ------------
     IBUF:I->O             3   1.106   0.603  SW_0_IBUF (LED_1_OBUF)
     LUT3:I0->O            1   0.612   0.000  CHON_TAN_SO/Mmux_ENA_O_2_f5_F (N47)
     MUXF5:I0->O           2   0.278   0.449  CHON_TAN_SO/Mmux_ENA_O_2_f5 (ENA_DB)
     LUT2:I1->O            4   0.612   0.499  DEM_2S0/DONVI_REG_not00021 (DEM_2S0/DONVI_REG_not0002)
     FDCE:CE                   0.483          DEM_2S0/DONVI_REG_0
    ----------------------------------------
    Total                      4.642ns (3.091ns logic, 1.551ns route)
                                       (66.6% logic, 33.4% route)

=========================================================================
Timing constraint: Default OFFSET OUT AFTER for Clock 'CKHT'
  Total number of paths / destination ports: 149 / 16
-------------------------------------------------------------------------
Offset:              9.119ns (Levels of Logic = 5)
  Source:            HIENTHI_2LED/DEM_3BIT_CHON_8KENH/Q_REG_0 (FF)
  Destination:       SSEG<0> (PAD)
  Source Clock:      CKHT falling

  Data Path: HIENTHI_2LED/DEM_3BIT_CHON_8KENH/Q_REG_0 to SSEG<0>
                                Gate     Net
    Cell:in->out      fanout   Delay   Delay  Logical Name (Net Name)
    ----------------------------------------  ------------
     FDE:C->Q             17   0.514   1.045  HIENTHI_2LED/DEM_3BIT_CHON_8KENH/Q_REG_0 (HIENTHI_2LED/DEM_3BIT_CHON_8KENH/Q_REG_0)
     LUT3:I0->O            5   0.612   0.690  HIENTHI_2LED/DAHOP_8KENH/Mmux_SO_GIAIMA9_SW0 (N43)
     LUT3:I0->O            1   0.612   0.509  HIENTHI_2LED/DAHOP_8KENH/Mmux_SO_GIAIMA9 (HIENTHI_2LED/SO_GIAIMA<3>)
     LUT4:I0->O            1   0.612   0.387  HIENTHI_2LED/GIAIMA/SSEG<0>_SW0 (N45)
     LUT3:I2->O            1   0.612   0.357  HIENTHI_2LED/GIAIMA/SSEG<0> (SSEG_0_OBUF)
     OBUF:I->O                 3.169          SSEG_0_OBUF (SSEG<0>)
    ----------------------------------------
    Total                      9.119ns (6.131ns logic, 2.988ns route)
                                       (67.2% logic, 32.8% route)

=========================================================================
Timing constraint: Default path analysis
  Total number of paths / destination ports: 2 / 2
-------------------------------------------------------------------------
Delay:               4.726ns (Levels of Logic = 2)
  Source:            SW<0> (PAD)
  Destination:       LED<1> (PAD)

  Data Path: SW<0> to LED<1>
                                Gate     Net
    Cell:in->out      fanout   Delay   Delay  Logical Name (Net Name)
    ----------------------------------------  ------------
     IBUF:I->O             3   1.106   0.451  SW_0_IBUF (LED_1_OBUF)
     OBUF:I->O                 3.169          LED_1_OBUF (LED<1>)
    ----------------------------------------
    Total                      4.726ns (4.275ns logic, 0.451ns route)
                                       (90.5% logic, 9.5% route)

=========================================================================


Total REAL time to Xst completion: 7.00 secs
Total CPU time to Xst completion: 6.84 secs
 
--> 

Total memory usage is 4536496 kilobytes

Number of errors   :    0 (   0 filtered)
Number of warnings :    0 (   0 filtered)
Number of infos    :    1 (   0 filtered)

