--------------------------------------------------------------------------------
Release 14.7 Trace  (nt64)
Copyright (c) 1995-2013 Xilinx, Inc.  All rights reserved.

F:\Xilinx_ISE_DS_Win_14.7_1015_1\ISE_file_cai_dat\14.7\ISE_DS\ISE\bin\nt64\unwrapped\trce.exe
-intstyle ise -v 3 -s 5 -n 3 -fastpaths -xml
DO_ND_DS18B20_HT_7DOAN_BUZZER_GIAY.twx DO_ND_DS18B20_HT_7DOAN_BUZZER_GIAY.ncd
-o DO_ND_DS18B20_HT_7DOAN_BUZZER_GIAY.twr
DO_ND_DS18B20_HT_7DOAN_BUZZER_GIAY.pcf -ucf KIT_XC3S500E_PQ208.ucf

Design file:              DO_ND_DS18B20_HT_7DOAN_BUZZER_GIAY.ncd
Physical constraint file: DO_ND_DS18B20_HT_7DOAN_BUZZER_GIAY.pcf
Device,package,speed:     xc3s500e,pq208,-5 (PRODUCTION 1.27 2013-10-13)
Report level:             verbose report

Environment Variable      Effect 
--------------------      ------ 
NONE                      No environment variables were set
--------------------------------------------------------------------------------

INFO:Timing:2698 - No timing constraints found, doing default enumeration.
INFO:Timing:3412 - To improve timing, see the Timing Closure User Guide (UG612).
INFO:Timing:2752 - To get complete path coverage, use the unconstrained paths 
   option. All paths that are not constrained will be reported in the 
   unconstrained paths section(s) of the report.
INFO:Timing:3339 - The clock-to-out numbers in this timing report are based on 
   a 50 Ohm transmission line loading model.  For the details of this model, 
   and for more information on accounting for different loading conditions, 
   please see the device datasheet.
INFO:Timing:3390 - This architecture does not support a default System Jitter 
   value, please add SYSTEM_JITTER constraint to the UCF to modify the Clock 
   Uncertainty calculation.
INFO:Timing:3389 - This architecture does not support 'Discrete Jitter' and 
   'Phase Error' calculations, these terms will be zero in the Clock 
   Uncertainty calculation.  Please make appropriate modification to 
   SYSTEM_JITTER to account for the unsupported Discrete Jitter and Phase 
   Error.



Data Sheet report:
-----------------
All values displayed in nanoseconds (ns)

Setup/Hold to clock CKHT
------------+------------+------------+------------------+--------+
            |Max Setup to|Max Hold to |                  | Clock  |
Source      | clk (edge) | clk (edge) |Internal Clock(s) | Phase  |
------------+------------+------------+------------------+--------+
BTN0        |    4.769(R)|   -0.766(R)|CKHT_BUFGP        |   0.000|
DS18B20     |    1.803(R)|    0.121(R)|CKHT_BUFGP        |   0.000|
------------+------------+------------+------------------+--------+

Clock CKHT to Pad
------------+------------+------------------+--------+
            | clk (edge) |                  | Clock  |
Destination |   to PAD   |Internal Clock(s) | Phase  |
------------+------------+------------------+--------+
ANODE<0>    |    8.405(F)|CKHT_BUFGP        |   0.000|
ANODE<1>    |   10.317(F)|CKHT_BUFGP        |   0.000|
ANODE<2>    |    8.056(F)|CKHT_BUFGP        |   0.000|
ANODE<3>    |    8.028(F)|CKHT_BUFGP        |   0.000|
ANODE<4>    |    9.854(F)|CKHT_BUFGP        |   0.000|
ANODE<5>    |    9.820(F)|CKHT_BUFGP        |   0.000|
ANODE<6>    |   10.103(F)|CKHT_BUFGP        |   0.000|
ANODE<7>    |    9.820(F)|CKHT_BUFGP        |   0.000|
BELL        |   10.248(R)|CKHT_BUFGP        |   0.000|
DS18B20     |    8.631(R)|CKHT_BUFGP        |   0.000|
LED<0>      |    6.777(R)|CKHT_BUFGP        |   0.000|
LED<1>      |    7.169(R)|CKHT_BUFGP        |   0.000|
LED<2>      |    6.775(R)|CKHT_BUFGP        |   0.000|
LED<3>      |    6.771(R)|CKHT_BUFGP        |   0.000|
SSEG<0>     |   19.432(R)|CKHT_BUFGP        |   0.000|
            |   14.547(F)|CKHT_BUFGP        |   0.000|
SSEG<1>     |   19.933(R)|CKHT_BUFGP        |   0.000|
            |   15.048(F)|CKHT_BUFGP        |   0.000|
SSEG<2>     |   19.920(R)|CKHT_BUFGP        |   0.000|
            |   15.035(F)|CKHT_BUFGP        |   0.000|
SSEG<3>     |   19.925(R)|CKHT_BUFGP        |   0.000|
            |   15.040(F)|CKHT_BUFGP        |   0.000|
SSEG<4>     |   19.860(R)|CKHT_BUFGP        |   0.000|
            |   14.975(F)|CKHT_BUFGP        |   0.000|
SSEG<5>     |   19.709(R)|CKHT_BUFGP        |   0.000|
            |   14.824(F)|CKHT_BUFGP        |   0.000|
SSEG<6>     |   19.860(R)|CKHT_BUFGP        |   0.000|
            |   14.975(F)|CKHT_BUFGP        |   0.000|
------------+------------+------------------+--------+

Clock to Setup on destination clock CKHT
---------------+---------+---------+---------+---------+
               | Src:Rise| Src:Fall| Src:Rise| Src:Fall|
Source Clock   |Dest:Rise|Dest:Rise|Dest:Fall|Dest:Fall|
---------------+---------+---------+---------+---------+
CKHT           |    7.195|         |         |    5.873|
---------------+---------+---------+---------+---------+


Analysis completed Thu Nov 14 15:26:41 2019 
--------------------------------------------------------------------------------

Trace Settings:
-------------------------
Trace Settings 

Peak Memory Usage: 4509 MB



