Analysis & Synthesis report for LCD_CLOCK_3KEY_NHAPNHAY
Sat May 05 10:26:34 2018
Quartus II 32-bit Version 12.1 Build 177 11/07/2012 SJ Web Edition


---------------------
; Table of Contents ;
---------------------
  1. Legal Notice
  2. Analysis & Synthesis Summary
  3. Analysis & Synthesis Settings
  4. Parallel Compilation
  5. Analysis & Synthesis Source Files Read
  6. Analysis & Synthesis Resource Usage Summary
  7. Analysis & Synthesis Resource Utilization by Entity
  8. State Machine - |LCD_CLOCK_3KEY_NHAPNHAY|LCD_KHOITAO_HIENTHI:LCD_KHOITAO_HIENTHI|LCD_STATE
  9. State Machine - |LCD_CLOCK_3KEY_NHAPNHAY|CD_LAM_HEP_BTN:CD_LAM_HEP_BTN_MOD|DEBOUNCE_BTN:DEBOUNCE_BTN|DB_REG
 10. State Machine - |LCD_CLOCK_3KEY_NHAPNHAY|DEBOUNCE_BTN:DEBOUNCE_BTN_DW|DB_REG
 11. State Machine - |LCD_CLOCK_3KEY_NHAPNHAY|DEBOUNCE_BTN:DEBOUNCE_BTN_UP|DB_REG
 12. User-Specified and Inferred Latches
 13. General Register Statistics
 14. Inverted Register Statistics
 15. Multiplexer Restructuring Statistics (Restructuring Performed)
 16. Port Connectivity Checks: "LCD_GAN_DULIEU_HIENTHI_NN:LCD_GAN_DULIEU_HIENTHI_NN"
 17. Port Connectivity Checks: "HEXTOBCD_6BIT:HEXTOBCD_GIO"
 18. Port Connectivity Checks: "CHIA_10ENA:CHIA_10ENA"
 19. Elapsed Time Per Partition
 20. Analysis & Synthesis Messages



----------------
; Legal Notice ;
----------------
Copyright (C) 1991-2012 Altera Corporation
Your use of Altera Corporation's design tools, logic functions 
and other software and tools, and its AMPP partner logic 
functions, and any output files from any of the foregoing 
(including device programming or simulation files), and any 
associated documentation or information are expressly subject 
to the terms and conditions of the Altera Program License 
Subscription Agreement, Altera MegaCore Function License 
Agreement, or other applicable license agreement, including, 
without limitation, that your use is for the sole purpose of 
programming logic devices manufactured by Altera and sold by 
Altera or its authorized distributors.  Please refer to the 
applicable agreement for further details.



+-------------------------------------------------------------------------------+
; Analysis & Synthesis Summary                                                  ;
+------------------------------------+------------------------------------------+
; Analysis & Synthesis Status        ; Successful - Sat May 05 10:26:33 2018    ;
; Quartus II 32-bit Version          ; 12.1 Build 177 11/07/2012 SJ Web Edition ;
; Revision Name                      ; LCD_CLOCK_3KEY_NHAPNHAY                  ;
; Top-level Entity Name              ; LCD_CLOCK_3KEY_NHAPNHAY                  ;
; Family                             ; Cyclone IV E                             ;
; Total logic elements               ; 489                                      ;
;     Total combinational functions  ; 489                                      ;
;     Dedicated logic registers      ; 183                                      ;
; Total registers                    ; 183                                      ;
; Total pins                         ; 18                                       ;
; Total virtual pins                 ; 0                                        ;
; Total memory bits                  ; 0                                        ;
; Embedded Multiplier 9-bit elements ; 0                                        ;
; Total PLLs                         ; 0                                        ;
+------------------------------------+------------------------------------------+


+--------------------------------------------------------------------------------------------------------------------------------+
; Analysis & Synthesis Settings                                                                                                  ;
+----------------------------------------------------------------------------+-------------------------+-------------------------+
; Option                                                                     ; Setting                 ; Default Value           ;
+----------------------------------------------------------------------------+-------------------------+-------------------------+
; Device                                                                     ; EP4CE115F29C7           ;                         ;
; Top-level entity name                                                      ; LCD_CLOCK_3KEY_NHAPNHAY ; LCD_CLOCK_3KEY_NHAPNHAY ;
; Family name                                                                ; Cyclone IV E            ; Cyclone IV GX           ;
; Use smart compilation                                                      ; Off                     ; Off                     ;
; Enable parallel Assembler and TimeQuest Timing Analyzer during compilation ; On                      ; On                      ;
; Enable compact report table                                                ; Off                     ; Off                     ;
; Restructure Multiplexers                                                   ; Auto                    ; Auto                    ;
; Create Debugging Nodes for IP Cores                                        ; Off                     ; Off                     ;
; Preserve fewer node names                                                  ; On                      ; On                      ;
; Disable OpenCore Plus hardware evaluation                                  ; Off                     ; Off                     ;
; Verilog Version                                                            ; Verilog_2001            ; Verilog_2001            ;
; VHDL Version                                                               ; VHDL_1993               ; VHDL_1993               ;
; State Machine Processing                                                   ; Auto                    ; Auto                    ;
; Safe State Machine                                                         ; Off                     ; Off                     ;
; Extract Verilog State Machines                                             ; On                      ; On                      ;
; Extract VHDL State Machines                                                ; On                      ; On                      ;
; Ignore Verilog initial constructs                                          ; Off                     ; Off                     ;
; Iteration limit for constant Verilog loops                                 ; 5000                    ; 5000                    ;
; Iteration limit for non-constant Verilog loops                             ; 250                     ; 250                     ;
; Add Pass-Through Logic to Inferred RAMs                                    ; On                      ; On                      ;
; Infer RAMs from Raw Logic                                                  ; On                      ; On                      ;
; Parallel Synthesis                                                         ; On                      ; On                      ;
; DSP Block Balancing                                                        ; Auto                    ; Auto                    ;
; NOT Gate Push-Back                                                         ; On                      ; On                      ;
; Power-Up Don't Care                                                        ; On                      ; On                      ;
; Remove Redundant Logic Cells                                               ; Off                     ; Off                     ;
; Remove Duplicate Registers                                                 ; On                      ; On                      ;
; Ignore CARRY Buffers                                                       ; Off                     ; Off                     ;
; Ignore CASCADE Buffers                                                     ; Off                     ; Off                     ;
; Ignore GLOBAL Buffers                                                      ; Off                     ; Off                     ;
; Ignore ROW GLOBAL Buffers                                                  ; Off                     ; Off                     ;
; Ignore LCELL Buffers                                                       ; Off                     ; Off                     ;
; Ignore SOFT Buffers                                                        ; On                      ; On                      ;
; Limit AHDL Integers to 32 Bits                                             ; Off                     ; Off                     ;
; Optimization Technique                                                     ; Balanced                ; Balanced                ;
; Carry Chain Length                                                         ; 70                      ; 70                      ;
; Auto Carry Chains                                                          ; On                      ; On                      ;
; Auto Open-Drain Pins                                                       ; On                      ; On                      ;
; Perform WYSIWYG Primitive Resynthesis                                      ; Off                     ; Off                     ;
; Auto ROM Replacement                                                       ; On                      ; On                      ;
; Auto RAM Replacement                                                       ; On                      ; On                      ;
; Auto DSP Block Replacement                                                 ; On                      ; On                      ;
; Auto Shift Register Replacement                                            ; Auto                    ; Auto                    ;
; Allow Shift Register Merging across Hierarchies                            ; Auto                    ; Auto                    ;
; Auto Clock Enable Replacement                                              ; On                      ; On                      ;
; Strict RAM Replacement                                                     ; Off                     ; Off                     ;
; Allow Synchronous Control Signals                                          ; On                      ; On                      ;
; Force Use of Synchronous Clear Signals                                     ; Off                     ; Off                     ;
; Auto RAM Block Balancing                                                   ; On                      ; On                      ;
; Auto RAM to Logic Cell Conversion                                          ; Off                     ; Off                     ;
; Auto Resource Sharing                                                      ; Off                     ; Off                     ;
; Allow Any RAM Size For Recognition                                         ; Off                     ; Off                     ;
; Allow Any ROM Size For Recognition                                         ; Off                     ; Off                     ;
; Allow Any Shift Register Size For Recognition                              ; Off                     ; Off                     ;
; Use LogicLock Constraints during Resource Balancing                        ; On                      ; On                      ;
; Ignore translate_off and synthesis_off directives                          ; Off                     ; Off                     ;
; Timing-Driven Synthesis                                                    ; On                      ; On                      ;
; Report Parameter Settings                                                  ; On                      ; On                      ;
; Report Source Assignments                                                  ; On                      ; On                      ;
; Report Connectivity Checks                                                 ; On                      ; On                      ;
; Ignore Maximum Fan-Out Assignments                                         ; Off                     ; Off                     ;
; Synchronization Register Chain Length                                      ; 2                       ; 2                       ;
; PowerPlay Power Optimization                                               ; Normal compilation      ; Normal compilation      ;
; HDL message level                                                          ; Level2                  ; Level2                  ;
; Suppress Register Optimization Related Messages                            ; Off                     ; Off                     ;
; Number of Removed Registers Reported in Synthesis Report                   ; 5000                    ; 5000                    ;
; Number of Swept Nodes Reported in Synthesis Report                         ; 5000                    ; 5000                    ;
; Number of Inverted Registers Reported in Synthesis Report                  ; 100                     ; 100                     ;
; Clock MUX Protection                                                       ; On                      ; On                      ;
; Auto Gated Clock Conversion                                                ; Off                     ; Off                     ;
; Block Design Naming                                                        ; Auto                    ; Auto                    ;
; SDC constraint protection                                                  ; Off                     ; Off                     ;
; Synthesis Effort                                                           ; Auto                    ; Auto                    ;
; Shift Register Replacement - Allow Asynchronous Clear Signal               ; On                      ; On                      ;
; Pre-Mapping Resynthesis Optimization                                       ; Off                     ; Off                     ;
; Analysis & Synthesis Message Level                                         ; Medium                  ; Medium                  ;
; Disable Register Merging Across Hierarchies                                ; Auto                    ; Auto                    ;
; Resource Aware Inference For Block RAM                                     ; On                      ; On                      ;
; Synthesis Seed                                                             ; 1                       ; 1                       ;
+----------------------------------------------------------------------------+-------------------------+-------------------------+


Parallel compilation was disabled, but you have multiple processors available. Enable parallel compilation to reduce compilation time.
+-------------------------------------+
; Parallel Compilation                ;
+----------------------------+--------+
; Processors                 ; Number ;
+----------------------------+--------+
; Number detected on machine ; 4      ;
; Maximum allowed            ; 1      ;
+----------------------------+--------+


+--------------------------------------------------------------------------------------------------------------------------------------------------------------------------------------+
; Analysis & Synthesis Source Files Read                                                                                                                                               ;
+----------------------------------+-----------------+-----------------+-----------------------------------------------------------------------------------------------------+---------+
; File Name with User-Entered Path ; Used in Netlist ; File Type       ; File Name with Absolute Path                                                                        ; Library ;
+----------------------------------+-----------------+-----------------+-----------------------------------------------------------------------------------------------------+---------+
; XULY_MOD.vhd                     ; yes             ; User VHDL File  ; E:/VHDL/TTVHDL_HK1_2017_2018_THAY DUY/BAI_613_LCD_CLOCK_3KEY_NHAPNHAY/XULY_MOD.vhd                  ;         ;
; LCD_KHOITAO_HIENTHI.vhd          ; yes             ; User VHDL File  ; E:/VHDL/TTVHDL_HK1_2017_2018_THAY DUY/BAI_613_LCD_CLOCK_3KEY_NHAPNHAY/LCD_KHOITAO_HIENTHI.vhd       ;         ;
; LAM_HEP_XUNG.vhd                 ; yes             ; User VHDL File  ; E:/VHDL/TTVHDL_HK1_2017_2018_THAY DUY/BAI_613_LCD_CLOCK_3KEY_NHAPNHAY/LAM_HEP_XUNG.vhd              ;         ;
; HEXTOBCD_6BIT.vhd                ; yes             ; User VHDL File  ; E:/VHDL/TTVHDL_HK1_2017_2018_THAY DUY/BAI_613_LCD_CLOCK_3KEY_NHAPNHAY/HEXTOBCD_6BIT.vhd             ;         ;
; DEBOUNCE_BTN.vhd                 ; yes             ; User VHDL File  ; E:/VHDL/TTVHDL_HK1_2017_2018_THAY DUY/BAI_613_LCD_CLOCK_3KEY_NHAPNHAY/DEBOUNCE_BTN.vhd              ;         ;
; CHIA_10ENA.vhd                   ; yes             ; User VHDL File  ; E:/VHDL/TTVHDL_HK1_2017_2018_THAY DUY/BAI_613_LCD_CLOCK_3KEY_NHAPNHAY/CHIA_10ENA.vhd                ;         ;
; CD_LAM_HEP_BTN.vhd               ; yes             ; User VHDL File  ; E:/VHDL/TTVHDL_HK1_2017_2018_THAY DUY/BAI_613_LCD_CLOCK_3KEY_NHAPNHAY/CD_LAM_HEP_BTN.vhd            ;         ;
; LCD_CLOCK_3KEY_NHAPNHAY.vhd      ; yes             ; User VHDL File  ; E:/VHDL/TTVHDL_HK1_2017_2018_THAY DUY/BAI_613_LCD_CLOCK_3KEY_NHAPNHAY/LCD_CLOCK_3KEY_NHAPNHAY.vhd   ;         ;
; DEM_GIOPHUTGIAY.vhd              ; yes             ; User VHDL File  ; E:/VHDL/TTVHDL_HK1_2017_2018_THAY DUY/BAI_613_LCD_CLOCK_3KEY_NHAPNHAY/DEM_GIOPHUTGIAY.vhd           ;         ;
; LCD_GAN_DULIEU_HIENTHI_NN.vhd    ; yes             ; User VHDL File  ; E:/VHDL/TTVHDL_HK1_2017_2018_THAY DUY/BAI_613_LCD_CLOCK_3KEY_NHAPNHAY/LCD_GAN_DULIEU_HIENTHI_NN.vhd ;         ;
; XULY_NHAPNHAY.vhd                ; yes             ; User VHDL File  ; E:/VHDL/TTVHDL_HK1_2017_2018_THAY DUY/BAI_613_LCD_CLOCK_3KEY_NHAPNHAY/XULY_NHAPNHAY.vhd             ;         ;
+----------------------------------+-----------------+-----------------+-----------------------------------------------------------------------------------------------------+---------+


+-----------------------------------------------------+
; Analysis & Synthesis Resource Usage Summary         ;
+---------------------------------------------+-------+
; Resource                                    ; Usage ;
+---------------------------------------------+-------+
; Estimated Total logic elements              ; 489   ;
;                                             ;       ;
; Total combinational functions               ; 489   ;
; Logic element usage by number of LUT inputs ;       ;
;     -- 4 input functions                    ; 235   ;
;     -- 3 input functions                    ; 46    ;
;     -- <=2 input functions                  ; 208   ;
;                                             ;       ;
; Logic elements by mode                      ;       ;
;     -- normal mode                          ; 337   ;
;     -- arithmetic mode                      ; 152   ;
;                                             ;       ;
; Total registers                             ; 183   ;
;     -- Dedicated logic registers            ; 183   ;
;     -- I/O registers                        ; 0     ;
;                                             ;       ;
; I/O pins                                    ; 18    ;
; Embedded Multiplier 9-bit elements          ; 0     ;
; Maximum fan-out                             ; 182   ;
; Total fan-out                               ; 2091  ;
; Average fan-out                             ; 2.95  ;
+---------------------------------------------+-------+


+----------------------------------------------------------------------------------------------------------------------------------------------------------------------------------------------------------------------------------------------------------------------------+
; Analysis & Synthesis Resource Utilization by Entity                                                                                                                                                                                                                        ;
+----------------------------------------------------------+-------------------+--------------+-------------+--------------+---------+-----------+------+--------------+--------------------------------------------------------------------------------------+--------------+
; Compilation Hierarchy Node                               ; LC Combinationals ; LC Registers ; Memory Bits ; DSP Elements ; DSP 9x9 ; DSP 18x18 ; Pins ; Virtual Pins ; Full Hierarchy Name                                                                  ; Library Name ;
+----------------------------------------------------------+-------------------+--------------+-------------+--------------+---------+-----------+------+--------------+--------------------------------------------------------------------------------------+--------------+
; |LCD_CLOCK_3KEY_NHAPNHAY                                 ; 489 (0)           ; 183 (0)      ; 0           ; 0            ; 0       ; 0         ; 18   ; 0            ; |LCD_CLOCK_3KEY_NHAPNHAY                                                             ;              ;
;    |CD_LAM_HEP_BTN:CD_LAM_HEP_BTN_MOD|                   ; 43 (0)            ; 25 (0)       ; 0           ; 0            ; 0       ; 0         ; 0    ; 0            ; |LCD_CLOCK_3KEY_NHAPNHAY|CD_LAM_HEP_BTN:CD_LAM_HEP_BTN_MOD                           ;              ;
;       |DEBOUNCE_BTN:DEBOUNCE_BTN|                        ; 43 (43)           ; 24 (24)      ; 0           ; 0            ; 0       ; 0         ; 0    ; 0            ; |LCD_CLOCK_3KEY_NHAPNHAY|CD_LAM_HEP_BTN:CD_LAM_HEP_BTN_MOD|DEBOUNCE_BTN:DEBOUNCE_BTN ;              ;
;       |LAM_HEP_XUNG:LAM_HEP_XUNG|                        ; 0 (0)             ; 1 (1)        ; 0           ; 0            ; 0       ; 0         ; 0    ; 0            ; |LCD_CLOCK_3KEY_NHAPNHAY|CD_LAM_HEP_BTN:CD_LAM_HEP_BTN_MOD|LAM_HEP_XUNG:LAM_HEP_XUNG ;              ;
;    |CHIA_10ENA:CHIA_10ENA|                               ; 97 (97)           ; 50 (50)      ; 0           ; 0            ; 0       ; 0         ; 0    ; 0            ; |LCD_CLOCK_3KEY_NHAPNHAY|CHIA_10ENA:CHIA_10ENA                                       ;              ;
;    |DEBOUNCE_BTN:DEBOUNCE_BTN_DW|                        ; 43 (43)           ; 24 (24)      ; 0           ; 0            ; 0       ; 0         ; 0    ; 0            ; |LCD_CLOCK_3KEY_NHAPNHAY|DEBOUNCE_BTN:DEBOUNCE_BTN_DW                                ;              ;
;    |DEBOUNCE_BTN:DEBOUNCE_BTN_UP|                        ; 43 (43)           ; 24 (24)      ; 0           ; 0            ; 0       ; 0         ; 0    ; 0            ; |LCD_CLOCK_3KEY_NHAPNHAY|DEBOUNCE_BTN:DEBOUNCE_BTN_UP                                ;              ;
;    |DEM_GIOPHUTGIAY:DEM_GIOPHUTGIAY|                     ; 73 (73)           ; 17 (17)      ; 0           ; 0            ; 0       ; 0         ; 0    ; 0            ; |LCD_CLOCK_3KEY_NHAPNHAY|DEM_GIOPHUTGIAY:DEM_GIOPHUTGIAY                             ;              ;
;    |HEXTOBCD_6BIT:HEXTOBCD_GIAY|                         ; 3 (3)             ; 0 (0)        ; 0           ; 0            ; 0       ; 0         ; 0    ; 0            ; |LCD_CLOCK_3KEY_NHAPNHAY|HEXTOBCD_6BIT:HEXTOBCD_GIAY                                 ;              ;
;    |HEXTOBCD_6BIT:HEXTOBCD_GIO|                          ; 1 (1)             ; 0 (0)        ; 0           ; 0            ; 0       ; 0         ; 0    ; 0            ; |LCD_CLOCK_3KEY_NHAPNHAY|HEXTOBCD_6BIT:HEXTOBCD_GIO                                  ;              ;
;    |HEXTOBCD_6BIT:HEXTOBCD_PHUT|                         ; 3 (3)             ; 0 (0)        ; 0           ; 0            ; 0       ; 0         ; 0    ; 0            ; |LCD_CLOCK_3KEY_NHAPNHAY|HEXTOBCD_6BIT:HEXTOBCD_PHUT                                 ;              ;
;    |LCD_GAN_DULIEU_HIENTHI_NN:LCD_GAN_DULIEU_HIENTHI_NN| ; 3 (3)             ; 0 (0)        ; 0           ; 0            ; 0       ; 0         ; 0    ; 0            ; |LCD_CLOCK_3KEY_NHAPNHAY|LCD_GAN_DULIEU_HIENTHI_NN:LCD_GAN_DULIEU_HIENTHI_NN         ;              ;
;    |LCD_KHOITAO_HIENTHI:LCD_KHOITAO_HIENTHI|             ; 177 (177)         ; 40 (40)      ; 0           ; 0            ; 0       ; 0         ; 0    ; 0            ; |LCD_CLOCK_3KEY_NHAPNHAY|LCD_KHOITAO_HIENTHI:LCD_KHOITAO_HIENTHI                     ;              ;
;    |XULY_MOD:XULY_MOD|                                   ; 2 (2)             ; 2 (2)        ; 0           ; 0            ; 0       ; 0         ; 0    ; 0            ; |LCD_CLOCK_3KEY_NHAPNHAY|XULY_MOD:XULY_MOD                                           ;              ;
;    |XULY_NHAPNHAY:XULY_NHAPNHAY|                         ; 1 (1)             ; 1 (1)        ; 0           ; 0            ; 0       ; 0         ; 0    ; 0            ; |LCD_CLOCK_3KEY_NHAPNHAY|XULY_NHAPNHAY:XULY_NHAPNHAY                                 ;              ;
+----------------------------------------------------------+-------------------+--------------+-------------+--------------+---------+-----------+------+--------------+--------------------------------------------------------------------------------------+--------------+
Note: For table entries with two numbers listed, the numbers in parentheses indicate the number of resources of the given type used by the specific entity alone. The numbers listed outside of parentheses indicate the total resources of the given type used by the specific entity and all of its sub-entities in the hierarchy.


Encoding Type:  One-Hot
+-----------------------------------------------------------------------------------------------------------------------------------------------------------------+
; State Machine - |LCD_CLOCK_3KEY_NHAPNHAY|LCD_KHOITAO_HIENTHI:LCD_KHOITAO_HIENTHI|LCD_STATE                                                                      ;
+-----------------------+--------------------+-----------------------+-----------------------+-----------------------+-----------------------+--------------------+
; Name                  ; LCD_STATE.LCD_STOP ; LCD_STATE.LCD_DATA_L2 ; LCD_STATE.LCD_DATA_L1 ; LCD_STATE.LCD_ADDR_L2 ; LCD_STATE.LCD_ADDR_L1 ; LCD_STATE.LCD_INIT ;
+-----------------------+--------------------+-----------------------+-----------------------+-----------------------+-----------------------+--------------------+
; LCD_STATE.LCD_INIT    ; 0                  ; 0                     ; 0                     ; 0                     ; 0                     ; 0                  ;
; LCD_STATE.LCD_ADDR_L1 ; 0                  ; 0                     ; 0                     ; 0                     ; 1                     ; 1                  ;
; LCD_STATE.LCD_ADDR_L2 ; 0                  ; 0                     ; 0                     ; 1                     ; 0                     ; 1                  ;
; LCD_STATE.LCD_DATA_L1 ; 0                  ; 0                     ; 1                     ; 0                     ; 0                     ; 1                  ;
; LCD_STATE.LCD_DATA_L2 ; 0                  ; 1                     ; 0                     ; 0                     ; 0                     ; 1                  ;
; LCD_STATE.LCD_STOP    ; 1                  ; 0                     ; 0                     ; 0                     ; 0                     ; 1                  ;
+-----------------------+--------------------+-----------------------+-----------------------+-----------------------+-----------------------+--------------------+


Encoding Type:  One-Hot
+-------------------------------------------------------------------------------------------------------------+
; State Machine - |LCD_CLOCK_3KEY_NHAPNHAY|CD_LAM_HEP_BTN:CD_LAM_HEP_BTN_MOD|DEBOUNCE_BTN:DEBOUNCE_BTN|DB_REG ;
+-------------+-------------+------------+-------------+------------------------------------------------------+
; Name        ; DB_REG.WAI1 ; DB_REG.ONE ; DB_REG.WAI0 ; DB_REG.ZERO                                          ;
+-------------+-------------+------------+-------------+------------------------------------------------------+
; DB_REG.ZERO ; 0           ; 0          ; 0           ; 0                                                    ;
; DB_REG.WAI0 ; 0           ; 0          ; 1           ; 1                                                    ;
; DB_REG.ONE  ; 0           ; 1          ; 0           ; 1                                                    ;
; DB_REG.WAI1 ; 1           ; 0          ; 0           ; 1                                                    ;
+-------------+-------------+------------+-------------+------------------------------------------------------+


Encoding Type:  One-Hot
+------------------------------------------------------------------------------+
; State Machine - |LCD_CLOCK_3KEY_NHAPNHAY|DEBOUNCE_BTN:DEBOUNCE_BTN_DW|DB_REG ;
+-------------+-------------+------------+-------------+-----------------------+
; Name        ; DB_REG.WAI1 ; DB_REG.ONE ; DB_REG.WAI0 ; DB_REG.ZERO           ;
+-------------+-------------+------------+-------------+-----------------------+
; DB_REG.ZERO ; 0           ; 0          ; 0           ; 0                     ;
; DB_REG.WAI0 ; 0           ; 0          ; 1           ; 1                     ;
; DB_REG.ONE  ; 0           ; 1          ; 0           ; 1                     ;
; DB_REG.WAI1 ; 1           ; 0          ; 0           ; 1                     ;
+-------------+-------------+------------+-------------+-----------------------+


Encoding Type:  One-Hot
+------------------------------------------------------------------------------+
; State Machine - |LCD_CLOCK_3KEY_NHAPNHAY|DEBOUNCE_BTN:DEBOUNCE_BTN_UP|DB_REG ;
+-------------+-------------+------------+-------------+-----------------------+
; Name        ; DB_REG.WAI1 ; DB_REG.ONE ; DB_REG.WAI0 ; DB_REG.ZERO           ;
+-------------+-------------+------------+-------------+-----------------------+
; DB_REG.ZERO ; 0           ; 0          ; 0           ; 0                     ;
; DB_REG.WAI0 ; 0           ; 0          ; 1           ; 1                     ;
; DB_REG.ONE  ; 0           ; 1          ; 0           ; 1                     ;
; DB_REG.WAI1 ; 1           ; 0          ; 0           ; 1                     ;
+-------------+-------------+------------+-------------+-----------------------+


+--------------------------------------------------------------------------------------------------------------------------------------------------------------------+
; User-Specified and Inferred Latches                                                                                                                                ;
+---------------------------------------------------------------------+---------------------------------------------------------------------+------------------------+
; Latch Name                                                          ; Latch Enable Signal                                                 ; Free of Timing Hazards ;
+---------------------------------------------------------------------+---------------------------------------------------------------------+------------------------+
; LCD_GAN_DULIEU_HIENTHI_NN:LCD_GAN_DULIEU_HIENTHI_NN|LCD_HANG_1[64]  ; LCD_GAN_DULIEU_HIENTHI_NN:LCD_GAN_DULIEU_HIENTHI_NN|LCD_HANG_1[127] ; yes                    ;
; LCD_GAN_DULIEU_HIENTHI_NN:LCD_GAN_DULIEU_HIENTHI_NN|LCD_HANG_1[96]  ; LCD_GAN_DULIEU_HIENTHI_NN:LCD_GAN_DULIEU_HIENTHI_NN|LCD_HANG_1[127] ; yes                    ;
; LCD_GAN_DULIEU_HIENTHI_NN:LCD_GAN_DULIEU_HIENTHI_NN|LCD_HANG_1[112] ; LCD_GAN_DULIEU_HIENTHI_NN:LCD_GAN_DULIEU_HIENTHI_NN|LCD_HANG_1[127] ; yes                    ;
; LCD_GAN_DULIEU_HIENTHI_NN:LCD_GAN_DULIEU_HIENTHI_NN|LCD_HANG_1[48]  ; LCD_GAN_DULIEU_HIENTHI_NN:LCD_GAN_DULIEU_HIENTHI_NN|LCD_HANG_1[127] ; yes                    ;
; LCD_GAN_DULIEU_HIENTHI_NN:LCD_GAN_DULIEU_HIENTHI_NN|LCD_HANG_1[72]  ; LCD_GAN_DULIEU_HIENTHI_NN:LCD_GAN_DULIEU_HIENTHI_NN|LCD_HANG_1[127] ; yes                    ;
; LCD_GAN_DULIEU_HIENTHI_NN:LCD_GAN_DULIEU_HIENTHI_NN|LCD_HANG_1[88]  ; LCD_GAN_DULIEU_HIENTHI_NN:LCD_GAN_DULIEU_HIENTHI_NN|LCD_HANG_1[127] ; yes                    ;
; LCD_GAN_DULIEU_HIENTHI_NN:LCD_GAN_DULIEU_HIENTHI_NN|LCD_HANG_1[120] ; LCD_GAN_DULIEU_HIENTHI_NN:LCD_GAN_DULIEU_HIENTHI_NN|LCD_HANG_1[127] ; yes                    ;
; LCD_GAN_DULIEU_HIENTHI_NN:LCD_GAN_DULIEU_HIENTHI_NN|LCD_HANG_1[65]  ; LCD_GAN_DULIEU_HIENTHI_NN:LCD_GAN_DULIEU_HIENTHI_NN|LCD_HANG_1[127] ; yes                    ;
; LCD_GAN_DULIEU_HIENTHI_NN:LCD_GAN_DULIEU_HIENTHI_NN|LCD_HANG_1[97]  ; LCD_GAN_DULIEU_HIENTHI_NN:LCD_GAN_DULIEU_HIENTHI_NN|LCD_HANG_1[127] ; yes                    ;
; LCD_GAN_DULIEU_HIENTHI_NN:LCD_GAN_DULIEU_HIENTHI_NN|LCD_HANG_1[113] ; LCD_GAN_DULIEU_HIENTHI_NN:LCD_GAN_DULIEU_HIENTHI_NN|LCD_HANG_1[127] ; yes                    ;
; LCD_GAN_DULIEU_HIENTHI_NN:LCD_GAN_DULIEU_HIENTHI_NN|LCD_HANG_1[49]  ; LCD_GAN_DULIEU_HIENTHI_NN:LCD_GAN_DULIEU_HIENTHI_NN|LCD_HANG_1[127] ; yes                    ;
; LCD_GAN_DULIEU_HIENTHI_NN:LCD_GAN_DULIEU_HIENTHI_NN|LCD_HANG_1[73]  ; LCD_GAN_DULIEU_HIENTHI_NN:LCD_GAN_DULIEU_HIENTHI_NN|LCD_HANG_1[127] ; yes                    ;
; LCD_GAN_DULIEU_HIENTHI_NN:LCD_GAN_DULIEU_HIENTHI_NN|LCD_HANG_1[89]  ; LCD_GAN_DULIEU_HIENTHI_NN:LCD_GAN_DULIEU_HIENTHI_NN|LCD_HANG_1[127] ; yes                    ;
; LCD_GAN_DULIEU_HIENTHI_NN:LCD_GAN_DULIEU_HIENTHI_NN|LCD_HANG_1[121] ; LCD_GAN_DULIEU_HIENTHI_NN:LCD_GAN_DULIEU_HIENTHI_NN|LCD_HANG_1[127] ; yes                    ;
; LCD_GAN_DULIEU_HIENTHI_NN:LCD_GAN_DULIEU_HIENTHI_NN|LCD_HANG_1[74]  ; LCD_GAN_DULIEU_HIENTHI_NN:LCD_GAN_DULIEU_HIENTHI_NN|LCD_HANG_1[127] ; yes                    ;
; LCD_GAN_DULIEU_HIENTHI_NN:LCD_GAN_DULIEU_HIENTHI_NN|LCD_HANG_1[90]  ; LCD_GAN_DULIEU_HIENTHI_NN:LCD_GAN_DULIEU_HIENTHI_NN|LCD_HANG_1[127] ; yes                    ;
; LCD_GAN_DULIEU_HIENTHI_NN:LCD_GAN_DULIEU_HIENTHI_NN|LCD_HANG_1[98]  ; LCD_GAN_DULIEU_HIENTHI_NN:LCD_GAN_DULIEU_HIENTHI_NN|LCD_HANG_1[127] ; yes                    ;
; LCD_GAN_DULIEU_HIENTHI_NN:LCD_GAN_DULIEU_HIENTHI_NN|LCD_HANG_1[114] ; LCD_GAN_DULIEU_HIENTHI_NN:LCD_GAN_DULIEU_HIENTHI_NN|LCD_HANG_1[127] ; yes                    ;
; LCD_GAN_DULIEU_HIENTHI_NN:LCD_GAN_DULIEU_HIENTHI_NN|LCD_HANG_1[122] ; LCD_GAN_DULIEU_HIENTHI_NN:LCD_GAN_DULIEU_HIENTHI_NN|LCD_HANG_1[127] ; yes                    ;
; LCD_GAN_DULIEU_HIENTHI_NN:LCD_GAN_DULIEU_HIENTHI_NN|LCD_HANG_1[75]  ; LCD_GAN_DULIEU_HIENTHI_NN:LCD_GAN_DULIEU_HIENTHI_NN|LCD_HANG_1[127] ; yes                    ;
; LCD_GAN_DULIEU_HIENTHI_NN:LCD_GAN_DULIEU_HIENTHI_NN|LCD_HANG_1[99]  ; LCD_GAN_DULIEU_HIENTHI_NN:LCD_GAN_DULIEU_HIENTHI_NN|LCD_HANG_1[127] ; yes                    ;
; LCD_GAN_DULIEU_HIENTHI_NN:LCD_GAN_DULIEU_HIENTHI_NN|LCD_HANG_1[123] ; LCD_GAN_DULIEU_HIENTHI_NN:LCD_GAN_DULIEU_HIENTHI_NN|LCD_HANG_1[127] ; yes                    ;
; LCD_GAN_DULIEU_HIENTHI_NN:LCD_GAN_DULIEU_HIENTHI_NN|LCD_HANG_1[68]  ; GND                                                                 ; yes                    ;
; LCD_GAN_DULIEU_HIENTHI_NN:LCD_GAN_DULIEU_HIENTHI_NN|LCD_HANG_1[76]  ; GND                                                                 ; yes                    ;
; LCD_GAN_DULIEU_HIENTHI_NN:LCD_GAN_DULIEU_HIENTHI_NN|LCD_HANG_1[92]  ; GND                                                                 ; yes                    ;
; LCD_GAN_DULIEU_HIENTHI_NN:LCD_GAN_DULIEU_HIENTHI_NN|LCD_HANG_1[100] ; GND                                                                 ; yes                    ;
; LCD_GAN_DULIEU_HIENTHI_NN:LCD_GAN_DULIEU_HIENTHI_NN|LCD_HANG_1[116] ; GND                                                                 ; yes                    ;
; LCD_GAN_DULIEU_HIENTHI_NN:LCD_GAN_DULIEU_HIENTHI_NN|LCD_HANG_1[124] ; GND                                                                 ; yes                    ;
; Number of user-specified and inferred latches = 28                  ;                                                                     ;                        ;
+---------------------------------------------------------------------+---------------------------------------------------------------------+------------------------+
Note: All latches listed above may not be present at the end of synthesis due to various synthesis optimizations.


+------------------------------------------------------+
; General Register Statistics                          ;
+----------------------------------------------+-------+
; Statistic                                    ; Value ;
+----------------------------------------------+-------+
; Total registers                              ; 183   ;
; Number of registers using Synchronous Clear  ; 20    ;
; Number of registers using Synchronous Load   ; 60    ;
; Number of registers using Asynchronous Clear ; 47    ;
; Number of registers using Asynchronous Load  ; 0     ;
; Number of registers using Clock Enable       ; 91    ;
; Number of registers using Preset             ; 0     ;
+----------------------------------------------+-------+


+--------------------------------------------------+
; Inverted Register Statistics                     ;
+----------------------------------------+---------+
; Inverted Register                      ; Fan out ;
+----------------------------------------+---------+
; CHIA_10ENA:CHIA_10ENA|D5HZ_REG[0]      ; 2       ;
; CHIA_10ENA:CHIA_10ENA|D1HZ_REG[0]      ; 2       ;
; Total number of inverted registers = 2 ;         ;
+----------------------------------------+---------+


+------------------------------------------------------------------------------------------------------------------------------------------------------------------------------------------------------------------+
; Multiplexer Restructuring Statistics (Restructuring Performed)                                                                                                                                                   ;
+--------------------+-----------+---------------+----------------------+------------------------+------------+----------------------------------------------------------------------------------------------------+
; Multiplexer Inputs ; Bus Width ; Baseline Area ; Area if Restructured ; Saving if Restructured ; Registered ; Example Multiplexer Output                                                                         ;
+--------------------+-----------+---------------+----------------------+------------------------+------------+----------------------------------------------------------------------------------------------------+
; 5:1                ; 5 bits    ; 15 LEs        ; 10 LEs               ; 5 LEs                  ; Yes        ; |LCD_CLOCK_3KEY_NHAPNHAY|DEM_GIOPHUTGIAY:DEM_GIOPHUTGIAY|GIO_REG[4]                                ;
; 5:1                ; 6 bits    ; 18 LEs        ; 12 LEs               ; 6 LEs                  ; Yes        ; |LCD_CLOCK_3KEY_NHAPNHAY|DEM_GIOPHUTGIAY:DEM_GIOPHUTGIAY|PHUT_REG[3]                               ;
; 5:1                ; 6 bits    ; 18 LEs        ; 12 LEs               ; 6 LEs                  ; Yes        ; |LCD_CLOCK_3KEY_NHAPNHAY|DEM_GIOPHUTGIAY:DEM_GIOPHUTGIAY|GIAY_REG[0]                               ;
; 8:1                ; 20 bits   ; 100 LEs       ; 20 LEs               ; 80 LEs                 ; Yes        ; |LCD_CLOCK_3KEY_NHAPNHAY|CD_LAM_HEP_BTN:CD_LAM_HEP_BTN_MOD|DEBOUNCE_BTN:DEBOUNCE_BTN|DELAY_REG[14] ;
; 8:1                ; 20 bits   ; 100 LEs       ; 20 LEs               ; 80 LEs                 ; Yes        ; |LCD_CLOCK_3KEY_NHAPNHAY|DEBOUNCE_BTN:DEBOUNCE_BTN_DW|DELAY_REG[19]                                ;
; 8:1                ; 20 bits   ; 100 LEs       ; 20 LEs               ; 80 LEs                 ; Yes        ; |LCD_CLOCK_3KEY_NHAPNHAY|DEBOUNCE_BTN:DEBOUNCE_BTN_UP|DELAY_REG[13]                                ;
; 6:1                ; 20 bits   ; 80 LEs        ; 20 LEs               ; 60 LEs                 ; Yes        ; |LCD_CLOCK_3KEY_NHAPNHAY|LCD_KHOITAO_HIENTHI:LCD_KHOITAO_HIENTHI|SLX[15]                           ;
; 9:1                ; 4 bits    ; 24 LEs        ; 4 LEs                ; 20 LEs                 ; Yes        ; |LCD_CLOCK_3KEY_NHAPNHAY|LCD_KHOITAO_HIENTHI:LCD_KHOITAO_HIENTHI|PTR[3]                            ;
; 3:1                ; 4 bits    ; 8 LEs         ; 8 LEs                ; 0 LEs                  ; No         ; |LCD_CLOCK_3KEY_NHAPNHAY|LCD_GAN_DULIEU_HIENTHI_NN:LCD_GAN_DULIEU_HIENTHI_NN|LCD_HANG_1[112]       ;
; 8:1                ; 2 bits    ; 10 LEs        ; 4 LEs                ; 6 LEs                  ; No         ; |LCD_CLOCK_3KEY_NHAPNHAY|CD_LAM_HEP_BTN:CD_LAM_HEP_BTN_MOD|DEBOUNCE_BTN:DEBOUNCE_BTN|Selector1     ;
; 8:1                ; 2 bits    ; 10 LEs        ; 4 LEs                ; 6 LEs                  ; No         ; |LCD_CLOCK_3KEY_NHAPNHAY|DEBOUNCE_BTN:DEBOUNCE_BTN_DW|Selector3                                    ;
; 8:1                ; 2 bits    ; 10 LEs        ; 4 LEs                ; 6 LEs                  ; No         ; |LCD_CLOCK_3KEY_NHAPNHAY|DEBOUNCE_BTN:DEBOUNCE_BTN_UP|Selector3                                    ;
; 10:1               ; 2 bits    ; 12 LEs        ; 8 LEs                ; 4 LEs                  ; No         ; |LCD_CLOCK_3KEY_NHAPNHAY|CD_LAM_HEP_BTN:CD_LAM_HEP_BTN_MOD|DEBOUNCE_BTN:DEBOUNCE_BTN|Selector0     ;
; 10:1               ; 2 bits    ; 12 LEs        ; 8 LEs                ; 4 LEs                  ; No         ; |LCD_CLOCK_3KEY_NHAPNHAY|DEBOUNCE_BTN:DEBOUNCE_BTN_DW|Selector2                                    ;
; 10:1               ; 2 bits    ; 12 LEs        ; 8 LEs                ; 4 LEs                  ; No         ; |LCD_CLOCK_3KEY_NHAPNHAY|DEBOUNCE_BTN:DEBOUNCE_BTN_UP|Selector2                                    ;
; 10:1               ; 2 bits    ; 12 LEs        ; 4 LEs                ; 8 LEs                  ; No         ; |LCD_CLOCK_3KEY_NHAPNHAY|LCD_KHOITAO_HIENTHI:LCD_KHOITAO_HIENTHI|Selector22                        ;
; 12:1               ; 2 bits    ; 16 LEs        ; 4 LEs                ; 12 LEs                 ; No         ; |LCD_CLOCK_3KEY_NHAPNHAY|LCD_KHOITAO_HIENTHI:LCD_KHOITAO_HIENTHI|Selector24                        ;
; 13:1               ; 2 bits    ; 16 LEs        ; 4 LEs                ; 12 LEs                 ; No         ; |LCD_CLOCK_3KEY_NHAPNHAY|LCD_KHOITAO_HIENTHI:LCD_KHOITAO_HIENTHI|Selector23                        ;
+--------------------+-----------+---------------+----------------------+------------------------+------------+----------------------------------------------------------------------------------------------------+


+---------------------------------------------------------------------------------+
; Port Connectivity Checks: "LCD_GAN_DULIEU_HIENTHI_NN:LCD_GAN_DULIEU_HIENTHI_NN" ;
+------------+-------+----------+-------------------------------------------------+
; Port       ; Type  ; Severity ; Details                                         ;
+------------+-------+----------+-------------------------------------------------+
; h1_7[3..2] ; Input ; Info     ; Stuck at GND                                    ;
+------------+-------+----------+-------------------------------------------------+


+--------------------------------------------------------+
; Port Connectivity Checks: "HEXTOBCD_6BIT:HEXTOBCD_GIO" ;
+--------------+-------+----------+----------------------+
; Port         ; Type  ; Severity ; Details              ;
+--------------+-------+----------+----------------------+
; sohex6bit[5] ; Input ; Info     ; Stuck at GND         ;
+--------------+-------+----------+----------------------+


+--------------------------------------------------------------------------------------------------------------------+
; Port Connectivity Checks: "CHIA_10ENA:CHIA_10ENA"                                                                  ;
+----------+--------+----------+-------------------------------------------------------------------------------------+
; Port     ; Type   ; Severity ; Details                                                                             ;
+----------+--------+----------+-------------------------------------------------------------------------------------+
; ena2hz   ; Output ; Info     ; Connected to dangling logic. Logic that only feeds a dangling port will be removed. ;
; ena10hz  ; Output ; Info     ; Connected to dangling logic. Logic that only feeds a dangling port will be removed. ;
; ena20hz  ; Output ; Info     ; Connected to dangling logic. Logic that only feeds a dangling port will be removed. ;
; ena50hz  ; Output ; Info     ; Connected to dangling logic. Logic that only feeds a dangling port will be removed. ;
; ena100hz ; Output ; Info     ; Connected to dangling logic. Logic that only feeds a dangling port will be removed. ;
; ena1khz  ; Output ; Info     ; Connected to dangling logic. Logic that only feeds a dangling port will be removed. ;
; ena1mhz  ; Output ; Info     ; Connected to dangling logic. Logic that only feeds a dangling port will be removed. ;
; ena25hz  ; Output ; Info     ; Connected to dangling logic. Logic that only feeds a dangling port will be removed. ;
+----------+--------+----------+-------------------------------------------------------------------------------------+


+-------------------------------+
; Elapsed Time Per Partition    ;
+----------------+--------------+
; Partition Name ; Elapsed Time ;
+----------------+--------------+
; Top            ; 00:00:04     ;
+----------------+--------------+


+-------------------------------+
; Analysis & Synthesis Messages ;
+-------------------------------+
Info: *******************************************************************
Info: Running Quartus II 32-bit Analysis & Synthesis
    Info: Version 12.1 Build 177 11/07/2012 SJ Web Edition
    Info: Processing started: Sat May 05 10:26:24 2018
Info: Command: quartus_map --read_settings_files=on --write_settings_files=off LCD_CLOCK_3KEY_NHAPNHAY -c LCD_CLOCK_3KEY_NHAPNHAY
Warning (20028): Parallel compilation is not licensed and has been disabled
Info (12021): Found 2 design units, including 1 entities, in source file xuly_mod.vhd
    Info (12022): Found design unit 1: XULY_MOD-Behavioral
    Info (12023): Found entity 1: XULY_MOD
Info (12021): Found 2 design units, including 1 entities, in source file lcd_khoitao_hienthi.vhd
    Info (12022): Found design unit 1: LCD_KHOITAO_HIENTHI-Behavioral
    Info (12023): Found entity 1: LCD_KHOITAO_HIENTHI
Info (12021): Found 2 design units, including 1 entities, in source file lam_hep_xung.vhd
    Info (12022): Found design unit 1: LAM_HEP_XUNG-Behavioral
    Info (12023): Found entity 1: LAM_HEP_XUNG
Info (12021): Found 2 design units, including 1 entities, in source file hextobcd_6bit.vhd
    Info (12022): Found design unit 1: HEXTOBCD_6BIT-Behavioral
    Info (12023): Found entity 1: HEXTOBCD_6BIT
Info (12021): Found 2 design units, including 1 entities, in source file debounce_btn.vhd
    Info (12022): Found design unit 1: DEBOUNCE_BTN-Behavioral
    Info (12023): Found entity 1: DEBOUNCE_BTN
Info (12021): Found 2 design units, including 1 entities, in source file chia_10ena.vhd
    Info (12022): Found design unit 1: CHIA_10ENA-Behavioral
    Info (12023): Found entity 1: CHIA_10ENA
Info (12021): Found 2 design units, including 1 entities, in source file cd_lam_hep_btn.vhd
    Info (12022): Found design unit 1: CD_LAM_HEP_BTN-Behavioral
    Info (12023): Found entity 1: CD_LAM_HEP_BTN
Info (12021): Found 2 design units, including 1 entities, in source file lcd_clock_3key_nhapnhay.vhd
    Info (12022): Found design unit 1: LCD_CLOCK_3KEY_NHAPNHAY-Behavioral
    Info (12023): Found entity 1: LCD_CLOCK_3KEY_NHAPNHAY
Info (12021): Found 2 design units, including 1 entities, in source file dem_giophutgiay.vhd
    Info (12022): Found design unit 1: DEM_GIOPHUTGIAY-Behavioral
    Info (12023): Found entity 1: DEM_GIOPHUTGIAY
Info (12021): Found 2 design units, including 1 entities, in source file lcd_gan_dulieu_hienthi_nn.vhd
    Info (12022): Found design unit 1: LCD_GAN_DULIEU_HIENTHI_NN-Behavioral
    Info (12023): Found entity 1: LCD_GAN_DULIEU_HIENTHI_NN
Info (12021): Found 2 design units, including 1 entities, in source file xuly_nhapnhay.vhd
    Info (12022): Found design unit 1: XULY_NHAPNHAY-Behavioral
    Info (12023): Found entity 1: XULY_NHAPNHAY
Info (12127): Elaborating entity "LCD_CLOCK_3KEY_NHAPNHAY" for the top level hierarchy
Info (12128): Elaborating entity "CHIA_10ENA" for hierarchy "CHIA_10ENA:CHIA_10ENA"
Info (12128): Elaborating entity "DEBOUNCE_BTN" for hierarchy "DEBOUNCE_BTN:DEBOUNCE_BTN_UP"
Info (12128): Elaborating entity "CD_LAM_HEP_BTN" for hierarchy "CD_LAM_HEP_BTN:CD_LAM_HEP_BTN_MOD"
Info (12128): Elaborating entity "LAM_HEP_XUNG" for hierarchy "CD_LAM_HEP_BTN:CD_LAM_HEP_BTN_MOD|LAM_HEP_XUNG:LAM_HEP_XUNG"
Info (12128): Elaborating entity "XULY_MOD" for hierarchy "XULY_MOD:XULY_MOD"
Info (12128): Elaborating entity "DEM_GIOPHUTGIAY" for hierarchy "DEM_GIOPHUTGIAY:DEM_GIOPHUTGIAY"
Info (12128): Elaborating entity "HEXTOBCD_6BIT" for hierarchy "HEXTOBCD_6BIT:HEXTOBCD_GIO"
Info (12128): Elaborating entity "XULY_NHAPNHAY" for hierarchy "XULY_NHAPNHAY:XULY_NHAPNHAY"
Info (12128): Elaborating entity "LCD_GAN_DULIEU_HIENTHI_NN" for hierarchy "LCD_GAN_DULIEU_HIENTHI_NN:LCD_GAN_DULIEU_HIENTHI_NN"
Warning (10492): VHDL Process Statement warning at LCD_GAN_DULIEU_HIENTHI_NN.vhd(24): signal "H1_7" is read inside the Process Statement but isn't in the Process Statement's sensitivity list
Warning (10492): VHDL Process Statement warning at LCD_GAN_DULIEU_HIENTHI_NN.vhd(26): signal "H1_9" is read inside the Process Statement but isn't in the Process Statement's sensitivity list
Warning (10492): VHDL Process Statement warning at LCD_GAN_DULIEU_HIENTHI_NN.vhd(27): signal "H1_10" is read inside the Process Statement but isn't in the Process Statement's sensitivity list
Warning (10492): VHDL Process Statement warning at LCD_GAN_DULIEU_HIENTHI_NN.vhd(29): signal "H1_12" is read inside the Process Statement but isn't in the Process Statement's sensitivity list
Warning (10492): VHDL Process Statement warning at LCD_GAN_DULIEU_HIENTHI_NN.vhd(30): signal "H1_13" is read inside the Process Statement but isn't in the Process Statement's sensitivity list
Warning (10492): VHDL Process Statement warning at LCD_GAN_DULIEU_HIENTHI_NN.vhd(32): signal "H1_15" is read inside the Process Statement but isn't in the Process Statement's sensitivity list
Warning (10492): VHDL Process Statement warning at LCD_GAN_DULIEU_HIENTHI_NN.vhd(33): signal "H1_16" is read inside the Process Statement but isn't in the Process Statement's sensitivity list
Warning (10492): VHDL Process Statement warning at LCD_GAN_DULIEU_HIENTHI_NN.vhd(58): signal "H1_7" is read inside the Process Statement but isn't in the Process Statement's sensitivity list
Warning (10492): VHDL Process Statement warning at LCD_GAN_DULIEU_HIENTHI_NN.vhd(60): signal "H1_9" is read inside the Process Statement but isn't in the Process Statement's sensitivity list
Warning (10492): VHDL Process Statement warning at LCD_GAN_DULIEU_HIENTHI_NN.vhd(61): signal "H1_10" is read inside the Process Statement but isn't in the Process Statement's sensitivity list
Warning (10492): VHDL Process Statement warning at LCD_GAN_DULIEU_HIENTHI_NN.vhd(63): signal "H1_12" is read inside the Process Statement but isn't in the Process Statement's sensitivity list
Warning (10492): VHDL Process Statement warning at LCD_GAN_DULIEU_HIENTHI_NN.vhd(64): signal "H1_13" is read inside the Process Statement but isn't in the Process Statement's sensitivity list
Warning (10492): VHDL Process Statement warning at LCD_GAN_DULIEU_HIENTHI_NN.vhd(92): signal "H1_7" is read inside the Process Statement but isn't in the Process Statement's sensitivity list
Warning (10492): VHDL Process Statement warning at LCD_GAN_DULIEU_HIENTHI_NN.vhd(94): signal "H1_9" is read inside the Process Statement but isn't in the Process Statement's sensitivity list
Warning (10492): VHDL Process Statement warning at LCD_GAN_DULIEU_HIENTHI_NN.vhd(95): signal "H1_10" is read inside the Process Statement but isn't in the Process Statement's sensitivity list
Warning (10492): VHDL Process Statement warning at LCD_GAN_DULIEU_HIENTHI_NN.vhd(97): signal "H1_12" is read inside the Process Statement but isn't in the Process Statement's sensitivity list
Warning (10492): VHDL Process Statement warning at LCD_GAN_DULIEU_HIENTHI_NN.vhd(98): signal "H1_13" is read inside the Process Statement but isn't in the Process Statement's sensitivity list
Warning (10492): VHDL Process Statement warning at LCD_GAN_DULIEU_HIENTHI_NN.vhd(100): signal "H1_15" is read inside the Process Statement but isn't in the Process Statement's sensitivity list
Warning (10492): VHDL Process Statement warning at LCD_GAN_DULIEU_HIENTHI_NN.vhd(101): signal "H1_16" is read inside the Process Statement but isn't in the Process Statement's sensitivity list
Warning (10492): VHDL Process Statement warning at LCD_GAN_DULIEU_HIENTHI_NN.vhd(126): signal "H1_7" is read inside the Process Statement but isn't in the Process Statement's sensitivity list
Warning (10492): VHDL Process Statement warning at LCD_GAN_DULIEU_HIENTHI_NN.vhd(128): signal "H1_9" is read inside the Process Statement but isn't in the Process Statement's sensitivity list
Warning (10492): VHDL Process Statement warning at LCD_GAN_DULIEU_HIENTHI_NN.vhd(129): signal "H1_10" is read inside the Process Statement but isn't in the Process Statement's sensitivity list
Warning (10492): VHDL Process Statement warning at LCD_GAN_DULIEU_HIENTHI_NN.vhd(134): signal "H1_15" is read inside the Process Statement but isn't in the Process Statement's sensitivity list
Warning (10492): VHDL Process Statement warning at LCD_GAN_DULIEU_HIENTHI_NN.vhd(135): signal "H1_16" is read inside the Process Statement but isn't in the Process Statement's sensitivity list
Warning (10492): VHDL Process Statement warning at LCD_GAN_DULIEU_HIENTHI_NN.vhd(160): signal "H1_7" is read inside the Process Statement but isn't in the Process Statement's sensitivity list
Warning (10492): VHDL Process Statement warning at LCD_GAN_DULIEU_HIENTHI_NN.vhd(162): signal "H1_9" is read inside the Process Statement but isn't in the Process Statement's sensitivity list
Warning (10492): VHDL Process Statement warning at LCD_GAN_DULIEU_HIENTHI_NN.vhd(163): signal "H1_10" is read inside the Process Statement but isn't in the Process Statement's sensitivity list
Warning (10492): VHDL Process Statement warning at LCD_GAN_DULIEU_HIENTHI_NN.vhd(165): signal "H1_12" is read inside the Process Statement but isn't in the Process Statement's sensitivity list
Warning (10492): VHDL Process Statement warning at LCD_GAN_DULIEU_HIENTHI_NN.vhd(166): signal "H1_13" is read inside the Process Statement but isn't in the Process Statement's sensitivity list
Warning (10492): VHDL Process Statement warning at LCD_GAN_DULIEU_HIENTHI_NN.vhd(168): signal "H1_15" is read inside the Process Statement but isn't in the Process Statement's sensitivity list
Warning (10492): VHDL Process Statement warning at LCD_GAN_DULIEU_HIENTHI_NN.vhd(169): signal "H1_16" is read inside the Process Statement but isn't in the Process Statement's sensitivity list
Warning (10492): VHDL Process Statement warning at LCD_GAN_DULIEU_HIENTHI_NN.vhd(194): signal "H1_7" is read inside the Process Statement but isn't in the Process Statement's sensitivity list
Warning (10492): VHDL Process Statement warning at LCD_GAN_DULIEU_HIENTHI_NN.vhd(199): signal "H1_12" is read inside the Process Statement but isn't in the Process Statement's sensitivity list
Warning (10492): VHDL Process Statement warning at LCD_GAN_DULIEU_HIENTHI_NN.vhd(200): signal "H1_13" is read inside the Process Statement but isn't in the Process Statement's sensitivity list
Warning (10492): VHDL Process Statement warning at LCD_GAN_DULIEU_HIENTHI_NN.vhd(202): signal "H1_15" is read inside the Process Statement but isn't in the Process Statement's sensitivity list
Warning (10492): VHDL Process Statement warning at LCD_GAN_DULIEU_HIENTHI_NN.vhd(203): signal "H1_16" is read inside the Process Statement but isn't in the Process Statement's sensitivity list
Warning (10492): VHDL Process Statement warning at LCD_GAN_DULIEU_HIENTHI_NN.vhd(228): signal "H1_7" is read inside the Process Statement but isn't in the Process Statement's sensitivity list
Warning (10492): VHDL Process Statement warning at LCD_GAN_DULIEU_HIENTHI_NN.vhd(230): signal "H1_9" is read inside the Process Statement but isn't in the Process Statement's sensitivity list
Warning (10492): VHDL Process Statement warning at LCD_GAN_DULIEU_HIENTHI_NN.vhd(231): signal "H1_10" is read inside the Process Statement but isn't in the Process Statement's sensitivity list
Warning (10492): VHDL Process Statement warning at LCD_GAN_DULIEU_HIENTHI_NN.vhd(233): signal "H1_12" is read inside the Process Statement but isn't in the Process Statement's sensitivity list
Warning (10492): VHDL Process Statement warning at LCD_GAN_DULIEU_HIENTHI_NN.vhd(234): signal "H1_13" is read inside the Process Statement but isn't in the Process Statement's sensitivity list
Warning (10492): VHDL Process Statement warning at LCD_GAN_DULIEU_HIENTHI_NN.vhd(236): signal "H1_15" is read inside the Process Statement but isn't in the Process Statement's sensitivity list
Warning (10492): VHDL Process Statement warning at LCD_GAN_DULIEU_HIENTHI_NN.vhd(237): signal "H1_16" is read inside the Process Statement but isn't in the Process Statement's sensitivity list
Warning (10631): VHDL Process Statement warning at LCD_GAN_DULIEU_HIENTHI_NN.vhd(15): inferring latch(es) for signal or variable "LCD_HANG_1", which holds its previous value in one or more paths through the process
Warning (10631): VHDL Process Statement warning at LCD_GAN_DULIEU_HIENTHI_NN.vhd(15): inferring latch(es) for signal or variable "LCD_HANG_2", which holds its previous value in one or more paths through the process
Info (10041): Inferred latch for "LCD_HANG_2[0]" at LCD_GAN_DULIEU_HIENTHI_NN.vhd(15)
Info (10041): Inferred latch for "LCD_HANG_2[1]" at LCD_GAN_DULIEU_HIENTHI_NN.vhd(15)
Info (10041): Inferred latch for "LCD_HANG_2[2]" at LCD_GAN_DULIEU_HIENTHI_NN.vhd(15)
Info (10041): Inferred latch for "LCD_HANG_2[3]" at LCD_GAN_DULIEU_HIENTHI_NN.vhd(15)
Info (10041): Inferred latch for "LCD_HANG_2[4]" at LCD_GAN_DULIEU_HIENTHI_NN.vhd(15)
Info (10041): Inferred latch for "LCD_HANG_2[5]" at LCD_GAN_DULIEU_HIENTHI_NN.vhd(15)
Info (10041): Inferred latch for "LCD_HANG_2[6]" at LCD_GAN_DULIEU_HIENTHI_NN.vhd(15)
Info (10041): Inferred latch for "LCD_HANG_2[7]" at LCD_GAN_DULIEU_HIENTHI_NN.vhd(15)
Info (10041): Inferred latch for "LCD_HANG_2[8]" at LCD_GAN_DULIEU_HIENTHI_NN.vhd(15)
Info (10041): Inferred latch for "LCD_HANG_2[9]" at LCD_GAN_DULIEU_HIENTHI_NN.vhd(15)
Info (10041): Inferred latch for "LCD_HANG_2[10]" at LCD_GAN_DULIEU_HIENTHI_NN.vhd(15)
Info (10041): Inferred latch for "LCD_HANG_2[11]" at LCD_GAN_DULIEU_HIENTHI_NN.vhd(15)
Info (10041): Inferred latch for "LCD_HANG_2[12]" at LCD_GAN_DULIEU_HIENTHI_NN.vhd(15)
Info (10041): Inferred latch for "LCD_HANG_2[13]" at LCD_GAN_DULIEU_HIENTHI_NN.vhd(15)
Info (10041): Inferred latch for "LCD_HANG_2[14]" at LCD_GAN_DULIEU_HIENTHI_NN.vhd(15)
Info (10041): Inferred latch for "LCD_HANG_2[15]" at LCD_GAN_DULIEU_HIENTHI_NN.vhd(15)
Info (10041): Inferred latch for "LCD_HANG_2[16]" at LCD_GAN_DULIEU_HIENTHI_NN.vhd(15)
Info (10041): Inferred latch for "LCD_HANG_2[17]" at LCD_GAN_DULIEU_HIENTHI_NN.vhd(15)
Info (10041): Inferred latch for "LCD_HANG_2[18]" at LCD_GAN_DULIEU_HIENTHI_NN.vhd(15)
Info (10041): Inferred latch for "LCD_HANG_2[19]" at LCD_GAN_DULIEU_HIENTHI_NN.vhd(15)
Info (10041): Inferred latch for "LCD_HANG_2[20]" at LCD_GAN_DULIEU_HIENTHI_NN.vhd(15)
Info (10041): Inferred latch for "LCD_HANG_2[21]" at LCD_GAN_DULIEU_HIENTHI_NN.vhd(15)
Info (10041): Inferred latch for "LCD_HANG_2[22]" at LCD_GAN_DULIEU_HIENTHI_NN.vhd(15)
Info (10041): Inferred latch for "LCD_HANG_2[23]" at LCD_GAN_DULIEU_HIENTHI_NN.vhd(15)
Info (10041): Inferred latch for "LCD_HANG_2[24]" at LCD_GAN_DULIEU_HIENTHI_NN.vhd(15)
Info (10041): Inferred latch for "LCD_HANG_2[25]" at LCD_GAN_DULIEU_HIENTHI_NN.vhd(15)
Info (10041): Inferred latch for "LCD_HANG_2[26]" at LCD_GAN_DULIEU_HIENTHI_NN.vhd(15)
Info (10041): Inferred latch for "LCD_HANG_2[27]" at LCD_GAN_DULIEU_HIENTHI_NN.vhd(15)
Info (10041): Inferred latch for "LCD_HANG_2[28]" at LCD_GAN_DULIEU_HIENTHI_NN.vhd(15)
Info (10041): Inferred latch for "LCD_HANG_2[29]" at LCD_GAN_DULIEU_HIENTHI_NN.vhd(15)
Info (10041): Inferred latch for "LCD_HANG_2[30]" at LCD_GAN_DULIEU_HIENTHI_NN.vhd(15)
Info (10041): Inferred latch for "LCD_HANG_2[31]" at LCD_GAN_DULIEU_HIENTHI_NN.vhd(15)
Info (10041): Inferred latch for "LCD_HANG_2[32]" at LCD_GAN_DULIEU_HIENTHI_NN.vhd(15)
Info (10041): Inferred latch for "LCD_HANG_2[33]" at LCD_GAN_DULIEU_HIENTHI_NN.vhd(15)
Info (10041): Inferred latch for "LCD_HANG_2[34]" at LCD_GAN_DULIEU_HIENTHI_NN.vhd(15)
Info (10041): Inferred latch for "LCD_HANG_2[35]" at LCD_GAN_DULIEU_HIENTHI_NN.vhd(15)
Info (10041): Inferred latch for "LCD_HANG_2[36]" at LCD_GAN_DULIEU_HIENTHI_NN.vhd(15)
Info (10041): Inferred latch for "LCD_HANG_2[37]" at LCD_GAN_DULIEU_HIENTHI_NN.vhd(15)
Info (10041): Inferred latch for "LCD_HANG_2[38]" at LCD_GAN_DULIEU_HIENTHI_NN.vhd(15)
Info (10041): Inferred latch for "LCD_HANG_2[39]" at LCD_GAN_DULIEU_HIENTHI_NN.vhd(15)
Info (10041): Inferred latch for "LCD_HANG_2[40]" at LCD_GAN_DULIEU_HIENTHI_NN.vhd(15)
Info (10041): Inferred latch for "LCD_HANG_2[41]" at LCD_GAN_DULIEU_HIENTHI_NN.vhd(15)
Info (10041): Inferred latch for "LCD_HANG_2[42]" at LCD_GAN_DULIEU_HIENTHI_NN.vhd(15)
Info (10041): Inferred latch for "LCD_HANG_2[43]" at LCD_GAN_DULIEU_HIENTHI_NN.vhd(15)
Info (10041): Inferred latch for "LCD_HANG_2[44]" at LCD_GAN_DULIEU_HIENTHI_NN.vhd(15)
Info (10041): Inferred latch for "LCD_HANG_2[45]" at LCD_GAN_DULIEU_HIENTHI_NN.vhd(15)
Info (10041): Inferred latch for "LCD_HANG_2[46]" at LCD_GAN_DULIEU_HIENTHI_NN.vhd(15)
Info (10041): Inferred latch for "LCD_HANG_2[47]" at LCD_GAN_DULIEU_HIENTHI_NN.vhd(15)
Info (10041): Inferred latch for "LCD_HANG_2[48]" at LCD_GAN_DULIEU_HIENTHI_NN.vhd(15)
Info (10041): Inferred latch for "LCD_HANG_2[49]" at LCD_GAN_DULIEU_HIENTHI_NN.vhd(15)
Info (10041): Inferred latch for "LCD_HANG_2[50]" at LCD_GAN_DULIEU_HIENTHI_NN.vhd(15)
Info (10041): Inferred latch for "LCD_HANG_2[51]" at LCD_GAN_DULIEU_HIENTHI_NN.vhd(15)
Info (10041): Inferred latch for "LCD_HANG_2[52]" at LCD_GAN_DULIEU_HIENTHI_NN.vhd(15)
Info (10041): Inferred latch for "LCD_HANG_2[53]" at LCD_GAN_DULIEU_HIENTHI_NN.vhd(15)
Info (10041): Inferred latch for "LCD_HANG_2[54]" at LCD_GAN_DULIEU_HIENTHI_NN.vhd(15)
Info (10041): Inferred latch for "LCD_HANG_2[55]" at LCD_GAN_DULIEU_HIENTHI_NN.vhd(15)
Info (10041): Inferred latch for "LCD_HANG_2[56]" at LCD_GAN_DULIEU_HIENTHI_NN.vhd(15)
Info (10041): Inferred latch for "LCD_HANG_2[57]" at LCD_GAN_DULIEU_HIENTHI_NN.vhd(15)
Info (10041): Inferred latch for "LCD_HANG_2[58]" at LCD_GAN_DULIEU_HIENTHI_NN.vhd(15)
Info (10041): Inferred latch for "LCD_HANG_2[59]" at LCD_GAN_DULIEU_HIENTHI_NN.vhd(15)
Info (10041): Inferred latch for "LCD_HANG_2[60]" at LCD_GAN_DULIEU_HIENTHI_NN.vhd(15)
Info (10041): Inferred latch for "LCD_HANG_2[61]" at LCD_GAN_DULIEU_HIENTHI_NN.vhd(15)
Info (10041): Inferred latch for "LCD_HANG_2[62]" at LCD_GAN_DULIEU_HIENTHI_NN.vhd(15)
Info (10041): Inferred latch for "LCD_HANG_2[63]" at LCD_GAN_DULIEU_HIENTHI_NN.vhd(15)
Info (10041): Inferred latch for "LCD_HANG_2[64]" at LCD_GAN_DULIEU_HIENTHI_NN.vhd(15)
Info (10041): Inferred latch for "LCD_HANG_2[65]" at LCD_GAN_DULIEU_HIENTHI_NN.vhd(15)
Info (10041): Inferred latch for "LCD_HANG_2[66]" at LCD_GAN_DULIEU_HIENTHI_NN.vhd(15)
Info (10041): Inferred latch for "LCD_HANG_2[67]" at LCD_GAN_DULIEU_HIENTHI_NN.vhd(15)
Info (10041): Inferred latch for "LCD_HANG_2[68]" at LCD_GAN_DULIEU_HIENTHI_NN.vhd(15)
Info (10041): Inferred latch for "LCD_HANG_2[69]" at LCD_GAN_DULIEU_HIENTHI_NN.vhd(15)
Info (10041): Inferred latch for "LCD_HANG_2[70]" at LCD_GAN_DULIEU_HIENTHI_NN.vhd(15)
Info (10041): Inferred latch for "LCD_HANG_2[71]" at LCD_GAN_DULIEU_HIENTHI_NN.vhd(15)
Info (10041): Inferred latch for "LCD_HANG_2[72]" at LCD_GAN_DULIEU_HIENTHI_NN.vhd(15)
Info (10041): Inferred latch for "LCD_HANG_2[73]" at LCD_GAN_DULIEU_HIENTHI_NN.vhd(15)
Info (10041): Inferred latch for "LCD_HANG_2[74]" at LCD_GAN_DULIEU_HIENTHI_NN.vhd(15)
Info (10041): Inferred latch for "LCD_HANG_2[75]" at LCD_GAN_DULIEU_HIENTHI_NN.vhd(15)
Info (10041): Inferred latch for "LCD_HANG_2[76]" at LCD_GAN_DULIEU_HIENTHI_NN.vhd(15)
Info (10041): Inferred latch for "LCD_HANG_2[77]" at LCD_GAN_DULIEU_HIENTHI_NN.vhd(15)
Info (10041): Inferred latch for "LCD_HANG_2[78]" at LCD_GAN_DULIEU_HIENTHI_NN.vhd(15)
Info (10041): Inferred latch for "LCD_HANG_2[79]" at LCD_GAN_DULIEU_HIENTHI_NN.vhd(15)
Info (10041): Inferred latch for "LCD_HANG_2[80]" at LCD_GAN_DULIEU_HIENTHI_NN.vhd(15)
Info (10041): Inferred latch for "LCD_HANG_2[81]" at LCD_GAN_DULIEU_HIENTHI_NN.vhd(15)
Info (10041): Inferred latch for "LCD_HANG_2[82]" at LCD_GAN_DULIEU_HIENTHI_NN.vhd(15)
Info (10041): Inferred latch for "LCD_HANG_2[83]" at LCD_GAN_DULIEU_HIENTHI_NN.vhd(15)
Info (10041): Inferred latch for "LCD_HANG_2[84]" at LCD_GAN_DULIEU_HIENTHI_NN.vhd(15)
Info (10041): Inferred latch for "LCD_HANG_2[85]" at LCD_GAN_DULIEU_HIENTHI_NN.vhd(15)
Info (10041): Inferred latch for "LCD_HANG_2[86]" at LCD_GAN_DULIEU_HIENTHI_NN.vhd(15)
Info (10041): Inferred latch for "LCD_HANG_2[87]" at LCD_GAN_DULIEU_HIENTHI_NN.vhd(15)
Info (10041): Inferred latch for "LCD_HANG_2[88]" at LCD_GAN_DULIEU_HIENTHI_NN.vhd(15)
Info (10041): Inferred latch for "LCD_HANG_2[89]" at LCD_GAN_DULIEU_HIENTHI_NN.vhd(15)
Info (10041): Inferred latch for "LCD_HANG_2[90]" at LCD_GAN_DULIEU_HIENTHI_NN.vhd(15)
Info (10041): Inferred latch for "LCD_HANG_2[91]" at LCD_GAN_DULIEU_HIENTHI_NN.vhd(15)
Info (10041): Inferred latch for "LCD_HANG_2[92]" at LCD_GAN_DULIEU_HIENTHI_NN.vhd(15)
Info (10041): Inferred latch for "LCD_HANG_2[93]" at LCD_GAN_DULIEU_HIENTHI_NN.vhd(15)
Info (10041): Inferred latch for "LCD_HANG_2[94]" at LCD_GAN_DULIEU_HIENTHI_NN.vhd(15)
Info (10041): Inferred latch for "LCD_HANG_2[95]" at LCD_GAN_DULIEU_HIENTHI_NN.vhd(15)
Info (10041): Inferred latch for "LCD_HANG_2[96]" at LCD_GAN_DULIEU_HIENTHI_NN.vhd(15)
Info (10041): Inferred latch for "LCD_HANG_2[97]" at LCD_GAN_DULIEU_HIENTHI_NN.vhd(15)
Info (10041): Inferred latch for "LCD_HANG_2[98]" at LCD_GAN_DULIEU_HIENTHI_NN.vhd(15)
Info (10041): Inferred latch for "LCD_HANG_2[99]" at LCD_GAN_DULIEU_HIENTHI_NN.vhd(15)
Info (10041): Inferred latch for "LCD_HANG_2[100]" at LCD_GAN_DULIEU_HIENTHI_NN.vhd(15)
Info (10041): Inferred latch for "LCD_HANG_2[101]" at LCD_GAN_DULIEU_HIENTHI_NN.vhd(15)
Info (10041): Inferred latch for "LCD_HANG_2[102]" at LCD_GAN_DULIEU_HIENTHI_NN.vhd(15)
Info (10041): Inferred latch for "LCD_HANG_2[103]" at LCD_GAN_DULIEU_HIENTHI_NN.vhd(15)
Info (10041): Inferred latch for "LCD_HANG_2[104]" at LCD_GAN_DULIEU_HIENTHI_NN.vhd(15)
Info (10041): Inferred latch for "LCD_HANG_2[105]" at LCD_GAN_DULIEU_HIENTHI_NN.vhd(15)
Info (10041): Inferred latch for "LCD_HANG_2[106]" at LCD_GAN_DULIEU_HIENTHI_NN.vhd(15)
Info (10041): Inferred latch for "LCD_HANG_2[107]" at LCD_GAN_DULIEU_HIENTHI_NN.vhd(15)
Info (10041): Inferred latch for "LCD_HANG_2[108]" at LCD_GAN_DULIEU_HIENTHI_NN.vhd(15)
Info (10041): Inferred latch for "LCD_HANG_2[109]" at LCD_GAN_DULIEU_HIENTHI_NN.vhd(15)
Info (10041): Inferred latch for "LCD_HANG_2[110]" at LCD_GAN_DULIEU_HIENTHI_NN.vhd(15)
Info (10041): Inferred latch for "LCD_HANG_2[111]" at LCD_GAN_DULIEU_HIENTHI_NN.vhd(15)
Info (10041): Inferred latch for "LCD_HANG_2[112]" at LCD_GAN_DULIEU_HIENTHI_NN.vhd(15)
Info (10041): Inferred latch for "LCD_HANG_2[113]" at LCD_GAN_DULIEU_HIENTHI_NN.vhd(15)
Info (10041): Inferred latch for "LCD_HANG_2[114]" at LCD_GAN_DULIEU_HIENTHI_NN.vhd(15)
Info (10041): Inferred latch for "LCD_HANG_2[115]" at LCD_GAN_DULIEU_HIENTHI_NN.vhd(15)
Info (10041): Inferred latch for "LCD_HANG_2[116]" at LCD_GAN_DULIEU_HIENTHI_NN.vhd(15)
Info (10041): Inferred latch for "LCD_HANG_2[117]" at LCD_GAN_DULIEU_HIENTHI_NN.vhd(15)
Info (10041): Inferred latch for "LCD_HANG_2[118]" at LCD_GAN_DULIEU_HIENTHI_NN.vhd(15)
Info (10041): Inferred latch for "LCD_HANG_2[119]" at LCD_GAN_DULIEU_HIENTHI_NN.vhd(15)
Info (10041): Inferred latch for "LCD_HANG_2[120]" at LCD_GAN_DULIEU_HIENTHI_NN.vhd(15)
Info (10041): Inferred latch for "LCD_HANG_2[121]" at LCD_GAN_DULIEU_HIENTHI_NN.vhd(15)
Info (10041): Inferred latch for "LCD_HANG_2[122]" at LCD_GAN_DULIEU_HIENTHI_NN.vhd(15)
Info (10041): Inferred latch for "LCD_HANG_2[123]" at LCD_GAN_DULIEU_HIENTHI_NN.vhd(15)
Info (10041): Inferred latch for "LCD_HANG_2[124]" at LCD_GAN_DULIEU_HIENTHI_NN.vhd(15)
Info (10041): Inferred latch for "LCD_HANG_2[125]" at LCD_GAN_DULIEU_HIENTHI_NN.vhd(15)
Info (10041): Inferred latch for "LCD_HANG_2[126]" at LCD_GAN_DULIEU_HIENTHI_NN.vhd(15)
Info (10041): Inferred latch for "LCD_HANG_2[127]" at LCD_GAN_DULIEU_HIENTHI_NN.vhd(15)
Info (10041): Inferred latch for "LCD_HANG_1[0]" at LCD_GAN_DULIEU_HIENTHI_NN.vhd(15)
Info (10041): Inferred latch for "LCD_HANG_1[1]" at LCD_GAN_DULIEU_HIENTHI_NN.vhd(15)
Info (10041): Inferred latch for "LCD_HANG_1[2]" at LCD_GAN_DULIEU_HIENTHI_NN.vhd(15)
Info (10041): Inferred latch for "LCD_HANG_1[3]" at LCD_GAN_DULIEU_HIENTHI_NN.vhd(15)
Info (10041): Inferred latch for "LCD_HANG_1[4]" at LCD_GAN_DULIEU_HIENTHI_NN.vhd(15)
Info (10041): Inferred latch for "LCD_HANG_1[5]" at LCD_GAN_DULIEU_HIENTHI_NN.vhd(15)
Info (10041): Inferred latch for "LCD_HANG_1[6]" at LCD_GAN_DULIEU_HIENTHI_NN.vhd(15)
Info (10041): Inferred latch for "LCD_HANG_1[7]" at LCD_GAN_DULIEU_HIENTHI_NN.vhd(15)
Info (10041): Inferred latch for "LCD_HANG_1[8]" at LCD_GAN_DULIEU_HIENTHI_NN.vhd(15)
Info (10041): Inferred latch for "LCD_HANG_1[9]" at LCD_GAN_DULIEU_HIENTHI_NN.vhd(15)
Info (10041): Inferred latch for "LCD_HANG_1[10]" at LCD_GAN_DULIEU_HIENTHI_NN.vhd(15)
Info (10041): Inferred latch for "LCD_HANG_1[11]" at LCD_GAN_DULIEU_HIENTHI_NN.vhd(15)
Info (10041): Inferred latch for "LCD_HANG_1[12]" at LCD_GAN_DULIEU_HIENTHI_NN.vhd(15)
Info (10041): Inferred latch for "LCD_HANG_1[13]" at LCD_GAN_DULIEU_HIENTHI_NN.vhd(15)
Info (10041): Inferred latch for "LCD_HANG_1[14]" at LCD_GAN_DULIEU_HIENTHI_NN.vhd(15)
Info (10041): Inferred latch for "LCD_HANG_1[15]" at LCD_GAN_DULIEU_HIENTHI_NN.vhd(15)
Info (10041): Inferred latch for "LCD_HANG_1[16]" at LCD_GAN_DULIEU_HIENTHI_NN.vhd(15)
Info (10041): Inferred latch for "LCD_HANG_1[17]" at LCD_GAN_DULIEU_HIENTHI_NN.vhd(15)
Info (10041): Inferred latch for "LCD_HANG_1[18]" at LCD_GAN_DULIEU_HIENTHI_NN.vhd(15)
Info (10041): Inferred latch for "LCD_HANG_1[19]" at LCD_GAN_DULIEU_HIENTHI_NN.vhd(15)
Info (10041): Inferred latch for "LCD_HANG_1[20]" at LCD_GAN_DULIEU_HIENTHI_NN.vhd(15)
Info (10041): Inferred latch for "LCD_HANG_1[21]" at LCD_GAN_DULIEU_HIENTHI_NN.vhd(15)
Info (10041): Inferred latch for "LCD_HANG_1[22]" at LCD_GAN_DULIEU_HIENTHI_NN.vhd(15)
Info (10041): Inferred latch for "LCD_HANG_1[23]" at LCD_GAN_DULIEU_HIENTHI_NN.vhd(15)
Info (10041): Inferred latch for "LCD_HANG_1[24]" at LCD_GAN_DULIEU_HIENTHI_NN.vhd(15)
Info (10041): Inferred latch for "LCD_HANG_1[25]" at LCD_GAN_DULIEU_HIENTHI_NN.vhd(15)
Info (10041): Inferred latch for "LCD_HANG_1[26]" at LCD_GAN_DULIEU_HIENTHI_NN.vhd(15)
Info (10041): Inferred latch for "LCD_HANG_1[27]" at LCD_GAN_DULIEU_HIENTHI_NN.vhd(15)
Info (10041): Inferred latch for "LCD_HANG_1[28]" at LCD_GAN_DULIEU_HIENTHI_NN.vhd(15)
Info (10041): Inferred latch for "LCD_HANG_1[29]" at LCD_GAN_DULIEU_HIENTHI_NN.vhd(15)
Info (10041): Inferred latch for "LCD_HANG_1[30]" at LCD_GAN_DULIEU_HIENTHI_NN.vhd(15)
Info (10041): Inferred latch for "LCD_HANG_1[31]" at LCD_GAN_DULIEU_HIENTHI_NN.vhd(15)
Info (10041): Inferred latch for "LCD_HANG_1[32]" at LCD_GAN_DULIEU_HIENTHI_NN.vhd(15)
Info (10041): Inferred latch for "LCD_HANG_1[33]" at LCD_GAN_DULIEU_HIENTHI_NN.vhd(15)
Info (10041): Inferred latch for "LCD_HANG_1[34]" at LCD_GAN_DULIEU_HIENTHI_NN.vhd(15)
Info (10041): Inferred latch for "LCD_HANG_1[35]" at LCD_GAN_DULIEU_HIENTHI_NN.vhd(15)
Info (10041): Inferred latch for "LCD_HANG_1[36]" at LCD_GAN_DULIEU_HIENTHI_NN.vhd(15)
Info (10041): Inferred latch for "LCD_HANG_1[37]" at LCD_GAN_DULIEU_HIENTHI_NN.vhd(15)
Info (10041): Inferred latch for "LCD_HANG_1[38]" at LCD_GAN_DULIEU_HIENTHI_NN.vhd(15)
Info (10041): Inferred latch for "LCD_HANG_1[39]" at LCD_GAN_DULIEU_HIENTHI_NN.vhd(15)
Info (10041): Inferred latch for "LCD_HANG_1[40]" at LCD_GAN_DULIEU_HIENTHI_NN.vhd(15)
Info (10041): Inferred latch for "LCD_HANG_1[41]" at LCD_GAN_DULIEU_HIENTHI_NN.vhd(15)
Info (10041): Inferred latch for "LCD_HANG_1[42]" at LCD_GAN_DULIEU_HIENTHI_NN.vhd(15)
Info (10041): Inferred latch for "LCD_HANG_1[43]" at LCD_GAN_DULIEU_HIENTHI_NN.vhd(15)
Info (10041): Inferred latch for "LCD_HANG_1[44]" at LCD_GAN_DULIEU_HIENTHI_NN.vhd(15)
Info (10041): Inferred latch for "LCD_HANG_1[45]" at LCD_GAN_DULIEU_HIENTHI_NN.vhd(15)
Info (10041): Inferred latch for "LCD_HANG_1[46]" at LCD_GAN_DULIEU_HIENTHI_NN.vhd(15)
Info (10041): Inferred latch for "LCD_HANG_1[47]" at LCD_GAN_DULIEU_HIENTHI_NN.vhd(15)
Info (10041): Inferred latch for "LCD_HANG_1[48]" at LCD_GAN_DULIEU_HIENTHI_NN.vhd(15)
Info (10041): Inferred latch for "LCD_HANG_1[49]" at LCD_GAN_DULIEU_HIENTHI_NN.vhd(15)
Info (10041): Inferred latch for "LCD_HANG_1[50]" at LCD_GAN_DULIEU_HIENTHI_NN.vhd(15)
Info (10041): Inferred latch for "LCD_HANG_1[51]" at LCD_GAN_DULIEU_HIENTHI_NN.vhd(15)
Info (10041): Inferred latch for "LCD_HANG_1[52]" at LCD_GAN_DULIEU_HIENTHI_NN.vhd(15)
Info (10041): Inferred latch for "LCD_HANG_1[53]" at LCD_GAN_DULIEU_HIENTHI_NN.vhd(15)
Info (10041): Inferred latch for "LCD_HANG_1[54]" at LCD_GAN_DULIEU_HIENTHI_NN.vhd(15)
Info (10041): Inferred latch for "LCD_HANG_1[55]" at LCD_GAN_DULIEU_HIENTHI_NN.vhd(15)
Info (10041): Inferred latch for "LCD_HANG_1[56]" at LCD_GAN_DULIEU_HIENTHI_NN.vhd(15)
Info (10041): Inferred latch for "LCD_HANG_1[57]" at LCD_GAN_DULIEU_HIENTHI_NN.vhd(15)
Info (10041): Inferred latch for "LCD_HANG_1[58]" at LCD_GAN_DULIEU_HIENTHI_NN.vhd(15)
Info (10041): Inferred latch for "LCD_HANG_1[59]" at LCD_GAN_DULIEU_HIENTHI_NN.vhd(15)
Info (10041): Inferred latch for "LCD_HANG_1[60]" at LCD_GAN_DULIEU_HIENTHI_NN.vhd(15)
Info (10041): Inferred latch for "LCD_HANG_1[61]" at LCD_GAN_DULIEU_HIENTHI_NN.vhd(15)
Info (10041): Inferred latch for "LCD_HANG_1[62]" at LCD_GAN_DULIEU_HIENTHI_NN.vhd(15)
Info (10041): Inferred latch for "LCD_HANG_1[63]" at LCD_GAN_DULIEU_HIENTHI_NN.vhd(15)
Info (10041): Inferred latch for "LCD_HANG_1[64]" at LCD_GAN_DULIEU_HIENTHI_NN.vhd(15)
Info (10041): Inferred latch for "LCD_HANG_1[65]" at LCD_GAN_DULIEU_HIENTHI_NN.vhd(15)
Info (10041): Inferred latch for "LCD_HANG_1[66]" at LCD_GAN_DULIEU_HIENTHI_NN.vhd(15)
Info (10041): Inferred latch for "LCD_HANG_1[67]" at LCD_GAN_DULIEU_HIENTHI_NN.vhd(15)
Info (10041): Inferred latch for "LCD_HANG_1[68]" at LCD_GAN_DULIEU_HIENTHI_NN.vhd(15)
Info (10041): Inferred latch for "LCD_HANG_1[69]" at LCD_GAN_DULIEU_HIENTHI_NN.vhd(15)
Info (10041): Inferred latch for "LCD_HANG_1[70]" at LCD_GAN_DULIEU_HIENTHI_NN.vhd(15)
Info (10041): Inferred latch for "LCD_HANG_1[71]" at LCD_GAN_DULIEU_HIENTHI_NN.vhd(15)
Info (10041): Inferred latch for "LCD_HANG_1[72]" at LCD_GAN_DULIEU_HIENTHI_NN.vhd(15)
Info (10041): Inferred latch for "LCD_HANG_1[73]" at LCD_GAN_DULIEU_HIENTHI_NN.vhd(15)
Info (10041): Inferred latch for "LCD_HANG_1[74]" at LCD_GAN_DULIEU_HIENTHI_NN.vhd(15)
Info (10041): Inferred latch for "LCD_HANG_1[75]" at LCD_GAN_DULIEU_HIENTHI_NN.vhd(15)
Info (10041): Inferred latch for "LCD_HANG_1[76]" at LCD_GAN_DULIEU_HIENTHI_NN.vhd(15)
Info (10041): Inferred latch for "LCD_HANG_1[77]" at LCD_GAN_DULIEU_HIENTHI_NN.vhd(15)
Info (10041): Inferred latch for "LCD_HANG_1[78]" at LCD_GAN_DULIEU_HIENTHI_NN.vhd(15)
Info (10041): Inferred latch for "LCD_HANG_1[79]" at LCD_GAN_DULIEU_HIENTHI_NN.vhd(15)
Info (10041): Inferred latch for "LCD_HANG_1[80]" at LCD_GAN_DULIEU_HIENTHI_NN.vhd(15)
Info (10041): Inferred latch for "LCD_HANG_1[81]" at LCD_GAN_DULIEU_HIENTHI_NN.vhd(15)
Info (10041): Inferred latch for "LCD_HANG_1[82]" at LCD_GAN_DULIEU_HIENTHI_NN.vhd(15)
Info (10041): Inferred latch for "LCD_HANG_1[83]" at LCD_GAN_DULIEU_HIENTHI_NN.vhd(15)
Info (10041): Inferred latch for "LCD_HANG_1[84]" at LCD_GAN_DULIEU_HIENTHI_NN.vhd(15)
Info (10041): Inferred latch for "LCD_HANG_1[85]" at LCD_GAN_DULIEU_HIENTHI_NN.vhd(15)
Info (10041): Inferred latch for "LCD_HANG_1[86]" at LCD_GAN_DULIEU_HIENTHI_NN.vhd(15)
Info (10041): Inferred latch for "LCD_HANG_1[87]" at LCD_GAN_DULIEU_HIENTHI_NN.vhd(15)
Info (10041): Inferred latch for "LCD_HANG_1[88]" at LCD_GAN_DULIEU_HIENTHI_NN.vhd(15)
Info (10041): Inferred latch for "LCD_HANG_1[89]" at LCD_GAN_DULIEU_HIENTHI_NN.vhd(15)
Info (10041): Inferred latch for "LCD_HANG_1[90]" at LCD_GAN_DULIEU_HIENTHI_NN.vhd(15)
Info (10041): Inferred latch for "LCD_HANG_1[91]" at LCD_GAN_DULIEU_HIENTHI_NN.vhd(15)
Info (10041): Inferred latch for "LCD_HANG_1[92]" at LCD_GAN_DULIEU_HIENTHI_NN.vhd(15)
Info (10041): Inferred latch for "LCD_HANG_1[93]" at LCD_GAN_DULIEU_HIENTHI_NN.vhd(15)
Info (10041): Inferred latch for "LCD_HANG_1[94]" at LCD_GAN_DULIEU_HIENTHI_NN.vhd(15)
Info (10041): Inferred latch for "LCD_HANG_1[95]" at LCD_GAN_DULIEU_HIENTHI_NN.vhd(15)
Info (10041): Inferred latch for "LCD_HANG_1[96]" at LCD_GAN_DULIEU_HIENTHI_NN.vhd(15)
Info (10041): Inferred latch for "LCD_HANG_1[97]" at LCD_GAN_DULIEU_HIENTHI_NN.vhd(15)
Info (10041): Inferred latch for "LCD_HANG_1[98]" at LCD_GAN_DULIEU_HIENTHI_NN.vhd(15)
Info (10041): Inferred latch for "LCD_HANG_1[99]" at LCD_GAN_DULIEU_HIENTHI_NN.vhd(15)
Info (10041): Inferred latch for "LCD_HANG_1[100]" at LCD_GAN_DULIEU_HIENTHI_NN.vhd(15)
Info (10041): Inferred latch for "LCD_HANG_1[101]" at LCD_GAN_DULIEU_HIENTHI_NN.vhd(15)
Info (10041): Inferred latch for "LCD_HANG_1[102]" at LCD_GAN_DULIEU_HIENTHI_NN.vhd(15)
Info (10041): Inferred latch for "LCD_HANG_1[103]" at LCD_GAN_DULIEU_HIENTHI_NN.vhd(15)
Info (10041): Inferred latch for "LCD_HANG_1[104]" at LCD_GAN_DULIEU_HIENTHI_NN.vhd(15)
Info (10041): Inferred latch for "LCD_HANG_1[105]" at LCD_GAN_DULIEU_HIENTHI_NN.vhd(15)
Info (10041): Inferred latch for "LCD_HANG_1[106]" at LCD_GAN_DULIEU_HIENTHI_NN.vhd(15)
Info (10041): Inferred latch for "LCD_HANG_1[107]" at LCD_GAN_DULIEU_HIENTHI_NN.vhd(15)
Info (10041): Inferred latch for "LCD_HANG_1[108]" at LCD_GAN_DULIEU_HIENTHI_NN.vhd(15)
Info (10041): Inferred latch for "LCD_HANG_1[109]" at LCD_GAN_DULIEU_HIENTHI_NN.vhd(15)
Info (10041): Inferred latch for "LCD_HANG_1[110]" at LCD_GAN_DULIEU_HIENTHI_NN.vhd(15)
Info (10041): Inferred latch for "LCD_HANG_1[111]" at LCD_GAN_DULIEU_HIENTHI_NN.vhd(15)
Info (10041): Inferred latch for "LCD_HANG_1[112]" at LCD_GAN_DULIEU_HIENTHI_NN.vhd(15)
Info (10041): Inferred latch for "LCD_HANG_1[113]" at LCD_GAN_DULIEU_HIENTHI_NN.vhd(15)
Info (10041): Inferred latch for "LCD_HANG_1[114]" at LCD_GAN_DULIEU_HIENTHI_NN.vhd(15)
Info (10041): Inferred latch for "LCD_HANG_1[115]" at LCD_GAN_DULIEU_HIENTHI_NN.vhd(15)
Info (10041): Inferred latch for "LCD_HANG_1[116]" at LCD_GAN_DULIEU_HIENTHI_NN.vhd(15)
Info (10041): Inferred latch for "LCD_HANG_1[117]" at LCD_GAN_DULIEU_HIENTHI_NN.vhd(15)
Info (10041): Inferred latch for "LCD_HANG_1[118]" at LCD_GAN_DULIEU_HIENTHI_NN.vhd(15)
Info (10041): Inferred latch for "LCD_HANG_1[119]" at LCD_GAN_DULIEU_HIENTHI_NN.vhd(15)
Info (10041): Inferred latch for "LCD_HANG_1[120]" at LCD_GAN_DULIEU_HIENTHI_NN.vhd(15)
Info (10041): Inferred latch for "LCD_HANG_1[121]" at LCD_GAN_DULIEU_HIENTHI_NN.vhd(15)
Info (10041): Inferred latch for "LCD_HANG_1[122]" at LCD_GAN_DULIEU_HIENTHI_NN.vhd(15)
Info (10041): Inferred latch for "LCD_HANG_1[123]" at LCD_GAN_DULIEU_HIENTHI_NN.vhd(15)
Info (10041): Inferred latch for "LCD_HANG_1[124]" at LCD_GAN_DULIEU_HIENTHI_NN.vhd(15)
Info (10041): Inferred latch for "LCD_HANG_1[125]" at LCD_GAN_DULIEU_HIENTHI_NN.vhd(15)
Info (10041): Inferred latch for "LCD_HANG_1[126]" at LCD_GAN_DULIEU_HIENTHI_NN.vhd(15)
Info (10041): Inferred latch for "LCD_HANG_1[127]" at LCD_GAN_DULIEU_HIENTHI_NN.vhd(15)
Info (12128): Elaborating entity "LCD_KHOITAO_HIENTHI" for hierarchy "LCD_KHOITAO_HIENTHI:LCD_KHOITAO_HIENTHI"
Warning (13012): Latch LCD_GAN_DULIEU_HIENTHI_NN:LCD_GAN_DULIEU_HIENTHI_NN|LCD_HANG_1[64] has unsafe behavior
    Warning (13013): Ports D and ENA on the latch are fed by the same signal XULY_MOD:XULY_MOD|GIATRI_MOD_REG[0]
Warning (13012): Latch LCD_GAN_DULIEU_HIENTHI_NN:LCD_GAN_DULIEU_HIENTHI_NN|LCD_HANG_1[96] has unsafe behavior
    Warning (13013): Ports D and ENA on the latch are fed by the same signal XULY_MOD:XULY_MOD|GIATRI_MOD_REG[0]
Warning (13012): Latch LCD_GAN_DULIEU_HIENTHI_NN:LCD_GAN_DULIEU_HIENTHI_NN|LCD_HANG_1[112] has unsafe behavior
    Warning (13013): Ports D and ENA on the latch are fed by the same signal XULY_MOD:XULY_MOD|GIATRI_MOD_REG[0]
Warning (13012): Latch LCD_GAN_DULIEU_HIENTHI_NN:LCD_GAN_DULIEU_HIENTHI_NN|LCD_HANG_1[48] has unsafe behavior
    Warning (13013): Ports D and ENA on the latch are fed by the same signal XULY_MOD:XULY_MOD|GIATRI_MOD_REG[0]
Warning (13012): Latch LCD_GAN_DULIEU_HIENTHI_NN:LCD_GAN_DULIEU_HIENTHI_NN|LCD_HANG_1[72] has unsafe behavior
    Warning (13013): Ports D and ENA on the latch are fed by the same signal XULY_MOD:XULY_MOD|GIATRI_MOD_REG[0]
Warning (13012): Latch LCD_GAN_DULIEU_HIENTHI_NN:LCD_GAN_DULIEU_HIENTHI_NN|LCD_HANG_1[88] has unsafe behavior
    Warning (13013): Ports D and ENA on the latch are fed by the same signal XULY_MOD:XULY_MOD|GIATRI_MOD_REG[0]
Warning (13012): Latch LCD_GAN_DULIEU_HIENTHI_NN:LCD_GAN_DULIEU_HIENTHI_NN|LCD_HANG_1[120] has unsafe behavior
    Warning (13013): Ports D and ENA on the latch are fed by the same signal XULY_MOD:XULY_MOD|GIATRI_MOD_REG[0]
Warning (13012): Latch LCD_GAN_DULIEU_HIENTHI_NN:LCD_GAN_DULIEU_HIENTHI_NN|LCD_HANG_1[65] has unsafe behavior
    Warning (13013): Ports D and ENA on the latch are fed by the same signal XULY_MOD:XULY_MOD|GIATRI_MOD_REG[0]
Warning (13012): Latch LCD_GAN_DULIEU_HIENTHI_NN:LCD_GAN_DULIEU_HIENTHI_NN|LCD_HANG_1[97] has unsafe behavior
    Warning (13013): Ports D and ENA on the latch are fed by the same signal XULY_MOD:XULY_MOD|GIATRI_MOD_REG[0]
Warning (13012): Latch LCD_GAN_DULIEU_HIENTHI_NN:LCD_GAN_DULIEU_HIENTHI_NN|LCD_HANG_1[113] has unsafe behavior
    Warning (13013): Ports D and ENA on the latch are fed by the same signal XULY_MOD:XULY_MOD|GIATRI_MOD_REG[0]
Warning (13012): Latch LCD_GAN_DULIEU_HIENTHI_NN:LCD_GAN_DULIEU_HIENTHI_NN|LCD_HANG_1[49] has unsafe behavior
    Warning (13013): Ports D and ENA on the latch are fed by the same signal XULY_MOD:XULY_MOD|GIATRI_MOD_REG[1]
Warning (13012): Latch LCD_GAN_DULIEU_HIENTHI_NN:LCD_GAN_DULIEU_HIENTHI_NN|LCD_HANG_1[73] has unsafe behavior
    Warning (13013): Ports D and ENA on the latch are fed by the same signal XULY_MOD:XULY_MOD|GIATRI_MOD_REG[0]
Warning (13012): Latch LCD_GAN_DULIEU_HIENTHI_NN:LCD_GAN_DULIEU_HIENTHI_NN|LCD_HANG_1[89] has unsafe behavior
    Warning (13013): Ports D and ENA on the latch are fed by the same signal XULY_MOD:XULY_MOD|GIATRI_MOD_REG[0]
Warning (13012): Latch LCD_GAN_DULIEU_HIENTHI_NN:LCD_GAN_DULIEU_HIENTHI_NN|LCD_HANG_1[121] has unsafe behavior
    Warning (13013): Ports D and ENA on the latch are fed by the same signal XULY_MOD:XULY_MOD|GIATRI_MOD_REG[0]
Warning (13012): Latch LCD_GAN_DULIEU_HIENTHI_NN:LCD_GAN_DULIEU_HIENTHI_NN|LCD_HANG_1[74] has unsafe behavior
    Warning (13013): Ports D and ENA on the latch are fed by the same signal XULY_MOD:XULY_MOD|GIATRI_MOD_REG[0]
Warning (13012): Latch LCD_GAN_DULIEU_HIENTHI_NN:LCD_GAN_DULIEU_HIENTHI_NN|LCD_HANG_1[90] has unsafe behavior
    Warning (13013): Ports D and ENA on the latch are fed by the same signal XULY_MOD:XULY_MOD|GIATRI_MOD_REG[0]
Warning (13012): Latch LCD_GAN_DULIEU_HIENTHI_NN:LCD_GAN_DULIEU_HIENTHI_NN|LCD_HANG_1[98] has unsafe behavior
    Warning (13013): Ports D and ENA on the latch are fed by the same signal XULY_MOD:XULY_MOD|GIATRI_MOD_REG[0]
Warning (13012): Latch LCD_GAN_DULIEU_HIENTHI_NN:LCD_GAN_DULIEU_HIENTHI_NN|LCD_HANG_1[114] has unsafe behavior
    Warning (13013): Ports D and ENA on the latch are fed by the same signal XULY_MOD:XULY_MOD|GIATRI_MOD_REG[0]
Warning (13012): Latch LCD_GAN_DULIEU_HIENTHI_NN:LCD_GAN_DULIEU_HIENTHI_NN|LCD_HANG_1[122] has unsafe behavior
    Warning (13013): Ports D and ENA on the latch are fed by the same signal XULY_MOD:XULY_MOD|GIATRI_MOD_REG[0]
Warning (13012): Latch LCD_GAN_DULIEU_HIENTHI_NN:LCD_GAN_DULIEU_HIENTHI_NN|LCD_HANG_1[75] has unsafe behavior
    Warning (13013): Ports D and ENA on the latch are fed by the same signal XULY_MOD:XULY_MOD|GIATRI_MOD_REG[0]
Warning (13012): Latch LCD_GAN_DULIEU_HIENTHI_NN:LCD_GAN_DULIEU_HIENTHI_NN|LCD_HANG_1[99] has unsafe behavior
    Warning (13013): Ports D and ENA on the latch are fed by the same signal XULY_MOD:XULY_MOD|GIATRI_MOD_REG[0]
Warning (13012): Latch LCD_GAN_DULIEU_HIENTHI_NN:LCD_GAN_DULIEU_HIENTHI_NN|LCD_HANG_1[123] has unsafe behavior
    Warning (13013): Ports D and ENA on the latch are fed by the same signal XULY_MOD:XULY_MOD|GIATRI_MOD_REG[0]
Warning (14026): LATCH primitive "LCD_GAN_DULIEU_HIENTHI_NN:LCD_GAN_DULIEU_HIENTHI_NN|LCD_HANG_1[64]" is permanently enabled
Warning (14026): LATCH primitive "LCD_GAN_DULIEU_HIENTHI_NN:LCD_GAN_DULIEU_HIENTHI_NN|LCD_HANG_1[96]" is permanently enabled
Warning (14026): LATCH primitive "LCD_GAN_DULIEU_HIENTHI_NN:LCD_GAN_DULIEU_HIENTHI_NN|LCD_HANG_1[112]" is permanently enabled
Warning (14026): LATCH primitive "LCD_GAN_DULIEU_HIENTHI_NN:LCD_GAN_DULIEU_HIENTHI_NN|LCD_HANG_1[48]" is permanently enabled
Warning (14026): LATCH primitive "LCD_GAN_DULIEU_HIENTHI_NN:LCD_GAN_DULIEU_HIENTHI_NN|LCD_HANG_1[72]" is permanently enabled
Warning (14026): LATCH primitive "LCD_GAN_DULIEU_HIENTHI_NN:LCD_GAN_DULIEU_HIENTHI_NN|LCD_HANG_1[88]" is permanently enabled
Warning (14026): LATCH primitive "LCD_GAN_DULIEU_HIENTHI_NN:LCD_GAN_DULIEU_HIENTHI_NN|LCD_HANG_1[120]" is permanently enabled
Warning (14026): LATCH primitive "LCD_GAN_DULIEU_HIENTHI_NN:LCD_GAN_DULIEU_HIENTHI_NN|LCD_HANG_1[65]" is permanently enabled
Warning (14026): LATCH primitive "LCD_GAN_DULIEU_HIENTHI_NN:LCD_GAN_DULIEU_HIENTHI_NN|LCD_HANG_1[97]" is permanently enabled
Warning (14026): LATCH primitive "LCD_GAN_DULIEU_HIENTHI_NN:LCD_GAN_DULIEU_HIENTHI_NN|LCD_HANG_1[113]" is permanently enabled
Warning (14026): LATCH primitive "LCD_GAN_DULIEU_HIENTHI_NN:LCD_GAN_DULIEU_HIENTHI_NN|LCD_HANG_1[49]" is permanently enabled
Warning (14026): LATCH primitive "LCD_GAN_DULIEU_HIENTHI_NN:LCD_GAN_DULIEU_HIENTHI_NN|LCD_HANG_1[73]" is permanently enabled
Warning (14026): LATCH primitive "LCD_GAN_DULIEU_HIENTHI_NN:LCD_GAN_DULIEU_HIENTHI_NN|LCD_HANG_1[89]" is permanently enabled
Warning (14026): LATCH primitive "LCD_GAN_DULIEU_HIENTHI_NN:LCD_GAN_DULIEU_HIENTHI_NN|LCD_HANG_1[121]" is permanently enabled
Warning (14026): LATCH primitive "LCD_GAN_DULIEU_HIENTHI_NN:LCD_GAN_DULIEU_HIENTHI_NN|LCD_HANG_1[74]" is permanently enabled
Warning (14026): LATCH primitive "LCD_GAN_DULIEU_HIENTHI_NN:LCD_GAN_DULIEU_HIENTHI_NN|LCD_HANG_1[90]" is permanently enabled
Warning (14026): LATCH primitive "LCD_GAN_DULIEU_HIENTHI_NN:LCD_GAN_DULIEU_HIENTHI_NN|LCD_HANG_1[98]" is permanently enabled
Warning (14026): LATCH primitive "LCD_GAN_DULIEU_HIENTHI_NN:LCD_GAN_DULIEU_HIENTHI_NN|LCD_HANG_1[114]" is permanently enabled
Warning (14026): LATCH primitive "LCD_GAN_DULIEU_HIENTHI_NN:LCD_GAN_DULIEU_HIENTHI_NN|LCD_HANG_1[122]" is permanently enabled
Warning (14026): LATCH primitive "LCD_GAN_DULIEU_HIENTHI_NN:LCD_GAN_DULIEU_HIENTHI_NN|LCD_HANG_1[75]" is permanently enabled
Warning (14026): LATCH primitive "LCD_GAN_DULIEU_HIENTHI_NN:LCD_GAN_DULIEU_HIENTHI_NN|LCD_HANG_1[99]" is permanently enabled
Warning (14026): LATCH primitive "LCD_GAN_DULIEU_HIENTHI_NN:LCD_GAN_DULIEU_HIENTHI_NN|LCD_HANG_1[123]" is permanently enabled
Warning (13024): Output pins are stuck at VCC or GND
    Warning (13410): Pin "LCD_RW" is stuck at GND
    Warning (13410): Pin "LCD_ON" is stuck at VCC
    Warning (13410): Pin "LCD_BLON" is stuck at VCC
Info (286030): Timing-Driven Synthesis is running
Info (16010): Generating hard_block partition "hard_block:auto_generated_inst"
    Info (16011): Adding 0 node(s), including 0 DDIO, 0 PLL, 0 transceiver and 0 LCELL
Info (21057): Implemented 508 device resources after synthesis - the final resource count might be different
    Info (21058): Implemented 5 input pins
    Info (21059): Implemented 13 output pins
    Info (21061): Implemented 490 logic cells
Info: Quartus II 32-bit Analysis & Synthesis was successful. 0 errors, 116 warnings
    Info: Peak virtual memory: 428 megabytes
    Info: Processing ended: Sat May 05 10:26:34 2018
    Info: Elapsed time: 00:00:10
    Info: Total CPU time (on all processors): 00:00:08


