Release 14.7 - xst P.20131013 (nt64)
Copyright (c) 1995-2013 Xilinx, Inc.  All rights reserved.
--> Parameter TMPDIR set to xst/projnav.tmp


Total REAL time to Xst completion: 1.00 secs
Total CPU time to Xst completion: 0.13 secs
 
--> Parameter xsthdpdir set to xst


Total REAL time to Xst completion: 1.00 secs
Total CPU time to Xst completion: 0.13 secs
 
--> Reading design: HEX_TO_BCD_10BIT.prj

TABLE OF CONTENTS
  1) Synthesis Options Summary
  2) HDL Compilation
  3) Design Hierarchy Analysis
  4) HDL Analysis
  5) HDL Synthesis
     5.1) HDL Synthesis Report
  6) Advanced HDL Synthesis
     6.1) Advanced HDL Synthesis Report
  7) Low Level Synthesis
  8) Partition Report
  9) Final Report
	9.1) Device utilization summary
	9.2) Partition Resource Summary
	9.3) TIMING REPORT


=========================================================================
*                      Synthesis Options Summary                        *
=========================================================================
---- Source Parameters
Input File Name                    : "HEX_TO_BCD_10BIT.prj"
Input Format                       : mixed
Ignore Synthesis Constraint File   : NO

---- Target Parameters
Output File Name                   : "HEX_TO_BCD_10BIT"
Output Format                      : NGC
Target Device                      : xc3s500e-5-pq208

---- Source Options
Top Module Name                    : HEX_TO_BCD_10BIT
Automatic FSM Extraction           : YES
FSM Encoding Algorithm             : Auto
Safe Implementation                : No
FSM Style                          : LUT
RAM Extraction                     : Yes
RAM Style                          : Auto
ROM Extraction                     : Yes
Mux Style                          : Auto
Decoder Extraction                 : YES
Priority Encoder Extraction        : Yes
Shift Register Extraction          : YES
Logical Shifter Extraction         : YES
XOR Collapsing                     : YES
ROM Style                          : Auto
Mux Extraction                     : Yes
Resource Sharing                   : YES
Asynchronous To Synchronous        : NO
Multiplier Style                   : Auto
Automatic Register Balancing       : No

---- Target Options
Add IO Buffers                     : YES
Global Maximum Fanout              : 100000
Add Generic Clock Buffer(BUFG)     : 24
Register Duplication               : YES
Slice Packing                      : YES
Optimize Instantiated Primitives   : NO
Use Clock Enable                   : Yes
Use Synchronous Set                : Yes
Use Synchronous Reset              : Yes
Pack IO Registers into IOBs        : Auto
Equivalent register Removal        : YES

---- General Options
Optimization Goal                  : Speed
Optimization Effort                : 1
Keep Hierarchy                     : No
Netlist Hierarchy                  : As_Optimized
RTL Output                         : Yes
Global Optimization                : AllClockNets
Read Cores                         : YES
Write Timing Constraints           : NO
Cross Clock Analysis               : NO
Hierarchy Separator                : /
Bus Delimiter                      : <>
Case Specifier                     : Maintain
Slice Utilization Ratio            : 100
BRAM Utilization Ratio             : 100
Verilog 2001                       : YES
Auto BRAM Packing                  : NO
Slice Utilization Ratio Delta      : 5

=========================================================================


=========================================================================
*                          HDL Compilation                              *
=========================================================================
Compiling vhdl file "C:/Users/TOSHIBA/Documents/TT_Xilinx/TTTKVMS_CHIEU_T5_NHOM_2/BAI_364_HEX_TO_BCD_10BIT/HEXTOBCD_10BIT.vhd" in Library work.
Architecture behavioral of Entity hextobcd_10bit is up to date.
Compiling vhdl file "C:/Users/TOSHIBA/Documents/TT_Xilinx/TTTKVMS_CHIEU_T5_NHOM_2/BAI_364_HEX_TO_BCD_10BIT/HEX_TO_BCD_10BIT.vhd" in Library work.
Entity <hex_to_bcd_10bit> compiled.
Entity <hex_to_bcd_10bit> (Architecture <behavioral>) compiled.

=========================================================================
*                     Design Hierarchy Analysis                         *
=========================================================================
Analyzing hierarchy for entity <HEX_TO_BCD_10BIT> in library <work> (architecture <behavioral>).

Analyzing hierarchy for entity <HEXTOBCD_10BIT> in library <work> (architecture <Behavioral>).


=========================================================================
*                            HDL Analysis                               *
=========================================================================
Analyzing Entity <HEX_TO_BCD_10BIT> in library <work> (Architecture <behavioral>).
Entity <HEX_TO_BCD_10BIT> analyzed. Unit <HEX_TO_BCD_10BIT> generated.

Analyzing Entity <HEXTOBCD_10BIT> in library <work> (Architecture <Behavioral>).
Entity <HEXTOBCD_10BIT> analyzed. Unit <HEXTOBCD_10BIT> generated.


=========================================================================
*                           HDL Synthesis                               *
=========================================================================

Performing bidirectional port resolution...

Synthesizing Unit <HEXTOBCD_10BIT>.
    Related source file is "C:/Users/TOSHIBA/Documents/TT_Xilinx/TTTKVMS_CHIEU_T5_NHOM_2/BAI_364_HEX_TO_BCD_10BIT/HEXTOBCD_10BIT.vhd".
    Found 4-bit comparator greatequal for signal <BCD_HEX_13$cmp_ge0000> created at line 57.
    Found 4-bit comparator greatequal for signal <BCD_HEX_13$cmp_ge0001> created at line 57.
    Found 4-bit comparator greatequal for signal <BCD_HEX_13$cmp_ge0002> created at line 57.
    Found 4-bit comparator greatequal for signal <BCD_HEX_13$cmp_ge0003> created at line 57.
    Found 4-bit comparator greatequal for signal <BCD_HEX_13$cmp_ge0004> created at line 57.
    Found 4-bit comparator greatequal for signal <BCD_HEX_13$cmp_ge0005> created at line 57.
    Found 4-bit comparator greatequal for signal <BCD_HEX_13$cmp_ge0006> created at line 57.
    Found 4-bit adder for signal <BCD_HEX_13_10$add0000> created at line 58.
    Found 4-bit adder for signal <BCD_HEX_13_10$add0001> created at line 58.
    Found 4-bit adder for signal <BCD_HEX_13_10$add0002> created at line 58.
    Found 4-bit adder for signal <BCD_HEX_13_10$add0003> created at line 58.
    Found 4-bit adder for signal <BCD_HEX_13_10$add0004> created at line 58.
    Found 4-bit adder for signal <BCD_HEX_13_10$add0005> created at line 58.
    Found 4-bit adder for signal <BCD_HEX_13_10$add0006> created at line 58.
    Found 4-bit comparator greatequal for signal <BCD_HEX_17$cmp_ge0000> created at line 61.
    Found 4-bit comparator greatequal for signal <BCD_HEX_17$cmp_ge0001> created at line 61.
    Found 4-bit comparator greatequal for signal <BCD_HEX_17$cmp_ge0002> created at line 61.
    Found 4-bit comparator greatequal for signal <BCD_HEX_17$cmp_ge0003> created at line 61.
    Found 4-bit adder for signal <BCD_HEX_17_14$add0000> created at line 62.
    Found 4-bit adder for signal <BCD_HEX_17_14$add0001> created at line 62.
    Found 4-bit adder for signal <BCD_HEX_17_14$add0002> created at line 62.
    Found 4-bit adder for signal <BCD_HEX_17_14$add0003> created at line 62.
    Found 4-bit comparator greatequal for signal <BCD_HEX_19$cmp_ge0000> created at line 65.
    Found 4-bit adder for signal <BCD_HEX_21_18$add0000> created at line 66.
    Summary:
	inferred  12 Adder/Subtractor(s).
	inferred  12 Comparator(s).
Unit <HEXTOBCD_10BIT> synthesized.


Synthesizing Unit <HEX_TO_BCD_10BIT>.
    Related source file is "C:/Users/TOSHIBA/Documents/TT_Xilinx/TTTKVMS_CHIEU_T5_NHOM_2/BAI_364_HEX_TO_BCD_10BIT/HEX_TO_BCD_10BIT.vhd".
Unit <HEX_TO_BCD_10BIT> synthesized.


=========================================================================
HDL Synthesis Report

Macro Statistics
# Adders/Subtractors                                   : 12
 4-bit adder                                           : 12
# Comparators                                          : 12
 4-bit comparator greatequal                           : 12

=========================================================================

=========================================================================
*                       Advanced HDL Synthesis                          *
=========================================================================


=========================================================================
Advanced HDL Synthesis Report

Macro Statistics
# Adders/Subtractors                                   : 12
 4-bit adder                                           : 12
# Comparators                                          : 12
 4-bit comparator greatequal                           : 12

=========================================================================

=========================================================================
*                         Low Level Synthesis                           *
=========================================================================

Optimizing unit <HEX_TO_BCD_10BIT> ...

Optimizing unit <HEXTOBCD_10BIT> ...

Mapping all equations...
Building and optimizing final netlist ...
Found area constraint ratio of 100 (+ 5) on block HEX_TO_BCD_10BIT, actual ratio is 0.

Final Macro Processing ...

=========================================================================
Final Register Report

Found no macro
=========================================================================

=========================================================================
*                           Partition Report                            *
=========================================================================

Partition Implementation Status
-------------------------------

  No Partitions were found in this design.

-------------------------------

=========================================================================
*                            Final Report                               *
=========================================================================
Final Results
RTL Top Level Output File Name     : HEX_TO_BCD_10BIT.ngr
Top Level Output File Name         : HEX_TO_BCD_10BIT
Output Format                      : NGC
Optimization Goal                  : Speed
Keep Hierarchy                     : No

Design Statistics
# IOs                              : 26

Cell Usage :
# BELS                             : 63
#      GND                         : 1
#      LUT2                        : 2
#      LUT3                        : 21
#      LUT4                        : 38
#      MUXF5                       : 1
# IO Buffers                       : 26
#      IBUF                        : 10
#      OBUF                        : 16
=========================================================================

Device utilization summary:
---------------------------

Selected Device : 3s500epq208-5 

 Number of Slices:                       35  out of   4656     0%  
 Number of 4 input LUTs:                 61  out of   9312     0%  
 Number of IOs:                          26
 Number of bonded IOBs:                  26  out of    158    16%  

---------------------------
Partition Resource Summary:
---------------------------

  No Partitions were found in this design.

---------------------------


=========================================================================
TIMING REPORT

NOTE: THESE TIMING NUMBERS ARE ONLY A SYNTHESIS ESTIMATE.
      FOR ACCURATE TIMING INFORMATION PLEASE REFER TO THE TRACE REPORT
      GENERATED AFTER PLACE-and-ROUTE.

Clock Information:
------------------
No clock signals found in this design

Asynchronous Control Signals Information:
----------------------------------------
No asynchronous control signals found in this design

Timing Summary:
---------------
Speed Grade: -5

   Minimum period: No path found
   Minimum input arrival time before clock: No path found
   Maximum output required time after clock: No path found
   Maximum combinational path delay: 21.941ns

Timing Detail:
--------------
All values displayed in nanoseconds (ns)

=========================================================================
Timing constraint: Default path analysis
  Total number of paths / destination ports: 29439 / 13
-------------------------------------------------------------------------
Delay:               21.941ns (Levels of Logic = 17)
  Source:            SW<7> (PAD)
  Destination:       LED<2> (PAD)

  Data Path: SW<7> to LED<2>
                                Gate     Net
    Cell:in->out      fanout   Delay   Delay  Logical Name (Net Name)
    ----------------------------------------  ------------
     IBUF:I->O             7   1.106   0.754  SW_7_IBUF (SW_7_IBUF)
     LUT4:I0->O            6   0.612   0.721  HEXTOBCD_10BIT/BCD_HEX_13_mux00011 (HEXTOBCD_10BIT/BCD_HEX_13_mux0001)
     LUT3:I0->O            8   0.612   0.795  HEXTOBCD_10BIT/Madd_BCD_HEX_13_10_add0002_cy<1>11 (HEXTOBCD_10BIT/Madd_BCD_HEX_13_10_add0002_cy<1>)
     LUT3:I0->O            2   0.612   0.449  HEXTOBCD_10BIT/BCD_HEX_13_cmp_ge00021 (HEXTOBCD_10BIT/BCD_HEX_13_cmp_ge0002)
     LUT3:I1->O            3   0.612   0.454  HEXTOBCD_10BIT/Madd_BCD_HEX_13_10_add0003_cy<1>11 (HEXTOBCD_10BIT/Madd_BCD_HEX_13_10_add0003_cy<1>)
     LUT4:I3->O            2   0.612   0.383  HEXTOBCD_10BIT/BCD_HEX_13_mux000311 (HEXTOBCD_10BIT/N16)
     LUT4:I3->O            4   0.612   0.568  HEXTOBCD_10BIT/BCD_HEX_13_cmp_ge00031 (HEXTOBCD_10BIT/BCD_HEX_13_cmp_ge0003)
     LUT2:I1->O            2   0.612   0.532  HEXTOBCD_10BIT/BCD_HEX_11_mux000321 (HEXTOBCD_10BIT/N71)
     LUT4:I0->O           11   0.612   0.945  HEXTOBCD_10BIT/BCD_HEX_13_mux000411 (HEXTOBCD_10BIT/N17)
     LUT3:I0->O            1   0.612   0.509  HEXTOBCD_10BIT/BCD_HEX_11_mux000421 (HEXTOBCD_10BIT/N111)
     LUT4:I0->O            6   0.612   0.721  HEXTOBCD_10BIT/BCD_HEX_13_mux000511 (HEXTOBCD_10BIT/N18)
     LUT3:I0->O            3   0.612   0.603  HEXTOBCD_10BIT/BCD_HEX_11_mux000521 (HEXTOBCD_10BIT/N121)
     LUT4:I0->O            1   0.612   0.000  HEXTOBCD_10BIT/BCD_HEX_13_mux0006112 (HEXTOBCD_10BIT/BCD_HEX_13_mux0006111)
     MUXF5:I0->O           3   0.278   0.603  HEXTOBCD_10BIT/BCD_HEX_13_mux000611_f5 (HEXTOBCD_10BIT/N19)
     LUT3:I0->O            1   0.612   0.426  HEXTOBCD_10BIT/BCD_HEX_11_mux000621 (HEXTOBCD_10BIT/N10)
     LUT4:I1->O            1   0.612   0.357  HEXTOBCD_10BIT/BCD_HEX_11_mux00061 (LED_2_OBUF)
     OBUF:I->O                 3.169          LED_2_OBUF (LED<2>)
    ----------------------------------------
    Total                     21.941ns (13.121ns logic, 8.820ns route)
                                       (59.8% logic, 40.2% route)

=========================================================================


Total REAL time to Xst completion: 7.00 secs
Total CPU time to Xst completion: 6.92 secs
 
--> 

Total memory usage is 4536464 kilobytes

Number of errors   :    0 (   0 filtered)
Number of warnings :    0 (   0 filtered)
Number of infos    :    0 (   0 filtered)

