Release 14.7 - xst P.20131013 (nt64)
Copyright (c) 1995-2013 Xilinx, Inc.  All rights reserved.
--> Parameter TMPDIR set to xst/projnav.tmp


Total REAL time to Xst completion: 0.00 secs
Total CPU time to Xst completion: 0.29 secs
 
--> Parameter xsthdpdir set to xst


Total REAL time to Xst completion: 0.00 secs
Total CPU time to Xst completion: 0.29 secs
 
--> Reading design: DEM_00_XX_HT_7DOAN_SS_BTN.prj

TABLE OF CONTENTS
  1) Synthesis Options Summary
  2) HDL Compilation
  3) Design Hierarchy Analysis
  4) HDL Analysis
  5) HDL Synthesis
     5.1) HDL Synthesis Report
  6) Advanced HDL Synthesis
     6.1) Advanced HDL Synthesis Report
  7) Low Level Synthesis
  8) Partition Report
  9) Final Report
	9.1) Device utilization summary
	9.2) Partition Resource Summary
	9.3) TIMING REPORT


=========================================================================
*                      Synthesis Options Summary                        *
=========================================================================
---- Source Parameters
Input File Name                    : "DEM_00_XX_HT_7DOAN_SS_BTN.prj"
Input Format                       : mixed
Ignore Synthesis Constraint File   : NO

---- Target Parameters
Output File Name                   : "DEM_00_XX_HT_7DOAN_SS_BTN"
Output Format                      : NGC
Target Device                      : xc3s500e-5-pq208

---- Source Options
Top Module Name                    : DEM_00_XX_HT_7DOAN_SS_BTN
Automatic FSM Extraction           : YES
FSM Encoding Algorithm             : Auto
Safe Implementation                : No
FSM Style                          : LUT
RAM Extraction                     : Yes
RAM Style                          : Auto
ROM Extraction                     : Yes
Mux Style                          : Auto
Decoder Extraction                 : YES
Priority Encoder Extraction        : Yes
Shift Register Extraction          : YES
Logical Shifter Extraction         : YES
XOR Collapsing                     : YES
ROM Style                          : Auto
Mux Extraction                     : Yes
Resource Sharing                   : YES
Asynchronous To Synchronous        : NO
Multiplier Style                   : Auto
Automatic Register Balancing       : No

---- Target Options
Add IO Buffers                     : YES
Global Maximum Fanout              : 500
Add Generic Clock Buffer(BUFG)     : 24
Register Duplication               : YES
Slice Packing                      : YES
Optimize Instantiated Primitives   : NO
Use Clock Enable                   : Yes
Use Synchronous Set                : Yes
Use Synchronous Reset              : Yes
Pack IO Registers into IOBs        : Auto
Equivalent register Removal        : YES

---- General Options
Optimization Goal                  : Speed
Optimization Effort                : 1
Keep Hierarchy                     : No
Netlist Hierarchy                  : As_Optimized
RTL Output                         : Yes
Global Optimization                : AllClockNets
Read Cores                         : YES
Write Timing Constraints           : NO
Cross Clock Analysis               : NO
Hierarchy Separator                : /
Bus Delimiter                      : <>
Case Specifier                     : Maintain
Slice Utilization Ratio            : 100
BRAM Utilization Ratio             : 100
Verilog 2001                       : YES
Auto BRAM Packing                  : NO
Slice Utilization Ratio Delta      : 5

=========================================================================


=========================================================================
*                          HDL Compilation                              *
=========================================================================
Compiling vhdl file "C:/Users/TOSHIBA/Documents/TT_Xilinx/TTTKVMS_CHIEU_T5_NHOM_2/BAI_521_DEM_00_XX_HT_7DOAN_SS_BTN/DEM_3BIT_CHON_8KENH.vhd" in Library work.
Architecture behavioral of Entity dem_3bit_chon_8kenh is up to date.
Compiling vhdl file "C:/Users/TOSHIBA/Documents/TT_Xilinx/TTTKVMS_CHIEU_T5_NHOM_2/BAI_521_DEM_00_XX_HT_7DOAN_SS_BTN/QUET_ANODE_8LED_7DOAN.vhd" in Library work.
Architecture behavioral of Entity quet_anode_8led_7doan is up to date.
Compiling vhdl file "C:/Users/TOSHIBA/Documents/TT_Xilinx/TTTKVMS_CHIEU_T5_NHOM_2/BAI_521_DEM_00_XX_HT_7DOAN_SS_BTN/DAHOP_8KENH.vhd" in Library work.
Architecture behavioral of Entity dahop_8kenh is up to date.
Compiling vhdl file "C:/Users/TOSHIBA/Documents/TT_Xilinx/TTTKVMS_CHIEU_T5_NHOM_2/BAI_521_DEM_00_XX_HT_7DOAN_SS_BTN/GIAIMA_7DOAN_ENA.vhd" in Library work.
Architecture behavioral of Entity giaima_7doan_ena is up to date.
Compiling vhdl file "C:/Users/TOSHIBA/Documents/TT_Xilinx/TTTKVMS_CHIEU_T5_NHOM_2/BAI_521_DEM_00_XX_HT_7DOAN_SS_BTN/DEBOUNCE_BTN.vhd" in Library work.
Architecture behavioral of Entity debounce_btn is up to date.
Compiling vhdl file "C:/Users/TOSHIBA/Documents/TT_Xilinx/TTTKVMS_CHIEU_T5_NHOM_2/BAI_521_DEM_00_XX_HT_7DOAN_SS_BTN/LAM_HEP_XUNG.vhd" in Library work.
Architecture behavioral of Entity lam_hep_xung is up to date.
Compiling vhdl file "C:/Users/TOSHIBA/Documents/TT_Xilinx/TTTKVMS_CHIEU_T5_NHOM_2/BAI_521_DEM_00_XX_HT_7DOAN_SS_BTN/CD_LAM_HEP_BTN.vhd" in Library work.
Architecture behavioral of Entity cd_lam_hep_btn is up to date.
Compiling vhdl file "C:/Users/TOSHIBA/Documents/TT_Xilinx/TTTKVMS_CHIEU_T5_NHOM_2/BAI_521_DEM_00_XX_HT_7DOAN_SS_BTN/DEM_1BIT.vhd" in Library work.
Architecture behavioral of Entity dem_1bit is up to date.
Compiling vhdl file "C:/Users/TOSHIBA/Documents/TT_Xilinx/TTTKVMS_CHIEU_T5_NHOM_2/BAI_521_DEM_00_XX_HT_7DOAN_SS_BTN/CHIA_10ENA.vhd" in Library work.
Architecture behavioral of Entity chia_10ena is up to date.
Compiling vhdl file "C:/Users/TOSHIBA/Documents/TT_Xilinx/TTTKVMS_CHIEU_T5_NHOM_2/BAI_521_DEM_00_XX_HT_7DOAN_SS_BTN/DEM_2SO_GH.vhd" in Library work.
Architecture behavioral of Entity dem_2so_gh is up to date.
Compiling vhdl file "C:/Users/TOSHIBA/Documents/TT_Xilinx/TTTKVMS_CHIEU_T5_NHOM_2/BAI_521_DEM_00_XX_HT_7DOAN_SS_BTN/GIAIMA_HIENTHI_8LED_7DOAN.vhd" in Library work.
Architecture behavioral of Entity giaima_hienthi_8led_7doan is up to date.
Compiling vhdl file "C:/Users/TOSHIBA/Documents/TT_Xilinx/TTTKVMS_CHIEU_T5_NHOM_2/BAI_521_DEM_00_XX_HT_7DOAN_SS_BTN/DEM_00_XX_HT_7DOAN_SS_BTN.vhd" in Library work.
Entity <dem_00_xx_ht_7doan_ss_btn> compiled.
Entity <dem_00_xx_ht_7doan_ss_btn> (Architecture <behavioral>) compiled.

=========================================================================
*                     Design Hierarchy Analysis                         *
=========================================================================
Analyzing hierarchy for entity <DEM_00_XX_HT_7DOAN_SS_BTN> in library <work> (architecture <behavioral>).

Analyzing hierarchy for entity <CD_LAM_HEP_BTN> in library <work> (architecture <Behavioral>).

Analyzing hierarchy for entity <DEM_1BIT> in library <work> (architecture <Behavioral>).

Analyzing hierarchy for entity <CHIA_10ENA> in library <work> (architecture <Behavioral>).

Analyzing hierarchy for entity <DEM_2SO_GH> in library <work> (architecture <Behavioral>).

Analyzing hierarchy for entity <GIAIMA_HIENTHI_8LED_7DOAN> in library <work> (architecture <Behavioral>).

Analyzing hierarchy for entity <DEBOUNCE_BTN> in library <work> (architecture <Behavioral>).

Analyzing hierarchy for entity <LAM_HEP_XUNG> in library <work> (architecture <Behavioral>).

Analyzing hierarchy for entity <DEM_3BIT_CHON_8KENH> in library <work> (architecture <Behavioral>).

Analyzing hierarchy for entity <QUET_ANODE_8LED_7DOAN> in library <work> (architecture <Behavioral>).

Analyzing hierarchy for entity <DAHOP_8KENH> in library <work> (architecture <Behavioral>).

Analyzing hierarchy for entity <GIAIMA_7DOAN_ENA> in library <work> (architecture <Behavioral>).


=========================================================================
*                            HDL Analysis                               *
=========================================================================
Analyzing Entity <DEM_00_XX_HT_7DOAN_SS_BTN> in library <work> (Architecture <behavioral>).
Entity <DEM_00_XX_HT_7DOAN_SS_BTN> analyzed. Unit <DEM_00_XX_HT_7DOAN_SS_BTN> generated.

Analyzing Entity <CD_LAM_HEP_BTN> in library <work> (Architecture <Behavioral>).
Entity <CD_LAM_HEP_BTN> analyzed. Unit <CD_LAM_HEP_BTN> generated.

Analyzing Entity <DEBOUNCE_BTN> in library <work> (Architecture <Behavioral>).
Entity <DEBOUNCE_BTN> analyzed. Unit <DEBOUNCE_BTN> generated.

Analyzing Entity <LAM_HEP_XUNG> in library <work> (Architecture <Behavioral>).
Entity <LAM_HEP_XUNG> analyzed. Unit <LAM_HEP_XUNG> generated.

Analyzing Entity <DEM_1BIT> in library <work> (Architecture <Behavioral>).
Entity <DEM_1BIT> analyzed. Unit <DEM_1BIT> generated.

Analyzing Entity <CHIA_10ENA> in library <work> (Architecture <Behavioral>).
Entity <CHIA_10ENA> analyzed. Unit <CHIA_10ENA> generated.

Analyzing Entity <DEM_2SO_GH> in library <work> (Architecture <Behavioral>).
Entity <DEM_2SO_GH> analyzed. Unit <DEM_2SO_GH> generated.

Analyzing Entity <GIAIMA_HIENTHI_8LED_7DOAN> in library <work> (Architecture <Behavioral>).
Entity <GIAIMA_HIENTHI_8LED_7DOAN> analyzed. Unit <GIAIMA_HIENTHI_8LED_7DOAN> generated.

Analyzing Entity <DEM_3BIT_CHON_8KENH> in library <work> (Architecture <Behavioral>).
Entity <DEM_3BIT_CHON_8KENH> analyzed. Unit <DEM_3BIT_CHON_8KENH> generated.

Analyzing Entity <QUET_ANODE_8LED_7DOAN> in library <work> (Architecture <Behavioral>).
Entity <QUET_ANODE_8LED_7DOAN> analyzed. Unit <QUET_ANODE_8LED_7DOAN> generated.

Analyzing Entity <DAHOP_8KENH> in library <work> (Architecture <Behavioral>).
INFO:Xst:1561 - "C:/Users/TOSHIBA/Documents/TT_Xilinx/TTTKVMS_CHIEU_T5_NHOM_2/BAI_521_DEM_00_XX_HT_7DOAN_SS_BTN/DAHOP_8KENH.vhd" line 61: Mux is complete : default of case is discarded
INFO:Xst:1561 - "C:/Users/TOSHIBA/Documents/TT_Xilinx/TTTKVMS_CHIEU_T5_NHOM_2/BAI_521_DEM_00_XX_HT_7DOAN_SS_BTN/DAHOP_8KENH.vhd" line 77: Mux is complete : default of case is discarded
INFO:Xst:1561 - "C:/Users/TOSHIBA/Documents/TT_Xilinx/TTTKVMS_CHIEU_T5_NHOM_2/BAI_521_DEM_00_XX_HT_7DOAN_SS_BTN/DAHOP_8KENH.vhd" line 92: Mux is complete : default of case is discarded
Entity <DAHOP_8KENH> analyzed. Unit <DAHOP_8KENH> generated.

Analyzing Entity <GIAIMA_7DOAN_ENA> in library <work> (Architecture <Behavioral>).
Entity <GIAIMA_7DOAN_ENA> analyzed. Unit <GIAIMA_7DOAN_ENA> generated.


=========================================================================
*                           HDL Synthesis                               *
=========================================================================

Performing bidirectional port resolution...

Synthesizing Unit <DEM_1BIT>.
    Related source file is "C:/Users/TOSHIBA/Documents/TT_Xilinx/TTTKVMS_CHIEU_T5_NHOM_2/BAI_521_DEM_00_XX_HT_7DOAN_SS_BTN/DEM_1BIT.vhd".
    Found 1-bit register for signal <Q_R>.
    Summary:
	inferred   1 D-type flip-flop(s).
Unit <DEM_1BIT> synthesized.


Synthesizing Unit <CHIA_10ENA>.
    Related source file is "C:/Users/TOSHIBA/Documents/TT_Xilinx/TTTKVMS_CHIEU_T5_NHOM_2/BAI_521_DEM_00_XX_HT_7DOAN_SS_BTN/CHIA_10ENA.vhd".
    Found 23-bit adder for signal <D10HZ_N$addsub0000> created at line 98.
    Found 23-bit register for signal <D10HZ_R>.
    Found 26-bit adder for signal <D1HZ_N$addsub0000> created at line 101.
    Found 26-bit register for signal <D1HZ_R>.
    Found 16-bit adder for signal <D1KHZ_N$addsub0000> created at line 93.
    Found 16-bit register for signal <D1KHZ_R>.
    Summary:
	inferred  65 D-type flip-flop(s).
	inferred   3 Adder/Subtractor(s).
Unit <CHIA_10ENA> synthesized.


Synthesizing Unit <DEM_2SO_GH>.
    Related source file is "C:/Users/TOSHIBA/Documents/TT_Xilinx/TTTKVMS_CHIEU_T5_NHOM_2/BAI_521_DEM_00_XX_HT_7DOAN_SS_BTN/DEM_2SO_GH.vhd".
    Found 4-bit register for signal <CHUC_R>.
    Found 4-bit adder for signal <CHUC_R$addsub0000> created at line 66.
    Found 4-bit register for signal <DONVI_R>.
    Found 4-bit adder for signal <DONVI_R$addsub0000> created at line 63.
    Summary:
	inferred   8 D-type flip-flop(s).
	inferred   2 Adder/Subtractor(s).
Unit <DEM_2SO_GH> synthesized.


Synthesizing Unit <DEBOUNCE_BTN>.
    Related source file is "C:/Users/TOSHIBA/Documents/TT_Xilinx/TTTKVMS_CHIEU_T5_NHOM_2/BAI_521_DEM_00_XX_HT_7DOAN_SS_BTN/DEBOUNCE_BTN.vhd".
    Found finite state machine <FSM_0> for signal <DB_R>.
    -----------------------------------------------------------------------
    | States             | 4                                              |
    | Transitions        | 10                                             |
    | Inputs             | 2                                              |
    | Outputs            | 5                                              |
    | Clock              | CKHT                      (falling_edge)       |
    | Power Up State     | zero                                           |
    | Encoding           | automatic                                      |
    | Implementation     | LUT                                            |
    -----------------------------------------------------------------------
    Found 20-bit register for signal <DL_R>.
    Found 20-bit subtractor for signal <DL_R$addsub0000>.
    Summary:
	inferred   1 Finite State Machine(s).
	inferred  20 D-type flip-flop(s).
	inferred   1 Adder/Subtractor(s).
Unit <DEBOUNCE_BTN> synthesized.


Synthesizing Unit <LAM_HEP_XUNG>.
    Related source file is "C:/Users/TOSHIBA/Documents/TT_Xilinx/TTTKVMS_CHIEU_T5_NHOM_2/BAI_521_DEM_00_XX_HT_7DOAN_SS_BTN/LAM_HEP_XUNG.vhd".
    Found 1-bit register for signal <QFF>.
    Summary:
	inferred   1 D-type flip-flop(s).
Unit <LAM_HEP_XUNG> synthesized.


Synthesizing Unit <DEM_3BIT_CHON_8KENH>.
    Related source file is "C:/Users/TOSHIBA/Documents/TT_Xilinx/TTTKVMS_CHIEU_T5_NHOM_2/BAI_521_DEM_00_XX_HT_7DOAN_SS_BTN/DEM_3BIT_CHON_8KENH.vhd".
    Found 3-bit up counter for signal <Q_R>.
    Summary:
	inferred   1 Counter(s).
Unit <DEM_3BIT_CHON_8KENH> synthesized.


Synthesizing Unit <QUET_ANODE_8LED_7DOAN>.
    Related source file is "C:/Users/TOSHIBA/Documents/TT_Xilinx/TTTKVMS_CHIEU_T5_NHOM_2/BAI_521_DEM_00_XX_HT_7DOAN_SS_BTN/QUET_ANODE_8LED_7DOAN.vhd".
    Found 1-of-8 decoder for signal <ANODE>.
    Summary:
	inferred   1 Decoder(s).
Unit <QUET_ANODE_8LED_7DOAN> synthesized.


Synthesizing Unit <DAHOP_8KENH>.
    Related source file is "C:/Users/TOSHIBA/Documents/TT_Xilinx/TTTKVMS_CHIEU_T5_NHOM_2/BAI_521_DEM_00_XX_HT_7DOAN_SS_BTN/DAHOP_8KENH.vhd".
    Found 8x1-bit ROM for signal <ENA_1LED>.
    Found 4-bit 8-to-1 multiplexer for signal <SO_GMA>.
    Summary:
	inferred   1 ROM(s).
	inferred   4 Multiplexer(s).
Unit <DAHOP_8KENH> synthesized.


Synthesizing Unit <GIAIMA_7DOAN_ENA>.
    Related source file is "C:/Users/TOSHIBA/Documents/TT_Xilinx/TTTKVMS_CHIEU_T5_NHOM_2/BAI_521_DEM_00_XX_HT_7DOAN_SS_BTN/GIAIMA_7DOAN_ENA.vhd".
Unit <GIAIMA_7DOAN_ENA> synthesized.


Synthesizing Unit <CD_LAM_HEP_BTN>.
    Related source file is "C:/Users/TOSHIBA/Documents/TT_Xilinx/TTTKVMS_CHIEU_T5_NHOM_2/BAI_521_DEM_00_XX_HT_7DOAN_SS_BTN/CD_LAM_HEP_BTN.vhd".
Unit <CD_LAM_HEP_BTN> synthesized.


Synthesizing Unit <GIAIMA_HIENTHI_8LED_7DOAN>.
    Related source file is "C:/Users/TOSHIBA/Documents/TT_Xilinx/TTTKVMS_CHIEU_T5_NHOM_2/BAI_521_DEM_00_XX_HT_7DOAN_SS_BTN/GIAIMA_HIENTHI_8LED_7DOAN.vhd".
Unit <GIAIMA_HIENTHI_8LED_7DOAN> synthesized.


Synthesizing Unit <DEM_00_XX_HT_7DOAN_SS_BTN>.
    Related source file is "C:/Users/TOSHIBA/Documents/TT_Xilinx/TTTKVMS_CHIEU_T5_NHOM_2/BAI_521_DEM_00_XX_HT_7DOAN_SS_BTN/DEM_00_XX_HT_7DOAN_SS_BTN.vhd".
Unit <DEM_00_XX_HT_7DOAN_SS_BTN> synthesized.

INFO:Xst:1767 - HDL ADVISOR - Resource sharing has identified that some arithmetic operations in this design can share the same physical resources for reduced device utilization. For improved clock frequency you may try to disable resource sharing.

=========================================================================
HDL Synthesis Report

Macro Statistics
# ROMs                                                 : 1
 8x1-bit ROM                                           : 1
# Adders/Subtractors                                   : 6
 16-bit adder                                          : 1
 20-bit subtractor                                     : 1
 23-bit adder                                          : 1
 26-bit adder                                          : 1
 4-bit adder                                           : 2
# Counters                                             : 1
 3-bit up counter                                      : 1
# Registers                                            : 8
 1-bit register                                        : 2
 16-bit register                                       : 1
 20-bit register                                       : 1
 23-bit register                                       : 1
 26-bit register                                       : 1
 4-bit register                                        : 2
# Multiplexers                                         : 1
 4-bit 8-to-1 multiplexer                              : 1
# Decoders                                             : 1
 1-of-8 decoder                                        : 1

=========================================================================

=========================================================================
*                       Advanced HDL Synthesis                          *
=========================================================================

Analyzing FSM <FSM_0> for best encoding.
Optimizing FSM <ICK1/IC3/DB_R/FSM> on signal <DB_R[1:2]> with sequential encoding.
-------------------
 State | Encoding
-------------------
 zero  | 00
 wait0 | 11
 one   | 10
 wait1 | 01
-------------------

=========================================================================
Advanced HDL Synthesis Report

Macro Statistics
# FSMs                                                 : 1
# ROMs                                                 : 1
 8x1-bit ROM                                           : 1
# Adders/Subtractors                                   : 6
 16-bit adder                                          : 1
 20-bit subtractor                                     : 1
 23-bit adder                                          : 1
 26-bit adder                                          : 1
 4-bit adder                                           : 2
# Counters                                             : 1
 3-bit up counter                                      : 1
# Registers                                            : 95
 Flip-Flops                                            : 95
# Multiplexers                                         : 1
 4-bit 8-to-1 multiplexer                              : 1
# Decoders                                             : 1
 1-of-8 decoder                                        : 1

=========================================================================

=========================================================================
*                         Low Level Synthesis                           *
=========================================================================

Optimizing unit <DEM_00_XX_HT_7DOAN_SS_BTN> ...

Optimizing unit <CHIA_10ENA> ...

Optimizing unit <DEM_2SO_GH> ...

Optimizing unit <DEBOUNCE_BTN> ...

Mapping all equations...
Building and optimizing final netlist ...
Found area constraint ratio of 100 (+ 5) on block DEM_00_XX_HT_7DOAN_SS_BTN, actual ratio is 2.

Final Macro Processing ...

=========================================================================
Final Register Report

Macro Statistics
# Registers                                            : 100
 Flip-Flops                                            : 100

=========================================================================

=========================================================================
*                           Partition Report                            *
=========================================================================

Partition Implementation Status
-------------------------------

  No Partitions were found in this design.

-------------------------------

=========================================================================
*                            Final Report                               *
=========================================================================
Final Results
RTL Top Level Output File Name     : DEM_00_XX_HT_7DOAN_SS_BTN.ngr
Top Level Output File Name         : DEM_00_XX_HT_7DOAN_SS_BTN
Output Format                      : NGC
Optimization Goal                  : Speed
Keep Hierarchy                     : No

Design Statistics
# IOs                              : 21

Cell Usage :
# BELS                             : 356
#      GND                         : 1
#      INV                         : 28
#      LUT1                        : 63
#      LUT2                        : 5
#      LUT3                        : 23
#      LUT3_L                      : 1
#      LUT4                        : 50
#      LUT4_D                      : 3
#      LUT4_L                      : 6
#      MUXCY                       : 86
#      MUXF5                       : 4
#      VCC                         : 1
#      XORCY                       : 85
# FlipFlops/Latches                : 100
#      FD_1                        : 2
#      FDCE_1                      : 9
#      FDE                         : 3
#      FDR_1                       : 62
#      FDS_1                       : 3
#      FDSE_1                      : 21
# Clock Buffers                    : 1
#      BUFGP                       : 1
# IO Buffers                       : 20
#      IBUF                        : 3
#      OBUF                        : 17
=========================================================================

Device utilization summary:
---------------------------

Selected Device : 3s500epq208-5 

 Number of Slices:                       93  out of   4656     1%  
 Number of Slice Flip Flops:            100  out of   9312     1%  
 Number of 4 input LUTs:                179  out of   9312     1%  
 Number of IOs:                          21
 Number of bonded IOBs:                  21  out of    158    13%  
 Number of GCLKs:                         1  out of     24     4%  

---------------------------
Partition Resource Summary:
---------------------------

  No Partitions were found in this design.

---------------------------


=========================================================================
TIMING REPORT

NOTE: THESE TIMING NUMBERS ARE ONLY A SYNTHESIS ESTIMATE.
      FOR ACCURATE TIMING INFORMATION PLEASE REFER TO THE TRACE REPORT
      GENERATED AFTER PLACE-and-ROUTE.

Clock Information:
------------------
-----------------------------------+------------------------+-------+
Clock Signal                       | Clock buffer(FF name)  | Load  |
-----------------------------------+------------------------+-------+
CKHT                               | BUFGP                  | 100   |
-----------------------------------+------------------------+-------+

Asynchronous Control Signals Information:
----------------------------------------
-----------------------------------+------------------------+-------+
Control Signal                     | Buffer(FF name)        | Load  |
-----------------------------------+------------------------+-------+
BTN<0>                             | IBUF                   | 9     |
-----------------------------------+------------------------+-------+

Timing Summary:
---------------
Speed Grade: -5

   Minimum period: 5.971ns (Maximum Frequency: 167.478MHz)
   Minimum input arrival time before clock: 6.318ns
   Maximum output required time after clock: 8.633ns
   Maximum combinational path delay: No path found

Timing Detail:
--------------
All values displayed in nanoseconds (ns)

=========================================================================
Timing constraint: Default period analysis for Clock 'CKHT'
  Clock period: 5.971ns (frequency: 167.478MHz)
  Total number of paths / destination ports: 3344 / 218
-------------------------------------------------------------------------
Delay:               5.971ns (Levels of Logic = 4)
  Source:            IC1/D1HZ_R_24 (FF)
  Destination:       IC2/DONVI_R_3 (FF)
  Source Clock:      CKHT falling
  Destination Clock: CKHT falling

  Data Path: IC1/D1HZ_R_24 to IC2/DONVI_R_3
                                Gate     Net
    Cell:in->out      fanout   Delay   Delay  Logical Name (Net Name)
    ----------------------------------------  ------------
     FDR_1:C->Q            3   0.514   0.603  IC1/D1HZ_R_24 (IC1/D1HZ_R_24)
     LUT4:I0->O            1   0.612   0.426  ENA_DB24 (ENA_DB24)
     LUT3:I1->O            1   0.612   0.426  ENA_DB35 (ENA_DB35)
     LUT4:I1->O            6   0.612   0.572  ENA_DB144 (ENA_DB)
     LUT4:I3->O            4   0.612   0.499  IC2/DONVI_R_not00021 (IC2/DONVI_R_not0002)
     FDCE_1:CE                 0.483          IC2/DONVI_R_0
    ----------------------------------------
    Total                      5.971ns (3.445ns logic, 2.526ns route)
                                       (57.7% logic, 42.3% route)

=========================================================================
Timing constraint: Default OFFSET IN BEFORE for Clock 'CKHT'
  Total number of paths / destination ports: 46 / 34
-------------------------------------------------------------------------
Offset:              6.318ns (Levels of Logic = 5)
  Source:            SW (PAD)
  Destination:       IC2/DONVI_R_3 (FF)
  Destination Clock: CKHT falling

  Data Path: SW to IC2/DONVI_R_3
                                Gate     Net
    Cell:in->out      fanout   Delay   Delay  Logical Name (Net Name)
    ----------------------------------------  ------------
     IBUF:I->O             2   1.106   0.532  SW_IBUF (SW_IBUF)
     LUT4:I0->O            1   0.612   0.426  ENA_DB113_SW0 (N49)
     LUT4_L:I1->LO         1   0.612   0.252  ENA_DB113 (ENA_DB113)
     LUT4:I0->O            6   0.612   0.572  ENA_DB144 (ENA_DB)
     LUT4:I3->O            4   0.612   0.499  IC2/DONVI_R_not00021 (IC2/DONVI_R_not0002)
     FDCE_1:CE                 0.483          IC2/DONVI_R_0
    ----------------------------------------
    Total                      6.318ns (4.037ns logic, 2.281ns route)
                                       (63.9% logic, 36.1% route)

=========================================================================
Timing constraint: Default OFFSET OUT AFTER for Clock 'CKHT'
  Total number of paths / destination ports: 209 / 16
-------------------------------------------------------------------------
Offset:              8.633ns (Levels of Logic = 5)
  Source:            IC3/K1/Q_R_1 (FF)
  Destination:       SSEG<6> (PAD)
  Source Clock:      CKHT falling

  Data Path: IC3/K1/Q_R_1 to SSEG<6>
                                Gate     Net
    Cell:in->out      fanout   Delay   Delay  Logical Name (Net Name)
    ----------------------------------------  ------------
     FDE:C->Q             24   0.514   1.216  IC3/K1/Q_R_1 (IC3/K1/Q_R_1)
     LUT4:I0->O            1   0.612   0.000  IC3/K3/Mmux_SO_GMA61 (IC3/K3/Mmux_SO_GMA6)
     MUXF5:I0->O           7   0.278   0.754  IC3/K3/Mmux_SO_GMA6_f5 (IC3/SO_GMA<2>)
     LUT4:I0->O            1   0.612   0.509  IC3/K4/SSEG<0>_SW1 (N75)
     LUT3:I0->O            1   0.612   0.357  IC3/K4/SSEG<0> (SSEG_0_OBUF)
     OBUF:I->O                 3.169          SSEG_0_OBUF (SSEG<0>)
    ----------------------------------------
    Total                      8.633ns (5.797ns logic, 2.836ns route)
                                       (67.1% logic, 32.9% route)

=========================================================================


Total REAL time to Xst completion: 7.00 secs
Total CPU time to Xst completion: 7.25 secs
 
--> 

Total memory usage is 4536816 kilobytes

Number of errors   :    0 (   0 filtered)
Number of warnings :    0 (   0 filtered)
Number of infos    :    4 (   0 filtered)

