--------------------------------------------------------------------------------
Release 14.7 Trace  (nt64)
Copyright (c) 1995-2013 Xilinx, Inc.  All rights reserved.

C:\Xilinx\14.7\ISE_DS\ISE\bin\nt64\unwrapped\trce.exe -intstyle ise -v 3 -s 4
-n 3 -fastpaths -xml DEM_NHI_PHAN_8BIT_UD_AUTO_SS_SW.twx
DEM_NHI_PHAN_8BIT_UD_AUTO_SS_SW.ncd -o DEM_NHI_PHAN_8BIT_UD_AUTO_SS_SW.twr
DEM_NHI_PHAN_8BIT_UD_AUTO_SS_SW.pcf

Design file:              DEM_NHI_PHAN_8BIT_UD_AUTO_SS_SW.ncd
Physical constraint file: DEM_NHI_PHAN_8BIT_UD_AUTO_SS_SW.pcf
Device,package,speed:     xa3s500e,pqg208,-4 (PRODUCTION 1.27 2013-10-13)
Report level:             verbose report

Environment Variable      Effect 
--------------------      ------ 
NONE                      No environment variables were set
--------------------------------------------------------------------------------

INFO:Timing:2698 - No timing constraints found, doing default enumeration.
INFO:Timing:3412 - To improve timing, see the Timing Closure User Guide (UG612).
INFO:Timing:2752 - To get complete path coverage, use the unconstrained paths 
   option. All paths that are not constrained will be reported in the 
   unconstrained paths section(s) of the report.
INFO:Timing:3339 - The clock-to-out numbers in this timing report are based on 
   a 50 Ohm transmission line loading model.  For the details of this model, 
   and for more information on accounting for different loading conditions, 
   please see the device datasheet.
INFO:Timing:3390 - This architecture does not support a default System Jitter 
   value, please add SYSTEM_JITTER constraint to the UCF to modify the Clock 
   Uncertainty calculation.
INFO:Timing:3389 - This architecture does not support 'Discrete Jitter' and 
   'Phase Error' calculations, these terms will be zero in the Clock 
   Uncertainty calculation.  Please make appropriate modification to 
   SYSTEM_JITTER to account for the unsupported Discrete Jitter and Phase 
   Error.



Data Sheet report:
-----------------
All values displayed in nanoseconds (ns)

Setup/Hold to clock CKHT
------------+------------+------------+------------------+--------+
            |Max Setup to|Max Hold to |                  | Clock  |
Source      | clk (edge) | clk (edge) |Internal Clock(s) | Phase  |
------------+------------+------------+------------------+--------+
SW          |    5.283(F)|    0.485(F)|CKHT_BUFGP        |   0.000|
------------+------------+------------+------------------+--------+

Clock CKHT to Pad
------------+------------+------------------+--------+
            | clk (edge) |                  | Clock  |
Destination |   to PAD   |Internal Clock(s) | Phase  |
------------+------------+------------------+--------+
LED<0>      |    7.402(F)|CKHT_BUFGP        |   0.000|
LED<1>      |    7.331(F)|CKHT_BUFGP        |   0.000|
LED<2>      |    7.835(F)|CKHT_BUFGP        |   0.000|
LED<3>      |    8.172(F)|CKHT_BUFGP        |   0.000|
LED<4>      |    8.130(F)|CKHT_BUFGP        |   0.000|
LED<5>      |    8.245(F)|CKHT_BUFGP        |   0.000|
LED<6>      |    7.865(F)|CKHT_BUFGP        |   0.000|
LED<7>      |    7.831(F)|CKHT_BUFGP        |   0.000|
------------+------------+------------------+--------+

Clock to Setup on destination clock CKHT
---------------+---------+---------+---------+---------+
               | Src:Rise| Src:Fall| Src:Rise| Src:Fall|
Source Clock   |Dest:Rise|Dest:Rise|Dest:Fall|Dest:Fall|
---------------+---------+---------+---------+---------+
CKHT           |         |         |         |    7.253|
---------------+---------+---------+---------+---------+


Analysis completed Fri May 22 22:07:21 2020 
--------------------------------------------------------------------------------

Trace Settings:
-------------------------
Trace Settings 

Peak Memory Usage: 4509 MB



