Release 14.7 - xst P.20131013 (nt64)
Copyright (c) 1995-2013 Xilinx, Inc.  All rights reserved.
--> Parameter TMPDIR set to xst/projnav.tmp


Total REAL time to Xst completion: 0.00 secs
Total CPU time to Xst completion: 0.16 secs
 
--> Parameter xsthdpdir set to xst


Total REAL time to Xst completion: 0.00 secs
Total CPU time to Xst completion: 0.16 secs
 
--> Reading design: DEM_NHI_PHAN_8BIT_UD_AUTO_SS_SW.prj

TABLE OF CONTENTS
  1) Synthesis Options Summary
  2) HDL Compilation
  3) Design Hierarchy Analysis
  4) HDL Analysis
  5) HDL Synthesis
     5.1) HDL Synthesis Report
  6) Advanced HDL Synthesis
     6.1) Advanced HDL Synthesis Report
  7) Low Level Synthesis
  8) Partition Report
  9) Final Report
	9.1) Device utilization summary
	9.2) Partition Resource Summary
	9.3) TIMING REPORT


=========================================================================
*                      Synthesis Options Summary                        *
=========================================================================
---- Source Parameters
Input File Name                    : "DEM_NHI_PHAN_8BIT_UD_AUTO_SS_SW.prj"
Input Format                       : mixed
Ignore Synthesis Constraint File   : NO

---- Target Parameters
Output File Name                   : "DEM_NHI_PHAN_8BIT_UD_AUTO_SS_SW"
Output Format                      : NGC
Target Device                      : xa3s500e-4-pqg208

---- Source Options
Top Module Name                    : DEM_NHI_PHAN_8BIT_UD_AUTO_SS_SW
Automatic FSM Extraction           : YES
FSM Encoding Algorithm             : Auto
Safe Implementation                : No
FSM Style                          : LUT
RAM Extraction                     : Yes
RAM Style                          : Auto
ROM Extraction                     : Yes
Mux Style                          : Auto
Decoder Extraction                 : YES
Priority Encoder Extraction        : Yes
Shift Register Extraction          : YES
Logical Shifter Extraction         : YES
XOR Collapsing                     : YES
ROM Style                          : Auto
Mux Extraction                     : Yes
Resource Sharing                   : YES
Asynchronous To Synchronous        : NO
Multiplier Style                   : Auto
Automatic Register Balancing       : No

---- Target Options
Add IO Buffers                     : YES
Global Maximum Fanout              : 100000
Add Generic Clock Buffer(BUFG)     : 24
Register Duplication               : YES
Slice Packing                      : YES
Optimize Instantiated Primitives   : NO
Use Clock Enable                   : Yes
Use Synchronous Set                : Yes
Use Synchronous Reset              : Yes
Pack IO Registers into IOBs        : Auto
Equivalent register Removal        : YES

---- General Options
Optimization Goal                  : Speed
Optimization Effort                : 1
Keep Hierarchy                     : No
Netlist Hierarchy                  : As_Optimized
RTL Output                         : Yes
Global Optimization                : AllClockNets
Read Cores                         : YES
Write Timing Constraints           : NO
Cross Clock Analysis               : NO
Hierarchy Separator                : /
Bus Delimiter                      : <>
Case Specifier                     : Maintain
Slice Utilization Ratio            : 100
BRAM Utilization Ratio             : 100
Verilog 2001                       : YES
Auto BRAM Packing                  : NO
Slice Utilization Ratio Delta      : 5

=========================================================================


=========================================================================
*                          HDL Compilation                              *
=========================================================================
Compiling vhdl file "C:/Users/Admin/Documents/TT-HDL-N7-S2/BAI_425_DEM_NHI_PHAN_8BIT_UD_AUTO_SS_SW/CHIA_10ENA.vhd" in Library work.
Architecture behavioral of Entity chia_10ena is up to date.
Compiling vhdl file "C:/Users/Admin/Documents/TT-HDL-N7-S2/BAI_425_DEM_NHI_PHAN_8BIT_UD_AUTO_SS_SW/DEM_8BIT_UD_AUTO_SS_SW.vhd" in Library work.
Entity <dem_8bit_ud_auto_ss_sw> compiled.
Entity <dem_8bit_ud_auto_ss_sw> (Architecture <behavioral>) compiled.
Compiling vhdl file "C:/Users/Admin/Documents/TT-HDL-N7-S2/BAI_425_DEM_NHI_PHAN_8BIT_UD_AUTO_SS_SW/DEM_NHI_PHAN_8BIT_UD_AUTO_SS_SW.vhd" in Library work.
Architecture behavioral of Entity dem_nhi_phan_8bit_ud_auto_ss_sw is up to date.

=========================================================================
*                     Design Hierarchy Analysis                         *
=========================================================================
Analyzing hierarchy for entity <DEM_NHI_PHAN_8BIT_UD_AUTO_SS_SW> in library <work> (architecture <behavioral>).

Analyzing hierarchy for entity <CHIA_10ENA> in library <work> (architecture <Behavioral>).

Analyzing hierarchy for entity <DEM_8BIT_UD_AUTO_SS_SW> in library <work> (architecture <Behavioral>).


=========================================================================
*                            HDL Analysis                               *
=========================================================================
Analyzing Entity <DEM_NHI_PHAN_8BIT_UD_AUTO_SS_SW> in library <work> (Architecture <behavioral>).
Entity <DEM_NHI_PHAN_8BIT_UD_AUTO_SS_SW> analyzed. Unit <DEM_NHI_PHAN_8BIT_UD_AUTO_SS_SW> generated.

Analyzing Entity <CHIA_10ENA> in library <work> (Architecture <Behavioral>).
Entity <CHIA_10ENA> analyzed. Unit <CHIA_10ENA> generated.

Analyzing Entity <DEM_8BIT_UD_AUTO_SS_SW> in library <work> (Architecture <Behavioral>).
Entity <DEM_8BIT_UD_AUTO_SS_SW> analyzed. Unit <DEM_8BIT_UD_AUTO_SS_SW> generated.


=========================================================================
*                           HDL Synthesis                               *
=========================================================================

Performing bidirectional port resolution...

Synthesizing Unit <CHIA_10ENA>.
    Related source file is "C:/Users/Admin/Documents/TT-HDL-N7-S2/BAI_425_DEM_NHI_PHAN_8BIT_UD_AUTO_SS_SW/CHIA_10ENA.vhd".
    Found 24-bit adder for signal <D5HZ_NEXT$addsub0000> created at line 56.
    Found 24-bit register for signal <D5HZ_REG>.
    Summary:
	inferred  24 D-type flip-flop(s).
	inferred   1 Adder/Subtractor(s).
Unit <CHIA_10ENA> synthesized.


Synthesizing Unit <DEM_8BIT_UD_AUTO_SS_SW>.
    Related source file is "C:/Users/Admin/Documents/TT-HDL-N7-S2/BAI_425_DEM_NHI_PHAN_8BIT_UD_AUTO_SS_SW/DEM_8BIT_UD_AUTO_SS_SW.vhd".
    Found 1-bit register for signal <ena_ud_reg>.
    Found 8-bit register for signal <Q_REG>.
    Found 8-bit addsub for signal <Q_REG$addsub0000>.
    Summary:
	inferred   9 D-type flip-flop(s).
	inferred   1 Adder/Subtractor(s).
Unit <DEM_8BIT_UD_AUTO_SS_SW> synthesized.


Synthesizing Unit <DEM_NHI_PHAN_8BIT_UD_AUTO_SS_SW>.
    Related source file is "C:/Users/Admin/Documents/TT-HDL-N7-S2/BAI_425_DEM_NHI_PHAN_8BIT_UD_AUTO_SS_SW/DEM_NHI_PHAN_8BIT_UD_AUTO_SS_SW.vhd".
Unit <DEM_NHI_PHAN_8BIT_UD_AUTO_SS_SW> synthesized.

INFO:Xst:1767 - HDL ADVISOR - Resource sharing has identified that some arithmetic operations in this design can share the same physical resources for reduced device utilization. For improved clock frequency you may try to disable resource sharing.

=========================================================================
HDL Synthesis Report

Macro Statistics
# Adders/Subtractors                                   : 2
 24-bit adder                                          : 1
 8-bit addsub                                          : 1
# Registers                                            : 3
 1-bit register                                        : 1
 24-bit register                                       : 1
 8-bit register                                        : 1

=========================================================================

=========================================================================
*                       Advanced HDL Synthesis                          *
=========================================================================


=========================================================================
Advanced HDL Synthesis Report

Macro Statistics
# Adders/Subtractors                                   : 2
 24-bit adder                                          : 1
 8-bit addsub                                          : 1
# Registers                                            : 33
 Flip-Flops                                            : 33

=========================================================================

=========================================================================
*                         Low Level Synthesis                           *
=========================================================================

Optimizing unit <DEM_NHI_PHAN_8BIT_UD_AUTO_SS_SW> ...

Optimizing unit <CHIA_10ENA> ...

Optimizing unit <DEM_8BIT_UD_AUTO_SS_SW> ...

Mapping all equations...
Building and optimizing final netlist ...
Found area constraint ratio of 100 (+ 5) on block DEM_NHI_PHAN_8BIT_UD_AUTO_SS_SW, actual ratio is 0.

Final Macro Processing ...

=========================================================================
Final Register Report

Macro Statistics
# Registers                                            : 33
 Flip-Flops                                            : 33

=========================================================================

=========================================================================
*                           Partition Report                            *
=========================================================================

Partition Implementation Status
-------------------------------

  No Partitions were found in this design.

-------------------------------

=========================================================================
*                            Final Report                               *
=========================================================================
Final Results
RTL Top Level Output File Name     : DEM_NHI_PHAN_8BIT_UD_AUTO_SS_SW.ngr
Top Level Output File Name         : DEM_NHI_PHAN_8BIT_UD_AUTO_SS_SW
Output Format                      : NGC
Optimization Goal                  : Speed
Keep Hierarchy                     : No

Design Statistics
# IOs                              : 11

Cell Usage :
# BELS                             : 126
#      GND                         : 1
#      INV                         : 3
#      LUT1                        : 23
#      LUT2                        : 8
#      LUT3                        : 3
#      LUT3_L                      : 2
#      LUT4                        : 25
#      LUT4_D                      : 6
#      LUT4_L                      : 7
#      MUXCY                       : 23
#      VCC                         : 1
#      XORCY                       : 24
# FlipFlops/Latches                : 33
#      FDC_1                       : 2
#      FDCE_1                      : 7
#      FDR_1                       : 23
#      FDS_1                       : 1
# Clock Buffers                    : 1
#      BUFGP                       : 1
# IO Buffers                       : 10
#      IBUF                        : 2
#      OBUF                        : 8
=========================================================================

Device utilization summary:
---------------------------

Selected Device : xa3s500epqg208-4 

 Number of Slices:                       40  out of   4656     0%  
 Number of Slice Flip Flops:             33  out of   9312     0%  
 Number of 4 input LUTs:                 77  out of   9312     0%  
 Number of IOs:                          11
 Number of bonded IOBs:                  11  out of    158     6%  
 Number of GCLKs:                         1  out of     24     4%  

---------------------------
Partition Resource Summary:
---------------------------

  No Partitions were found in this design.

---------------------------


=========================================================================
TIMING REPORT

NOTE: THESE TIMING NUMBERS ARE ONLY A SYNTHESIS ESTIMATE.
      FOR ACCURATE TIMING INFORMATION PLEASE REFER TO THE TRACE REPORT
      GENERATED AFTER PLACE-and-ROUTE.

Clock Information:
------------------
-----------------------------------+------------------------+-------+
Clock Signal                       | Clock buffer(FF name)  | Load  |
-----------------------------------+------------------------+-------+
CKHT                               | BUFGP                  | 33    |
-----------------------------------+------------------------+-------+

Asynchronous Control Signals Information:
----------------------------------------
-----------------------------------+------------------------+-------+
Control Signal                     | Buffer(FF name)        | Load  |
-----------------------------------+------------------------+-------+
RST(RST1_INV_0:O)                  | NONE(IC2/Q_REG_0)      | 9     |
-----------------------------------+------------------------+-------+

Timing Summary:
---------------
Speed Grade: -4

   Minimum period: 8.165ns (Maximum Frequency: 122.474MHz)
   Minimum input arrival time before clock: 8.661ns
   Maximum output required time after clock: 4.571ns
   Maximum combinational path delay: No path found

Timing Detail:
--------------
All values displayed in nanoseconds (ns)

=========================================================================
Timing constraint: Default period analysis for Clock 'CKHT'
  Clock period: 8.165ns (frequency: 122.474MHz)
  Total number of paths / destination ports: 1736 / 64
-------------------------------------------------------------------------
Delay:               8.165ns (Levels of Logic = 6)
  Source:            IC1/D5HZ_REG_18 (FF)
  Destination:       IC2/Q_REG_6 (FF)
  Source Clock:      CKHT falling
  Destination Clock: CKHT falling

  Data Path: IC1/D5HZ_REG_18 to IC2/Q_REG_6
                                Gate     Net
    Cell:in->out      fanout   Delay   Delay  Logical Name (Net Name)
    ----------------------------------------  ------------
     FDR_1:C->Q            3   0.591   0.706  IC1/D5HZ_REG_18 (IC1/D5HZ_REG_18)
     LUT4:I0->O            6   0.704   0.673  IC1/ENA5HZ_cmp_eq000021 (IC1/ENA5HZ_cmp_eq000021)
     LUT4:I3->O            1   0.704   0.455  IC1/ENA5HZ_cmp_eq000063_SW0 (N25)
     LUT4_D:I2->O          2   0.704   0.482  IC2/Maddsub_Q_REG_addsub0000_lut<2>1 (IC2/Maddsub_Q_REG_addsub0000_lut<2>)
     LUT3:I2->O            4   0.704   0.622  IC2/Maddsub_Q_REG_addsub0000_cy<2>11 (IC2/Maddsub_Q_REG_addsub0000_cy<2>)
     LUT3_L:I2->LO         1   0.704   0.104  IC2/Q_REG_mux0000<6>11_SW0 (N29)
     LUT4:I3->O            1   0.704   0.000  IC2/Q_REG_mux0000<6>11 (IC2/Q_REG_mux0000<6>1)
     FDCE_1:D                  0.308          IC2/Q_REG_6
    ----------------------------------------
    Total                      8.165ns (5.123ns logic, 3.042ns route)
                                       (62.7% logic, 37.3% route)

=========================================================================
Timing constraint: Default OFFSET IN BEFORE for Clock 'CKHT'
  Total number of paths / destination ports: 32 / 14
-------------------------------------------------------------------------
Offset:              8.661ns (Levels of Logic = 7)
  Source:            SW (PAD)
  Destination:       IC2/Q_REG_6 (FF)
  Destination Clock: CKHT falling

  Data Path: SW to IC2/Q_REG_6
                                Gate     Net
    Cell:in->out      fanout   Delay   Delay  Logical Name (Net Name)
    ----------------------------------------  ------------
     IBUF:I->O            13   1.218   1.158  SW_IBUF (SW_IBUF)
     LUT2:I0->O            1   0.704   0.424  IC2/Maddsub_Q_REG_addsub0000_lut<1>1_SW0 (N8)
     LUT4:I3->O            1   0.704   0.424  IC1/ENA5HZ_cmp_eq000063_SW1 (N27)
     LUT4_D:I3->LO         1   0.704   0.179  IC2/Maddsub_Q_REG_addsub0000_cy<1>11_SW0 (N50)
     LUT3:I1->O            4   0.704   0.622  IC2/Maddsub_Q_REG_addsub0000_cy<2>11 (IC2/Maddsub_Q_REG_addsub0000_cy<2>)
     LUT3_L:I2->LO         1   0.704   0.104  IC2/Q_REG_mux0000<6>11_SW0 (N29)
     LUT4:I3->O            1   0.704   0.000  IC2/Q_REG_mux0000<6>11 (IC2/Q_REG_mux0000<6>1)
     FDCE_1:D                  0.308          IC2/Q_REG_6
    ----------------------------------------
    Total                      8.661ns (5.750ns logic, 2.911ns route)
                                       (66.4% logic, 33.6% route)

=========================================================================
Timing constraint: Default OFFSET OUT AFTER for Clock 'CKHT'
  Total number of paths / destination ports: 8 / 8
-------------------------------------------------------------------------
Offset:              4.571ns (Levels of Logic = 1)
  Source:            IC2/Q_REG_5 (FF)
  Destination:       LED<5> (PAD)
  Source Clock:      CKHT falling

  Data Path: IC2/Q_REG_5 to LED<5>
                                Gate     Net
    Cell:in->out      fanout   Delay   Delay  Logical Name (Net Name)
    ----------------------------------------  ------------
     FDCE_1:C->Q           7   0.591   0.708  IC2/Q_REG_5 (IC2/Q_REG_5)
     OBUF:I->O                 3.272          LED_5_OBUF (LED<5>)
    ----------------------------------------
    Total                      4.571ns (3.863ns logic, 0.708ns route)
                                       (84.5% logic, 15.5% route)

=========================================================================


Total REAL time to Xst completion: 11.00 secs
Total CPU time to Xst completion: 10.78 secs
 
--> 

Total memory usage is 4521436 kilobytes

Number of errors   :    0 (   0 filtered)
Number of warnings :    0 (   0 filtered)
Number of infos    :    1 (   0 filtered)

