#-----------------------------------------------------------
# PlanAhead v14.7 (64-bit)
# Build 321239 by xbuild on Fri Sep 27 19:29:51 MDT 2013
# Start of session at: Mon Aug 24 10:36:42 2020
# Process ID: 4712
# Log file: C:/Users/Admin/Documents/TT-HDL-N7-S2/VHDL/BAI_646_DS18B20_HT_SO_TO/planAhead_run_3/planAhead.log
# Journal file: C:/Users/Admin/Documents/TT-HDL-N7-S2/VHDL/BAI_646_DS18B20_HT_SO_TO/planAhead_run_3/planAhead.jou
#-----------------------------------------------------------
INFO: [Common 17-78] Attempting to get a license: PlanAhead
INFO: [Common 17-290] Got license for PlanAhead
INFO: [Device 21-36] Loading parts and site information from C:/Xilinx/14.7/ISE_DS/PlanAhead/data/parts/arch.xml
Parsing RTL primitives file [C:/Xilinx/14.7/ISE_DS/PlanAhead/data/parts/xilinx/rtl/prims/rtl_prims.xml]
Finished parsing RTL primitives file [C:/Xilinx/14.7/ISE_DS/PlanAhead/data/parts/xilinx/rtl/prims/rtl_prims.xml]
start_gui
source C:/Users/Admin/Documents/TT-HDL-N7-S2/VHDL/BAI_646_DS18B20_HT_SO_TO/pa.fromNetlist.tcl
# create_project -name BAI_646_DS18B20_HT_SO_TO -dir "C:/Users/Admin/Documents/TT-HDL-N7-S2/VHDL/BAI_646_DS18B20_HT_SO_TO/planAhead_run_4" -part xc3s500epq208-5
ERROR: [Common 17-53] User Exception: Project already exists on disk, please use '-force' option to overwrite: 
     C:/Users/Admin/Documents/TT-HDL-N7-S2/VHDL/BAI_646_DS18B20_HT_SO_TO/planAhead_run_4/BAI_646_DS18B20_HT_SO_TO.ppr
     C:/Users/Admin/Documents/TT-HDL-N7-S2/VHDL/BAI_646_DS18B20_HT_SO_TO/planAhead_run_4/BAI_646_DS18B20_HT_SO_TO.data

    while executing
"create_project -name BAI_646_DS18B20_HT_SO_TO -dir "C:/Users/Admin/Documents/TT-HDL-N7-S2/VHDL/BAI_646_DS18B20_HT_SO_TO/planAhead_run_4" -part xc3s500..."
    (file "C:/Users/Admin/Documents/TT-HDL-N7-S2/VHDL/BAI_646_DS18B20_HT_SO_TO/pa.fromNetlist.tcl" line 4)
exit
INFO: [Common 17-206] Exiting PlanAhead at Mon Aug 24 10:37:37 2020...
INFO: [Common 17-83] Releasing license: PlanAhead
