--------------------------------------------------------------------------------
Release 14.7 Trace  (nt64)
Copyright (c) 1995-2013 Xilinx, Inc.  All rights reserved.

C:\Xilinx\14.7\ISE_DS\ISE\bin\nt64\unwrapped\trce.exe -intstyle ise -v 3 -s 2
-n 3 -fastpaths -xml DE_SO2.twx DE_SO2.ncd -o DE_SO2.twr DE_SO2.pcf

Design file:              DE_SO2.ncd
Physical constraint file: DE_SO2.pcf
Device,package,speed:     xc6slx9,tqg144,C,-2 (PRODUCTION 1.23 2013-10-13)
Report level:             verbose report

Environment Variable      Effect 
--------------------      ------ 
NONE                      No environment variables were set
--------------------------------------------------------------------------------

INFO:Timing:2698 - No timing constraints found, doing default enumeration.
INFO:Timing:3412 - To improve timing, see the Timing Closure User Guide (UG612).
INFO:Timing:2752 - To get complete path coverage, use the unconstrained paths 
   option. All paths that are not constrained will be reported in the 
   unconstrained paths section(s) of the report.
INFO:Timing:3339 - The clock-to-out numbers in this timing report are based on 
   a 50 Ohm transmission line loading model.  For the details of this model, 
   and for more information on accounting for different loading conditions, 
   please see the device datasheet.



Data Sheet report:
-----------------
All values displayed in nanoseconds (ns)

Setup/Hold to clock CKHT
------------+------------+------------+------------+------------+------------------+--------+
            |Max Setup to|  Process   |Max Hold to |  Process   |                  | Clock  |
Source      | clk (edge) |   Corner   | clk (edge) |   Corner   |Internal Clock(s) | Phase  |
------------+------------+------------+------------+------------+------------------+--------+
BTN<0>      |    2.879(F)|      SLOW  |   -0.361(F)|      SLOW  |CKHT_BUFGP        |   0.000|
BTN<1>      |    1.964(F)|      SLOW  |    0.046(F)|      SLOW  |CKHT_BUFGP        |   0.000|
BTN<2>      |    2.287(F)|      SLOW  |   -0.069(F)|      SLOW  |CKHT_BUFGP        |   0.000|
BTN<3>      |    2.416(F)|      SLOW  |    0.136(F)|      SLOW  |CKHT_BUFGP        |   0.000|
------------+------------+------------+------------+------------+------------------+--------+

Clock CKHT to Pad
------------+-----------------+------------+-----------------+------------+------------------+--------+
            |Max (slowest) clk|  Process   |Min (fastest) clk|  Process   |                  | Clock  |
Destination |  (edge) to PAD  |   Corner   |  (edge) to PAD  |   Corner   |Internal Clock(s) | Phase  |
------------+-----------------+------------+-----------------+------------+------------------+--------+
ANODE<0>    |        11.326(F)|      SLOW  |         4.777(F)|      FAST  |CKHT_BUFGP        |   0.000|
ANODE<1>    |        11.125(F)|      SLOW  |         4.673(F)|      FAST  |CKHT_BUFGP        |   0.000|
ANODE<2>    |        11.142(F)|      SLOW  |         4.627(F)|      FAST  |CKHT_BUFGP        |   0.000|
ANODE<3>    |        11.024(F)|      SLOW  |         4.549(F)|      FAST  |CKHT_BUFGP        |   0.000|
ANODE<4>    |        11.154(F)|      SLOW  |         4.576(F)|      FAST  |CKHT_BUFGP        |   0.000|
ANODE<5>    |        10.962(F)|      SLOW  |         4.466(F)|      FAST  |CKHT_BUFGP        |   0.000|
ANODE<6>    |        10.948(F)|      SLOW  |         4.418(F)|      FAST  |CKHT_BUFGP        |   0.000|
ANODE<7>    |        10.839(F)|      SLOW  |         4.334(F)|      FAST  |CKHT_BUFGP        |   0.000|
LED<0>      |        10.581(F)|      SLOW  |         4.548(F)|      FAST  |CKHT_BUFGP        |   0.000|
LED<1>      |         9.747(F)|      SLOW  |         4.036(F)|      FAST  |CKHT_BUFGP        |   0.000|
LED<2>      |        10.422(F)|      SLOW  |         4.372(F)|      FAST  |CKHT_BUFGP        |   0.000|
LED<3>      |         9.542(F)|      SLOW  |         3.907(F)|      FAST  |CKHT_BUFGP        |   0.000|
LED<4>      |         9.534(F)|      SLOW  |         3.899(F)|      FAST  |CKHT_BUFGP        |   0.000|
LED<5>      |         9.657(F)|      SLOW  |         3.966(F)|      FAST  |CKHT_BUFGP        |   0.000|
LED<6>      |         9.294(F)|      SLOW  |         3.767(F)|      FAST  |CKHT_BUFGP        |   0.000|
LED<7>      |         9.683(F)|      SLOW  |         4.053(F)|      FAST  |CKHT_BUFGP        |   0.000|
SSEG<0>     |        14.432(F)|      SLOW  |         5.116(F)|      FAST  |CKHT_BUFGP        |   0.000|
SSEG<1>     |        13.587(F)|      SLOW  |         4.576(F)|      FAST  |CKHT_BUFGP        |   0.000|
SSEG<2>     |        13.853(F)|      SLOW  |         4.777(F)|      FAST  |CKHT_BUFGP        |   0.000|
SSEG<3>     |        14.409(F)|      SLOW  |         5.032(F)|      FAST  |CKHT_BUFGP        |   0.000|
SSEG<4>     |        14.257(F)|      SLOW  |         5.236(F)|      FAST  |CKHT_BUFGP        |   0.000|
SSEG<5>     |        13.994(F)|      SLOW  |         4.849(F)|      FAST  |CKHT_BUFGP        |   0.000|
SSEG<6>     |        13.895(F)|      SLOW  |         5.054(F)|      FAST  |CKHT_BUFGP        |   0.000|
------------+-----------------+------------+-----------------+------------+------------------+--------+

Clock to Setup on destination clock CKHT
---------------+---------+---------+---------+---------+
               | Src:Rise| Src:Fall| Src:Rise| Src:Fall|
Source Clock   |Dest:Rise|Dest:Rise|Dest:Fall|Dest:Fall|
---------------+---------+---------+---------+---------+
CKHT           |         |         |         |    4.769|
---------------+---------+---------+---------+---------+


Analysis completed Fri Jul 24 11:25:43 2020 
--------------------------------------------------------------------------------

Trace Settings:
-------------------------
Trace Settings 

Peak Memory Usage: 4571 MB



