Release 14.7 - xst P.20131013 (nt64)
Copyright (c) 1995-2013 Xilinx, Inc.  All rights reserved.
--> Parameter TMPDIR set to xst/projnav.tmp


Total REAL time to Xst completion: 1.00 secs
Total CPU time to Xst completion: 0.34 secs
 
--> Parameter xsthdpdir set to xst


Total REAL time to Xst completion: 1.00 secs
Total CPU time to Xst completion: 0.35 secs
 
--> Reading design: DK_8LED_2CT_STD_TNV_TTR.prj

TABLE OF CONTENTS
  1) Synthesis Options Summary
  2) HDL Parsing
  3) HDL Elaboration
  4) HDL Synthesis
       4.1) HDL Synthesis Report
  5) Advanced HDL Synthesis
       5.1) Advanced HDL Synthesis Report
  6) Low Level Synthesis
  7) Partition Report
  8) Design Summary
       8.1) Primitive and Black Box Usage
       8.2) Device utilization summary
       8.3) Partition Resource Summary
       8.4) Timing Report
            8.4.1) Clock Information
            8.4.2) Asynchronous Control Signals Information
            8.4.3) Timing Summary
            8.4.4) Timing Details
            8.4.5) Cross Clock Domains Report


=========================================================================
*                      Synthesis Options Summary                        *
=========================================================================
---- Source Parameters
Input File Name                    : "DK_8LED_2CT_STD_TNV_TTR.prj"
Ignore Synthesis Constraint File   : NO

---- Target Parameters
Output File Name                   : "DK_8LED_2CT_STD_TNV_TTR"
Output Format                      : NGC
Target Device                      : xc6slx9-3-tqg144

---- Source Options
Top Module Name                    : DK_8LED_2CT_STD_TNV_TTR
Automatic FSM Extraction           : YES
FSM Encoding Algorithm             : Auto
Safe Implementation                : No
FSM Style                          : LUT
RAM Extraction                     : Yes
RAM Style                          : Auto
ROM Extraction                     : Yes
Shift Register Extraction          : YES
ROM Style                          : Auto
Resource Sharing                   : YES
Asynchronous To Synchronous        : NO
Shift Register Minimum Size        : 2
Use DSP Block                      : Auto
Automatic Register Balancing       : No

---- Target Options
LUT Combining                      : Auto
Reduce Control Sets                : Auto
Add IO Buffers                     : YES
Global Maximum Fanout              : 100000
Add Generic Clock Buffer(BUFG)     : 16
Register Duplication               : YES
Optimize Instantiated Primitives   : NO
Use Clock Enable                   : Auto
Use Synchronous Set                : Auto
Use Synchronous Reset              : Auto
Pack IO Registers into IOBs        : Auto
Equivalent register Removal        : YES

---- General Options
Optimization Goal                  : Speed
Optimization Effort                : 1
Power Reduction                    : NO
Keep Hierarchy                     : No
Netlist Hierarchy                  : As_Optimized
RTL Output                         : Yes
Global Optimization                : AllClockNets
Read Cores                         : YES
Write Timing Constraints           : NO
Cross Clock Analysis               : NO
Hierarchy Separator                : /
Bus Delimiter                      : <>
Case Specifier                     : Maintain
Slice Utilization Ratio            : 100
BRAM Utilization Ratio             : 100
DSP48 Utilization Ratio            : 100
Auto BRAM Packing                  : NO
Slice Utilization Ratio Delta      : 5

=========================================================================


=========================================================================
*                          HDL Parsing                                  *
=========================================================================
Parsing VHDL file "C:\Users\Admin\Documents\TT-HDL-N7-S2\BAI_445_DK_8LED_2CT_STD_TNV_TTR\LED_STD_TTR.vhd" into library work
Parsing entity <LED_STD_TTR>.
Parsing architecture <Behavioral> of entity <led_std_ttr>.
Parsing VHDL file "C:\Users\Admin\Documents\TT-HDL-N7-S2\BAI_445_DK_8LED_2CT_STD_TNV_TTR\LED_STD_TNV.vhd" into library work
Parsing entity <LED_STD_TNV>.
Parsing architecture <Behavioral> of entity <led_std_tnv>.
Parsing VHDL file "C:\Users\Admin\Documents\TT-HDL-N7-S2\BAI_445_DK_8LED_2CT_STD_TNV_TTR\DIEUKHIEN_CHOPHEP.vhd" into library work
Parsing entity <DIEUKHIEN_CHOPHEP>.
Parsing architecture <Behavioral> of entity <dieukhien_chophep>.
Parsing VHDL file "C:\Users\Admin\Documents\TT-HDL-N7-S2\BAI_445_DK_8LED_2CT_STD_TNV_TTR\CHIA_10ENA.vhd" into library work
Parsing entity <CHIA_10ENA>.
Parsing architecture <Behavioral> of entity <chia_10ena>.
Parsing VHDL file "C:\Users\Admin\Documents\TT-HDL-N7-S2\BAI_445_DK_8LED_2CT_STD_TNV_TTR\DK_8LED_2CT_STD_TNV_TTR.vhd" into library work
Parsing entity <DK_8LED_2CT_STD_TNV_TTR>.
Parsing architecture <Behavioral> of entity <dk_8led_2ct_std_tnv_ttr>.

=========================================================================
*                            HDL Elaboration                            *
=========================================================================

Elaborating entity <DK_8LED_2CT_STD_TNV_TTR> (architecture <Behavioral>) from library <work>.

Elaborating entity <CHIA_10ENA> (architecture <Behavioral>) from library <work>.

Elaborating entity <LED_STD_TNV> (architecture <Behavioral>) from library <work>.

Elaborating entity <LED_STD_TTR> (architecture <Behavioral>) from library <work>.

Elaborating entity <DIEUKHIEN_CHOPHEP> (architecture <Behavioral>) from library <work>.

=========================================================================
*                           HDL Synthesis                               *
=========================================================================

Synthesizing Unit <DK_8LED_2CT_STD_TNV_TTR>.
    Related source file is "C:\Users\Admin\Documents\TT-HDL-N7-S2\BAI_445_DK_8LED_2CT_STD_TNV_TTR\DK_8LED_2CT_STD_TNV_TTR.vhd".
    Summary:
	no macro.
Unit <DK_8LED_2CT_STD_TNV_TTR> synthesized.

Synthesizing Unit <CHIA_10ENA>.
    Related source file is "C:\Users\Admin\Documents\TT-HDL-N7-S2\BAI_445_DK_8LED_2CT_STD_TNV_TTR\CHIA_10ENA.vhd".
    Found 24-bit register for signal <D5HZ_R>.
    Found 25-bit adder for signal <n0009> created at line 99.
    Summary:
	inferred   1 Adder/Subtractor(s).
	inferred  24 D-type flip-flop(s).
Unit <CHIA_10ENA> synthesized.

Synthesizing Unit <LED_STD_TNV>.
    Related source file is "C:\Users\Admin\Documents\TT-HDL-N7-S2\BAI_445_DK_8LED_2CT_STD_TNV_TTR\LED_STD_TNV.vhd".
    Found 8-bit register for signal <Q_R>.
    Summary:
	inferred   8 D-type flip-flop(s).
	inferred   2 Multiplexer(s).
Unit <LED_STD_TNV> synthesized.

Synthesizing Unit <LED_STD_TTR>.
    Related source file is "C:\Users\Admin\Documents\TT-HDL-N7-S2\BAI_445_DK_8LED_2CT_STD_TNV_TTR\LED_STD_TTR.vhd".
    Found 8-bit register for signal <Q_R>.
    Summary:
	inferred   8 D-type flip-flop(s).
	inferred   2 Multiplexer(s).
Unit <LED_STD_TTR> synthesized.

Synthesizing Unit <DIEUKHIEN_CHOPHEP>.
    Related source file is "C:\Users\Admin\Documents\TT-HDL-N7-S2\BAI_445_DK_8LED_2CT_STD_TNV_TTR\DIEUKHIEN_CHOPHEP.vhd".
    Found 4-bit register for signal <DEM_R>.
    Found 5-bit adder for signal <n0018> created at line 51.
    Found 4-bit comparator greater for signal <DEM_R[3]_PWR_9_o_LessThan_6_o> created at line 58
    Summary:
	inferred   1 Adder/Subtractor(s).
	inferred   4 D-type flip-flop(s).
	inferred   1 Comparator(s).
	inferred   2 Multiplexer(s).
Unit <DIEUKHIEN_CHOPHEP> synthesized.

=========================================================================
HDL Synthesis Report

Macro Statistics
# Adders/Subtractors                                   : 2
 25-bit adder                                          : 1
 5-bit adder                                           : 1
# Registers                                            : 4
 24-bit register                                       : 1
 4-bit register                                        : 1
 8-bit register                                        : 2
# Comparators                                          : 1
 4-bit comparator greater                              : 1
# Multiplexers                                         : 6
 2-bit 2-to-1 multiplexer                              : 1
 5-bit 2-to-1 multiplexer                              : 1
 8-bit 2-to-1 multiplexer                              : 4

=========================================================================

=========================================================================
*                       Advanced HDL Synthesis                          *
=========================================================================


Synthesizing (advanced) Unit <CHIA_10ENA>.
The following registers are absorbed into counter <D5HZ_R>: 1 register on signal <D5HZ_R>.
Unit <CHIA_10ENA> synthesized (advanced).

=========================================================================
Advanced HDL Synthesis Report

Macro Statistics
# Adders/Subtractors                                   : 1
 5-bit adder                                           : 1
# Counters                                             : 1
 24-bit up counter                                     : 1
# Registers                                            : 20
 Flip-Flops                                            : 20
# Comparators                                          : 1
 4-bit comparator greater                              : 1
# Multiplexers                                         : 6
 2-bit 2-to-1 multiplexer                              : 1
 5-bit 2-to-1 multiplexer                              : 1
 8-bit 2-to-1 multiplexer                              : 4

=========================================================================

=========================================================================
*                         Low Level Synthesis                           *
=========================================================================

Optimizing unit <DK_8LED_2CT_STD_TNV_TTR> ...

Optimizing unit <LED_STD_TNV> ...

Optimizing unit <LED_STD_TTR> ...

Optimizing unit <DIEUKHIEN_CHOPHEP> ...

Mapping all equations...
Building and optimizing final netlist ...
Found area constraint ratio of 100 (+ 5) on block DK_8LED_2CT_STD_TNV_TTR, actual ratio is 1.

Final Macro Processing ...

=========================================================================
Final Register Report

Macro Statistics
# Registers                                            : 44
 Flip-Flops                                            : 44

=========================================================================

=========================================================================
*                           Partition Report                            *
=========================================================================

Partition Implementation Status
-------------------------------

  No Partitions were found in this design.

-------------------------------

=========================================================================
*                            Design Summary                             *
=========================================================================

Top Level Output File Name         : DK_8LED_2CT_STD_TNV_TTR.ngc

Primitive and Black Box Usage:
------------------------------
# BELS                             : 157
#      GND                         : 1
#      INV                         : 3
#      LUT1                        : 23
#      LUT3                        : 23
#      LUT4                        : 9
#      LUT5                        : 25
#      LUT6                        : 25
#      MUXCY                       : 23
#      VCC                         : 1
#      XORCY                       : 24
# FlipFlops/Latches                : 44
#      FD                          : 24
#      FDC_1                       : 16
#      FDCE_1                      : 4
# Clock Buffers                    : 1
#      BUFGP                       : 1
# IO Buffers                       : 9
#      IBUF                        : 1
#      OBUF                        : 8

Device utilization summary:
---------------------------

Selected Device : 6slx9tqg144-3 


Slice Logic Utilization: 
 Number of Slice Registers:              44  out of  11440     0%  
 Number of Slice LUTs:                  108  out of   5720     1%  
    Number used as Logic:               108  out of   5720     1%  

Slice Logic Distribution: 
 Number of LUT Flip Flop pairs used:    108
   Number with an unused Flip Flop:      64  out of    108    59%  
   Number with an unused LUT:             0  out of    108     0%  
   Number of fully used LUT-FF pairs:    44  out of    108    40%  
   Number of unique control sets:         3

IO Utilization: 
 Number of IOs:                          10
 Number of bonded IOBs:                  10  out of    102     9%  

Specific Feature Utilization:
 Number of BUFG/BUFGCTRLs:                1  out of     16     6%  

---------------------------
Partition Resource Summary:
---------------------------

  No Partitions were found in this design.

---------------------------


=========================================================================
Timing Report

NOTE: THESE TIMING NUMBERS ARE ONLY A SYNTHESIS ESTIMATE.
      FOR ACCURATE TIMING INFORMATION PLEASE REFER TO THE TRACE REPORT
      GENERATED AFTER PLACE-and-ROUTE.

Clock Information:
------------------
-----------------------------------+------------------------+-------+
Clock Signal                       | Clock buffer(FF name)  | Load  |
-----------------------------------+------------------------+-------+
CKHT                               | BUFGP                  | 44    |
-----------------------------------+------------------------+-------+

Asynchronous Control Signals Information:
----------------------------------------
No asynchronous control signals found in this design

Timing Summary:
---------------
Speed Grade: -3

   Minimum period: 3.952ns (Maximum Frequency: 253.014MHz)
   Minimum input arrival time before clock: 4.227ns
   Maximum output required time after clock: 5.322ns
   Maximum combinational path delay: 6.100ns

Timing Details:
---------------
All values displayed in nanoseconds (ns)

=========================================================================
Timing constraint: Default period analysis for Clock 'CKHT'
  Clock period: 3.952ns (frequency: 253.014MHz)
  Total number of paths / destination ports: 1431 / 48
-------------------------------------------------------------------------
Delay:               3.952ns (Levels of Logic = 3)
  Source:            IC1/D5HZ_R_23 (FF)
  Destination:       IC4/DEM_R_3 (FF)
  Source Clock:      CKHT falling
  Destination Clock: CKHT falling

  Data Path: IC1/D5HZ_R_23 to IC4/DEM_R_3
                                Gate     Net
    Cell:in->out      fanout   Delay   Delay  Logical Name (Net Name)
    ----------------------------------------  ------------
     FD:C->Q               3   0.447   1.015  IC1/D5HZ_R_23 (IC1/D5HZ_R_23)
     LUT6:I0->O           20   0.203   1.197  IC1/ENA5HZ<23>2 (IC1/ENA5HZ<23>2)
     LUT6:I4->O            1   0.203   0.580  IC4/DEM_R_3_dpot (IC4/DEM_R_3_dpot)
     LUT3:I2->O            1   0.205   0.000  IC4/DEM_R_3_dpot1 (IC4/DEM_R_3_dpot1)
     FDCE_1:D                  0.102          IC4/DEM_R_3
    ----------------------------------------
    Total                      3.952ns (1.160ns logic, 2.792ns route)
                                       (29.3% logic, 70.7% route)

=========================================================================
Timing constraint: Default OFFSET IN BEFORE for Clock 'CKHT'
  Total number of paths / destination ports: 52 / 36
-------------------------------------------------------------------------
Offset:              4.227ns (Levels of Logic = 2)
  Source:            BTN (PAD)
  Destination:       IC4/DEM_R_3 (FF)
  Destination Clock: CKHT falling

  Data Path: BTN to IC4/DEM_R_3
                                Gate     Net
    Cell:in->out      fanout   Delay   Delay  Logical Name (Net Name)
    ----------------------------------------  ------------
     IBUF:I->O            31   1.222   1.277  BTN_IBUF (BTN_IBUF)
     INV:I->O             20   0.206   1.092  IC2/RST_inv1_INV_0 (IC2/RST_inv)
     FDCE_1:CLR                0.430          IC4/DEM_R_0
    ----------------------------------------
    Total                      4.227ns (1.858ns logic, 2.369ns route)
                                       (44.0% logic, 56.0% route)

=========================================================================
Timing constraint: Default OFFSET OUT AFTER for Clock 'CKHT'
  Total number of paths / destination ports: 24 / 8
-------------------------------------------------------------------------
Offset:              5.322ns (Levels of Logic = 2)
  Source:            IC4/DEM_R_3 (FF)
  Destination:       LED<7> (PAD)
  Source Clock:      CKHT falling

  Data Path: IC4/DEM_R_3 to LED<7>
                                Gate     Net
    Cell:in->out      fanout   Delay   Delay  Logical Name (Net Name)
    ----------------------------------------  ------------
     FDCE_1:C->Q          32   0.447   1.520  IC4/DEM_R_3 (IC4/DEM_R_3)
     LUT4:I1->O            1   0.205   0.579  LED<6>1 (LED_6_OBUF)
     OBUF:I->O                 2.571          LED_6_OBUF (LED<6>)
    ----------------------------------------
    Total                      5.322ns (3.223ns logic, 2.099ns route)
                                       (60.6% logic, 39.4% route)

=========================================================================
Timing constraint: Default path analysis
  Total number of paths / destination ports: 8 / 8
-------------------------------------------------------------------------
Delay:               6.100ns (Levels of Logic = 3)
  Source:            BTN (PAD)
  Destination:       LED<7> (PAD)

  Data Path: BTN to LED<7>
                                Gate     Net
    Cell:in->out      fanout   Delay   Delay  Logical Name (Net Name)
    ----------------------------------------  ------------
     IBUF:I->O            31   1.222   1.525  BTN_IBUF (BTN_IBUF)
     LUT4:I0->O            1   0.203   0.579  LED<6>1 (LED_6_OBUF)
     OBUF:I->O                 2.571          LED_6_OBUF (LED<6>)
    ----------------------------------------
    Total                      6.100ns (3.996ns logic, 2.104ns route)
                                       (65.5% logic, 34.5% route)

=========================================================================

Cross Clock Domains Report:
--------------------------

Clock to Setup on destination clock CKHT
---------------+---------+---------+---------+---------+
               | Src:Rise| Src:Fall| Src:Rise| Src:Fall|
Source Clock   |Dest:Rise|Dest:Rise|Dest:Fall|Dest:Fall|
---------------+---------+---------+---------+---------+
CKHT           |         |         |    3.952|         |
---------------+---------+---------+---------+---------+

=========================================================================


Total REAL time to Xst completion: 14.00 secs
Total CPU time to Xst completion: 13.56 secs
 
--> 

Total memory usage is 4493980 kilobytes

Number of errors   :    0 (   0 filtered)
Number of warnings :    0 (   0 filtered)
Number of infos    :    0 (   0 filtered)

