--------------------------------------------------------------------------------
Release 14.7 Trace  (nt64)
Copyright (c) 1995-2013 Xilinx, Inc.  All rights reserved.

C:\Xilinx\14.7\ISE_DS\ISE\bin\nt64\unwrapped\trce.exe -intstyle ise -v 3 -s 3
-n 3 -fastpaths -xml DK_8LED_2CT_STD_TNV_TTR.twx DK_8LED_2CT_STD_TNV_TTR.ncd -o
DK_8LED_2CT_STD_TNV_TTR.twr DK_8LED_2CT_STD_TNV_TTR.pcf

Design file:              DK_8LED_2CT_STD_TNV_TTR.ncd
Physical constraint file: DK_8LED_2CT_STD_TNV_TTR.pcf
Device,package,speed:     xc6slx9,tqg144,C,-3 (PRODUCTION 1.23 2013-10-13)
Report level:             verbose report

Environment Variable      Effect 
--------------------      ------ 
NONE                      No environment variables were set
--------------------------------------------------------------------------------

INFO:Timing:2698 - No timing constraints found, doing default enumeration.
INFO:Timing:3412 - To improve timing, see the Timing Closure User Guide (UG612).
INFO:Timing:2752 - To get complete path coverage, use the unconstrained paths 
   option. All paths that are not constrained will be reported in the 
   unconstrained paths section(s) of the report.
INFO:Timing:3339 - The clock-to-out numbers in this timing report are based on 
   a 50 Ohm transmission line loading model.  For the details of this model, 
   and for more information on accounting for different loading conditions, 
   please see the device datasheet.



Data Sheet report:
-----------------
All values displayed in nanoseconds (ns)

Setup/Hold to clock CKHT
------------+------------+------------+------------+------------+------------------+--------+
            |Max Setup to|  Process   |Max Hold to |  Process   |                  | Clock  |
Source      | clk (edge) |   Corner   | clk (edge) |   Corner   |Internal Clock(s) | Phase  |
------------+------------+------------+------------+------------+------------------+--------+
BTN         |    4.215(F)|      SLOW  |   -0.803(F)|      FAST  |CKHT_BUFGP        |   0.000|
------------+------------+------------+------------+------------+------------------+--------+

Clock CKHT to Pad
------------+-----------------+------------+-----------------+------------+------------------+--------+
            |Max (slowest) clk|  Process   |Min (fastest) clk|  Process   |                  | Clock  |
Destination |  (edge) to PAD  |   Corner   |  (edge) to PAD  |   Corner   |Internal Clock(s) | Phase  |
------------+-----------------+------------+-----------------+------------+------------------+--------+
LED<0>      |         8.649(F)|      SLOW  |         4.245(F)|      FAST  |CKHT_BUFGP        |   0.000|
LED<1>      |         8.687(F)|      SLOW  |         4.072(F)|      FAST  |CKHT_BUFGP        |   0.000|
LED<2>      |         8.328(F)|      SLOW  |         4.011(F)|      FAST  |CKHT_BUFGP        |   0.000|
LED<3>      |         8.855(F)|      SLOW  |         3.908(F)|      FAST  |CKHT_BUFGP        |   0.000|
LED<4>      |         8.181(F)|      SLOW  |         3.759(F)|      FAST  |CKHT_BUFGP        |   0.000|
LED<5>      |         8.325(F)|      SLOW  |         3.938(F)|      FAST  |CKHT_BUFGP        |   0.000|
LED<6>      |         8.176(F)|      SLOW  |         3.914(F)|      FAST  |CKHT_BUFGP        |   0.000|
LED<7>      |         8.028(F)|      SLOW  |         3.907(F)|      FAST  |CKHT_BUFGP        |   0.000|
------------+-----------------+------------+-----------------+------------+------------------+--------+

Clock to Setup on destination clock CKHT
---------------+---------+---------+---------+---------+
               | Src:Rise| Src:Fall| Src:Rise| Src:Fall|
Source Clock   |Dest:Rise|Dest:Rise|Dest:Fall|Dest:Fall|
---------------+---------+---------+---------+---------+
CKHT           |         |         |         |    3.480|
---------------+---------+---------+---------+---------+

Pad to Pad
---------------+---------------+---------+
Source Pad     |Destination Pad|  Delay  |
---------------+---------------+---------+
BTN            |LED<0>         |    8.861|
BTN            |LED<1>         |    8.726|
BTN            |LED<2>         |    8.755|
BTN            |LED<3>         |    8.373|
BTN            |LED<4>         |    8.221|
BTN            |LED<5>         |    8.536|
BTN            |LED<6>         |    8.390|
BTN            |LED<7>         |    7.916|
---------------+---------------+---------+


Analysis completed Fri Jun 12 12:45:00 2020 
--------------------------------------------------------------------------------

Trace Settings:
-------------------------
Trace Settings 

Peak Memory Usage: 4571 MB



