--------------------------------------------------------------------------------
Release 14.7 Trace  (nt64)
Copyright (c) 1995-2013 Xilinx, Inc.  All rights reserved.

C:\Xilinx\14.7\ISE_DS\ISE\bin\nt64\unwrapped\trce.exe -intstyle ise -v 3 -s 5
-n 3 -fastpaths -xml DEM_UD_AU_SS_00_99_HT_7DOAN_BTN.twx
DEM_UD_AU_SS_00_99_HT_7DOAN_BTN.ncd -o DEM_UD_AU_SS_00_99_HT_7DOAN_BTN.twr
DEM_UD_AU_SS_00_99_HT_7DOAN_BTN.pcf -ucf KIT_XC3S500E_PQ208.ucf

Design file:              DEM_UD_AU_SS_00_99_HT_7DOAN_BTN.ncd
Physical constraint file: DEM_UD_AU_SS_00_99_HT_7DOAN_BTN.pcf
Device,package,speed:     xc3s500e,pq208,-5 (PRODUCTION 1.27 2013-10-13)
Report level:             verbose report

Environment Variable      Effect 
--------------------      ------ 
NONE                      No environment variables were set
--------------------------------------------------------------------------------

INFO:Timing:2698 - No timing constraints found, doing default enumeration.
INFO:Timing:3412 - To improve timing, see the Timing Closure User Guide (UG612).
INFO:Timing:2752 - To get complete path coverage, use the unconstrained paths 
   option. All paths that are not constrained will be reported in the 
   unconstrained paths section(s) of the report.
INFO:Timing:3339 - The clock-to-out numbers in this timing report are based on 
   a 50 Ohm transmission line loading model.  For the details of this model, 
   and for more information on accounting for different loading conditions, 
   please see the device datasheet.
INFO:Timing:3390 - This architecture does not support a default System Jitter 
   value, please add SYSTEM_JITTER constraint to the UCF to modify the Clock 
   Uncertainty calculation.
INFO:Timing:3389 - This architecture does not support 'Discrete Jitter' and 
   'Phase Error' calculations, these terms will be zero in the Clock 
   Uncertainty calculation.  Please make appropriate modification to 
   SYSTEM_JITTER to account for the unsupported Discrete Jitter and Phase 
   Error.



Data Sheet report:
-----------------
All values displayed in nanoseconds (ns)

Setup/Hold to clock CKHT
------------+------------+------------+------------------+--------+
            |Max Setup to|Max Hold to |                  | Clock  |
Source      | clk (edge) | clk (edge) |Internal Clock(s) | Phase  |
------------+------------+------------+------------------+--------+
BTN<1>      |    2.684(F)|    0.321(F)|CKHT_BUFGP        |   0.000|
SW          |    5.708(F)|   -2.829(F)|CKHT_BUFGP        |   0.000|
------------+------------+------------+------------------+--------+

Clock CKHT to Pad
------------+------------+------------------+--------+
            | clk (edge) |                  | Clock  |
Destination |   to PAD   |Internal Clock(s) | Phase  |
------------+------------+------------------+--------+
ANODE<0>    |    8.519(F)|CKHT_BUFGP        |   0.000|
ANODE<1>    |    8.163(F)|CKHT_BUFGP        |   0.000|
ANODE<2>    |    7.990(F)|CKHT_BUFGP        |   0.000|
ANODE<3>    |    8.630(F)|CKHT_BUFGP        |   0.000|
ANODE<4>    |    9.251(F)|CKHT_BUFGP        |   0.000|
ANODE<5>    |    8.312(F)|CKHT_BUFGP        |   0.000|
ANODE<6>    |    9.259(F)|CKHT_BUFGP        |   0.000|
LED<0>      |    7.489(F)|CKHT_BUFGP        |   0.000|
LED<1>      |    9.527(F)|CKHT_BUFGP        |   0.000|
SSEG<0>     |   13.317(F)|CKHT_BUFGP        |   0.000|
SSEG<1>     |   13.535(F)|CKHT_BUFGP        |   0.000|
SSEG<2>     |   12.906(F)|CKHT_BUFGP        |   0.000|
SSEG<3>     |   12.940(F)|CKHT_BUFGP        |   0.000|
SSEG<4>     |   11.833(F)|CKHT_BUFGP        |   0.000|
SSEG<5>     |   12.837(F)|CKHT_BUFGP        |   0.000|
SSEG<6>     |   10.738(F)|CKHT_BUFGP        |   0.000|
------------+------------+------------------+--------+

Clock to Setup on destination clock CKHT
---------------+---------+---------+---------+---------+
               | Src:Rise| Src:Fall| Src:Rise| Src:Fall|
Source Clock   |Dest:Rise|Dest:Rise|Dest:Fall|Dest:Fall|
---------------+---------+---------+---------+---------+
CKHT           |         |         |         |    6.535|
---------------+---------+---------+---------+---------+


Analysis completed Thu Oct 24 14:42:55 2019 
--------------------------------------------------------------------------------

Trace Settings:
-------------------------
Trace Settings 

Peak Memory Usage: 4509 MB



