Release 14.7 - xst P.20131013 (nt64)
Copyright (c) 1995-2013 Xilinx, Inc.  All rights reserved.
--> Parameter TMPDIR set to xst/projnav.tmp


Total REAL time to Xst completion: 0.00 secs
Total CPU time to Xst completion: 0.14 secs
 
--> Parameter xsthdpdir set to xst


Total REAL time to Xst completion: 0.00 secs
Total CPU time to Xst completion: 0.14 secs
 
--> Reading design: LCD_20X4_CLOCK_3KEY.prj

TABLE OF CONTENTS
  1) Synthesis Options Summary
  2) HDL Compilation
  3) Design Hierarchy Analysis
  4) HDL Analysis
  5) HDL Synthesis
     5.1) HDL Synthesis Report
  6) Advanced HDL Synthesis
     6.1) Advanced HDL Synthesis Report
  7) Low Level Synthesis
  8) Partition Report
  9) Final Report
	9.1) Device utilization summary
	9.2) Partition Resource Summary
	9.3) TIMING REPORT


=========================================================================
*                      Synthesis Options Summary                        *
=========================================================================
---- Source Parameters
Input File Name                    : "LCD_20X4_CLOCK_3KEY.prj"
Input Format                       : mixed
Ignore Synthesis Constraint File   : NO

---- Target Parameters
Output File Name                   : "LCD_20X4_CLOCK_3KEY"
Output Format                      : NGC
Target Device                      : xc3s500e-5-pq208

---- Source Options
Top Module Name                    : LCD_20X4_CLOCK_3KEY
Automatic FSM Extraction           : YES
FSM Encoding Algorithm             : Auto
Safe Implementation                : No
FSM Style                          : LUT
RAM Extraction                     : Yes
RAM Style                          : Auto
ROM Extraction                     : Yes
Mux Style                          : Auto
Decoder Extraction                 : YES
Priority Encoder Extraction        : Yes
Shift Register Extraction          : YES
Logical Shifter Extraction         : YES
XOR Collapsing                     : YES
ROM Style                          : Auto
Mux Extraction                     : Yes
Resource Sharing                   : YES
Asynchronous To Synchronous        : NO
Multiplier Style                   : Auto
Automatic Register Balancing       : No

---- Target Options
Add IO Buffers                     : YES
Global Maximum Fanout              : 500
Add Generic Clock Buffer(BUFG)     : 24
Register Duplication               : YES
Slice Packing                      : YES
Optimize Instantiated Primitives   : NO
Use Clock Enable                   : Yes
Use Synchronous Set                : Yes
Use Synchronous Reset              : Yes
Pack IO Registers into IOBs        : Auto
Equivalent register Removal        : YES

---- General Options
Optimization Goal                  : Speed
Optimization Effort                : 1
Keep Hierarchy                     : No
Netlist Hierarchy                  : As_Optimized
RTL Output                         : Yes
Global Optimization                : AllClockNets
Read Cores                         : YES
Write Timing Constraints           : NO
Cross Clock Analysis               : NO
Hierarchy Separator                : /
Bus Delimiter                      : <>
Case Specifier                     : Maintain
Slice Utilization Ratio            : 100
BRAM Utilization Ratio             : 100
Verilog 2001                       : YES
Auto BRAM Packing                  : NO
Slice Utilization Ratio Delta      : 5

=========================================================================


=========================================================================
*                          HDL Compilation                              *
=========================================================================
Compiling vhdl file "C:/Users/Admin/Documents/TT-HDL-N7-S2/VHDL/BAI_612_LCD_20X4_CLOCK_3KEY/DEBOUCE_BTN.vhd" in Library work.
Architecture behavioral of Entity debounce_btn is up to date.
Compiling vhdl file "C:/Users/Admin/Documents/TT-HDL-N7-S2/VHDL/BAI_612_LCD_20X4_CLOCK_3KEY/LAM_HEP_XUNG.vhd" in Library work.
Architecture behavioral of Entity lam_hep_xung is up to date.
Compiling vhdl file "C:/Users/Admin/Documents/TT-HDL-N7-S2/VHDL/BAI_612_LCD_20X4_CLOCK_3KEY/CHIA_10ENA.vhd" in Library work.
Architecture behavioral of Entity chia_10ena is up to date.
Compiling vhdl file "C:/Users/Admin/Documents/TT-HDL-N7-S2/VHDL/BAI_612_LCD_20X4_CLOCK_3KEY/CD_LAM_HEP_BTN.vhd" in Library work.
Architecture behavioral of Entity cd_lam_hep_btn is up to date.
Compiling vhdl file "C:/Users/Admin/Documents/TT-HDL-N7-S2/VHDL/BAI_612_LCD_20X4_CLOCK_3KEY/XULY_MOD_DAUCHAM.vhd" in Library work.
Architecture behavioral of Entity xuly_mod_daucham is up to date.
Compiling vhdl file "C:/Users/Admin/Documents/TT-HDL-N7-S2/VHDL/BAI_612_LCD_20X4_CLOCK_3KEY/DEM_GIOPHUTGIAY_3KEY.vhd" in Library work.
Architecture behavioral of Entity dem_giophutgiay_3key is up to date.
Compiling vhdl file "C:/Users/Admin/Documents/TT-HDL-N7-S2/VHDL/BAI_612_LCD_20X4_CLOCK_3KEY/HEXTOBCD_6BIT.vhd" in Library work.
Architecture behavioral of Entity hextobcd_6bit is up to date.
Compiling vhdl file "C:/Users/Admin/Documents/TT-HDL-N7-S2/VHDL/BAI_612_LCD_20X4_CLOCK_3KEY/LCD_20X4_GAN_DULIEU_GPG.vhd" in Library work.
Architecture behavioral of Entity lcd_20x4_gan_dulieu_gpg is up to date.
Compiling vhdl file "C:/Users/Admin/Documents/TT-HDL-N7-S2/VHDL/BAI_612_LCD_20X4_CLOCK_3KEY/LCD_20X4_KHOITAO_HIENTHI.vhd" in Library work.
Entity <lcd_20x4_khoitao_hienthi> compiled.
Entity <lcd_20x4_khoitao_hienthi> (Architecture <behavioral>) compiled.
Compiling vhdl file "C:/Users/Admin/Documents/TT-HDL-N7-S2/VHDL/BAI_612_LCD_20X4_CLOCK_3KEY/LCD_20X4_CLOCK_3KEY.vhd" in Library work.
Architecture behavioral of Entity lcd_20x4_clock_3key is up to date.

=========================================================================
*                     Design Hierarchy Analysis                         *
=========================================================================
Analyzing hierarchy for entity <LCD_20X4_CLOCK_3KEY> in library <work> (architecture <behavioral>).

Analyzing hierarchy for entity <CHIA_10ENA> in library <work> (architecture <Behavioral>).

Analyzing hierarchy for entity <DEBOUNCE_BTN> in library <work> (architecture <Behavioral>).

Analyzing hierarchy for entity <CD_LAM_HEP_BTN> in library <work> (architecture <Behavioral>).

Analyzing hierarchy for entity <XULY_MOD_DAUCHAM> in library <work> (architecture <Behavioral>).

Analyzing hierarchy for entity <DEM_GIOPHUTGIAY_3KEY> in library <work> (architecture <Behavioral>).

Analyzing hierarchy for entity <HEXTOBCD_6BIT> in library <work> (architecture <Behavioral>).

Analyzing hierarchy for entity <LCD_20X4_GAN_DULIEU_GPG> in library <work> (architecture <Behavioral>).

Analyzing hierarchy for entity <LCD_20X4_KHOITAO_HIENTHI> in library <work> (architecture <Behavioral>).

Analyzing hierarchy for entity <DEBOUNCE_BTN> in library <work> (architecture <Behavioral>).

Analyzing hierarchy for entity <LAM_HEP_XUNG> in library <work> (architecture <Behavioral>).


=========================================================================
*                            HDL Analysis                               *
=========================================================================
Analyzing Entity <LCD_20X4_CLOCK_3KEY> in library <work> (Architecture <behavioral>).
Entity <LCD_20X4_CLOCK_3KEY> analyzed. Unit <LCD_20X4_CLOCK_3KEY> generated.

Analyzing Entity <CHIA_10ENA> in library <work> (Architecture <Behavioral>).
Entity <CHIA_10ENA> analyzed. Unit <CHIA_10ENA> generated.

Analyzing Entity <DEBOUNCE_BTN> in library <work> (Architecture <Behavioral>).
Entity <DEBOUNCE_BTN> analyzed. Unit <DEBOUNCE_BTN> generated.

Analyzing Entity <CD_LAM_HEP_BTN> in library <work> (Architecture <Behavioral>).
Entity <CD_LAM_HEP_BTN> analyzed. Unit <CD_LAM_HEP_BTN> generated.

Analyzing Entity <LAM_HEP_XUNG> in library <work> (Architecture <Behavioral>).
Entity <LAM_HEP_XUNG> analyzed. Unit <LAM_HEP_XUNG> generated.

Analyzing Entity <XULY_MOD_DAUCHAM> in library <work> (Architecture <Behavioral>).
Entity <XULY_MOD_DAUCHAM> analyzed. Unit <XULY_MOD_DAUCHAM> generated.

Analyzing Entity <DEM_GIOPHUTGIAY_3KEY> in library <work> (Architecture <Behavioral>).
Entity <DEM_GIOPHUTGIAY_3KEY> analyzed. Unit <DEM_GIOPHUTGIAY_3KEY> generated.

Analyzing Entity <HEXTOBCD_6BIT> in library <work> (Architecture <Behavioral>).
Entity <HEXTOBCD_6BIT> analyzed. Unit <HEXTOBCD_6BIT> generated.

Analyzing Entity <LCD_20X4_GAN_DULIEU_GPG> in library <work> (Architecture <Behavioral>).
Entity <LCD_20X4_GAN_DULIEU_GPG> analyzed. Unit <LCD_20X4_GAN_DULIEU_GPG> generated.

Analyzing Entity <LCD_20X4_KHOITAO_HIENTHI> in library <work> (Architecture <Behavioral>).
Entity <LCD_20X4_KHOITAO_HIENTHI> analyzed. Unit <LCD_20X4_KHOITAO_HIENTHI> generated.


=========================================================================
*                           HDL Synthesis                               *
=========================================================================

Performing bidirectional port resolution...

Synthesizing Unit <CHIA_10ENA>.
    Related source file is "C:/Users/Admin/Documents/TT-HDL-N7-S2/VHDL/BAI_612_LCD_20X4_CLOCK_3KEY/CHIA_10ENA.vhd".
    Found 25-bit adder for signal <D2HZ_N$addsub0000> created at line 101.
    Found 25-bit register for signal <D2HZ_R>.
    Found 24-bit adder for signal <D5HZ_N$addsub0000> created at line 100.
    Found 24-bit register for signal <D5HZ_R>.
    Summary:
	inferred  49 D-type flip-flop(s).
	inferred   2 Adder/Subtractor(s).
Unit <CHIA_10ENA> synthesized.


Synthesizing Unit <DEBOUNCE_BTN>.
    Related source file is "C:/Users/Admin/Documents/TT-HDL-N7-S2/VHDL/BAI_612_LCD_20X4_CLOCK_3KEY/DEBOUCE_BTN.vhd".
    Found finite state machine <FSM_0> for signal <DB_REG>.
    -----------------------------------------------------------------------
    | States             | 4                                              |
    | Transitions        | 10                                             |
    | Inputs             | 2                                              |
    | Outputs            | 5                                              |
    | Clock              | CKHT                      (falling_edge)       |
    | Power Up State     | zero                                           |
    | Encoding           | automatic                                      |
    | Implementation     | LUT                                            |
    -----------------------------------------------------------------------
    Found 20-bit register for signal <DELAY_REG>.
    Found 20-bit subtractor for signal <DELAY_REG$addsub0000>.
    Summary:
	inferred   1 Finite State Machine(s).
	inferred  20 D-type flip-flop(s).
	inferred   1 Adder/Subtractor(s).
Unit <DEBOUNCE_BTN> synthesized.


Synthesizing Unit <XULY_MOD_DAUCHAM>.
    Related source file is "C:/Users/Admin/Documents/TT-HDL-N7-S2/VHDL/BAI_612_LCD_20X4_CLOCK_3KEY/XULY_MOD_DAUCHAM.vhd".
    Found 2-bit up counter for signal <GT_MOD_R>.
    Summary:
	inferred   1 Counter(s).
Unit <XULY_MOD_DAUCHAM> synthesized.


Synthesizing Unit <DEM_GIOPHUTGIAY_3KEY>.
    Related source file is "C:/Users/Admin/Documents/TT-HDL-N7-S2/VHDL/BAI_612_LCD_20X4_CLOCK_3KEY/DEM_GIOPHUTGIAY_3KEY.vhd".
    Found 6-bit adder for signal <GIAY_N$addsub0000> created at line 82.
    Found 6-bit register for signal <GIAY_R>.
    Found 6-bit subtractor for signal <GIAY_R$addsub0000> created at line 86.
    Found 5-bit adder for signal <GIO_N$addsub0000> created at line 119.
    Found 5-bit register for signal <GIO_R>.
    Found 5-bit subtractor for signal <GIO_R$addsub0000> created at line 123.
    Found 6-bit adder for signal <PHUT_N$addsub0000> created at line 101.
    Found 6-bit register for signal <PHUT_R>.
    Found 6-bit subtractor for signal <PHUT_R$addsub0000> created at line 105.
    Summary:
	inferred  17 D-type flip-flop(s).
	inferred   6 Adder/Subtractor(s).
Unit <DEM_GIOPHUTGIAY_3KEY> synthesized.


Synthesizing Unit <HEXTOBCD_6BIT>.
    Related source file is "C:/Users/Admin/Documents/TT-HDL-N7-S2/VHDL/BAI_612_LCD_20X4_CLOCK_3KEY/HEXTOBCD_6BIT.vhd".
    Found 4-bit comparator greatequal for signal <BCD_HEX_9$cmp_ge0000> created at line 55.
    Found 4-bit comparator greatequal for signal <BCD_HEX_9$cmp_ge0001> created at line 55.
    Found 4-bit comparator greatequal for signal <BCD_HEX_9$cmp_ge0002> created at line 55.
    Found 4-bit adder for signal <BCD_HEX_9_6$add0000> created at line 56.
    Found 4-bit adder for signal <BCD_HEX_9_6$add0001> created at line 56.
    Found 4-bit adder for signal <BCD_HEX_9_6$add0002> created at line 56.
    Summary:
	inferred   3 Adder/Subtractor(s).
	inferred   3 Comparator(s).
Unit <HEXTOBCD_6BIT> synthesized.


Synthesizing Unit <LCD_20X4_GAN_DULIEU_GPG>.
    Related source file is "C:/Users/Admin/Documents/TT-HDL-N7-S2/VHDL/BAI_612_LCD_20X4_CLOCK_3KEY/LCD_20X4_GAN_DULIEU_GPG.vhd".
Unit <LCD_20X4_GAN_DULIEU_GPG> synthesized.


Synthesizing Unit <LCD_20X4_KHOITAO_HIENTHI>.
    Related source file is "C:/Users/Admin/Documents/TT-HDL-N7-S2/VHDL/BAI_612_LCD_20X4_CLOCK_3KEY/LCD_20X4_KHOITAO_HIENTHI.vhd".
    Found finite state machine <FSM_1> for signal <LCD_STATE>.
    -----------------------------------------------------------------------
    | States             | 10                                             |
    | Transitions        | 25                                             |
    | Inputs             | 5                                              |
    | Outputs            | 10                                             |
    | Clock              | LCD_CK                    (falling_edge)       |
    | Reset              | LCD_RST                   (positive)           |
    | Reset type         | asynchronous                                   |
    | Reset State        | lcd_initial                                    |
    | Power Up State     | lcd_initial                                    |
    | Encoding           | automatic                                      |
    | Implementation     | LUT                                            |
    -----------------------------------------------------------------------
    Found 6x8-bit ROM for signal <LCD_DB$mux0000> created at line 118.
    Found 1-bit register for signal <LCD_E>.
    Found 1-bit register for signal <LCD_RS>.
    Found 8-bit register for signal <LCD_DB>.
    Found 8-bit 20-to-1 multiplexer for signal <$varindex0000> created at line 139.
    Found 8-bit 20-to-1 multiplexer for signal <$varindex0001> created at line 161.
    Found 8-bit 20-to-1 multiplexer for signal <$varindex0002> created at line 183.
    Found 8-bit 20-to-1 multiplexer for signal <$varindex0003> created at line 205.
    Found 5-bit register for signal <PTR>.
    Found 5-bit adder for signal <PTR$share0000> created at line 109.
    Found 20-bit register for signal <SLX>.
    Found 20-bit adder for signal <SLX$share0000> created at line 109.
    Summary:
	inferred   1 Finite State Machine(s).
	inferred   1 ROM(s).
	inferred  35 D-type flip-flop(s).
	inferred   2 Adder/Subtractor(s).
	inferred  32 Multiplexer(s).
Unit <LCD_20X4_KHOITAO_HIENTHI> synthesized.


Synthesizing Unit <LAM_HEP_XUNG>.
    Related source file is "C:/Users/Admin/Documents/TT-HDL-N7-S2/VHDL/BAI_612_LCD_20X4_CLOCK_3KEY/LAM_HEP_XUNG.vhd".
    Found 1-bit register for signal <QFF>.
    Summary:
	inferred   1 D-type flip-flop(s).
Unit <LAM_HEP_XUNG> synthesized.


Synthesizing Unit <CD_LAM_HEP_BTN>.
    Related source file is "C:/Users/Admin/Documents/TT-HDL-N7-S2/VHDL/BAI_612_LCD_20X4_CLOCK_3KEY/CD_LAM_HEP_BTN.vhd".
Unit <CD_LAM_HEP_BTN> synthesized.


Synthesizing Unit <LCD_20X4_CLOCK_3KEY>.
    Related source file is "C:/Users/Admin/Documents/TT-HDL-N7-S2/VHDL/BAI_612_LCD_20X4_CLOCK_3KEY/LCD_20X4_CLOCK_3KEY.vhd".
Unit <LCD_20X4_CLOCK_3KEY> synthesized.

INFO:Xst:1767 - HDL ADVISOR - Resource sharing has identified that some arithmetic operations in this design can share the same physical resources for reduced device utilization. For improved clock frequency you may try to disable resource sharing.

=========================================================================
HDL Synthesis Report

Macro Statistics
# ROMs                                                 : 1
 6x8-bit ROM                                           : 1
# Adders/Subtractors                                   : 22
 20-bit adder                                          : 1
 20-bit subtractor                                     : 3
 24-bit adder                                          : 1
 25-bit adder                                          : 1
 4-bit adder                                           : 9
 5-bit adder                                           : 2
 5-bit subtractor                                      : 1
 6-bit adder                                           : 2
 6-bit subtractor                                      : 2
# Counters                                             : 1
 2-bit up counter                                      : 1
# Registers                                            : 14
 1-bit register                                        : 3
 20-bit register                                       : 4
 24-bit register                                       : 1
 25-bit register                                       : 1
 5-bit register                                        : 2
 6-bit register                                        : 2
 8-bit register                                        : 1
# Comparators                                          : 9
 4-bit comparator greatequal                           : 9
# Multiplexers                                         : 4
 8-bit 20-to-1 multiplexer                             : 4

=========================================================================

=========================================================================
*                       Advanced HDL Synthesis                          *
=========================================================================

Analyzing FSM <FSM_1> for best encoding.
Optimizing FSM <IC7/LCD_STATE/FSM> on signal <LCD_STATE[1:4]> with gray encoding.
-------------------------
 State       | Encoding
-------------------------
 lcd_initial | 0000
 lcd_addr_l1 | 0001
 lcd_data_l1 | 0011
 lcd_addr_l2 | 0010
 lcd_data_l2 | 0110
 lcd_addr_l3 | 0111
 lcd_data_l3 | 0101
 lcd_addr_l4 | 0100
 lcd_data_l4 | 1100
 lcd_stop    | 1101
-------------------------
Analyzing FSM <FSM_0> for best encoding.
Optimizing FSM <IC23/IC3/DB_REG/FSM> on signal <DB_REG[1:2]> with sequential encoding.
Optimizing FSM <IC21/DB_REG/FSM> on signal <DB_REG[1:2]> with sequential encoding.
Optimizing FSM <IC22/DB_REG/FSM> on signal <DB_REG[1:2]> with sequential encoding.
-------------------
 State | Encoding
-------------------
 zero  | 00
 wait0 | 11
 one   | 10
 wait1 | 01
-------------------

=========================================================================
Advanced HDL Synthesis Report

Macro Statistics
# FSMs                                                 : 2
# ROMs                                                 : 1
 6x8-bit ROM                                           : 1
# Adders/Subtractors                                   : 22
 20-bit adder                                          : 1
 20-bit subtractor                                     : 3
 24-bit adder                                          : 1
 25-bit adder                                          : 1
 4-bit adder                                           : 9
 5-bit adder                                           : 2
 5-bit subtractor                                      : 1
 6-bit adder                                           : 2
 6-bit subtractor                                      : 2
# Counters                                             : 1
 2-bit up counter                                      : 1
# Registers                                            : 162
 Flip-Flops                                            : 162
# Comparators                                          : 9
 4-bit comparator greatequal                           : 9
# Multiplexers                                         : 4
 8-bit 20-to-1 multiplexer                             : 4

=========================================================================

=========================================================================
*                         Low Level Synthesis                           *
=========================================================================

Optimizing unit <LCD_20X4_CLOCK_3KEY> ...

Optimizing unit <CHIA_10ENA> ...

Optimizing unit <DEBOUNCE_BTN> ...

Optimizing unit <DEM_GIOPHUTGIAY_3KEY> ...

Optimizing unit <HEXTOBCD_6BIT> ...

Optimizing unit <LCD_20X4_KHOITAO_HIENTHI> ...

Mapping all equations...
Building and optimizing final netlist ...
Found area constraint ratio of 100 (+ 5) on block LCD_20X4_CLOCK_3KEY, actual ratio is 5.

Final Macro Processing ...

=========================================================================
Final Register Report

Macro Statistics
# Registers                                            : 174
 Flip-Flops                                            : 174

=========================================================================

=========================================================================
*                           Partition Report                            *
=========================================================================

Partition Implementation Status
-------------------------------

  No Partitions were found in this design.

-------------------------------

=========================================================================
*                            Final Report                               *
=========================================================================
Final Results
RTL Top Level Output File Name     : LCD_20X4_CLOCK_3KEY.ngr
Top Level Output File Name         : LCD_20X4_CLOCK_3KEY
Output Format                      : NGC
Optimization Goal                  : Speed
Keep Hierarchy                     : No

Design Statistics
# IOs                              : 17

Cell Usage :
# BELS                             : 771
#      GND                         : 1
#      INV                         : 66
#      LUT1                        : 69
#      LUT2                        : 18
#      LUT2_D                      : 3
#      LUT2_L                      : 5
#      LUT3                        : 59
#      LUT3_D                      : 3
#      LUT3_L                      : 9
#      LUT4                        : 193
#      LUT4_D                      : 26
#      LUT4_L                      : 22
#      MUXCY                       : 138
#      MUXF5                       : 25
#      MUXF6                       : 4
#      VCC                         : 1
#      XORCY                       : 129
# FlipFlops/Latches                : 174
#      FD_1                        : 4
#      FDC_1                       : 29
#      FDCE_1                      : 17
#      FDE                         : 2
#      FDE_1                       : 10
#      FDR_1                       : 47
#      FDS_1                       : 2
#      FDSE_1                      : 63
# Clock Buffers                    : 1
#      BUFGP                       : 1
# IO Buffers                       : 16
#      IBUF                        : 5
#      OBUF                        : 11
=========================================================================

Device utilization summary:
---------------------------

Selected Device : 3s500epq208-5 

 Number of Slices:                      245  out of   4656     5%  
 Number of Slice Flip Flops:            174  out of   9312     1%  
 Number of 4 input LUTs:                473  out of   9312     5%  
 Number of IOs:                          17
 Number of bonded IOBs:                  17  out of    158    10%  
 Number of GCLKs:                         1  out of     24     4%  

---------------------------
Partition Resource Summary:
---------------------------

  No Partitions were found in this design.

---------------------------


=========================================================================
TIMING REPORT

NOTE: THESE TIMING NUMBERS ARE ONLY A SYNTHESIS ESTIMATE.
      FOR ACCURATE TIMING INFORMATION PLEASE REFER TO THE TRACE REPORT
      GENERATED AFTER PLACE-and-ROUTE.

Clock Information:
------------------
-----------------------------------+------------------------+-------+
Clock Signal                       | Clock buffer(FF name)  | Load  |
-----------------------------------+------------------------+-------+
CKHT                               | BUFGP                  | 174   |
-----------------------------------+------------------------+-------+

Asynchronous Control Signals Information:
----------------------------------------
-----------------------------------+------------------------+-------+
Control Signal                     | Buffer(FF name)        | Load  |
-----------------------------------+------------------------+-------+
BTN<0>                             | IBUF                   | 46    |
-----------------------------------+------------------------+-------+

Timing Summary:
---------------
Speed Grade: -5

   Minimum period: 8.797ns (Maximum Frequency: 113.680MHz)
   Minimum input arrival time before clock: 4.028ns
   Maximum output required time after clock: 4.134ns
   Maximum combinational path delay: 4.632ns

Timing Detail:
--------------
All values displayed in nanoseconds (ns)

=========================================================================
Timing constraint: Default period analysis for Clock 'CKHT'
  Clock period: 8.797ns (frequency: 113.680MHz)
  Total number of paths / destination ports: 10465 / 365
-------------------------------------------------------------------------
Delay:               8.797ns (Levels of Logic = 7)
  Source:            IC7/SLX_13 (FF)
  Destination:       IC7/LCD_DB_3 (FF)
  Source Clock:      CKHT falling
  Destination Clock: CKHT falling

  Data Path: IC7/SLX_13 to IC7/LCD_DB_3
                                Gate     Net
    Cell:in->out      fanout   Delay   Delay  Logical Name (Net Name)
    ----------------------------------------  ------------
     FDC_1:C->Q            2   0.514   0.532  IC7/SLX_13 (IC7/SLX_13)
     LUT4:I0->O            2   0.612   0.410  IC7/LCD_STATE_cmp_eq000423 (IC7/N57)
     LUT4:I2->O            9   0.612   0.700  IC7/LCD_DB_cmp_eq00001 (IC7/N18)
     LUT4:I3->O            3   0.612   0.520  IC7/LCD_DB_cmp_eq00011 (IC7/LCD_DB_cmp_eq0001)
     LUT4:I1->O            9   0.612   0.727  IC7/LCD_DB_or0000 (IC7/LCD_DB_or0000)
     LUT3:I2->O            1   0.612   0.360  IC7/LCD_DB_mux0001<3>11_SW1 (N87)
     LUT4_D:I3->O          3   0.612   0.481  IC7/LCD_DB_mux0001<2>46 (IC7/LCD_DB_mux0001<2>46)
     LUT4:I2->O            1   0.612   0.000  IC7/LCD_DB_mux0001<4>157 (IC7/LCD_DB_mux0001<4>)
     FDE_1:D                   0.268          IC7/LCD_DB_3
    ----------------------------------------
    Total                      8.797ns (5.066ns logic, 3.731ns route)
                                       (57.6% logic, 42.4% route)

=========================================================================
Timing constraint: Default OFFSET IN BEFORE for Clock 'CKHT'
  Total number of paths / destination ports: 76 / 76
-------------------------------------------------------------------------
Offset:              4.028ns (Levels of Logic = 2)
  Source:            BTN<0> (PAD)
  Destination:       IC7/LCD_DB_7 (FF)
  Destination Clock: CKHT falling

  Data Path: BTN<0> to IC7/LCD_DB_7
                                Gate     Net
    Cell:in->out      fanout   Delay   Delay  Logical Name (Net Name)
    ----------------------------------------  ------------
     IBUF:I->O            47   1.106   1.077  BTN_0_IBUF (BTN_0_IBUF)
     INV:I->O             10   0.612   0.750  IC7/LCD_RST_inv1_INV_0 (IC7/LCD_RST_inv)
     FDE_1:CE                  0.483          IC7/LCD_E
    ----------------------------------------
    Total                      4.028ns (2.201ns logic, 1.827ns route)
                                       (54.6% logic, 45.4% route)

=========================================================================
Timing constraint: Default OFFSET OUT AFTER for Clock 'CKHT'
  Total number of paths / destination ports: 10 / 10
-------------------------------------------------------------------------
Offset:              4.134ns (Levels of Logic = 1)
  Source:            IC7/LCD_E (FF)
  Destination:       LCD_E (PAD)
  Source Clock:      CKHT falling

  Data Path: IC7/LCD_E to LCD_E
                                Gate     Net
    Cell:in->out      fanout   Delay   Delay  Logical Name (Net Name)
    ----------------------------------------  ------------
     FDE_1:C->Q            3   0.514   0.451  IC7/LCD_E (IC7/LCD_E)
     OBUF:I->O                 3.169          LCD_E_OBUF (LCD_E)
    ----------------------------------------
    Total                      4.134ns (3.683ns logic, 0.451ns route)
                                       (89.1% logic, 10.9% route)

=========================================================================
Timing constraint: Default path analysis
  Total number of paths / destination ports: 1 / 1
-------------------------------------------------------------------------
Delay:               4.632ns (Levels of Logic = 2)
  Source:            SW0 (PAD)
  Destination:       LCD_P (PAD)

  Data Path: SW0 to LCD_P
                                Gate     Net
    Cell:in->out      fanout   Delay   Delay  Logical Name (Net Name)
    ----------------------------------------  ------------
     IBUF:I->O             1   1.106   0.357  SW0_IBUF (LCD_P_OBUF)
     OBUF:I->O                 3.169          LCD_P_OBUF (LCD_P)
    ----------------------------------------
    Total                      4.632ns (4.275ns logic, 0.357ns route)
                                       (92.3% logic, 7.7% route)

=========================================================================


Total REAL time to Xst completion: 13.00 secs
Total CPU time to Xst completion: 13.94 secs
 
--> 

Total memory usage is 4537632 kilobytes

Number of errors   :    0 (   0 filtered)
Number of warnings :    0 (   0 filtered)
Number of infos    :    1 (   0 filtered)

