Release 14.7 - xst P.20131013 (nt64)
Copyright (c) 1995-2013 Xilinx, Inc.  All rights reserved.
--> Parameter TMPDIR set to xst/projnav.tmp


Total REAL time to Xst completion: 0.00 secs
Total CPU time to Xst completion: 0.30 secs
 
--> Parameter xsthdpdir set to xst


Total REAL time to Xst completion: 0.00 secs
Total CPU time to Xst completion: 0.30 secs
 
--> Reading design: ex.prj

TABLE OF CONTENTS
  1) Synthesis Options Summary
  2) HDL Parsing
  3) HDL Elaboration
  4) HDL Synthesis
       4.1) HDL Synthesis Report
  5) Advanced HDL Synthesis
       5.1) Advanced HDL Synthesis Report
  6) Low Level Synthesis
  7) Partition Report
  8) Design Summary
       8.1) Primitive and Black Box Usage
       8.2) Device utilization summary
       8.3) Partition Resource Summary
       8.4) Timing Report
            8.4.1) Clock Information
            8.4.2) Asynchronous Control Signals Information
            8.4.3) Timing Summary
            8.4.4) Timing Details
            8.4.5) Cross Clock Domains Report


=========================================================================
*                      Synthesis Options Summary                        *
=========================================================================
---- Source Parameters
Input File Name                    : "ex.prj"
Ignore Synthesis Constraint File   : NO

---- Target Parameters
Output File Name                   : "ex"
Output Format                      : NGC
Target Device                      : xc6slx9-3-tqg144

---- Source Options
Top Module Name                    : ex
Automatic FSM Extraction           : YES
FSM Encoding Algorithm             : Auto
Safe Implementation                : No
FSM Style                          : LUT
RAM Extraction                     : Yes
RAM Style                          : Auto
ROM Extraction                     : Yes
Shift Register Extraction          : YES
ROM Style                          : Auto
Resource Sharing                   : YES
Asynchronous To Synchronous        : NO
Shift Register Minimum Size        : 2
Use DSP Block                      : Auto
Automatic Register Balancing       : No

---- Target Options
LUT Combining                      : Auto
Reduce Control Sets                : Auto
Add IO Buffers                     : YES
Global Maximum Fanout              : 100000
Add Generic Clock Buffer(BUFG)     : 16
Register Duplication               : YES
Optimize Instantiated Primitives   : NO
Use Clock Enable                   : Auto
Use Synchronous Set                : Auto
Use Synchronous Reset              : Auto
Pack IO Registers into IOBs        : Auto
Equivalent register Removal        : YES

---- General Options
Optimization Goal                  : Speed
Optimization Effort                : 1
Power Reduction                    : NO
Keep Hierarchy                     : No
Netlist Hierarchy                  : As_Optimized
RTL Output                         : Yes
Global Optimization                : AllClockNets
Read Cores                         : YES
Write Timing Constraints           : NO
Cross Clock Analysis               : NO
Hierarchy Separator                : /
Bus Delimiter                      : <>
Case Specifier                     : Maintain
Slice Utilization Ratio            : 100
BRAM Utilization Ratio             : 100
DSP48 Utilization Ratio            : 100
Auto BRAM Packing                  : NO
Slice Utilization Ratio Delta      : 5

=========================================================================


=========================================================================
*                          HDL Parsing                                  *
=========================================================================
Analyzing Verilog file "F:\VHDL\ex\ex.v" into library work
Parsing module <ex>.

=========================================================================
*                            HDL Elaboration                            *
=========================================================================

Elaborating module <ex>.
WARNING:HDLCompiler:413 - "F:\VHDL\ex\ex.v" Line 61: Result of 15-bit expression is truncated to fit in 14-bit target.
WARNING:HDLCompiler:413 - "F:\VHDL\ex\ex.v" Line 67: Result of 3-bit expression is truncated to fit in 2-bit target.
WARNING:HDLCompiler:413 - "F:\VHDL\ex\ex.v" Line 69: Result of 5-bit expression is truncated to fit in 4-bit target.

=========================================================================
*                           HDL Synthesis                               *
=========================================================================

Synthesizing Unit <ex>.
    Related source file is "F:\VHDL\ex\ex.v".
        clk_freq = 50000000
        baud_rate = 96000
        div_sample = 4
        div_counter = 130
        mid_sample = 2
        div_bit = 10
    Found 4-bit register for signal <bitcounter>.
    Found 14-bit register for signal <counter>.
    Found 2-bit register for signal <samplecounter>.
    Found 10-bit register for signal <rxshiftreg>.
    Found 1-bit register for signal <shift>.
    Found 1-bit register for signal <clear_samplecounter>.
    Found 1-bit register for signal <inc_samplecounter>.
    Found 1-bit register for signal <clear_bitcounter>.
    Found 1-bit register for signal <inc_bitcounter>.
    Found 1-bit register for signal <nextstate>.
    Found 1-bit register for signal <state>.
    Found 14-bit adder for signal <counter[13]_GND_1_o_add_2_OUT> created at line 61.
    Found 2-bit adder for signal <samplecounter[1]_GND_1_o_add_6_OUT> created at line 67.
    Found 4-bit adder for signal <bitcounter[3]_GND_1_o_add_9_OUT> created at line 69.
    Found 14-bit comparator greater for signal <n0002> created at line 62
    Summary:
	inferred   3 Adder/Subtractor(s).
	inferred  37 D-type flip-flop(s).
	inferred   1 Comparator(s).
	inferred   2 Multiplexer(s).
Unit <ex> synthesized.

=========================================================================
HDL Synthesis Report

Macro Statistics
# Adders/Subtractors                                   : 3
 14-bit adder                                          : 1
 2-bit adder                                           : 1
 4-bit adder                                           : 1
# Registers                                            : 11
 1-bit register                                        : 7
 10-bit register                                       : 1
 14-bit register                                       : 1
 2-bit register                                        : 1
 4-bit register                                        : 1
# Comparators                                          : 1
 14-bit comparator greater                             : 1
# Multiplexers                                         : 2
 1-bit 2-to-1 multiplexer                              : 2

=========================================================================

=========================================================================
*                       Advanced HDL Synthesis                          *
=========================================================================

WARNING:Xst:2677 - Node <rxshiftreg_0> of sequential type is unconnected in block <ex>.

Synthesizing (advanced) Unit <ex>.
The following registers are absorbed into counter <counter>: 1 register on signal <counter>.
The following registers are absorbed into counter <bitcounter>: 1 register on signal <bitcounter>.
The following registers are absorbed into counter <samplecounter>: 1 register on signal <samplecounter>.
Unit <ex> synthesized (advanced).
WARNING:Xst:2677 - Node <rxshiftreg_0> of sequential type is unconnected in block <ex>.

=========================================================================
Advanced HDL Synthesis Report

Macro Statistics
# Counters                                             : 3
 14-bit up counter                                     : 1
 2-bit up counter                                      : 1
 4-bit up counter                                      : 1
# Registers                                            : 16
 Flip-Flops                                            : 16
# Comparators                                          : 1
 14-bit comparator greater                             : 1
# Multiplexers                                         : 2
 1-bit 2-to-1 multiplexer                              : 2

=========================================================================

=========================================================================
*                         Low Level Synthesis                           *
=========================================================================

Optimizing unit <ex> ...
WARNING:Xst:1710 - FF/Latch <counter_8> (without init value) has a constant value of 0 in block <ex>. This FF/Latch will be trimmed during the optimization process.
WARNING:Xst:1895 - Due to other FF/Latch trimming, FF/Latch <counter_9> (without init value) has a constant value of 0 in block <ex>. This FF/Latch will be trimmed during the optimization process.
WARNING:Xst:1895 - Due to other FF/Latch trimming, FF/Latch <counter_12> (without init value) has a constant value of 0 in block <ex>. This FF/Latch will be trimmed during the optimization process.
WARNING:Xst:1895 - Due to other FF/Latch trimming, FF/Latch <counter_10> (without init value) has a constant value of 0 in block <ex>. This FF/Latch will be trimmed during the optimization process.
WARNING:Xst:1895 - Due to other FF/Latch trimming, FF/Latch <counter_11> (without init value) has a constant value of 0 in block <ex>. This FF/Latch will be trimmed during the optimization process.
WARNING:Xst:1895 - Due to other FF/Latch trimming, FF/Latch <counter_13> (without init value) has a constant value of 0 in block <ex>. This FF/Latch will be trimmed during the optimization process.

Mapping all equations...
Building and optimizing final netlist ...
Found area constraint ratio of 100 (+ 5) on block ex, actual ratio is 0.
FlipFlop counter_7 has been replicated 1 time(s)

Final Macro Processing ...

=========================================================================
Final Register Report

Macro Statistics
# Registers                                            : 31
 Flip-Flops                                            : 31

=========================================================================

=========================================================================
*                           Partition Report                            *
=========================================================================

Partition Implementation Status
-------------------------------

  No Partitions were found in this design.

-------------------------------

=========================================================================
*                            Design Summary                             *
=========================================================================

Top Level Output File Name         : ex.ngc

Primitive and Black Box Usage:
------------------------------
# BELS                             : 99
#      GND                         : 1
#      INV                         : 2
#      LUT1                        : 7
#      LUT2                        : 12
#      LUT3                        : 7
#      LUT4                        : 3
#      LUT5                        : 10
#      LUT6                        : 36
#      MUXCY                       : 7
#      MUXF7                       : 5
#      VCC                         : 1
#      XORCY                       : 8
# FlipFlops/Latches                : 31
#      FD                          : 30
#      FDR                         : 1
# Clock Buffers                    : 1
#      BUFGP                       : 1
# IO Buffers                       : 10
#      IBUF                        : 2
#      OBUF                        : 8

Device utilization summary:
---------------------------

Selected Device : 6slx9tqg144-3 


Slice Logic Utilization: 
 Number of Slice Registers:              31  out of  11440     0%  
 Number of Slice LUTs:                   77  out of   5720     1%  
    Number used as Logic:                77  out of   5720     1%  

Slice Logic Distribution: 
 Number of LUT Flip Flop pairs used:     78
   Number with an unused Flip Flop:      47  out of     78    60%  
   Number with an unused LUT:             1  out of     78     1%  
   Number of fully used LUT-FF pairs:    30  out of     78    38%  
   Number of unique control sets:         2

IO Utilization: 
 Number of IOs:                          11
 Number of bonded IOBs:                  11  out of    102    10%  

Specific Feature Utilization:
 Number of BUFG/BUFGCTRLs:                1  out of     16     6%  

---------------------------
Partition Resource Summary:
---------------------------

  No Partitions were found in this design.

---------------------------


=========================================================================
Timing Report

NOTE: THESE TIMING NUMBERS ARE ONLY A SYNTHESIS ESTIMATE.
      FOR ACCURATE TIMING INFORMATION PLEASE REFER TO THE TRACE REPORT
      GENERATED AFTER PLACE-and-ROUTE.

Clock Information:
------------------
-----------------------------------+------------------------+-------+
Clock Signal                       | Clock buffer(FF name)  | Load  |
-----------------------------------+------------------------+-------+
clk                                | BUFGP                  | 31    |
-----------------------------------+------------------------+-------+

Asynchronous Control Signals Information:
----------------------------------------
No asynchronous control signals found in this design

Timing Summary:
---------------
Speed Grade: -3

   Minimum period: 3.985ns (Maximum Frequency: 250.944MHz)
   Minimum input arrival time before clock: 4.133ns
   Maximum output required time after clock: 3.732ns
   Maximum combinational path delay: No path found

Timing Details:
---------------
All values displayed in nanoseconds (ns)

=========================================================================
Timing constraint: Default period analysis for Clock 'clk'
  Clock period: 3.985ns (frequency: 250.944MHz)
  Total number of paths / destination ports: 418 / 31
-------------------------------------------------------------------------
Delay:               3.985ns (Levels of Logic = 3)
  Source:            counter_2 (FF)
  Destination:       bitcounter_2 (FF)
  Source Clock:      clk rising
  Destination Clock: clk rising

  Data Path: counter_2 to bitcounter_2
                                Gate     Net
    Cell:in->out      fanout   Delay   Delay  Logical Name (Net Name)
    ----------------------------------------  ------------
     FD:C->Q               2   0.447   0.845  counter_2 (counter_2)
     LUT3:I0->O           23   0.205   1.258  n00022_SW0 (N01)
     LUT6:I4->O            2   0.203   0.721  Mcount_bitcounter_val1 (Mcount_bitcounter_val)
     LUT2:I0->O            1   0.203   0.000  bitcounter_2_rstpot1 (bitcounter_2_rstpot1)
     FD:D                      0.102          bitcounter_2
    ----------------------------------------
    Total                      3.985ns (1.160ns logic, 2.825ns route)
                                       (29.1% logic, 70.9% route)

=========================================================================
Timing constraint: Default OFFSET IN BEFORE for Clock 'clk'
  Total number of paths / destination ports: 43 / 28
-------------------------------------------------------------------------
Offset:              4.133ns (Levels of Logic = 3)
  Source:            reset (PAD)
  Destination:       counter_2 (FF)
  Destination Clock: clk rising

  Data Path: reset to counter_2
                                Gate     Net
    Cell:in->out      fanout   Delay   Delay  Logical Name (Net Name)
    ----------------------------------------  ------------
     IBUF:I->O            30   1.222   1.628  reset_IBUF (reset_IBUF)
     LUT6:I0->O            7   0.203   0.774  Mcount_counter_val1 (Mcount_counter_val)
     LUT2:I1->O            1   0.205   0.000  counter_2_rstpot (counter_2_rstpot)
     FD:D                      0.102          counter_2
    ----------------------------------------
    Total                      4.133ns (1.732ns logic, 2.401ns route)
                                       (41.9% logic, 58.1% route)

=========================================================================
Timing constraint: Default OFFSET OUT AFTER for Clock 'clk'
  Total number of paths / destination ports: 8 / 8
-------------------------------------------------------------------------
Offset:              3.732ns (Levels of Logic = 1)
  Source:            rxshiftreg_8 (FF)
  Destination:       LED<7> (PAD)
  Source Clock:      clk rising

  Data Path: rxshiftreg_8 to LED<7>
                                Gate     Net
    Cell:in->out      fanout   Delay   Delay  Logical Name (Net Name)
    ----------------------------------------  ------------
     FD:C->Q               5   0.447   0.714  rxshiftreg_8 (rxshiftreg_8)
     OBUF:I->O                 2.571          LED_7_OBUF (LED<7>)
    ----------------------------------------
    Total                      3.732ns (3.018ns logic, 0.714ns route)
                                       (80.9% logic, 19.1% route)

=========================================================================

Cross Clock Domains Report:
--------------------------

Clock to Setup on destination clock clk
---------------+---------+---------+---------+---------+
               | Src:Rise| Src:Fall| Src:Rise| Src:Fall|
Source Clock   |Dest:Rise|Dest:Rise|Dest:Fall|Dest:Fall|
---------------+---------+---------+---------+---------+
clk            |    3.985|         |         |         |
---------------+---------+---------+---------+---------+

=========================================================================


Total REAL time to Xst completion: 9.00 secs
Total CPU time to Xst completion: 8.92 secs
 
--> 

Total memory usage is 4485920 kilobytes

Number of errors   :    0 (   0 filtered)
Number of warnings :   11 (   0 filtered)
Number of infos    :    0 (   0 filtered)

