--------------------------------------------------------------------------------
Release 14.7 Trace  (nt64)
Copyright (c) 1995-2013 Xilinx, Inc.  All rights reserved.

C:\Xilinx\14.7\ISE_DS\ISE\bin\nt64\unwrapped\trce.exe -intstyle ise -v 3 -s 3
-n 3 -fastpaths -xml ex.twx ex.ncd -o ex.twr ex.pcf

Design file:              ex.ncd
Physical constraint file: ex.pcf
Device,package,speed:     xc6slx9,tqg144,C,-3 (PRODUCTION 1.23 2013-10-13)
Report level:             verbose report

Environment Variable      Effect 
--------------------      ------ 
NONE                      No environment variables were set
--------------------------------------------------------------------------------

INFO:Timing:2698 - No timing constraints found, doing default enumeration.
INFO:Timing:3412 - To improve timing, see the Timing Closure User Guide (UG612).
INFO:Timing:2752 - To get complete path coverage, use the unconstrained paths 
   option. All paths that are not constrained will be reported in the 
   unconstrained paths section(s) of the report.
INFO:Timing:3339 - The clock-to-out numbers in this timing report are based on 
   a 50 Ohm transmission line loading model.  For the details of this model, 
   and for more information on accounting for different loading conditions, 
   please see the device datasheet.



Data Sheet report:
-----------------
All values displayed in nanoseconds (ns)

Setup/Hold to clock clk
------------+------------+------------+------------+------------+------------------+--------+
            |Max Setup to|  Process   |Max Hold to |  Process   |                  | Clock  |
Source      | clk (edge) |   Corner   | clk (edge) |   Corner   |Internal Clock(s) | Phase  |
------------+------------+------------+------------+------------+------------------+--------+
RxD         |    2.174(R)|      SLOW  |   -0.241(R)|      SLOW  |clk_BUFGP         |   0.000|
reset       |    3.347(R)|      SLOW  |   -0.796(R)|      SLOW  |clk_BUFGP         |   0.000|
------------+------------+------------+------------+------------+------------------+--------+

Clock clk to Pad
------------+-----------------+------------+-----------------+------------+------------------+--------+
            |Max (slowest) clk|  Process   |Min (fastest) clk|  Process   |                  | Clock  |
Destination |  (edge) to PAD  |   Corner   |  (edge) to PAD  |   Corner   |Internal Clock(s) | Phase  |
------------+-----------------+------------+-----------------+------------+------------------+--------+
LED<0>      |         7.359(R)|      SLOW  |         3.774(R)|      FAST  |clk_BUFGP         |   0.000|
LED<1>      |         7.579(R)|      SLOW  |         3.926(R)|      FAST  |clk_BUFGP         |   0.000|
LED<2>      |         7.321(R)|      SLOW  |         3.749(R)|      FAST  |clk_BUFGP         |   0.000|
LED<3>      |         7.580(R)|      SLOW  |         3.927(R)|      FAST  |clk_BUFGP         |   0.000|
LED<4>      |         7.260(R)|      SLOW  |         3.711(R)|      FAST  |clk_BUFGP         |   0.000|
LED<5>      |         7.300(R)|      SLOW  |         3.760(R)|      FAST  |clk_BUFGP         |   0.000|
LED<6>      |         7.119(R)|      SLOW  |         3.623(R)|      FAST  |clk_BUFGP         |   0.000|
LED<7>      |         7.333(R)|      SLOW  |         3.808(R)|      FAST  |clk_BUFGP         |   0.000|
------------+-----------------+------------+-----------------+------------+------------------+--------+

Clock to Setup on destination clock clk
---------------+---------+---------+---------+---------+
               | Src:Rise| Src:Fall| Src:Rise| Src:Fall|
Source Clock   |Dest:Rise|Dest:Rise|Dest:Fall|Dest:Fall|
---------------+---------+---------+---------+---------+
clk            |    3.100|         |         |         |
---------------+---------+---------+---------+---------+


Analysis completed Fri Feb 04 15:54:56 2022 
--------------------------------------------------------------------------------

Trace Settings:
-------------------------
Trace Settings 

Peak Memory Usage: 4571 MB



