#-----------------------------------------------------------
# PlanAhead v14.7 (64-bit)
# Build 321239 by xbuild on Fri Sep 27 19:29:51 MDT 2013
# Start of session at: Mon Dec 12 00:15:22 2022
# Process ID: 2500
# Log file: F:/VHDL/VHDL/gate_and/planAhead_run_1/planAhead.log
# Journal file: F:/VHDL/VHDL/gate_and/planAhead_run_1/planAhead.jou
#-----------------------------------------------------------
INFO: [Common 17-78] Attempting to get a license: PlanAhead
INFO: [Common 17-290] Got license for PlanAhead
INFO: [Device 21-36] Loading parts and site information from F:/xilinx/14.7/ISE_DS/PlanAhead/data/parts/arch.xml
Parsing RTL primitives file [F:/xilinx/14.7/ISE_DS/PlanAhead/data/parts/xilinx/rtl/prims/rtl_prims.xml]
Finished parsing RTL primitives file [F:/xilinx/14.7/ISE_DS/PlanAhead/data/parts/xilinx/rtl/prims/rtl_prims.xml]
start_gui
source F:/VHDL/VHDL/gate_and/pa.fromHdl.tcl
# create_project -name gate_and -dir "F:/VHDL/VHDL/gate_and/planAhead_run_1" -part xc7a100tcsg324-3
# set_param project.pinAheadLayout yes
# set srcset [get_property srcset [current_run -impl]]
# set_property target_constrs_file "F:/VHDL/VHDL/gate/gate.ucf" [current_fileset -constrset]
Adding file 'F:/VHDL/VHDL/gate/gate.ucf' to fileset 'constrs_1'
# set hdlfile [add_files [list {gate_and.v}]]
# set_property file_type Verilog $hdlfile
# set_property library work $hdlfile
# set_property top gate_and $srcset
# add_files [list {F:/VHDL/VHDL/gate/gate.ucf}] -fileset [get_property constrset [current_run]]
# open_rtl_design -part xc7a100tcsg324-3
Using Verific elaboration
Parsing VHDL file "F:/xilinx/14.7/ISE_DS/PlanAhead/data/parts/xilinx/rtl/lib/synplify/synattr.vhd" into library synplify
Analyzing Verilog file "F:/VHDL/VHDL/gate_and/gate_and.v" into library work
Loading clock regions from F:/xilinx/14.7/ISE_DS/PlanAhead/data\parts/xilinx/artix7/artix7/xc7a100t/ClockRegion.xml
Loading clock buffers from F:/xilinx/14.7/ISE_DS/PlanAhead/data\parts/xilinx/artix7/artix7/xc7a100t/ClockBuffers.xml
Loading clock placement rules from F:/xilinx/14.7/ISE_DS/PlanAhead/data/parts/xilinx/artix7/ClockPlacerRules.xml
Loading package pin functions from F:/xilinx/14.7/ISE_DS/PlanAhead/data\parts/xilinx/artix7/PinFunctions.xml...
Loading package from F:/xilinx/14.7/ISE_DS/PlanAhead/data\parts/xilinx/artix7/artix7/xc7a100t/csg324/Package.xml
Loading io standards from F:/xilinx/14.7/ISE_DS/PlanAhead/data\./parts/xilinx/artix7/IOStandards.xml
Loading device configuration modes from F:/xilinx/14.7/ISE_DS/PlanAhead/data\parts/xilinx/artix7/ConfigModes.xml
Loading list of drcs for the architecture : F:/xilinx/14.7/ISE_DS/PlanAhead/data\./parts/xilinx/artix7/drc.xml
Parsing UCF File [F:/VHDL/VHDL/gate/gate.ucf]
Finished Parsing UCF File [F:/VHDL/VHDL/gate/gate.ucf]
INFO: [Project 1-111] Unisim Transformation Summary:
No Unisim elements were transformed.

Phase 0 | Netlist Checksum: f9f2f0c2
open_rtl_design: Time (s): elapsed = 00:00:20 . Memory (MB): peak = 827.652 ; gain = 354.781
update_compile_order -fileset sim_1
startgroup
set_property package_pin M17 [get_ports BTNR]
endgroup
startgroup
set_property package_pin P17 [get_ports BTNU]
endgroup
startgroup
set_property package_pin H17 [get_ports LD0]
endgroup
save_constraints
exit
ERROR: [PlanAhead 12-106] *** Exception: ui.h.b: Found deleted key in HTclEventBroker. Verify if the classes listed here call cleanup()
HTclEvent: SIGNAL_MODIFY   Classes: ui.views.aR 
HTclEvent: SIGNAL_BUS_MODIFY   Classes: ui.views.aR 
HTclEvent: DEBUG_PORT_CONFIG_CHANGE   Classes: ui.views.aR 
HTclEvent: DEBUG_CORE_CONFIG_CHANGE   Classes: ui.views.aR 
 (See F:/VHDL/VHDL/gate_and\planAhead_pid2500.debug)
ERROR: [Common 17-39] 'stop_gui' failed due to earlier errors.
INFO: [Common 17-206] Exiting PlanAhead at Mon Dec 12 00:16:42 2022...
INFO: [Common 17-83] Releasing license: PlanAhead
