Release 14.7 - xst P.20131013 (nt64)
Copyright (c) 1995-2013 Xilinx, Inc.  All rights reserved.
--> Parameter TMPDIR set to xst/projnav.tmp


Total REAL time to Xst completion: 0.00 secs
Total CPU time to Xst completion: 0.14 secs
 
--> Parameter xsthdpdir set to xst


Total REAL time to Xst completion: 0.00 secs
Total CPU time to Xst completion: 0.14 secs
 
--> Reading design: DK_8LED_4CT.prj

TABLE OF CONTENTS
  1) Synthesis Options Summary
  2) HDL Compilation
  3) Design Hierarchy Analysis
  4) HDL Analysis
  5) HDL Synthesis
     5.1) HDL Synthesis Report
  6) Advanced HDL Synthesis
     6.1) Advanced HDL Synthesis Report
  7) Low Level Synthesis
  8) Partition Report
  9) Final Report
	9.1) Device utilization summary
	9.2) Partition Resource Summary
	9.3) TIMING REPORT


=========================================================================
*                      Synthesis Options Summary                        *
=========================================================================
---- Source Parameters
Input File Name                    : "DK_8LED_4CT.prj"
Input Format                       : mixed
Ignore Synthesis Constraint File   : NO

---- Target Parameters
Output File Name                   : "DK_8LED_4CT"
Output Format                      : NGC
Target Device                      : xc3s500e-5-pq208

---- Source Options
Top Module Name                    : DK_8LED_4CT
Automatic FSM Extraction           : YES
FSM Encoding Algorithm             : Auto
Safe Implementation                : No
FSM Style                          : LUT
RAM Extraction                     : Yes
RAM Style                          : Auto
ROM Extraction                     : Yes
Mux Style                          : Auto
Decoder Extraction                 : YES
Priority Encoder Extraction        : Yes
Shift Register Extraction          : YES
Logical Shifter Extraction         : YES
XOR Collapsing                     : YES
ROM Style                          : Auto
Mux Extraction                     : Yes
Resource Sharing                   : YES
Asynchronous To Synchronous        : NO
Multiplier Style                   : Auto
Automatic Register Balancing       : No

---- Target Options
Add IO Buffers                     : YES
Global Maximum Fanout              : 100000
Add Generic Clock Buffer(BUFG)     : 24
Register Duplication               : YES
Slice Packing                      : YES
Optimize Instantiated Primitives   : NO
Use Clock Enable                   : Yes
Use Synchronous Set                : Yes
Use Synchronous Reset              : Yes
Pack IO Registers into IOBs        : Auto
Equivalent register Removal        : YES

---- General Options
Optimization Goal                  : Speed
Optimization Effort                : 1
Keep Hierarchy                     : No
Netlist Hierarchy                  : As_Optimized
RTL Output                         : Yes
Global Optimization                : AllClockNets
Read Cores                         : YES
Write Timing Constraints           : NO
Cross Clock Analysis               : NO
Hierarchy Separator                : /
Bus Delimiter                      : <>
Case Specifier                     : Maintain
Slice Utilization Ratio            : 100
BRAM Utilization Ratio             : 100
Verilog 2001                       : YES
Auto BRAM Packing                  : NO
Slice Utilization Ratio Delta      : 5

=========================================================================


=========================================================================
*                          HDL Compilation                              *
=========================================================================
Compiling vhdl file "C:/Users/TOSHIBA/Documents/TT_Xilinx/TTTKVMS_CHIEU_T5_NHOM_2/BAI_447_DK_8LED_4CT/CHIA_10ENA.vhd" in Library work.
Architecture behavioral of Entity chia_10ena is up to date.
Compiling vhdl file "C:/Users/TOSHIBA/Documents/TT_Xilinx/TTTKVMS_CHIEU_T5_NHOM_2/BAI_447_DK_8LED_4CT/LED_STD_PST.vhd" in Library work.
Architecture behavioral of Entity led_std_pst is up to date.
Compiling vhdl file "C:/Users/TOSHIBA/Documents/TT_Xilinx/TTTKVMS_CHIEU_T5_NHOM_2/BAI_447_DK_8LED_4CT/LED_STD_TSP.vhd" in Library work.
Architecture behavioral of Entity led_std_tsp is up to date.
Compiling vhdl file "C:/Users/TOSHIBA/Documents/TT_Xilinx/TTTKVMS_CHIEU_T5_NHOM_2/BAI_447_DK_8LED_4CT/LED_STD_TNV.vhd" in Library work.
Architecture behavioral of Entity led_std_tnv is up to date.
Compiling vhdl file "C:/Users/TOSHIBA/Documents/TT_Xilinx/TTTKVMS_CHIEU_T5_NHOM_2/BAI_447_DK_8LED_4CT/LED_STD_TTR.vhd" in Library work.
Architecture behavioral of Entity led_std_ttr is up to date.
Compiling vhdl file "C:/Users/TOSHIBA/Documents/TT_Xilinx/TTTKVMS_CHIEU_T5_NHOM_2/BAI_447_DK_8LED_4CT/DIEUKHIEN_CHOPHEP.vhd" in Library work.
Architecture behavioral of Entity dieukhien_chophep is up to date.
Compiling vhdl file "C:/Users/TOSHIBA/Documents/TT_Xilinx/TTTKVMS_CHIEU_T5_NHOM_2/BAI_447_DK_8LED_4CT/DK_8LED_4CT.vhd" in Library work.
Entity <dk_8led_4ct> compiled.
Entity <dk_8led_4ct> (Architecture <behavioral>) compiled.

=========================================================================
*                     Design Hierarchy Analysis                         *
=========================================================================
Analyzing hierarchy for entity <DK_8LED_4CT> in library <work> (architecture <behavioral>).

Analyzing hierarchy for entity <CHIA_10ENA> in library <work> (architecture <Behavioral>).

Analyzing hierarchy for entity <LED_STD_PST> in library <work> (architecture <Behavioral>).

Analyzing hierarchy for entity <LED_STD_TSP> in library <work> (architecture <Behavioral>).

Analyzing hierarchy for entity <LED_STD_TNV> in library <work> (architecture <Behavioral>).

Analyzing hierarchy for entity <LED_STD_TTR> in library <work> (architecture <Behavioral>).

Analyzing hierarchy for entity <DIEUKHIEN_CHOPHEP> in library <work> (architecture <Behavioral>).


=========================================================================
*                            HDL Analysis                               *
=========================================================================
Analyzing Entity <DK_8LED_4CT> in library <work> (Architecture <behavioral>).
Entity <DK_8LED_4CT> analyzed. Unit <DK_8LED_4CT> generated.

Analyzing Entity <CHIA_10ENA> in library <work> (Architecture <Behavioral>).
Entity <CHIA_10ENA> analyzed. Unit <CHIA_10ENA> generated.

Analyzing Entity <LED_STD_PST> in library <work> (Architecture <Behavioral>).
Entity <LED_STD_PST> analyzed. Unit <LED_STD_PST> generated.

Analyzing Entity <LED_STD_TSP> in library <work> (Architecture <Behavioral>).
Entity <LED_STD_TSP> analyzed. Unit <LED_STD_TSP> generated.

Analyzing Entity <LED_STD_TNV> in library <work> (Architecture <Behavioral>).
Entity <LED_STD_TNV> analyzed. Unit <LED_STD_TNV> generated.

Analyzing Entity <LED_STD_TTR> in library <work> (Architecture <Behavioral>).
Entity <LED_STD_TTR> analyzed. Unit <LED_STD_TTR> generated.

Analyzing Entity <DIEUKHIEN_CHOPHEP> in library <work> (Architecture <Behavioral>).
Entity <DIEUKHIEN_CHOPHEP> analyzed. Unit <DIEUKHIEN_CHOPHEP> generated.


=========================================================================
*                           HDL Synthesis                               *
=========================================================================

Performing bidirectional port resolution...

Synthesizing Unit <CHIA_10ENA>.
    Related source file is "C:/Users/TOSHIBA/Documents/TT_Xilinx/TTTKVMS_CHIEU_T5_NHOM_2/BAI_447_DK_8LED_4CT/CHIA_10ENA.vhd".
    Found 24-bit adder for signal <D5HZ_N$addsub0000> created at line 99.
    Found 24-bit register for signal <D5HZ_R>.
    Summary:
	inferred  24 D-type flip-flop(s).
	inferred   1 Adder/Subtractor(s).
Unit <CHIA_10ENA> synthesized.


Synthesizing Unit <LED_STD_PST>.
    Related source file is "C:/Users/TOSHIBA/Documents/TT_Xilinx/TTTKVMS_CHIEU_T5_NHOM_2/BAI_447_DK_8LED_4CT/LED_STD_PST.vhd".
    Found 8-bit register for signal <Q_R>.
    Summary:
	inferred   8 D-type flip-flop(s).
Unit <LED_STD_PST> synthesized.


Synthesizing Unit <LED_STD_TSP>.
    Related source file is "C:/Users/TOSHIBA/Documents/TT_Xilinx/TTTKVMS_CHIEU_T5_NHOM_2/BAI_447_DK_8LED_4CT/LED_STD_TSP.vhd".
    Found 8-bit register for signal <Q_R>.
    Summary:
	inferred   8 D-type flip-flop(s).
Unit <LED_STD_TSP> synthesized.


Synthesizing Unit <LED_STD_TNV>.
    Related source file is "C:/Users/TOSHIBA/Documents/TT_Xilinx/TTTKVMS_CHIEU_T5_NHOM_2/BAI_447_DK_8LED_4CT/LED_STD_TNV.vhd".
    Found 8-bit register for signal <Q_R>.
    Summary:
	inferred   8 D-type flip-flop(s).
Unit <LED_STD_TNV> synthesized.


Synthesizing Unit <LED_STD_TTR>.
    Related source file is "C:/Users/TOSHIBA/Documents/TT_Xilinx/TTTKVMS_CHIEU_T5_NHOM_2/BAI_447_DK_8LED_4CT/LED_STD_TTR.vhd".
    Found 8-bit register for signal <Q_R>.
    Summary:
	inferred   8 D-type flip-flop(s).
Unit <LED_STD_TTR> synthesized.


Synthesizing Unit <DIEUKHIEN_CHOPHEP>.
    Related source file is "C:/Users/TOSHIBA/Documents/TT_Xilinx/TTTKVMS_CHIEU_T5_NHOM_2/BAI_447_DK_8LED_4CT/DIEUKHIEN_CHOPHEP.vhd".
    Found 6-bit up counter for signal <DEM_R>.
    Found 6-bit comparator less for signal <OE$cmp_lt0000> created at line 57.
    Found 6-bit comparator less for signal <OE$cmp_lt0001> created at line 58.
    Found 6-bit comparator less for signal <OE$cmp_lt0002> created at line 59.
    Summary:
	inferred   1 Counter(s).
	inferred   3 Comparator(s).
Unit <DIEUKHIEN_CHOPHEP> synthesized.


Synthesizing Unit <DK_8LED_4CT>.
    Related source file is "C:/Users/TOSHIBA/Documents/TT_Xilinx/TTTKVMS_CHIEU_T5_NHOM_2/BAI_447_DK_8LED_4CT/DK_8LED_4CT.vhd".
Unit <DK_8LED_4CT> synthesized.


=========================================================================
HDL Synthesis Report

Macro Statistics
# Adders/Subtractors                                   : 1
 24-bit adder                                          : 1
# Counters                                             : 1
 6-bit up counter                                      : 1
# Registers                                            : 5
 24-bit register                                       : 1
 8-bit register                                        : 4
# Comparators                                          : 3
 6-bit comparator less                                 : 3

=========================================================================

=========================================================================
*                       Advanced HDL Synthesis                          *
=========================================================================


=========================================================================
Advanced HDL Synthesis Report

Macro Statistics
# Adders/Subtractors                                   : 1
 24-bit adder                                          : 1
# Counters                                             : 1
 6-bit up counter                                      : 1
# Registers                                            : 56
 Flip-Flops                                            : 56
# Comparators                                          : 3
 6-bit comparator less                                 : 3

=========================================================================

=========================================================================
*                         Low Level Synthesis                           *
=========================================================================

Optimizing unit <DK_8LED_4CT> ...

Optimizing unit <CHIA_10ENA> ...

Optimizing unit <LED_STD_PST> ...

Optimizing unit <LED_STD_TSP> ...

Optimizing unit <LED_STD_TNV> ...

Optimizing unit <LED_STD_TTR> ...

Optimizing unit <DIEUKHIEN_CHOPHEP> ...

Mapping all equations...
Building and optimizing final netlist ...
Found area constraint ratio of 100 (+ 5) on block DK_8LED_4CT, actual ratio is 1.

Final Macro Processing ...

=========================================================================
Final Register Report

Macro Statistics
# Registers                                            : 62
 Flip-Flops                                            : 62

=========================================================================

=========================================================================
*                           Partition Report                            *
=========================================================================

Partition Implementation Status
-------------------------------

  No Partitions were found in this design.

-------------------------------

=========================================================================
*                            Final Report                               *
=========================================================================
Final Results
RTL Top Level Output File Name     : DK_8LED_4CT.ngr
Top Level Output File Name         : DK_8LED_4CT
Output Format                      : NGC
Optimization Goal                  : Speed
Keep Hierarchy                     : No

Design Statistics
# IOs                              : 10

Cell Usage :
# BELS                             : 151
#      GND                         : 1
#      INV                         : 3
#      LUT1                        : 23
#      LUT2                        : 17
#      LUT3                        : 2
#      LUT3_D                      : 3
#      LUT3_L                      : 1
#      LUT4                        : 44
#      LUT4_D                      : 6
#      LUT4_L                      : 1
#      MUXCY                       : 23
#      MUXF5                       : 2
#      VCC                         : 1
#      XORCY                       : 24
# FlipFlops/Latches                : 62
#      FDCE                        : 6
#      FDCE_1                      : 32
#      FDR_1                       : 23
#      FDS_1                       : 1
# Clock Buffers                    : 1
#      BUFGP                       : 1
# IO Buffers                       : 9
#      IBUF                        : 1
#      OBUF                        : 8
=========================================================================

Device utilization summary:
---------------------------

Selected Device : 3s500epq208-5 

 Number of Slices:                       54  out of   4656     1%  
 Number of Slice Flip Flops:             62  out of   9312     0%  
 Number of 4 input LUTs:                100  out of   9312     1%  
 Number of IOs:                          10
 Number of bonded IOBs:                  10  out of    158     6%  
 Number of GCLKs:                         1  out of     24     4%  

---------------------------
Partition Resource Summary:
---------------------------

  No Partitions were found in this design.

---------------------------


=========================================================================
TIMING REPORT

NOTE: THESE TIMING NUMBERS ARE ONLY A SYNTHESIS ESTIMATE.
      FOR ACCURATE TIMING INFORMATION PLEASE REFER TO THE TRACE REPORT
      GENERATED AFTER PLACE-and-ROUTE.

Clock Information:
------------------
-----------------------------------+------------------------+-------+
Clock Signal                       | Clock buffer(FF name)  | Load  |
-----------------------------------+------------------------+-------+
CKHT                               | BUFGP                  | 62    |
-----------------------------------+------------------------+-------+

Asynchronous Control Signals Information:
----------------------------------------
-----------------------------------+------------------------+-------+
Control Signal                     | Buffer(FF name)        | Load  |
-----------------------------------+------------------------+-------+
BTN                                | IBUF                   | 38    |
-----------------------------------+------------------------+-------+

Timing Summary:
---------------
Speed Grade: -5

   Minimum period: 5.451ns (Maximum Frequency: 183.446MHz)
   Minimum input arrival time before clock: 4.818ns
   Maximum output required time after clock: 8.444ns
   Maximum combinational path delay: 9.201ns

Timing Detail:
--------------
All values displayed in nanoseconds (ns)

=========================================================================
Timing constraint: Default period analysis for Clock 'CKHT'
  Clock period: 5.451ns (frequency: 183.446MHz)
  Total number of paths / destination ports: 2057 / 124
-------------------------------------------------------------------------
Delay:               5.451ns (Levels of Logic = 3)
  Source:            IC1/D5HZ_R_9 (FF)
  Destination:       IC1/D5HZ_R_23 (FF)
  Source Clock:      CKHT falling
  Destination Clock: CKHT falling

  Data Path: IC1/D5HZ_R_9 to IC1/D5HZ_R_23
                                Gate     Net
    Cell:in->out      fanout   Delay   Delay  Logical Name (Net Name)
    ----------------------------------------  ------------
     FDR_1:C->Q            2   0.514   0.532  IC1/D5HZ_R_9 (IC1/D5HZ_R_9)
     LUT4:I0->O            5   0.612   0.607  IC1/D5HZ_N_cmp_eq0000123 (IC1/D5HZ_N_cmp_eq0000123)
     LUT3_D:I1->LO         1   0.612   0.103  IC1/D5HZ_N_cmp_eq0000149 (N41)
     LUT4:I3->O           24   0.612   1.064  IC1/D5HZ_N_cmp_eq000063 (IC1/D5HZ_N_cmp_eq0000)
     FDR_1:R                   0.795          IC1/D5HZ_R_23
    ----------------------------------------
    Total                      5.451ns (3.145ns logic, 2.306ns route)
                                       (57.7% logic, 42.3% route)

=========================================================================
Timing constraint: Default OFFSET IN BEFORE for Clock 'CKHT'
  Total number of paths / destination ports: 64 / 64
-------------------------------------------------------------------------
Offset:              4.818ns (Levels of Logic = 3)
  Source:            BTN (PAD)
  Destination:       IC4/Q_R_7 (FF)
  Destination Clock: CKHT falling

  Data Path: BTN to IC4/Q_R_7
                                Gate     Net
    Cell:in->out      fanout   Delay   Delay  Logical Name (Net Name)
    ----------------------------------------  ------------
     IBUF:I->O            58   1.106   1.232  BTN_IBUF (BTN_IBUF)
     LUT4_D:I0->LO         1   0.612   0.130  IC6/OE<3>1 (N39)
     LUT4:I2->O            8   0.612   0.643  IC5/Q_R_not00011 (IC5/Q_R_not0001)
     FDCE_1:CE                 0.483          IC5/Q_R_0
    ----------------------------------------
    Total                      4.818ns (2.813ns logic, 2.005ns route)
                                       (58.4% logic, 41.6% route)

=========================================================================
Timing constraint: Default OFFSET OUT AFTER for Clock 'CKHT'
  Total number of paths / destination ports: 112 / 8
-------------------------------------------------------------------------
Offset:              8.444ns (Levels of Logic = 4)
  Source:            IC6/DEM_R_5 (FF)
  Destination:       LED<2> (PAD)
  Source Clock:      CKHT falling

  Data Path: IC6/DEM_R_5 to LED<2>
                                Gate     Net
    Cell:in->out      fanout   Delay   Delay  Logical Name (Net Name)
    ----------------------------------------  ------------
     FDCE:C->Q            24   0.514   1.067  IC6/DEM_R_5 (IC6/DEM_R_5)
     LUT4_D:I3->O         12   0.612   0.969  IC6/OE<2>1 (OE<2>)
     LUT2:I0->O            2   0.612   0.532  IC4/Q<2>1 (Q_STD_TNV<2>)
     LUT4:I0->O            1   0.612   0.357  LED<2>1 (LED_2_OBUF)
     OBUF:I->O                 3.169          LED_2_OBUF (LED<2>)
    ----------------------------------------
    Total                      8.444ns (5.519ns logic, 2.925ns route)
                                       (65.4% logic, 34.6% route)

=========================================================================
Timing constraint: Default path analysis
  Total number of paths / destination ports: 32 / 8
-------------------------------------------------------------------------
Delay:               9.201ns (Levels of Logic = 5)
  Source:            BTN (PAD)
  Destination:       LED<2> (PAD)

  Data Path: BTN to LED<2>
                                Gate     Net
    Cell:in->out      fanout   Delay   Delay  Logical Name (Net Name)
    ----------------------------------------  ------------
     IBUF:I->O            58   1.106   1.232  BTN_IBUF (BTN_IBUF)
     LUT4_D:I0->O         12   0.612   0.969  IC6/OE<2>1 (OE<2>)
     LUT2:I0->O            2   0.612   0.532  IC4/Q<2>1 (Q_STD_TNV<2>)
     LUT4:I0->O            1   0.612   0.357  LED<2>1 (LED_2_OBUF)
     OBUF:I->O                 3.169          LED_2_OBUF (LED<2>)
    ----------------------------------------
    Total                      9.201ns (6.111ns logic, 3.090ns route)
                                       (66.4% logic, 33.6% route)

=========================================================================


Total REAL time to Xst completion: 6.00 secs
Total CPU time to Xst completion: 5.94 secs
 
--> 

Total memory usage is 4536812 kilobytes

Number of errors   :    0 (   0 filtered)
Number of warnings :    0 (   0 filtered)
Number of infos    :    0 (   0 filtered)

