Release 14.7 - xst P.20131013 (nt64)
Copyright (c) 1995-2013 Xilinx, Inc.  All rights reserved.
--> Parameter TMPDIR set to xst/projnav.tmp


Total REAL time to Xst completion: 0.00 secs
Total CPU time to Xst completion: 0.14 secs
 
--> Parameter xsthdpdir set to xst


Total REAL time to Xst completion: 0.00 secs
Total CPU time to Xst completion: 0.14 secs
 
--> Reading design: DEM_00_99_HT_7DOAN.prj

TABLE OF CONTENTS
  1) Synthesis Options Summary
  2) HDL Compilation
  3) Design Hierarchy Analysis
  4) HDL Analysis
  5) HDL Synthesis
     5.1) HDL Synthesis Report
  6) Advanced HDL Synthesis
     6.1) Advanced HDL Synthesis Report
  7) Low Level Synthesis
  8) Partition Report
  9) Final Report
	9.1) Device utilization summary
	9.2) Partition Resource Summary
	9.3) TIMING REPORT


=========================================================================
*                      Synthesis Options Summary                        *
=========================================================================
---- Source Parameters
Input File Name                    : "DEM_00_99_HT_7DOAN.prj"
Input Format                       : mixed
Ignore Synthesis Constraint File   : NO

---- Target Parameters
Output File Name                   : "DEM_00_99_HT_7DOAN"
Output Format                      : NGC
Target Device                      : xc3s500e-5-pq208

---- Source Options
Top Module Name                    : DEM_00_99_HT_7DOAN
Automatic FSM Extraction           : YES
FSM Encoding Algorithm             : Auto
Safe Implementation                : No
FSM Style                          : LUT
RAM Extraction                     : Yes
RAM Style                          : Auto
ROM Extraction                     : Yes
Mux Style                          : Auto
Decoder Extraction                 : YES
Priority Encoder Extraction        : Yes
Shift Register Extraction          : YES
Logical Shifter Extraction         : YES
XOR Collapsing                     : YES
ROM Style                          : Auto
Mux Extraction                     : Yes
Resource Sharing                   : YES
Asynchronous To Synchronous        : NO
Multiplier Style                   : Auto
Automatic Register Balancing       : No

---- Target Options
Add IO Buffers                     : YES
Global Maximum Fanout              : 100000
Add Generic Clock Buffer(BUFG)     : 24
Register Duplication               : YES
Slice Packing                      : YES
Optimize Instantiated Primitives   : NO
Use Clock Enable                   : Yes
Use Synchronous Set                : Yes
Use Synchronous Reset              : Yes
Pack IO Registers into IOBs        : Auto
Equivalent register Removal        : YES

---- General Options
Optimization Goal                  : Speed
Optimization Effort                : 1
Keep Hierarchy                     : No
Netlist Hierarchy                  : As_Optimized
RTL Output                         : Yes
Global Optimization                : AllClockNets
Read Cores                         : YES
Write Timing Constraints           : NO
Cross Clock Analysis               : NO
Hierarchy Separator                : /
Bus Delimiter                      : <>
Case Specifier                     : Maintain
Slice Utilization Ratio            : 100
BRAM Utilization Ratio             : 100
Verilog 2001                       : YES
Auto BRAM Packing                  : NO
Slice Utilization Ratio Delta      : 5

=========================================================================


=========================================================================
*                          HDL Compilation                              *
=========================================================================
Compiling vhdl file "C:/Users/TOSHIBA/Documents/TT_Xilinx/TTTKVMS_CHIEU_T5_NHOM_2/BAI_502_DEM_00_99_HT_7DOAN/CHIA_10ENA.vhd" in Library work.
Architecture behavioral of Entity chia_10ena is up to date.
Compiling vhdl file "C:/Users/TOSHIBA/Documents/TT_Xilinx/TTTKVMS_CHIEU_T5_NHOM_2/BAI_502_DEM_00_99_HT_7DOAN/DEM_2SO.vhd" in Library work.
Architecture behavioral of Entity dem_2so is up to date.
Compiling vhdl file "C:/Users/TOSHIBA/Documents/TT_Xilinx/TTTKVMS_CHIEU_T5_NHOM_2/BAI_502_DEM_00_99_HT_7DOAN/DEM_1BIT_SELECT.vhd" in Library work.
Architecture behavioral of Entity dem_1bit_select is up to date.
Compiling vhdl file "C:/Users/TOSHIBA/Documents/TT_Xilinx/TTTKVMS_CHIEU_T5_NHOM_2/BAI_502_DEM_00_99_HT_7DOAN/DAHOP_2KENH.vhd" in Library work.
Entity <dahop_2kenh> compiled.
Entity <DAHOP_2KENH> (Architecture <Behavioral>) compiled.
Compiling vhdl file "C:/Users/TOSHIBA/Documents/TT_Xilinx/TTTKVMS_CHIEU_T5_NHOM_2/BAI_502_DEM_00_99_HT_7DOAN/GIAIMA_7DOAN.vhd" in Library work.
Entity <GIAIMA_7DOAN> compiled.
Entity <GIAIMA_7DOAN> (Architecture <Behavioral>) compiled.
Compiling vhdl file "C:/Users/TOSHIBA/Documents/TT_Xilinx/TTTKVMS_CHIEU_T5_NHOM_2/BAI_502_DEM_00_99_HT_7DOAN/DEM_00_99_HT_7DOAN.vhd" in Library work.
Entity <DEM_00_99_HT_7DOAN> compiled.
Entity <DEM_00_99_HT_7DOAN> (Architecture <Behavioral>) compiled.

=========================================================================
*                     Design Hierarchy Analysis                         *
=========================================================================
Analyzing hierarchy for entity <DEM_00_99_HT_7DOAN> in library <work> (architecture <Behavioral>).

Analyzing hierarchy for entity <CHIA_10ENA> in library <work> (architecture <Behavioral>).

Analyzing hierarchy for entity <DEM_2SO> in library <work> (architecture <Behavioral>).

Analyzing hierarchy for entity <DEM_1BIT_SELECT> in library <work> (architecture <Behavioral>).

Analyzing hierarchy for entity <DAHOP_2KENH> in library <work> (architecture <Behavioral>).

Analyzing hierarchy for entity <GIAIMA_7DOAN> in library <work> (architecture <Behavioral>).


=========================================================================
*                            HDL Analysis                               *
=========================================================================
Analyzing Entity <DEM_00_99_HT_7DOAN> in library <work> (Architecture <Behavioral>).
Entity <DEM_00_99_HT_7DOAN> analyzed. Unit <DEM_00_99_HT_7DOAN> generated.

Analyzing Entity <CHIA_10ENA> in library <work> (Architecture <Behavioral>).
Entity <CHIA_10ENA> analyzed. Unit <CHIA_10ENA> generated.

Analyzing Entity <DEM_2SO> in library <work> (Architecture <Behavioral>).
Entity <DEM_2SO> analyzed. Unit <DEM_2SO> generated.

Analyzing Entity <DEM_1BIT_SELECT> in library <work> (Architecture <Behavioral>).
Entity <DEM_1BIT_SELECT> analyzed. Unit <DEM_1BIT_SELECT> generated.

Analyzing Entity <DAHOP_2KENH> in library <work> (Architecture <Behavioral>).
Entity <DAHOP_2KENH> analyzed. Unit <DAHOP_2KENH> generated.

Analyzing Entity <GIAIMA_7DOAN> in library <work> (Architecture <Behavioral>).
Entity <GIAIMA_7DOAN> analyzed. Unit <GIAIMA_7DOAN> generated.


=========================================================================
*                           HDL Synthesis                               *
=========================================================================

Performing bidirectional port resolution...

Synthesizing Unit <CHIA_10ENA>.
    Related source file is "C:/Users/TOSHIBA/Documents/TT_Xilinx/TTTKVMS_CHIEU_T5_NHOM_2/BAI_502_DEM_00_99_HT_7DOAN/CHIA_10ENA.vhd".
    Found 16-bit adder for signal <D1KHZ_N$addsub0000> created at line 93.
    Found 16-bit register for signal <D1KHZ_R>.
    Found 24-bit adder for signal <D5HZ_N$addsub0000> created at line 99.
    Found 24-bit register for signal <D5HZ_R>.
    Summary:
	inferred  40 D-type flip-flop(s).
	inferred   2 Adder/Subtractor(s).
Unit <CHIA_10ENA> synthesized.


Synthesizing Unit <DEM_2SO>.
    Related source file is "C:/Users/TOSHIBA/Documents/TT_Xilinx/TTTKVMS_CHIEU_T5_NHOM_2/BAI_502_DEM_00_99_HT_7DOAN/DEM_2SO.vhd".
    Found 4-bit up counter for signal <CHUC_R>.
    Found 4-bit up counter for signal <DONVI_R>.
    Summary:
	inferred   2 Counter(s).
Unit <DEM_2SO> synthesized.


Synthesizing Unit <DEM_1BIT_SELECT>.
    Related source file is "C:/Users/TOSHIBA/Documents/TT_Xilinx/TTTKVMS_CHIEU_T5_NHOM_2/BAI_502_DEM_00_99_HT_7DOAN/DEM_1BIT_SELECT.vhd".
    Found 1-bit register for signal <Q_R>.
    Summary:
	inferred   1 D-type flip-flop(s).
Unit <DEM_1BIT_SELECT> synthesized.


Synthesizing Unit <DAHOP_2KENH>.
    Related source file is "C:/Users/TOSHIBA/Documents/TT_Xilinx/TTTKVMS_CHIEU_T5_NHOM_2/BAI_502_DEM_00_99_HT_7DOAN/DAHOP_2KENH.vhd".
Unit <DAHOP_2KENH> synthesized.


Synthesizing Unit <GIAIMA_7DOAN>.
    Related source file is "C:/Users/TOSHIBA/Documents/TT_Xilinx/TTTKVMS_CHIEU_T5_NHOM_2/BAI_502_DEM_00_99_HT_7DOAN/GIAIMA_7DOAN.vhd".
    Found 16x7-bit ROM for signal <SSEG>.
    Summary:
	inferred   1 ROM(s).
Unit <GIAIMA_7DOAN> synthesized.


Synthesizing Unit <DEM_00_99_HT_7DOAN>.
    Related source file is "C:/Users/TOSHIBA/Documents/TT_Xilinx/TTTKVMS_CHIEU_T5_NHOM_2/BAI_502_DEM_00_99_HT_7DOAN/DEM_00_99_HT_7DOAN.vhd".
Unit <DEM_00_99_HT_7DOAN> synthesized.


=========================================================================
HDL Synthesis Report

Macro Statistics
# ROMs                                                 : 1
 16x7-bit ROM                                          : 1
# Adders/Subtractors                                   : 2
 16-bit adder                                          : 1
 24-bit adder                                          : 1
# Counters                                             : 2
 4-bit up counter                                      : 2
# Registers                                            : 3
 1-bit register                                        : 1
 16-bit register                                       : 1
 24-bit register                                       : 1

=========================================================================

=========================================================================
*                       Advanced HDL Synthesis                          *
=========================================================================


=========================================================================
Advanced HDL Synthesis Report

Macro Statistics
# ROMs                                                 : 1
 16x7-bit ROM                                          : 1
# Adders/Subtractors                                   : 2
 16-bit adder                                          : 1
 24-bit adder                                          : 1
# Counters                                             : 2
 4-bit up counter                                      : 2
# Registers                                            : 41
 Flip-Flops                                            : 41

=========================================================================

=========================================================================
*                         Low Level Synthesis                           *
=========================================================================

Optimizing unit <DEM_00_99_HT_7DOAN> ...

Optimizing unit <CHIA_10ENA> ...

Optimizing unit <DEM_2SO> ...

Mapping all equations...
Building and optimizing final netlist ...
Found area constraint ratio of 100 (+ 5) on block DEM_00_99_HT_7DOAN, actual ratio is 0.

Final Macro Processing ...

=========================================================================
Final Register Report

Macro Statistics
# Registers                                            : 49
 Flip-Flops                                            : 49

=========================================================================

=========================================================================
*                           Partition Report                            *
=========================================================================

Partition Implementation Status
-------------------------------

  No Partitions were found in this design.

-------------------------------

=========================================================================
*                            Final Report                               *
=========================================================================
Final Results
RTL Top Level Output File Name     : DEM_00_99_HT_7DOAN.ngr
Top Level Output File Name         : DEM_00_99_HT_7DOAN
Output Format                      : NGC
Optimization Goal                  : Speed
Keep Hierarchy                     : No

Design Statistics
# IOs                              : 18

Cell Usage :
# BELS                             : 167
#      GND                         : 1
#      INV                         : 6
#      LUT1                        : 38
#      LUT2                        : 2
#      LUT3                        : 3
#      LUT3_D                      : 1
#      LUT4                        : 31
#      LUT4_D                      : 5
#      LUT4_L                      : 1
#      MUXCY                       : 38
#      VCC                         : 1
#      XORCY                       : 40
# FlipFlops/Latches                : 49
#      FDCE                        : 8
#      FDE_1                       : 1
#      FDR_1                       : 38
#      FDS_1                       : 2
# Clock Buffers                    : 1
#      BUFGP                       : 1
# IO Buffers                       : 17
#      IBUF                        : 2
#      OBUF                        : 15
=========================================================================

Device utilization summary:
---------------------------

Selected Device : 3s500epq208-5 

 Number of Slices:                       44  out of   4656     0%  
 Number of Slice Flip Flops:             49  out of   9312     0%  
 Number of 4 input LUTs:                 87  out of   9312     0%  
 Number of IOs:                          18
 Number of bonded IOBs:                  18  out of    158    11%  
 Number of GCLKs:                         1  out of     24     4%  

---------------------------
Partition Resource Summary:
---------------------------

  No Partitions were found in this design.

---------------------------


=========================================================================
TIMING REPORT

NOTE: THESE TIMING NUMBERS ARE ONLY A SYNTHESIS ESTIMATE.
      FOR ACCURATE TIMING INFORMATION PLEASE REFER TO THE TRACE REPORT
      GENERATED AFTER PLACE-and-ROUTE.

Clock Information:
------------------
-----------------------------------+------------------------+-------+
Clock Signal                       | Clock buffer(FF name)  | Load  |
-----------------------------------+------------------------+-------+
CKHT                               | BUFGP                  | 49    |
-----------------------------------+------------------------+-------+

Asynchronous Control Signals Information:
----------------------------------------
-----------------------------------+------------------------+-------+
Control Signal                     | Buffer(FF name)        | Load  |
-----------------------------------+------------------------+-------+
BTN                                | IBUF                   | 8     |
-----------------------------------+------------------------+-------+

Timing Summary:
---------------
Speed Grade: -5

   Minimum period: 5.376ns (Maximum Frequency: 186.008MHz)
   Minimum input arrival time before clock: 5.203ns
   Maximum output required time after clock: 9.037ns
   Maximum combinational path delay: No path found

Timing Detail:
--------------
All values displayed in nanoseconds (ns)

=========================================================================
Timing constraint: Default period analysis for Clock 'CKHT'
  Clock period: 5.376ns (frequency: 186.008MHz)
  Total number of paths / destination ports: 1517 / 98
-------------------------------------------------------------------------
Delay:               5.376ns (Levels of Logic = 3)
  Source:            IC1/D5HZ_R_9 (FF)
  Destination:       IC1/D5HZ_R_23 (FF)
  Source Clock:      CKHT falling
  Destination Clock: CKHT falling

  Data Path: IC1/D5HZ_R_9 to IC1/D5HZ_R_23
                                Gate     Net
    Cell:in->out      fanout   Delay   Delay  Logical Name (Net Name)
    ----------------------------------------  ------------
     FDR_1:C->Q            2   0.514   0.532  IC1/D5HZ_R_9 (IC1/D5HZ_R_9)
     LUT4:I0->O            2   0.612   0.532  IC1/D5HZ_N_cmp_eq00001111 (IC1/D5HZ_N_cmp_eq00001111)
     LUT3_D:I0->LO         1   0.612   0.103  IC1/D5HZ_N_cmp_eq0000149 (N23)
     LUT4:I3->O           24   0.612   1.064  IC1/D5HZ_N_cmp_eq000063 (IC1/D5HZ_N_cmp_eq0000)
     FDR_1:R                   0.795          IC1/D5HZ_R_23
    ----------------------------------------
    Total                      5.376ns (3.145ns logic, 2.231ns route)
                                       (58.5% logic, 41.5% route)

=========================================================================
Timing constraint: Default OFFSET IN BEFORE for Clock 'CKHT'
  Total number of paths / destination ports: 8 / 8
-------------------------------------------------------------------------
Offset:              5.203ns (Levels of Logic = 4)
  Source:            SW (PAD)
  Destination:       IC2/CHUC_R_3 (FF)
  Destination Clock: CKHT falling

  Data Path: SW to IC2/CHUC_R_3
                                Gate     Net
    Cell:in->out      fanout   Delay   Delay  Logical Name (Net Name)
    ----------------------------------------  ------------
     IBUF:I->O             2   1.106   0.532  SW_IBUF (SW_IBUF)
     LUT3:I0->O            1   0.612   0.360  IC2/CHUC_R_not0002_SW0 (N14)
     LUT4:I3->O            1   0.612   0.387  IC1/ENA5HZ_cmp_eq000063_SW0 (N16)
     LUT4:I2->O            4   0.612   0.499  IC2/CHUC_R_not0002 (IC2/CHUC_R_not0002)
     FDCE:CE                   0.483          IC2/CHUC_R_0
    ----------------------------------------
    Total                      5.203ns (3.425ns logic, 1.778ns route)
                                       (65.8% logic, 34.2% route)

=========================================================================
Timing constraint: Default OFFSET OUT AFTER for Clock 'CKHT'
  Total number of paths / destination ports: 566 / 9
-------------------------------------------------------------------------
Offset:              9.037ns (Levels of Logic = 5)
  Source:            IC1/D1KHZ_R_14 (FF)
  Destination:       SSEG<6> (PAD)
  Source Clock:      CKHT falling

  Data Path: IC1/D1KHZ_R_14 to SSEG<6>
                                Gate     Net
    Cell:in->out      fanout   Delay   Delay  Logical Name (Net Name)
    ----------------------------------------  ------------
     FDR_1:C->Q            2   0.514   0.532  IC1/D1KHZ_R_14 (IC1/D1KHZ_R_14)
     LUT4_D:I0->O          1   0.612   0.509  IC1/D1KHZ_N_cmp_eq0000111 (IC1/D1KHZ_N_cmp_eq0000111)
     LUT4:I0->O            7   0.612   0.754  IC1/ENA1KHZ_cmp_eq000034 (ENA1KHZ)
     LUT4:I0->O            7   0.612   0.754  IC4/KENH_UOT<3>1 (SO_GMA<3>)
     LUT4:I0->O            1   0.612   0.357  IC5/Mrom_SSEG41 (SSEG_4_OBUF)
     OBUF:I->O                 3.169          SSEG_4_OBUF (SSEG<4>)
    ----------------------------------------
    Total                      9.037ns (6.131ns logic, 2.906ns route)
                                       (67.8% logic, 32.2% route)

=========================================================================


Total REAL time to Xst completion: 6.00 secs
Total CPU time to Xst completion: 5.98 secs
 
--> 

Total memory usage is 4536812 kilobytes

Number of errors   :    0 (   0 filtered)
Number of warnings :    0 (   0 filtered)
Number of infos    :    0 (   0 filtered)

