Release 14.7 - xst P.20131013 (nt64)
Copyright (c) 1995-2013 Xilinx, Inc.  All rights reserved.
--> Parameter TMPDIR set to xst/projnav.tmp


Total REAL time to Xst completion: 0.00 secs
Total CPU time to Xst completion: 0.20 secs
 
--> Parameter xsthdpdir set to xst


Total REAL time to Xst completion: 0.00 secs
Total CPU time to Xst completion: 0.20 secs
 
--> Reading design: GIO_PHUT_GIAY.prj

TABLE OF CONTENTS
  1) Synthesis Options Summary
  2) HDL Parsing
  3) HDL Elaboration
  4) HDL Synthesis
       4.1) HDL Synthesis Report
  5) Advanced HDL Synthesis
       5.1) Advanced HDL Synthesis Report
  6) Low Level Synthesis
  7) Partition Report
  8) Design Summary
       8.1) Primitive and Black Box Usage
       8.2) Device utilization summary
       8.3) Partition Resource Summary
       8.4) Timing Report
            8.4.1) Clock Information
            8.4.2) Asynchronous Control Signals Information
            8.4.3) Timing Summary
            8.4.4) Timing Details
            8.4.5) Cross Clock Domains Report


=========================================================================
*                      Synthesis Options Summary                        *
=========================================================================
---- Source Parameters
Input File Name                    : "GIO_PHUT_GIAY.prj"
Ignore Synthesis Constraint File   : NO

---- Target Parameters
Output File Name                   : "GIO_PHUT_GIAY"
Output Format                      : NGC
Target Device                      : xc6slx9-2-tqg144

---- Source Options
Top Module Name                    : GIO_PHUT_GIAY
Automatic FSM Extraction           : YES
FSM Encoding Algorithm             : Auto
Safe Implementation                : No
FSM Style                          : LUT
RAM Extraction                     : Yes
RAM Style                          : Auto
ROM Extraction                     : Yes
Shift Register Extraction          : YES
ROM Style                          : Auto
Resource Sharing                   : YES
Asynchronous To Synchronous        : NO
Shift Register Minimum Size        : 2
Use DSP Block                      : Auto
Automatic Register Balancing       : No

---- Target Options
LUT Combining                      : Auto
Reduce Control Sets                : Auto
Add IO Buffers                     : YES
Global Maximum Fanout              : 100000
Add Generic Clock Buffer(BUFG)     : 16
Register Duplication               : YES
Optimize Instantiated Primitives   : NO
Use Clock Enable                   : Auto
Use Synchronous Set                : Auto
Use Synchronous Reset              : Auto
Pack IO Registers into IOBs        : Auto
Equivalent register Removal        : YES

---- General Options
Optimization Goal                  : Speed
Optimization Effort                : 1
Power Reduction                    : NO
Keep Hierarchy                     : No
Netlist Hierarchy                  : As_Optimized
RTL Output                         : Yes
Global Optimization                : AllClockNets
Read Cores                         : YES
Write Timing Constraints           : NO
Cross Clock Analysis               : NO
Hierarchy Separator                : /
Bus Delimiter                      : <>
Case Specifier                     : Maintain
Slice Utilization Ratio            : 100
BRAM Utilization Ratio             : 100
DSP48 Utilization Ratio            : 100
Auto BRAM Packing                  : NO
Slice Utilization Ratio Delta      : 5

=========================================================================


=========================================================================
*                          HDL Parsing                                  *
=========================================================================
Parsing VHDL file "C:\Users\Admin\Documents\TT-HDL-N7-S2\VHDL\BAI_541_GIO_PHUT_GIAY\QUET_ANODE_8LED_7DOAN.vhd" into library work
Parsing entity <QUET_ANODE_8LED_7DOAN>.
Parsing architecture <Behavioral> of entity <quet_anode_8led_7doan>.
Parsing VHDL file "C:\Users\Admin\Documents\TT-HDL-N7-S2\VHDL\BAI_541_GIO_PHUT_GIAY\GIAIMA_7DOAN_ENA.vhd" into library work
Parsing entity <GIAIMA_7DOAN_ENA>.
Parsing architecture <Behavioral> of entity <giaima_7doan_ena>.
Parsing VHDL file "C:\Users\Admin\Documents\TT-HDL-N7-S2\VHDL\BAI_541_GIO_PHUT_GIAY\DEM_3BIT_CHON_8KENH.vhd" into library work
Parsing entity <DEM_3BIT_CHON_8KENH>.
Parsing architecture <Behavioral> of entity <dem_3bit_chon_8kenh>.
Parsing VHDL file "C:\Users\Admin\Documents\TT-HDL-N7-S2\VHDL\BAI_541_GIO_PHUT_GIAY\DAHOP_8KENH.vhd" into library work
Parsing entity <DAHOP_8KENH>.
Parsing architecture <Behavioral> of entity <dahop_8kenh>.
Parsing VHDL file "C:\Users\Admin\Documents\TT-HDL-N7-S2\VHDL\BAI_541_GIO_PHUT_GIAY\HEXTOBCD_6BIT.vhd" into library work
Parsing entity <HEXTOBCD_6BIT>.
Parsing architecture <Behavioral> of entity <hextobcd_6bit>.
Parsing VHDL file "C:\Users\Admin\Documents\TT-HDL-N7-S2\VHDL\BAI_541_GIO_PHUT_GIAY\GIAIMA_HIENTHI_8LED_7DOAN.vhd" into library work
Parsing entity <GIAIMA_HIENTHI_8LED_7DOAN>.
Parsing architecture <Behavioral> of entity <giaima_hienthi_8led_7doan>.
Parsing VHDL file "C:\Users\Admin\Documents\TT-HDL-N7-S2\VHDL\BAI_541_GIO_PHUT_GIAY\DEM_GIOPHUTGIAY.vhd" into library work
Parsing entity <DEM_GIOPHUTGIAY>.
Parsing architecture <Behavioral> of entity <dem_giophutgiay>.
Parsing VHDL file "C:\Users\Admin\Documents\TT-HDL-N7-S2\VHDL\BAI_541_GIO_PHUT_GIAY\CHIA_10ENA.vhd" into library work
Parsing entity <CHIA_10ENA>.
Parsing architecture <Behavioral> of entity <chia_10ena>.
Parsing VHDL file "C:\Users\Admin\Documents\TT-HDL-N7-S2\VHDL\BAI_541_GIO_PHUT_GIAY\GIO_PHUT_GIAY.vhd" into library work
Parsing entity <GIO_PHUT_GIAY>.
Parsing architecture <Behavioral> of entity <gio_phut_giay>.

=========================================================================
*                            HDL Elaboration                            *
=========================================================================

Elaborating entity <GIO_PHUT_GIAY> (architecture <Behavioral>) from library <work>.

Elaborating entity <CHIA_10ENA> (architecture <Behavioral>) from library <work>.

Elaborating entity <DEM_GIOPHUTGIAY> (architecture <Behavioral>) from library <work>.

Elaborating entity <HEXTOBCD_6BIT> (architecture <Behavioral>) from library <work>.

Elaborating entity <GIAIMA_HIENTHI_8LED_7DOAN> (architecture <Behavioral>) from library <work>.

Elaborating entity <DEM_3BIT_CHON_8KENH> (architecture <Behavioral>) from library <work>.

Elaborating entity <QUET_ANODE_8LED_7DOAN> (architecture <Behavioral>) from library <work>.

Elaborating entity <DAHOP_8KENH> (architecture <Behavioral>) from library <work>.

Elaborating entity <GIAIMA_7DOAN_ENA> (architecture <Behavioral>) from library <work>.

=========================================================================
*                           HDL Synthesis                               *
=========================================================================

Synthesizing Unit <GIO_PHUT_GIAY>.
    Related source file is "C:\Users\Admin\Documents\TT-HDL-N7-S2\VHDL\BAI_541_GIO_PHUT_GIAY\GIO_PHUT_GIAY.vhd".
    Summary:
	inferred   1 Multiplexer(s).
Unit <GIO_PHUT_GIAY> synthesized.

Synthesizing Unit <CHIA_10ENA>.
    Related source file is "C:\Users\Admin\Documents\TT-HDL-N7-S2\VHDL\BAI_541_GIO_PHUT_GIAY\CHIA_10ENA.vhd".
    Found 22-bit register for signal <D20HZ_R>.
    Found 16-bit register for signal <D1KHZ_R>.
    Found 26-bit register for signal <D1HZ_R>.
    Found 17-bit adder for signal <n0025> created at line 93.
    Found 23-bit adder for signal <n0026> created at line 97.
    Found 27-bit adder for signal <n0027> created at line 101.
    Summary:
	inferred   3 Adder/Subtractor(s).
	inferred  64 D-type flip-flop(s).
Unit <CHIA_10ENA> synthesized.

Synthesizing Unit <DEM_GIOPHUTGIAY>.
    Related source file is "C:\Users\Admin\Documents\TT-HDL-N7-S2\VHDL\BAI_541_GIO_PHUT_GIAY\DEM_GIOPHUTGIAY.vhd".
    Found 6-bit register for signal <PHUT_R>.
    Found 6-bit register for signal <GIAY_R>.
    Found 5-bit register for signal <GIO_R>.
    Found 6-bit adder for signal <GIAY_R[5]_GND_7_o_add_4_OUT> created at line 66.
    Found 6-bit adder for signal <PHUT_R[5]_GND_7_o_add_9_OUT> created at line 76.
    Found 5-bit adder for signal <GIO_R[4]_GND_7_o_add_15_OUT> created at line 86.
    Summary:
	inferred   3 Adder/Subtractor(s).
	inferred  17 D-type flip-flop(s).
	inferred   3 Multiplexer(s).
Unit <DEM_GIOPHUTGIAY> synthesized.

Synthesizing Unit <HEXTOBCD_6BIT>.
    Related source file is "C:\Users\Admin\Documents\TT-HDL-N7-S2\VHDL\BAI_541_GIO_PHUT_GIAY\HEXTOBCD_6BIT.vhd".
    Found 4-bit adder for signal <GND_8_o_GND_8_o_add_1_OUT> created at line 56.
    Found 4-bit adder for signal <SOHEX6BIT[5]_GND_8_o_add_3_OUT> created at line 56.
    Found 4-bit adder for signal <SOHEX6BIT[4]_GND_8_o_add_5_OUT> created at line 56.
    Found 3-bit comparator lessequal for signal <n0000> created at line 55
    Found 4-bit comparator lessequal for signal <n0007> created at line 55
    Found 4-bit comparator lessequal for signal <n0014> created at line 55
    Summary:
	inferred   3 Adder/Subtractor(s).
	inferred   3 Comparator(s).
	inferred  12 Multiplexer(s).
Unit <HEXTOBCD_6BIT> synthesized.

Synthesizing Unit <GIAIMA_HIENTHI_8LED_7DOAN>.
    Related source file is "C:\Users\Admin\Documents\TT-HDL-N7-S2\VHDL\BAI_541_GIO_PHUT_GIAY\GIAIMA_HIENTHI_8LED_7DOAN.vhd".
    Summary:
	no macro.
Unit <GIAIMA_HIENTHI_8LED_7DOAN> synthesized.

Synthesizing Unit <DEM_3BIT_CHON_8KENH>.
    Related source file is "C:\Users\Admin\Documents\TT-HDL-N7-S2\VHDL\BAI_541_GIO_PHUT_GIAY\DEM_3BIT_CHON_8KENH.vhd".
    Found 3-bit register for signal <Q_R>.
    Found 3-bit adder for signal <Q_R[2]_GND_12_o_add_1_OUT> created at line 51.
    Summary:
	inferred   1 Adder/Subtractor(s).
	inferred   3 D-type flip-flop(s).
Unit <DEM_3BIT_CHON_8KENH> synthesized.

Synthesizing Unit <QUET_ANODE_8LED_7DOAN>.
    Related source file is "C:\Users\Admin\Documents\TT-HDL-N7-S2\VHDL\BAI_541_GIO_PHUT_GIAY\QUET_ANODE_8LED_7DOAN.vhd".
    Found 8x8-bit Read Only RAM for signal <ANODE>
    Summary:
	inferred   1 RAM(s).
Unit <QUET_ANODE_8LED_7DOAN> synthesized.

Synthesizing Unit <DAHOP_8KENH>.
    Related source file is "C:\Users\Admin\Documents\TT-HDL-N7-S2\VHDL\BAI_541_GIO_PHUT_GIAY\DAHOP_8KENH.vhd".
    Found 8x1-bit Read Only RAM for signal <ENA_1LED>
    Found 4-bit 8-to-1 multiplexer for signal <SO_GMA> created at line 53.
    Summary:
	inferred   1 RAM(s).
	inferred   1 Multiplexer(s).
Unit <DAHOP_8KENH> synthesized.

Synthesizing Unit <GIAIMA_7DOAN_ENA>.
    Related source file is "C:\Users\Admin\Documents\TT-HDL-N7-S2\VHDL\BAI_541_GIO_PHUT_GIAY\GIAIMA_7DOAN_ENA.vhd".
    Summary:
	inferred   1 Multiplexer(s).
Unit <GIAIMA_7DOAN_ENA> synthesized.

=========================================================================
HDL Synthesis Report

Macro Statistics
# RAMs                                                 : 2
 8x1-bit single-port Read Only RAM                     : 1
 8x8-bit single-port Read Only RAM                     : 1
# Adders/Subtractors                                   : 16
 17-bit adder                                          : 1
 23-bit adder                                          : 1
 27-bit adder                                          : 1
 3-bit adder                                           : 1
 4-bit adder                                           : 9
 5-bit adder                                           : 1
 6-bit adder                                           : 2
# Registers                                            : 7
 16-bit register                                       : 1
 22-bit register                                       : 1
 26-bit register                                       : 1
 3-bit register                                        : 1
 5-bit register                                        : 1
 6-bit register                                        : 2
# Comparators                                          : 9
 3-bit comparator lessequal                            : 3
 4-bit comparator lessequal                            : 6
# Multiplexers                                         : 42
 1-bit 2-to-1 multiplexer                              : 37
 4-bit 8-to-1 multiplexer                              : 1
 5-bit 2-to-1 multiplexer                              : 1
 6-bit 2-to-1 multiplexer                              : 2
 8-bit 2-to-1 multiplexer                              : 1

=========================================================================

=========================================================================
*                       Advanced HDL Synthesis                          *
=========================================================================


Synthesizing (advanced) Unit <CHIA_10ENA>.
The following registers are absorbed into counter <D20HZ_R>: 1 register on signal <D20HZ_R>.
The following registers are absorbed into counter <D1KHZ_R>: 1 register on signal <D1KHZ_R>.
The following registers are absorbed into counter <D1HZ_R>: 1 register on signal <D1HZ_R>.
Unit <CHIA_10ENA> synthesized (advanced).

Synthesizing (advanced) Unit <DAHOP_8KENH>.
INFO:Xst:3218 - HDL ADVISOR - The RAM <Mram_ENA_1LED> will be implemented on LUTs either because you have described an asynchronous read or because of currently unsupported block RAM features. If you have described an asynchronous read, making it synchronous would allow you to take advantage of available block RAM resources, for optimized device usage and improved timings. Please refer to your documentation for coding guidelines.
    -----------------------------------------------------------------------
    | ram_type           | Distributed                         |          |
    -----------------------------------------------------------------------
    | Port A                                                              |
    |     aspect ratio   | 8-word x 1-bit                      |          |
    |     weA            | connected to signal <GND>           | high     |
    |     addrA          | connected to signal <SEL_3B>        |          |
    |     diA            | connected to signal <GND>           |          |
    |     doA            | connected to signal <ENA_1LED>      |          |
    -----------------------------------------------------------------------
Unit <DAHOP_8KENH> synthesized (advanced).

Synthesizing (advanced) Unit <DEM_3BIT_CHON_8KENH>.
The following registers are absorbed into counter <Q_R>: 1 register on signal <Q_R>.
Unit <DEM_3BIT_CHON_8KENH> synthesized (advanced).

Synthesizing (advanced) Unit <DEM_GIOPHUTGIAY>.
The following registers are absorbed into counter <PHUT_R>: 1 register on signal <PHUT_R>.
The following registers are absorbed into counter <GIAY_R>: 1 register on signal <GIAY_R>.
The following registers are absorbed into counter <GIO_R>: 1 register on signal <GIO_R>.
Unit <DEM_GIOPHUTGIAY> synthesized (advanced).

Synthesizing (advanced) Unit <QUET_ANODE_8LED_7DOAN>.
INFO:Xst:3218 - HDL ADVISOR - The RAM <Mram_ANODE> will be implemented on LUTs either because you have described an asynchronous read or because of currently unsupported block RAM features. If you have described an asynchronous read, making it synchronous would allow you to take advantage of available block RAM resources, for optimized device usage and improved timings. Please refer to your documentation for coding guidelines.
    -----------------------------------------------------------------------
    | ram_type           | Distributed                         |          |
    -----------------------------------------------------------------------
    | Port A                                                              |
    |     aspect ratio   | 8-word x 8-bit                      |          |
    |     weA            | connected to signal <GND>           | high     |
    |     addrA          | connected to signal <SEL_3B>        |          |
    |     diA            | connected to signal <GND>           |          |
    |     doA            | connected to signal <ANODE>         |          |
    -----------------------------------------------------------------------
Unit <QUET_ANODE_8LED_7DOAN> synthesized (advanced).

=========================================================================
Advanced HDL Synthesis Report

Macro Statistics
# RAMs                                                 : 2
 8x1-bit single-port distributed Read Only RAM         : 1
 8x8-bit single-port distributed Read Only RAM         : 1
# Adders/Subtractors                                   : 9
 4-bit adder                                           : 9
# Counters                                             : 7
 16-bit up counter                                     : 1
 22-bit up counter                                     : 1
 26-bit up counter                                     : 1
 3-bit up counter                                      : 1
 5-bit up counter                                      : 1
 6-bit up counter                                      : 2
# Comparators                                          : 9
 3-bit comparator lessequal                            : 3
 4-bit comparator lessequal                            : 6
# Multiplexers                                         : 38
 1-bit 2-to-1 multiplexer                              : 36
 4-bit 8-to-1 multiplexer                              : 1
 8-bit 2-to-1 multiplexer                              : 1

=========================================================================

=========================================================================
*                         Low Level Synthesis                           *
=========================================================================

Optimizing unit <GIO_PHUT_GIAY> ...

Optimizing unit <CHIA_10ENA> ...

Optimizing unit <DEM_GIOPHUTGIAY> ...

Optimizing unit <HEXTOBCD_6BIT> ...
INFO:Xst:2261 - The FF/Latch <IC1/D20HZ_R_4> in Unit <GIO_PHUT_GIAY> is equivalent to the following FF/Latch, which will be removed : <IC1/D1HZ_R_4> 
INFO:Xst:2261 - The FF/Latch <IC1/D1KHZ_R_0> in Unit <GIO_PHUT_GIAY> is equivalent to the following 2 FFs/Latches, which will be removed : <IC1/D20HZ_R_0> <IC1/D1HZ_R_0> 
INFO:Xst:2261 - The FF/Latch <IC1/D1KHZ_R_1> in Unit <GIO_PHUT_GIAY> is equivalent to the following 2 FFs/Latches, which will be removed : <IC1/D20HZ_R_1> <IC1/D1HZ_R_1> 
INFO:Xst:2261 - The FF/Latch <IC1/D1KHZ_R_2> in Unit <GIO_PHUT_GIAY> is equivalent to the following 2 FFs/Latches, which will be removed : <IC1/D20HZ_R_2> <IC1/D1HZ_R_2> 
INFO:Xst:2261 - The FF/Latch <IC1/D1KHZ_R_3> in Unit <GIO_PHUT_GIAY> is equivalent to the following 2 FFs/Latches, which will be removed : <IC1/D20HZ_R_3> <IC1/D1HZ_R_3> 

Mapping all equations...
Building and optimizing final netlist ...
Found area constraint ratio of 100 (+ 5) on block GIO_PHUT_GIAY, actual ratio is 3.

Final Macro Processing ...

=========================================================================
Final Register Report

Macro Statistics
# Registers                                            : 75
 Flip-Flops                                            : 75

=========================================================================

=========================================================================
*                           Partition Report                            *
=========================================================================

Partition Implementation Status
-------------------------------

  No Partitions were found in this design.

-------------------------------

=========================================================================
*                            Design Summary                             *
=========================================================================

Top Level Output File Name         : GIO_PHUT_GIAY.ngc

Primitive and Black Box Usage:
------------------------------
# BELS                             : 285
#      GND                         : 1
#      INV                         : 6
#      LUT1                        : 61
#      LUT2                        : 1
#      LUT3                        : 17
#      LUT4                        : 7
#      LUT5                        : 19
#      LUT6                        : 55
#      MUXCY                       : 61
#      MUXF7                       : 1
#      VCC                         : 1
#      XORCY                       : 55
# FlipFlops/Latches                : 75
#      FDC                         : 2
#      FDCE                        : 15
#      FDE                         : 3
#      FDR                         : 54
#      FDS                         : 1
# Clock Buffers                    : 1
#      BUFGP                       : 1
# IO Buffers                       : 18
#      IBUF                        : 2
#      OBUF                        : 16

Device utilization summary:
---------------------------

Selected Device : 6slx9tqg144-2 


Slice Logic Utilization: 
 Number of Slice Registers:              75  out of  11440     0%  
 Number of Slice LUTs:                  166  out of   5720     2%  
    Number used as Logic:               166  out of   5720     2%  

Slice Logic Distribution: 
 Number of LUT Flip Flop pairs used:    166
   Number with an unused Flip Flop:      91  out of    166    54%  
   Number with an unused LUT:             0  out of    166     0%  
   Number of fully used LUT-FF pairs:    75  out of    166    45%  
   Number of unique control sets:         7

IO Utilization: 
 Number of IOs:                          19
 Number of bonded IOBs:                  19  out of    102    18%  

Specific Feature Utilization:
 Number of BUFG/BUFGCTRLs:                1  out of     16     6%  

---------------------------
Partition Resource Summary:
---------------------------

  No Partitions were found in this design.

---------------------------


=========================================================================
Timing Report

NOTE: THESE TIMING NUMBERS ARE ONLY A SYNTHESIS ESTIMATE.
      FOR ACCURATE TIMING INFORMATION PLEASE REFER TO THE TRACE REPORT
      GENERATED AFTER PLACE-and-ROUTE.

Clock Information:
------------------
-----------------------------------+------------------------+-------+
Clock Signal                       | Clock buffer(FF name)  | Load  |
-----------------------------------+------------------------+-------+
CKHT                               | BUFGP                  | 75    |
-----------------------------------+------------------------+-------+

Asynchronous Control Signals Information:
----------------------------------------
No asynchronous control signals found in this design

Timing Summary:
---------------
Speed Grade: -2

   Minimum period: 5.673ns (Maximum Frequency: 176.274MHz)
   Minimum input arrival time before clock: 6.461ns
   Maximum output required time after clock: 10.232ns
   Maximum combinational path delay: No path found

Timing Details:
---------------
All values displayed in nanoseconds (ns)

=========================================================================
Timing constraint: Default period analysis for Clock 'CKHT'
  Clock period: 5.673ns (frequency: 176.274MHz)
  Total number of paths / destination ports: 2961 / 148
-------------------------------------------------------------------------
Delay:               5.673ns (Levels of Logic = 3)
  Source:            IC1/D1HZ_R_11 (FF)
  Destination:       IC2/GIAY_R_5 (FF)
  Source Clock:      CKHT falling
  Destination Clock: CKHT falling

  Data Path: IC1/D1HZ_R_11 to IC2/GIAY_R_5
                                Gate     Net
    Cell:in->out      fanout   Delay   Delay  Logical Name (Net Name)
    ----------------------------------------  ------------
     FDR:C->Q              3   0.525   1.196  IC1/D1HZ_R_11 (IC1/D1HZ_R_11)
     LUT6:I1->O            1   0.254   0.682  Mmux_ENA_DB11 (Mmux_ENA_DB1)
     LUT6:I5->O           14   0.254   1.403  Mmux_ENA_DB12 (Mmux_ENA_DB11)
     LUT4:I0->O            4   0.254   0.803  Mmux_ENA_DB16 (ENA_DB)
     FDCE:CE                   0.302          IC2/GIAY_R_2
    ----------------------------------------
    Total                      5.673ns (1.589ns logic, 4.084ns route)
                                       (28.0% logic, 72.0% route)

=========================================================================
Timing constraint: Default OFFSET IN BEFORE for Clock 'CKHT'
  Total number of paths / destination ports: 51 / 34
-------------------------------------------------------------------------
Offset:              6.461ns (Levels of Logic = 4)
  Source:            SW0 (PAD)
  Destination:       IC2/GIAY_R_5 (FF)
  Destination Clock: CKHT falling

  Data Path: SW0 to IC2/GIAY_R_5
                                Gate     Net
    Cell:in->out      fanout   Delay   Delay  Logical Name (Net Name)
    ----------------------------------------  ------------
     IBUF:I->O             2   1.328   1.181  SW0_IBUF (SW0_IBUF)
     LUT6:I0->O            1   0.254   0.682  Mmux_ENA_DB11 (Mmux_ENA_DB1)
     LUT6:I5->O           14   0.254   1.403  Mmux_ENA_DB12 (Mmux_ENA_DB11)
     LUT4:I0->O            4   0.254   0.803  Mmux_ENA_DB16 (ENA_DB)
     FDCE:CE                   0.302          IC2/GIAY_R_2
    ----------------------------------------
    Total                      6.461ns (2.392ns logic, 4.069ns route)
                                       (37.0% logic, 63.0% route)

=========================================================================
Timing constraint: Default OFFSET OUT AFTER for Clock 'CKHT'
  Total number of paths / destination ports: 864 / 15
-------------------------------------------------------------------------
Offset:              10.232ns (Levels of Logic = 5)
  Source:            IC6/K1/Q_R_2 (FF)
  Destination:       SSEG<6> (PAD)
  Source Clock:      CKHT falling

  Data Path: IC6/K1/Q_R_2 to SSEG<6>
                                Gate     Net
    Cell:in->out      fanout   Delay   Delay  Logical Name (Net Name)
    ----------------------------------------  ------------
     FDE:C->Q             24   0.525   1.835  IC6/K1/Q_R_2 (IC6/K1/Q_R_2)
     LUT6:I0->O            1   0.254   0.790  IC6/K3/Mmux_SO_GMA24 (IC6/K3/Mmux_SO_GMA23)
     LUT3:I1->O            1   0.250   1.137  IC6/K3/Mmux_SO_GMA25 (IC6/K3/Mmux_SO_GMA24)
     LUT6:I0->O            7   0.254   1.340  IC6/K3/Mmux_SO_GMA28 (IC6/SO_GMA<1>)
     LUT5:I0->O            1   0.254   0.681  IC6/K4/Mmux_SSEG71 (SSEG_6_OBUF)
     OBUF:I->O                 2.912          SSEG_6_OBUF (SSEG<6>)
    ----------------------------------------
    Total                     10.232ns (4.449ns logic, 5.783ns route)
                                       (43.5% logic, 56.5% route)

=========================================================================

Cross Clock Domains Report:
--------------------------

Clock to Setup on destination clock CKHT
---------------+---------+---------+---------+---------+
               | Src:Rise| Src:Fall| Src:Rise| Src:Fall|
Source Clock   |Dest:Rise|Dest:Rise|Dest:Fall|Dest:Fall|
---------------+---------+---------+---------+---------+
CKHT           |         |         |    5.673|         |
---------------+---------+---------+---------+---------+

=========================================================================


Total REAL time to Xst completion: 10.00 secs
Total CPU time to Xst completion: 9.87 secs
 
--> 

Total memory usage is 4510192 kilobytes

Number of errors   :    0 (   0 filtered)
Number of warnings :    0 (   0 filtered)
Number of infos    :    7 (   0 filtered)

