--------------------------------------------------------------------------------
Release 14.7 Trace  (nt64)
Copyright (c) 1995-2013 Xilinx, Inc.  All rights reserved.

C:\Xilinx\14.7\ISE_DS\ISE\bin\nt64\unwrapped\trce.exe -intstyle ise -v 3 -s 2
-n 3 -fastpaths -xml GIO_PHUT_GIAY.twx GIO_PHUT_GIAY.ncd -o GIO_PHUT_GIAY.twr
GIO_PHUT_GIAY.pcf

Design file:              GIO_PHUT_GIAY.ncd
Physical constraint file: GIO_PHUT_GIAY.pcf
Device,package,speed:     xc6slx9,tqg144,C,-2 (PRODUCTION 1.23 2013-10-13)
Report level:             verbose report

Environment Variable      Effect 
--------------------      ------ 
NONE                      No environment variables were set
--------------------------------------------------------------------------------

INFO:Timing:2698 - No timing constraints found, doing default enumeration.
INFO:Timing:3412 - To improve timing, see the Timing Closure User Guide (UG612).
INFO:Timing:2752 - To get complete path coverage, use the unconstrained paths 
   option. All paths that are not constrained will be reported in the 
   unconstrained paths section(s) of the report.
INFO:Timing:3339 - The clock-to-out numbers in this timing report are based on 
   a 50 Ohm transmission line loading model.  For the details of this model, 
   and for more information on accounting for different loading conditions, 
   please see the device datasheet.



Data Sheet report:
-----------------
All values displayed in nanoseconds (ns)

Setup/Hold to clock CKHT
------------+------------+------------+------------+------------+------------------+--------+
            |Max Setup to|  Process   |Max Hold to |  Process   |                  | Clock  |
Source      | clk (edge) |   Corner   | clk (edge) |   Corner   |Internal Clock(s) | Phase  |
------------+------------+------------+------------+------------+------------------+--------+
BTN0        |    3.717(F)|      SLOW  |   -0.966(F)|      FAST  |CKHT_BUFGP        |   0.000|
SW0         |    4.609(F)|      SLOW  |   -1.001(F)|      FAST  |CKHT_BUFGP        |   0.000|
------------+------------+------------+------------+------------+------------------+--------+

Clock CKHT to Pad
------------+-----------------+------------+-----------------+------------+------------------+--------+
            |Max (slowest) clk|  Process   |Min (fastest) clk|  Process   |                  | Clock  |
Destination |  (edge) to PAD  |   Corner   |  (edge) to PAD  |   Corner   |Internal Clock(s) | Phase  |
------------+-----------------+------------+-----------------+------------+------------------+--------+
ANODE<0>    |        10.877(F)|      SLOW  |         4.118(F)|      FAST  |CKHT_BUFGP        |   0.000|
ANODE<1>    |        10.932(F)|      SLOW  |         4.142(F)|      FAST  |CKHT_BUFGP        |   0.000|
ANODE<2>    |        11.162(F)|      SLOW  |         4.453(F)|      FAST  |CKHT_BUFGP        |   0.000|
ANODE<3>    |        11.008(F)|      SLOW  |         4.373(F)|      FAST  |CKHT_BUFGP        |   0.000|
ANODE<4>    |        11.869(F)|      SLOW  |         4.568(F)|      FAST  |CKHT_BUFGP        |   0.000|
ANODE<5>    |        12.150(F)|      SLOW  |         4.746(F)|      FAST  |CKHT_BUFGP        |   0.000|
ANODE<6>    |        11.685(F)|      SLOW  |         4.821(F)|      FAST  |CKHT_BUFGP        |   0.000|
ANODE<7>    |        11.966(F)|      SLOW  |         4.999(F)|      FAST  |CKHT_BUFGP        |   0.000|
SSEG<0>     |        16.025(F)|      SLOW  |         5.051(F)|      FAST  |CKHT_BUFGP        |   0.000|
SSEG<1>     |        15.456(F)|      SLOW  |         4.832(F)|      FAST  |CKHT_BUFGP        |   0.000|
SSEG<2>     |        15.687(F)|      SLOW  |         4.988(F)|      FAST  |CKHT_BUFGP        |   0.000|
SSEG<3>     |        15.825(F)|      SLOW  |         4.911(F)|      FAST  |CKHT_BUFGP        |   0.000|
SSEG<4>     |        15.504(F)|      SLOW  |         4.859(F)|      FAST  |CKHT_BUFGP        |   0.000|
SSEG<5>     |        15.652(F)|      SLOW  |         4.963(F)|      FAST  |CKHT_BUFGP        |   0.000|
SSEG<6>     |        15.729(F)|      SLOW  |         4.996(F)|      FAST  |CKHT_BUFGP        |   0.000|
------------+-----------------+------------+-----------------+------------+------------------+--------+

Clock to Setup on destination clock CKHT
---------------+---------+---------+---------+---------+
               | Src:Rise| Src:Fall| Src:Rise| Src:Fall|
Source Clock   |Dest:Rise|Dest:Rise|Dest:Fall|Dest:Fall|
---------------+---------+---------+---------+---------+
CKHT           |         |         |         |    4.798|
---------------+---------+---------+---------+---------+


Analysis completed Wed Jul 15 22:10:35 2020 
--------------------------------------------------------------------------------

Trace Settings:
-------------------------
Trace Settings 

Peak Memory Usage: 4573 MB



