--------------------------------------------------------------------------------
Release 14.7 Trace  (nt64)
Copyright (c) 1995-2013 Xilinx, Inc.  All rights reserved.

C:\Xilinx\14.7\ISE_DS\ISE\bin\nt64\unwrapped\trce.exe -intstyle ise -v 3 -s 5
-n 3 -fastpaths -xml GIAIMA_38_ES.twx GIAIMA_38_ES.ncd -o GIAIMA_38_ES.twr
GIAIMA_38_ES.pcf -ucf GIAIMA_38_ES.ucf

Design file:              GIAIMA_38_ES.ncd
Physical constraint file: GIAIMA_38_ES.pcf
Device,package,speed:     xc3s500e,pq208,-5 (PRODUCTION 1.27 2013-10-13)
Report level:             verbose report

Environment Variable      Effect 
--------------------      ------ 
NONE                      No environment variables were set
--------------------------------------------------------------------------------

INFO:Timing:2698 - No timing constraints found, doing default enumeration.
INFO:Timing:3412 - To improve timing, see the Timing Closure User Guide (UG612).
INFO:Timing:2752 - To get complete path coverage, use the unconstrained paths 
   option. All paths that are not constrained will be reported in the 
   unconstrained paths section(s) of the report.
INFO:Timing:3339 - The clock-to-out numbers in this timing report are based on 
   a 50 Ohm transmission line loading model.  For the details of this model, 
   and for more information on accounting for different loading conditions, 
   please see the device datasheet.
INFO:Timing:3390 - This architecture does not support a default System Jitter 
   value, please add SYSTEM_JITTER constraint to the UCF to modify the Clock 
   Uncertainty calculation.
INFO:Timing:3389 - This architecture does not support 'Discrete Jitter' and 
   'Phase Error' calculations, these terms will be zero in the Clock 
   Uncertainty calculation.  Please make appropriate modification to 
   SYSTEM_JITTER to account for the unsupported Discrete Jitter and Phase 
   Error.



Data Sheet report:
-----------------
All values displayed in nanoseconds (ns)

Pad to Pad
---------------+---------------+---------+
Source Pad     |Destination Pad|  Delay  |
---------------+---------------+---------+
SW<0>          |LED<0>         |    8.938|
SW<0>          |LED<1>         |    8.192|
SW<0>          |LED<2>         |    9.034|
SW<0>          |LED<3>         |    8.497|
SW<0>          |LED<4>         |    8.881|
SW<0>          |LED<5>         |    8.517|
SW<0>          |LED<6>         |    9.559|
SW<0>          |LED<7>         |    8.290|
SW<1>          |LED<0>         |    9.400|
SW<1>          |LED<1>         |    9.254|
SW<1>          |LED<2>         |    9.211|
SW<1>          |LED<3>         |    9.389|
SW<1>          |LED<4>         |    9.434|
SW<1>          |LED<5>         |    9.298|
SW<1>          |LED<6>         |   10.442|
SW<1>          |LED<7>         |    9.666|
SW<2>          |LED<0>         |    9.679|
SW<2>          |LED<1>         |    9.533|
SW<2>          |LED<2>         |    9.489|
SW<2>          |LED<3>         |    9.667|
SW<2>          |LED<4>         |    9.712|
SW<2>          |LED<5>         |    9.576|
SW<2>          |LED<6>         |    9.887|
SW<2>          |LED<7>         |    9.111|
SW<3>          |LED<0>         |    9.522|
SW<3>          |LED<1>         |    9.376|
SW<3>          |LED<2>         |    9.322|
SW<3>          |LED<3>         |    9.500|
SW<3>          |LED<4>         |    9.545|
SW<3>          |LED<5>         |    9.409|
SW<3>          |LED<6>         |    9.972|
SW<3>          |LED<7>         |    9.196|
SW<4>          |LED<0>         |    9.773|
SW<4>          |LED<1>         |    8.344|
SW<4>          |LED<2>         |    9.339|
SW<4>          |LED<3>         |    9.183|
SW<4>          |LED<4>         |    9.535|
SW<4>          |LED<5>         |    8.794|
SW<4>          |LED<6>         |    9.816|
SW<4>          |LED<7>         |    8.376|
---------------+---------------+---------+


Analysis completed Thu Sep 05 13:24:53 2019 
--------------------------------------------------------------------------------

Trace Settings:
-------------------------
Trace Settings 

Peak Memory Usage: 4509 MB



