--------------------------------------------------------------------------------
Release 14.7 Trace  (nt64)
Copyright (c) 1995-2013 Xilinx, Inc.  All rights reserved.

C:\Xilinx\14.7\ISE_DS\ISE\bin\nt64\unwrapped\trce.exe -intstyle ise -v 3 -s 3
-n 3 -fastpaths -xml DK_8LED_6CT.twx DK_8LED_6CT.ncd -o DK_8LED_6CT.twr
DK_8LED_6CT.pcf

Design file:              DK_8LED_6CT.ncd
Physical constraint file: DK_8LED_6CT.pcf
Device,package,speed:     xc6slx9,tqg144,C,-3 (PRODUCTION 1.23 2013-10-13)
Report level:             verbose report

Environment Variable      Effect 
--------------------      ------ 
NONE                      No environment variables were set
--------------------------------------------------------------------------------

INFO:Timing:2698 - No timing constraints found, doing default enumeration.
INFO:Timing:3412 - To improve timing, see the Timing Closure User Guide (UG612).
INFO:Timing:2752 - To get complete path coverage, use the unconstrained paths 
   option. All paths that are not constrained will be reported in the 
   unconstrained paths section(s) of the report.
INFO:Timing:3339 - The clock-to-out numbers in this timing report are based on 
   a 50 Ohm transmission line loading model.  For the details of this model, 
   and for more information on accounting for different loading conditions, 
   please see the device datasheet.



Data Sheet report:
-----------------
All values displayed in nanoseconds (ns)

Setup/Hold to clock CKHT
------------+------------+------------+------------+------------+------------------+--------+
            |Max Setup to|  Process   |Max Hold to |  Process   |                  | Clock  |
Source      | clk (edge) |   Corner   | clk (edge) |   Corner   |Internal Clock(s) | Phase  |
------------+------------+------------+------------+------------+------------------+--------+
BTN         |    4.461(F)|      SLOW  |   -0.729(F)|      FAST  |CKHT_BUFGP        |   0.000|
------------+------------+------------+------------+------------+------------------+--------+

Clock CKHT to Pad
------------+-----------------+------------+-----------------+------------+------------------+--------+
            |Max (slowest) clk|  Process   |Min (fastest) clk|  Process   |                  | Clock  |
Destination |  (edge) to PAD  |   Corner   |  (edge) to PAD  |   Corner   |Internal Clock(s) | Phase  |
------------+-----------------+------------+-----------------+------------+------------------+--------+
LED<0>      |        10.407(F)|      SLOW  |         4.050(F)|      FAST  |CKHT_BUFGP        |   0.000|
LED<1>      |        10.425(F)|      SLOW  |         4.103(F)|      FAST  |CKHT_BUFGP        |   0.000|
LED<2>      |        10.690(F)|      SLOW  |         4.051(F)|      FAST  |CKHT_BUFGP        |   0.000|
LED<3>      |        10.246(F)|      SLOW  |         3.928(F)|      FAST  |CKHT_BUFGP        |   0.000|
LED<4>      |        10.111(F)|      SLOW  |         3.937(F)|      FAST  |CKHT_BUFGP        |   0.000|
LED<5>      |        10.300(F)|      SLOW  |         3.905(F)|      FAST  |CKHT_BUFGP        |   0.000|
LED<6>      |         9.951(F)|      SLOW  |         4.030(F)|      FAST  |CKHT_BUFGP        |   0.000|
LED<7>      |        10.780(F)|      SLOW  |         4.318(F)|      FAST  |CKHT_BUFGP        |   0.000|
------------+-----------------+------------+-----------------+------------+------------------+--------+

Clock to Setup on destination clock CKHT
---------------+---------+---------+---------+---------+
               | Src:Rise| Src:Fall| Src:Rise| Src:Fall|
Source Clock   |Dest:Rise|Dest:Rise|Dest:Fall|Dest:Fall|
---------------+---------+---------+---------+---------+
CKHT           |         |         |         |    4.980|
---------------+---------+---------+---------+---------+

Pad to Pad
---------------+---------------+---------+
Source Pad     |Destination Pad|  Delay  |
---------------+---------------+---------+
BTN            |LED<0>         |   10.286|
BTN            |LED<1>         |   10.191|
BTN            |LED<2>         |    9.953|
BTN            |LED<3>         |    9.939|
BTN            |LED<4>         |    9.732|
BTN            |LED<5>         |    9.734|
BTN            |LED<6>         |    9.717|
BTN            |LED<7>         |   10.659|
---------------+---------------+---------+


Analysis completed Fri Jun 12 13:02:52 2020 
--------------------------------------------------------------------------------

Trace Settings:
-------------------------
Trace Settings 

Peak Memory Usage: 4572 MB



