Release 14.7 - xst P.20131013 (nt64)
Copyright (c) 1995-2013 Xilinx, Inc.  All rights reserved.
--> Parameter TMPDIR set to xst/projnav.tmp


Total REAL time to Xst completion: 0.00 secs
Total CPU time to Xst completion: 0.15 secs
 
--> Parameter xsthdpdir set to xst


Total REAL time to Xst completion: 0.00 secs
Total CPU time to Xst completion: 0.15 secs
 
--> Reading design: exem.prj

TABLE OF CONTENTS
  1) Synthesis Options Summary
  2) HDL Compilation
  3) Design Hierarchy Analysis
  4) HDL Analysis
  5) HDL Synthesis
     5.1) HDL Synthesis Report
  6) Advanced HDL Synthesis
     6.1) Advanced HDL Synthesis Report
  7) Low Level Synthesis
  8) Partition Report
  9) Final Report
	9.1) Device utilization summary
	9.2) Partition Resource Summary
	9.3) TIMING REPORT


=========================================================================
*                      Synthesis Options Summary                        *
=========================================================================
---- Source Parameters
Input File Name                    : "exem.prj"
Input Format                       : mixed
Ignore Synthesis Constraint File   : NO

---- Target Parameters
Output File Name                   : "exem"
Output Format                      : NGC
Target Device                      : xc3s500e-5-pq208

---- Source Options
Top Module Name                    : exem
Automatic FSM Extraction           : YES
FSM Encoding Algorithm             : Auto
Safe Implementation                : No
FSM Style                          : LUT
RAM Extraction                     : Yes
RAM Style                          : Auto
ROM Extraction                     : Yes
Mux Style                          : Auto
Decoder Extraction                 : YES
Priority Encoder Extraction        : Yes
Shift Register Extraction          : YES
Logical Shifter Extraction         : YES
XOR Collapsing                     : YES
ROM Style                          : Auto
Mux Extraction                     : Yes
Resource Sharing                   : YES
Asynchronous To Synchronous        : NO
Multiplier Style                   : Auto
Automatic Register Balancing       : No

---- Target Options
Add IO Buffers                     : YES
Global Maximum Fanout              : 500
Add Generic Clock Buffer(BUFG)     : 24
Register Duplication               : YES
Slice Packing                      : YES
Optimize Instantiated Primitives   : NO
Use Clock Enable                   : Yes
Use Synchronous Set                : Yes
Use Synchronous Reset              : Yes
Pack IO Registers into IOBs        : Auto
Equivalent register Removal        : YES

---- General Options
Optimization Goal                  : Speed
Optimization Effort                : 1
Keep Hierarchy                     : No
Netlist Hierarchy                  : As_Optimized
RTL Output                         : Yes
Global Optimization                : AllClockNets
Read Cores                         : YES
Write Timing Constraints           : NO
Cross Clock Analysis               : NO
Hierarchy Separator                : /
Bus Delimiter                      : <>
Case Specifier                     : Maintain
Slice Utilization Ratio            : 100
BRAM Utilization Ratio             : 100
Verilog 2001                       : YES
Auto BRAM Packing                  : NO
Slice Utilization Ratio Delta      : 5

=========================================================================


=========================================================================
*                          HDL Compilation                              *
=========================================================================
Compiling vhdl file "C:/Users/Admin/Documents/TT-HDL-N7-S2/VHDL/exem/exem.vhd" in Library work.
Architecture rtl of Entity exem is up to date.

=========================================================================
*                     Design Hierarchy Analysis                         *
=========================================================================
Analyzing hierarchy for entity <exem> in library <work> (architecture <rtl>).


=========================================================================
*                            HDL Analysis                               *
=========================================================================
Analyzing Entity <exem> in library <work> (Architecture <rtl>).
Entity <exem> analyzed. Unit <exem> generated.


=========================================================================
*                           HDL Synthesis                               *
=========================================================================

Performing bidirectional port resolution...

Synthesizing Unit <exem>.
    Related source file is "C:/Users/Admin/Documents/TT-HDL-N7-S2/VHDL/exem/exem.vhd".
    Found 16-bit up counter for signal <count>.
    Found 16-bit comparator less for signal <count$cmp_lt0000> created at line 55.
    Summary:
	inferred   1 Counter(s).
	inferred   1 Comparator(s).
Unit <exem> synthesized.


=========================================================================
HDL Synthesis Report

Macro Statistics
# Counters                                             : 1
 16-bit up counter                                     : 1
# Comparators                                          : 1
 16-bit comparator less                                : 1

=========================================================================

=========================================================================
*                       Advanced HDL Synthesis                          *
=========================================================================


=========================================================================
Advanced HDL Synthesis Report

Macro Statistics
# Counters                                             : 1
 16-bit up counter                                     : 1
# Comparators                                          : 1
 16-bit comparator less                                : 1

=========================================================================

=========================================================================
*                         Low Level Synthesis                           *
=========================================================================

Optimizing unit <exem> ...

Mapping all equations...
Building and optimizing final netlist ...
Found area constraint ratio of 100 (+ 5) on block exem, actual ratio is 0.

Final Macro Processing ...

=========================================================================
Final Register Report

Macro Statistics
# Registers                                            : 16
 Flip-Flops                                            : 16

=========================================================================

=========================================================================
*                           Partition Report                            *
=========================================================================

Partition Implementation Status
-------------------------------

  No Partitions were found in this design.

-------------------------------

=========================================================================
*                            Final Report                               *
=========================================================================
Final Results
RTL Top Level Output File Name     : exem.ngr
Top Level Output File Name         : exem
Output Format                      : NGC
Optimization Goal                  : Speed
Keep Hierarchy                     : No

Design Statistics
# IOs                              : 19

Cell Usage :
# BELS                             : 60
#      GND                         : 1
#      INV                         : 3
#      LUT1                        : 15
#      LUT3                        : 1
#      LUT4                        : 3
#      MUXCY                       : 20
#      VCC                         : 1
#      XORCY                       : 16
# FlipFlops/Latches                : 16
#      FDCE                        : 16
# Clock Buffers                    : 1
#      BUFGP                       : 1
# IO Buffers                       : 18
#      IBUF                        : 1
#      OBUF                        : 17
=========================================================================

Device utilization summary:
---------------------------

Selected Device : 3s500epq208-5 

 Number of Slices:                       11  out of   4656     0%  
 Number of Slice Flip Flops:             16  out of   9312     0%  
 Number of 4 input LUTs:                 22  out of   9312     0%  
 Number of IOs:                          19
 Number of bonded IOBs:                  19  out of    158    12%  
 Number of GCLKs:                         1  out of     24     4%  

---------------------------
Partition Resource Summary:
---------------------------

  No Partitions were found in this design.

---------------------------


=========================================================================
TIMING REPORT

NOTE: THESE TIMING NUMBERS ARE ONLY A SYNTHESIS ESTIMATE.
      FOR ACCURATE TIMING INFORMATION PLEASE REFER TO THE TRACE REPORT
      GENERATED AFTER PLACE-and-ROUTE.

Clock Information:
------------------
-----------------------------------+------------------------+-------+
Clock Signal                       | Clock buffer(FF name)  | Load  |
-----------------------------------+------------------------+-------+
clk                                | BUFGP                  | 16    |
-----------------------------------+------------------------+-------+

Asynchronous Control Signals Information:
----------------------------------------
-----------------------------------+------------------------+-------+
Control Signal                     | Buffer(FF name)        | Load  |
-----------------------------------+------------------------+-------+
reset                              | IBUF                   | 16    |
-----------------------------------+------------------------+-------+

Timing Summary:
---------------
Speed Grade: -5

   Minimum period: 5.033ns (Maximum Frequency: 198.700MHz)
   Minimum input arrival time before clock: No path found
   Maximum output required time after clock: 7.719ns
   Maximum combinational path delay: No path found

Timing Detail:
--------------
All values displayed in nanoseconds (ns)

=========================================================================
Timing constraint: Default period analysis for Clock 'clk'
  Clock period: 5.033ns (frequency: 198.701MHz)
  Total number of paths / destination ports: 392 / 32
-------------------------------------------------------------------------
Delay:               5.033ns (Levels of Logic = 7)
  Source:            count_0 (FF)
  Destination:       count_0 (FF)
  Source Clock:      clk rising
  Destination Clock: clk rising

  Data Path: count_0 to count_0
                                Gate     Net
    Cell:in->out      fanout   Delay   Delay  Logical Name (Net Name)
    ----------------------------------------  ------------
     FDCE:C->Q             3   0.514   0.603  count_0 (count_0)
     LUT4:I0->O            1   0.612   0.000  Mcompar_count_cmp_lt0000_lut<0> (Mcompar_count_cmp_lt0000_lut<0>)
     MUXCY:S->O            1   0.404   0.000  Mcompar_count_cmp_lt0000_cy<0> (Mcompar_count_cmp_lt0000_cy<0>)
     MUXCY:CI->O           1   0.052   0.000  Mcompar_count_cmp_lt0000_cy<1> (Mcompar_count_cmp_lt0000_cy<1>)
     MUXCY:CI->O           1   0.052   0.000  Mcompar_count_cmp_lt0000_cy<2> (Mcompar_count_cmp_lt0000_cy<2>)
     MUXCY:CI->O           1   0.052   0.000  Mcompar_count_cmp_lt0000_cy<3> (Mcompar_count_cmp_lt0000_cy<3>)
     MUXCY:CI->O           1   0.399   0.357  Mcompar_count_cmp_lt0000_cy<4> (Mcompar_count_cmp_lt0000_cy<4>)
     INV:I->O             17   0.612   0.893  Mcompar_count_cmp_lt0000_cy<4>_inv_INV_0 (enable_OBUF)
     FDCE:CE                   0.483          count_0
    ----------------------------------------
    Total                      5.033ns (3.179ns logic, 1.854ns route)
                                       (63.2% logic, 36.8% route)

=========================================================================
Timing constraint: Default OFFSET OUT AFTER for Clock 'clk'
  Total number of paths / destination ports: 32 / 17
-------------------------------------------------------------------------
Offset:              7.719ns (Levels of Logic = 8)
  Source:            count_0 (FF)
  Destination:       enable (PAD)
  Source Clock:      clk rising

  Data Path: count_0 to enable
                                Gate     Net
    Cell:in->out      fanout   Delay   Delay  Logical Name (Net Name)
    ----------------------------------------  ------------
     FDCE:C->Q             3   0.514   0.603  count_0 (count_0)
     LUT4:I0->O            1   0.612   0.000  Mcompar_count_cmp_lt0000_lut<0> (Mcompar_count_cmp_lt0000_lut<0>)
     MUXCY:S->O            1   0.404   0.000  Mcompar_count_cmp_lt0000_cy<0> (Mcompar_count_cmp_lt0000_cy<0>)
     MUXCY:CI->O           1   0.051   0.000  Mcompar_count_cmp_lt0000_cy<1> (Mcompar_count_cmp_lt0000_cy<1>)
     MUXCY:CI->O           1   0.051   0.000  Mcompar_count_cmp_lt0000_cy<2> (Mcompar_count_cmp_lt0000_cy<2>)
     MUXCY:CI->O           1   0.051   0.000  Mcompar_count_cmp_lt0000_cy<3> (Mcompar_count_cmp_lt0000_cy<3>)
     MUXCY:CI->O           1   0.399   0.357  Mcompar_count_cmp_lt0000_cy<4> (Mcompar_count_cmp_lt0000_cy<4>)
     INV:I->O             17   0.612   0.893  Mcompar_count_cmp_lt0000_cy<4>_inv_INV_0 (enable_OBUF)
     OBUF:I->O                 3.169          enable_OBUF (enable)
    ----------------------------------------
    Total                      7.719ns (5.865ns logic, 1.854ns route)
                                       (76.0% logic, 24.0% route)

=========================================================================


Total REAL time to Xst completion: 6.00 secs
Total CPU time to Xst completion: 5.77 secs
 
--> 

Total memory usage is 4505208 kilobytes

Number of errors   :    0 (   0 filtered)
Number of warnings :    0 (   0 filtered)
Number of infos    :    0 (   0 filtered)

