--------------------------------------------------------------------------------
Release 14.7 Trace  (nt64)
Copyright (c) 1995-2013 Xilinx, Inc.  All rights reserved.

C:\Xilinx\14.7\ISE_DS\ISE\bin\nt64\unwrapped\trce.exe -intstyle ise -v 3 -s 5
-n 3 -fastpaths -xml HEX_TO_BCD_6BIT.twx HEX_TO_BCD_6BIT.ncd -o
HEX_TO_BCD_6BIT.twr HEX_TO_BCD_6BIT.pcf -ucf KIT_XC3S500E_PQ208.ucf

Design file:              HEX_TO_BCD_6BIT.ncd
Physical constraint file: HEX_TO_BCD_6BIT.pcf
Device,package,speed:     xc3s500e,pq208,-5 (PRODUCTION 1.27 2013-10-13)
Report level:             verbose report

Environment Variable      Effect 
--------------------      ------ 
NONE                      No environment variables were set
--------------------------------------------------------------------------------

INFO:Timing:2698 - No timing constraints found, doing default enumeration.
INFO:Timing:3412 - To improve timing, see the Timing Closure User Guide (UG612).
INFO:Timing:2752 - To get complete path coverage, use the unconstrained paths 
   option. All paths that are not constrained will be reported in the 
   unconstrained paths section(s) of the report.
INFO:Timing:3339 - The clock-to-out numbers in this timing report are based on 
   a 50 Ohm transmission line loading model.  For the details of this model, 
   and for more information on accounting for different loading conditions, 
   please see the device datasheet.
INFO:Timing:3390 - This architecture does not support a default System Jitter 
   value, please add SYSTEM_JITTER constraint to the UCF to modify the Clock 
   Uncertainty calculation.
INFO:Timing:3389 - This architecture does not support 'Discrete Jitter' and 
   'Phase Error' calculations, these terms will be zero in the Clock 
   Uncertainty calculation.  Please make appropriate modification to 
   SYSTEM_JITTER to account for the unsupported Discrete Jitter and Phase 
   Error.



Data Sheet report:
-----------------
All values displayed in nanoseconds (ns)

Pad to Pad
---------------+---------------+---------+
Source Pad     |Destination Pad|  Delay  |
---------------+---------------+---------+
SW<0>          |LED<0>         |    6.436|
SW<1>          |LED<1>         |   10.309|
SW<1>          |LED<2>         |   10.452|
SW<1>          |LED<3>         |    9.004|
SW<1>          |LED<4>         |   10.339|
SW<2>          |LED<1>         |   10.636|
SW<2>          |LED<2>         |   10.779|
SW<2>          |LED<3>         |    9.405|
SW<2>          |LED<4>         |   10.666|
SW<2>          |LED<5>         |    9.267|
SW<3>          |LED<1>         |   10.974|
SW<3>          |LED<2>         |   11.117|
SW<3>          |LED<3>         |    8.892|
SW<3>          |LED<4>         |   11.004|
SW<3>          |LED<5>         |    9.619|
SW<3>          |LED<6>         |    9.369|
SW<4>          |LED<1>         |    9.914|
SW<4>          |LED<2>         |   10.057|
SW<4>          |LED<3>         |    8.847|
SW<4>          |LED<4>         |    9.946|
SW<4>          |LED<5>         |    8.551|
SW<4>          |LED<6>         |    8.446|
SW<5>          |LED<1>         |    9.626|
SW<5>          |LED<2>         |    9.769|
SW<5>          |LED<3>         |    8.276|
SW<5>          |LED<4>         |    9.656|
SW<5>          |LED<5>         |    8.271|
SW<5>          |LED<6>         |    8.177|
---------------+---------------+---------+


Analysis completed Thu Sep 12 13:25:08 2019 
--------------------------------------------------------------------------------

Trace Settings:
-------------------------
Trace Settings 

Peak Memory Usage: 4509 MB



