--------------------------------------------------------------------------------
Release 14.7 Trace  (nt64)
Copyright (c) 1995-2013 Xilinx, Inc.  All rights reserved.

C:\Xilinx\14.7\ISE_DS\ISE\bin\nt64\unwrapped\trce.exe -intstyle ise -v 3 -s 3
-n 3 -fastpaths -xml LCD_HIENTHI_80KYTU.twx LCD_HIENTHI_80KYTU.ncd -o
LCD_HIENTHI_80KYTU.twr LCD_HIENTHI_80KYTU.pcf

Design file:              LCD_HIENTHI_80KYTU.ncd
Physical constraint file: LCD_HIENTHI_80KYTU.pcf
Device,package,speed:     xc6slx9,tqg144,C,-3 (PRODUCTION 1.23 2013-10-13)
Report level:             verbose report

Environment Variable      Effect 
--------------------      ------ 
NONE                      No environment variables were set
--------------------------------------------------------------------------------

INFO:Timing:2698 - No timing constraints found, doing default enumeration.
INFO:Timing:3412 - To improve timing, see the Timing Closure User Guide (UG612).
INFO:Timing:2752 - To get complete path coverage, use the unconstrained paths 
   option. All paths that are not constrained will be reported in the 
   unconstrained paths section(s) of the report.
INFO:Timing:3339 - The clock-to-out numbers in this timing report are based on 
   a 50 Ohm transmission line loading model.  For the details of this model, 
   and for more information on accounting for different loading conditions, 
   please see the device datasheet.



Data Sheet report:
-----------------
All values displayed in nanoseconds (ns)

Setup/Hold to clock CKHT
------------+------------+------------+------------+------------+------------------+--------+
            |Max Setup to|  Process   |Max Hold to |  Process   |                  | Clock  |
Source      | clk (edge) |   Corner   | clk (edge) |   Corner   |Internal Clock(s) | Phase  |
------------+------------+------------+------------+------------+------------------+--------+
BTN<0>      |    5.789(F)|      SLOW  |   -0.870(F)|      FAST  |CKHT_BUFGP        |   0.000|
BTN<1>      |    1.970(F)|      SLOW  |   -0.235(F)|      SLOW  |CKHT_BUFGP        |   0.000|
BTN<2>      |    2.183(F)|      SLOW  |   -0.446(F)|      SLOW  |CKHT_BUFGP        |   0.000|
------------+------------+------------+------------+------------+------------------+--------+

Clock CKHT to Pad
------------+-----------------+------------+-----------------+------------+------------------+--------+
            |Max (slowest) clk|  Process   |Min (fastest) clk|  Process   |                  | Clock  |
Destination |  (edge) to PAD  |   Corner   |  (edge) to PAD  |   Corner   |Internal Clock(s) | Phase  |
------------+-----------------+------------+-----------------+------------+------------------+--------+
LCD_DB<0>   |         7.734(F)|      SLOW  |         4.084(F)|      FAST  |CKHT_BUFGP        |   0.000|
LCD_DB<1>   |         7.718(F)|      SLOW  |         4.073(F)|      FAST  |CKHT_BUFGP        |   0.000|
LCD_DB<2>   |         7.828(F)|      SLOW  |         4.113(F)|      FAST  |CKHT_BUFGP        |   0.000|
LCD_DB<3>   |         7.583(F)|      SLOW  |         3.950(F)|      FAST  |CKHT_BUFGP        |   0.000|
LCD_DB<4>   |         7.590(F)|      SLOW  |         4.001(F)|      FAST  |CKHT_BUFGP        |   0.000|
LCD_DB<5>   |         7.588(F)|      SLOW  |         3.971(F)|      FAST  |CKHT_BUFGP        |   0.000|
LCD_DB<6>   |         7.455(F)|      SLOW  |         3.837(F)|      FAST  |CKHT_BUFGP        |   0.000|
LCD_DB<7>   |         8.166(F)|      SLOW  |         4.327(F)|      FAST  |CKHT_BUFGP        |   0.000|
LCD_E       |         7.313(F)|      SLOW  |         3.764(F)|      FAST  |CKHT_BUFGP        |   0.000|
LCD_RS      |         7.184(F)|      SLOW  |         3.704(F)|      FAST  |CKHT_BUFGP        |   0.000|
------------+-----------------+------------+-----------------+------------+------------------+--------+

Clock to Setup on destination clock CKHT
---------------+---------+---------+---------+---------+
               | Src:Rise| Src:Fall| Src:Rise| Src:Fall|
Source Clock   |Dest:Rise|Dest:Rise|Dest:Fall|Dest:Fall|
---------------+---------+---------+---------+---------+
CKHT           |         |         |         |    6.535|
---------------+---------+---------+---------+---------+


Analysis completed Sun Sep 06 09:36:35 2020 
--------------------------------------------------------------------------------

Trace Settings:
-------------------------
Trace Settings 

Peak Memory Usage: 4573 MB



