Release 14.7 - xst P.20131013 (nt64)
Copyright (c) 1995-2013 Xilinx, Inc.  All rights reserved.
--> Parameter TMPDIR set to xst/projnav.tmp


Total REAL time to Xst completion: 0.00 secs
Total CPU time to Xst completion: 0.19 secs
 
--> Parameter xsthdpdir set to xst


Total REAL time to Xst completion: 0.00 secs
Total CPU time to Xst completion: 0.19 secs
 
--> Reading design: LCD_HIENTHI_80KYTU.prj

TABLE OF CONTENTS
  1) Synthesis Options Summary
  2) HDL Parsing
  3) HDL Elaboration
  4) HDL Synthesis
       4.1) HDL Synthesis Report
  5) Advanced HDL Synthesis
       5.1) Advanced HDL Synthesis Report
  6) Low Level Synthesis
  7) Partition Report
  8) Design Summary
       8.1) Primitive and Black Box Usage
       8.2) Device utilization summary
       8.3) Partition Resource Summary
       8.4) Timing Report
            8.4.1) Clock Information
            8.4.2) Asynchronous Control Signals Information
            8.4.3) Timing Summary
            8.4.4) Timing Details
            8.4.5) Cross Clock Domains Report


=========================================================================
*                      Synthesis Options Summary                        *
=========================================================================
---- Source Parameters
Input File Name                    : "LCD_HIENTHI_80KYTU.prj"
Ignore Synthesis Constraint File   : NO

---- Target Parameters
Output File Name                   : "LCD_HIENTHI_80KYTU"
Output Format                      : NGC
Target Device                      : xc6slx9-3-tqg144

---- Source Options
Top Module Name                    : LCD_HIENTHI_80KYTU
Automatic FSM Extraction           : YES
FSM Encoding Algorithm             : Auto
Safe Implementation                : No
FSM Style                          : LUT
RAM Extraction                     : Yes
RAM Style                          : Auto
ROM Extraction                     : Yes
Shift Register Extraction          : YES
ROM Style                          : Auto
Resource Sharing                   : YES
Asynchronous To Synchronous        : NO
Shift Register Minimum Size        : 2
Use DSP Block                      : Auto
Automatic Register Balancing       : No

---- Target Options
LUT Combining                      : Auto
Reduce Control Sets                : Auto
Add IO Buffers                     : YES
Global Maximum Fanout              : 100000
Add Generic Clock Buffer(BUFG)     : 16
Register Duplication               : YES
Optimize Instantiated Primitives   : NO
Use Clock Enable                   : Auto
Use Synchronous Set                : Auto
Use Synchronous Reset              : Auto
Pack IO Registers into IOBs        : Auto
Equivalent register Removal        : YES

---- General Options
Optimization Goal                  : Speed
Optimization Effort                : 1
Power Reduction                    : NO
Keep Hierarchy                     : No
Netlist Hierarchy                  : As_Optimized
RTL Output                         : Yes
Global Optimization                : AllClockNets
Read Cores                         : YES
Write Timing Constraints           : NO
Cross Clock Analysis               : NO
Hierarchy Separator                : /
Bus Delimiter                      : <>
Case Specifier                     : Maintain
Slice Utilization Ratio            : 100
BRAM Utilization Ratio             : 100
DSP48 Utilization Ratio            : 100
Auto BRAM Packing                  : NO
Slice Utilization Ratio Delta      : 5

=========================================================================


=========================================================================
*                          HDL Parsing                                  *
=========================================================================
Parsing VHDL file "C:\Users\Admin\Documents\TT-HDL-N7-S2\BAI_601_1_DICH_CHUYEN_NHAP_NHAY\LAM_HEP_XUNG.vhd" into library work
Parsing entity <LAM_HEP_XUNG>.
Parsing architecture <Behavioral> of entity <lam_hep_xung>.
Parsing VHDL file "C:\Users\Admin\Documents\TT-HDL-N7-S2\BAI_601_1_DICH_CHUYEN_NHAP_NHAY\DEBOUNCE_BTN.vhd" into library work
Parsing entity <DEBOUNCE_BTN>.
Parsing architecture <Behavioral> of entity <debounce_btn>.
Parsing VHDL file "C:\Users\Admin\Documents\TT-HDL-N7-S2\BAI_601_1_DICH_CHUYEN_NHAP_NHAY\DEM_1BIT.vhd" into library work
Parsing entity <DEM_1BIT>.
Parsing architecture <Behavioral> of entity <dem_1bit>.
Parsing VHDL file "C:\Users\Admin\Documents\TT-HDL-N7-S2\BAI_601_1_DICH_CHUYEN_NHAP_NHAY\CD_LAM_HEP_BTN.vhd" into library work
Parsing entity <CD_LAM_HEP_BTN>.
Parsing architecture <Behavioral> of entity <cd_lam_hep_btn>.
Parsing VHDL file "C:\Users\Admin\Documents\TT-HDL-N7-S2\BAI_601_1_DICH_CHUYEN_NHAP_NHAY\LCD_KHOITAO_HIENTHI.vhd" into library work
Parsing entity <LCD_KHOITAO_HIENTHI>.
Parsing architecture <Behavioral> of entity <lcd_khoitao_hienthi>.
Parsing VHDL file "C:\Users\Admin\Documents\TT-HDL-N7-S2\BAI_601_1_DICH_CHUYEN_NHAP_NHAY\LCD_GAN_DULIEU_HIENTHI.vhd" into library work
Parsing entity <LCD_GAN_DULIEU_HIENTHI>.
Parsing architecture <Behavioral> of entity <lcd_gan_dulieu_hienthi>.
Parsing VHDL file "C:\Users\Admin\Documents\TT-HDL-N7-S2\BAI_601_1_DICH_CHUYEN_NHAP_NHAY\LCD_DICH_DU_LIEU_BTN.vhd" into library work
Parsing entity <LCD_DICH_DU_LIEU_BTN>.
Parsing architecture <Behavioral> of entity <lcd_dich_du_lieu_btn>.
Parsing VHDL file "C:\Users\Admin\Documents\TT-HDL-N7-S2\BAI_601_1_DICH_CHUYEN_NHAP_NHAY\LCD_DICH_DU_LIEU_AU.vhd" into library work
Parsing entity <LCD_DICH_DU_LIEU_AU>.
Parsing architecture <Behavioral> of entity <lcd_dich_du_lieu_au>.
Parsing VHDL file "C:\Users\Admin\Documents\TT-HDL-N7-S2\BAI_601_1_DICH_CHUYEN_NHAP_NHAY\DEM_1BIT_BTN.vhd" into library work
Parsing entity <DEM_1BIT_BTN>.
Parsing architecture <Behavioral> of entity <dem_1bit_btn>.
Parsing VHDL file "C:\Users\Admin\Documents\TT-HDL-N7-S2\BAI_601_1_DICH_CHUYEN_NHAP_NHAY\CHIA_10ENA.vhd" into library work
Parsing entity <CHIA_10ENA>.
Parsing architecture <Behavioral> of entity <chia_10ena>.
Parsing VHDL file "C:\Users\Admin\Documents\TT-HDL-N7-S2\BAI_601_1_DICH_CHUYEN_NHAP_NHAY\LCD_HIENTHI_32KITU.vhd" into library work
Parsing entity <LCD_HIENTHI_80KYTU>.
Parsing architecture <Behavioral> of entity <lcd_hienthi_80kytu>.

=========================================================================
*                            HDL Elaboration                            *
=========================================================================

Elaborating entity <LCD_HIENTHI_80KYTU> (architecture <Behavioral>) from library <work>.

Elaborating entity <CHIA_10ENA> (architecture <Behavioral>) from library <work>.

Elaborating entity <DEM_1BIT_BTN> (architecture <Behavioral>) from library <work>.

Elaborating entity <CD_LAM_HEP_BTN> (architecture <Behavioral>) from library <work>.

Elaborating entity <DEBOUNCE_BTN> (architecture <Behavioral>) from library <work>.

Elaborating entity <LAM_HEP_XUNG> (architecture <Behavioral>) from library <work>.

Elaborating entity <DEM_1BIT> (architecture <Behavioral>) from library <work>.

Elaborating entity <LCD_DICH_DU_LIEU_AU> (architecture <Behavioral>) from library <work>.

Elaborating entity <LCD_DICH_DU_LIEU_BTN> (architecture <Behavioral>) from library <work>.

Elaborating entity <LCD_GAN_DULIEU_HIENTHI> (architecture <Behavioral>) from library <work>.

Elaborating entity <LCD_KHOITAO_HIENTHI> (architecture <Behavioral>) from library <work>.
WARNING:HDLCompiler:634 - "C:\Users\Admin\Documents\TT-HDL-N7-S2\BAI_601_1_DICH_CHUYEN_NHAP_NHAY\LCD_HIENTHI_32KITU.vhd" Line 18: Net <H4[159]> does not have a driver.

=========================================================================
*                           HDL Synthesis                               *
=========================================================================

Synthesizing Unit <LCD_HIENTHI_80KYTU>.
    Related source file is "C:\Users\Admin\Documents\TT-HDL-N7-S2\BAI_601_1_DICH_CHUYEN_NHAP_NHAY\LCD_HIENTHI_32KITU.vhd".
INFO:Xst:3210 - "C:\Users\Admin\Documents\TT-HDL-N7-S2\BAI_601_1_DICH_CHUYEN_NHAP_NHAY\LCD_HIENTHI_32KITU.vhd" line 61: Output port <LCD_H4> of the instance <IC5> is unconnected or connected to loadless signal.
WARNING:Xst:653 - Signal <H4> is used but never assigned. This sourceless signal will be automatically connected to value GND.
    Summary:
	no macro.
Unit <LCD_HIENTHI_80KYTU> synthesized.

Synthesizing Unit <CHIA_10ENA>.
    Related source file is "C:\Users\Admin\Documents\TT-HDL-N7-S2\BAI_601_1_DICH_CHUYEN_NHAP_NHAY\CHIA_10ENA.vhd".
    Found 25-bit register for signal <D2HZ_R>.
    Found 26-bit adder for signal <n0009> created at line 101.
    Summary:
	inferred   1 Adder/Subtractor(s).
	inferred  25 D-type flip-flop(s).
Unit <CHIA_10ENA> synthesized.

Synthesizing Unit <DEM_1BIT_BTN>.
    Related source file is "C:\Users\Admin\Documents\TT-HDL-N7-S2\BAI_601_1_DICH_CHUYEN_NHAP_NHAY\DEM_1BIT_BTN.vhd".
    Summary:
	no macro.
Unit <DEM_1BIT_BTN> synthesized.

Synthesizing Unit <CD_LAM_HEP_BTN>.
    Related source file is "C:\Users\Admin\Documents\TT-HDL-N7-S2\BAI_601_1_DICH_CHUYEN_NHAP_NHAY\CD_LAM_HEP_BTN.vhd".
    Summary:
	no macro.
Unit <CD_LAM_HEP_BTN> synthesized.

Synthesizing Unit <DEBOUNCE_BTN>.
    Related source file is "C:\Users\Admin\Documents\TT-HDL-N7-S2\BAI_601_1_DICH_CHUYEN_NHAP_NHAY\DEBOUNCE_BTN.vhd".
    Found 20-bit register for signal <DL_R>.
    Found 2-bit register for signal <DB_R>.
    Found finite state machine <FSM_0> for signal <DB_R>.
    -----------------------------------------------------------------------
    | States             | 4                                              |
    | Transitions        | 10                                             |
    | Inputs             | 2                                              |
    | Outputs            | 3                                              |
    | Clock              | CKHT (falling_edge)                            |
    | Power Up State     | zero                                           |
    | Encoding           | auto                                           |
    | Implementation     | LUT                                            |
    -----------------------------------------------------------------------
    Found 20-bit subtractor for signal <GND_9_o_GND_9_o_sub_5_OUT<19:0>> created at line 65.
    Found 20-bit 4-to-1 multiplexer for signal <DL_N> created at line 59.
    Summary:
	inferred   1 Adder/Subtractor(s).
	inferred  20 D-type flip-flop(s).
	inferred   3 Multiplexer(s).
	inferred   1 Finite State Machine(s).
Unit <DEBOUNCE_BTN> synthesized.

Synthesizing Unit <LAM_HEP_XUNG>.
    Related source file is "C:\Users\Admin\Documents\TT-HDL-N7-S2\BAI_601_1_DICH_CHUYEN_NHAP_NHAY\LAM_HEP_XUNG.vhd".
    Found 1-bit register for signal <QFF>.
    Summary:
	inferred   1 D-type flip-flop(s).
Unit <LAM_HEP_XUNG> synthesized.

Synthesizing Unit <DEM_1BIT>.
    Related source file is "C:\Users\Admin\Documents\TT-HDL-N7-S2\BAI_601_1_DICH_CHUYEN_NHAP_NHAY\DEM_1BIT.vhd".
    Found 1-bit register for signal <Q_R>.
    Summary:
	inferred   1 D-type flip-flop(s).
Unit <DEM_1BIT> synthesized.

Synthesizing Unit <LCD_DICH_DU_LIEU_AU>.
    Related source file is "C:\Users\Admin\Documents\TT-HDL-N7-S2\BAI_601_1_DICH_CHUYEN_NHAP_NHAY\LCD_DICH_DU_LIEU_AU.vhd".
    Found 1-bit register for signal <H2_REG<159>>.
    Found 1-bit register for signal <H2_REG<158>>.
    Found 1-bit register for signal <H2_REG<157>>.
    Found 1-bit register for signal <H2_REG<156>>.
    Found 1-bit register for signal <H2_REG<155>>.
    Found 1-bit register for signal <H2_REG<154>>.
    Found 1-bit register for signal <H2_REG<153>>.
    Found 1-bit register for signal <H2_REG<152>>.
    Found 1-bit register for signal <H2_REG<151>>.
    Found 1-bit register for signal <H2_REG<150>>.
    Found 1-bit register for signal <H2_REG<149>>.
    Found 1-bit register for signal <H2_REG<148>>.
    Found 1-bit register for signal <H2_REG<147>>.
    Found 1-bit register for signal <H2_REG<146>>.
    Found 1-bit register for signal <H2_REG<145>>.
    Found 1-bit register for signal <H2_REG<144>>.
    Found 1-bit register for signal <H2_REG<143>>.
    Found 1-bit register for signal <H2_REG<142>>.
    Found 1-bit register for signal <H2_REG<141>>.
    Found 1-bit register for signal <H2_REG<140>>.
    Found 1-bit register for signal <H2_REG<139>>.
    Found 1-bit register for signal <H2_REG<138>>.
    Found 1-bit register for signal <H2_REG<137>>.
    Found 1-bit register for signal <H2_REG<136>>.
    Found 1-bit register for signal <H2_REG<135>>.
    Found 1-bit register for signal <H2_REG<134>>.
    Found 1-bit register for signal <H2_REG<133>>.
    Found 1-bit register for signal <H2_REG<132>>.
    Found 1-bit register for signal <H2_REG<131>>.
    Found 1-bit register for signal <H2_REG<130>>.
    Found 1-bit register for signal <H2_REG<129>>.
    Found 1-bit register for signal <H2_REG<128>>.
    Found 1-bit register for signal <H2_REG<127>>.
    Found 1-bit register for signal <H2_REG<126>>.
    Found 1-bit register for signal <H2_REG<125>>.
    Found 1-bit register for signal <H2_REG<124>>.
    Found 1-bit register for signal <H2_REG<123>>.
    Found 1-bit register for signal <H2_REG<122>>.
    Found 1-bit register for signal <H2_REG<121>>.
    Found 1-bit register for signal <H2_REG<120>>.
    Found 1-bit register for signal <H2_REG<119>>.
    Found 1-bit register for signal <H2_REG<118>>.
    Found 1-bit register for signal <H2_REG<117>>.
    Found 1-bit register for signal <H2_REG<116>>.
    Found 1-bit register for signal <H2_REG<115>>.
    Found 1-bit register for signal <H2_REG<114>>.
    Found 1-bit register for signal <H2_REG<113>>.
    Found 1-bit register for signal <H2_REG<112>>.
    Found 1-bit register for signal <H2_REG<111>>.
    Found 1-bit register for signal <H2_REG<110>>.
    Found 1-bit register for signal <H2_REG<109>>.
    Found 1-bit register for signal <H2_REG<108>>.
    Found 1-bit register for signal <H2_REG<107>>.
    Found 1-bit register for signal <H2_REG<106>>.
    Found 1-bit register for signal <H2_REG<105>>.
    Found 1-bit register for signal <H2_REG<104>>.
    Found 1-bit register for signal <H2_REG<103>>.
    Found 1-bit register for signal <H2_REG<102>>.
    Found 1-bit register for signal <H2_REG<101>>.
    Found 1-bit register for signal <H2_REG<100>>.
    Found 1-bit register for signal <H2_REG<99>>.
    Found 1-bit register for signal <H2_REG<98>>.
    Found 1-bit register for signal <H2_REG<97>>.
    Found 1-bit register for signal <H2_REG<96>>.
    Found 1-bit register for signal <H2_REG<95>>.
    Found 1-bit register for signal <H2_REG<94>>.
    Found 1-bit register for signal <H2_REG<93>>.
    Found 1-bit register for signal <H2_REG<92>>.
    Found 1-bit register for signal <H2_REG<91>>.
    Found 1-bit register for signal <H2_REG<90>>.
    Found 1-bit register for signal <H2_REG<89>>.
    Found 1-bit register for signal <H2_REG<88>>.
    Found 1-bit register for signal <H2_REG<87>>.
    Found 1-bit register for signal <H2_REG<86>>.
    Found 1-bit register for signal <H2_REG<85>>.
    Found 1-bit register for signal <H2_REG<84>>.
    Found 1-bit register for signal <H2_REG<83>>.
    Found 1-bit register for signal <H2_REG<82>>.
    Found 1-bit register for signal <H2_REG<81>>.
    Found 1-bit register for signal <H2_REG<80>>.
    Found 1-bit register for signal <H2_REG<79>>.
    Found 1-bit register for signal <H2_REG<78>>.
    Found 1-bit register for signal <H2_REG<77>>.
    Found 1-bit register for signal <H2_REG<76>>.
    Found 1-bit register for signal <H2_REG<75>>.
    Found 1-bit register for signal <H2_REG<74>>.
    Found 1-bit register for signal <H2_REG<73>>.
    Found 1-bit register for signal <H2_REG<72>>.
    Found 1-bit register for signal <H2_REG<71>>.
    Found 1-bit register for signal <H2_REG<70>>.
    Found 1-bit register for signal <H2_REG<69>>.
    Found 1-bit register for signal <H2_REG<68>>.
    Found 1-bit register for signal <H2_REG<67>>.
    Found 1-bit register for signal <H2_REG<66>>.
    Found 1-bit register for signal <H2_REG<65>>.
    Found 1-bit register for signal <H2_REG<64>>.
    Found 1-bit register for signal <H2_REG<63>>.
    Found 1-bit register for signal <H2_REG<62>>.
    Found 1-bit register for signal <H2_REG<61>>.
    Found 1-bit register for signal <H2_REG<60>>.
    Found 1-bit register for signal <H2_REG<59>>.
    Found 1-bit register for signal <H2_REG<58>>.
    Found 1-bit register for signal <H2_REG<57>>.
    Found 1-bit register for signal <H2_REG<56>>.
    Found 1-bit register for signal <H2_REG<55>>.
    Found 1-bit register for signal <H2_REG<54>>.
    Found 1-bit register for signal <H2_REG<53>>.
    Found 1-bit register for signal <H2_REG<52>>.
    Found 1-bit register for signal <H2_REG<51>>.
    Found 1-bit register for signal <H2_REG<50>>.
    Found 1-bit register for signal <H2_REG<49>>.
    Found 1-bit register for signal <H2_REG<48>>.
    Found 1-bit register for signal <H2_REG<47>>.
    Found 1-bit register for signal <H2_REG<46>>.
    Found 1-bit register for signal <H2_REG<45>>.
    Found 1-bit register for signal <H2_REG<44>>.
    Found 1-bit register for signal <H2_REG<43>>.
    Found 1-bit register for signal <H2_REG<42>>.
    Found 1-bit register for signal <H2_REG<41>>.
    Found 1-bit register for signal <H2_REG<40>>.
    Found 1-bit register for signal <H2_REG<39>>.
    Found 1-bit register for signal <H2_REG<38>>.
    Found 1-bit register for signal <H2_REG<37>>.
    Found 1-bit register for signal <H2_REG<36>>.
    Found 1-bit register for signal <H2_REG<35>>.
    Found 1-bit register for signal <H2_REG<34>>.
    Found 1-bit register for signal <H2_REG<33>>.
    Found 1-bit register for signal <H2_REG<32>>.
    Found 1-bit register for signal <H2_REG<31>>.
    Found 1-bit register for signal <H2_REG<30>>.
    Found 1-bit register for signal <H2_REG<29>>.
    Found 1-bit register for signal <H2_REG<28>>.
    Found 1-bit register for signal <H2_REG<27>>.
    Found 1-bit register for signal <H2_REG<26>>.
    Found 1-bit register for signal <H2_REG<25>>.
    Found 1-bit register for signal <H2_REG<24>>.
    Found 1-bit register for signal <H2_REG<23>>.
    Found 1-bit register for signal <H2_REG<22>>.
    Found 1-bit register for signal <H2_REG<21>>.
    Found 1-bit register for signal <H2_REG<20>>.
    Found 1-bit register for signal <H2_REG<19>>.
    Found 1-bit register for signal <H2_REG<18>>.
    Found 1-bit register for signal <H2_REG<17>>.
    Found 1-bit register for signal <H2_REG<16>>.
    Found 1-bit register for signal <H2_REG<15>>.
    Found 1-bit register for signal <H2_REG<14>>.
    Found 1-bit register for signal <H2_REG<13>>.
    Found 1-bit register for signal <H2_REG<12>>.
    Found 1-bit register for signal <H2_REG<11>>.
    Found 1-bit register for signal <H2_REG<10>>.
    Found 1-bit register for signal <H2_REG<9>>.
    Found 1-bit register for signal <H2_REG<8>>.
    Found 1-bit register for signal <H2_REG<7>>.
    Found 1-bit register for signal <H2_REG<6>>.
    Found 1-bit register for signal <H2_REG<5>>.
    Found 1-bit register for signal <H2_REG<4>>.
    Found 1-bit register for signal <H2_REG<3>>.
    Found 1-bit register for signal <H2_REG<2>>.
    Found 1-bit register for signal <H2_REG<1>>.
    Found 1-bit register for signal <H2_REG<0>>.
    Summary:
	inferred 160 D-type flip-flop(s).
Unit <LCD_DICH_DU_LIEU_AU> synthesized.

Synthesizing Unit <LCD_DICH_DU_LIEU_BTN>.
    Related source file is "C:\Users\Admin\Documents\TT-HDL-N7-S2\BAI_601_1_DICH_CHUYEN_NHAP_NHAY\LCD_DICH_DU_LIEU_BTN.vhd".
    Found 1-bit register for signal <H3_REG<159>>.
    Found 1-bit register for signal <H3_REG<158>>.
    Found 1-bit register for signal <H3_REG<157>>.
    Found 1-bit register for signal <H3_REG<156>>.
    Found 1-bit register for signal <H3_REG<155>>.
    Found 1-bit register for signal <H3_REG<154>>.
    Found 1-bit register for signal <H3_REG<153>>.
    Found 1-bit register for signal <H3_REG<152>>.
    Found 1-bit register for signal <H3_REG<151>>.
    Found 1-bit register for signal <H3_REG<150>>.
    Found 1-bit register for signal <H3_REG<149>>.
    Found 1-bit register for signal <H3_REG<148>>.
    Found 1-bit register for signal <H3_REG<147>>.
    Found 1-bit register for signal <H3_REG<146>>.
    Found 1-bit register for signal <H3_REG<145>>.
    Found 1-bit register for signal <H3_REG<144>>.
    Found 1-bit register for signal <H3_REG<143>>.
    Found 1-bit register for signal <H3_REG<142>>.
    Found 1-bit register for signal <H3_REG<141>>.
    Found 1-bit register for signal <H3_REG<140>>.
    Found 1-bit register for signal <H3_REG<139>>.
    Found 1-bit register for signal <H3_REG<138>>.
    Found 1-bit register for signal <H3_REG<137>>.
    Found 1-bit register for signal <H3_REG<136>>.
    Found 1-bit register for signal <H3_REG<135>>.
    Found 1-bit register for signal <H3_REG<134>>.
    Found 1-bit register for signal <H3_REG<133>>.
    Found 1-bit register for signal <H3_REG<132>>.
    Found 1-bit register for signal <H3_REG<131>>.
    Found 1-bit register for signal <H3_REG<130>>.
    Found 1-bit register for signal <H3_REG<129>>.
    Found 1-bit register for signal <H3_REG<128>>.
    Found 1-bit register for signal <H3_REG<127>>.
    Found 1-bit register for signal <H3_REG<126>>.
    Found 1-bit register for signal <H3_REG<125>>.
    Found 1-bit register for signal <H3_REG<124>>.
    Found 1-bit register for signal <H3_REG<123>>.
    Found 1-bit register for signal <H3_REG<122>>.
    Found 1-bit register for signal <H3_REG<121>>.
    Found 1-bit register for signal <H3_REG<120>>.
    Found 1-bit register for signal <H3_REG<119>>.
    Found 1-bit register for signal <H3_REG<118>>.
    Found 1-bit register for signal <H3_REG<117>>.
    Found 1-bit register for signal <H3_REG<116>>.
    Found 1-bit register for signal <H3_REG<115>>.
    Found 1-bit register for signal <H3_REG<114>>.
    Found 1-bit register for signal <H3_REG<113>>.
    Found 1-bit register for signal <H3_REG<112>>.
    Found 1-bit register for signal <H3_REG<111>>.
    Found 1-bit register for signal <H3_REG<110>>.
    Found 1-bit register for signal <H3_REG<109>>.
    Found 1-bit register for signal <H3_REG<108>>.
    Found 1-bit register for signal <H3_REG<107>>.
    Found 1-bit register for signal <H3_REG<106>>.
    Found 1-bit register for signal <H3_REG<105>>.
    Found 1-bit register for signal <H3_REG<104>>.
    Found 1-bit register for signal <H3_REG<103>>.
    Found 1-bit register for signal <H3_REG<102>>.
    Found 1-bit register for signal <H3_REG<101>>.
    Found 1-bit register for signal <H3_REG<100>>.
    Found 1-bit register for signal <H3_REG<99>>.
    Found 1-bit register for signal <H3_REG<98>>.
    Found 1-bit register for signal <H3_REG<97>>.
    Found 1-bit register for signal <H3_REG<96>>.
    Found 1-bit register for signal <H3_REG<95>>.
    Found 1-bit register for signal <H3_REG<94>>.
    Found 1-bit register for signal <H3_REG<93>>.
    Found 1-bit register for signal <H3_REG<92>>.
    Found 1-bit register for signal <H3_REG<91>>.
    Found 1-bit register for signal <H3_REG<90>>.
    Found 1-bit register for signal <H3_REG<89>>.
    Found 1-bit register for signal <H3_REG<88>>.
    Found 1-bit register for signal <H3_REG<87>>.
    Found 1-bit register for signal <H3_REG<86>>.
    Found 1-bit register for signal <H3_REG<85>>.
    Found 1-bit register for signal <H3_REG<84>>.
    Found 1-bit register for signal <H3_REG<83>>.
    Found 1-bit register for signal <H3_REG<82>>.
    Found 1-bit register for signal <H3_REG<81>>.
    Found 1-bit register for signal <H3_REG<80>>.
    Found 1-bit register for signal <H3_REG<79>>.
    Found 1-bit register for signal <H3_REG<78>>.
    Found 1-bit register for signal <H3_REG<77>>.
    Found 1-bit register for signal <H3_REG<76>>.
    Found 1-bit register for signal <H3_REG<75>>.
    Found 1-bit register for signal <H3_REG<74>>.
    Found 1-bit register for signal <H3_REG<73>>.
    Found 1-bit register for signal <H3_REG<72>>.
    Found 1-bit register for signal <H3_REG<71>>.
    Found 1-bit register for signal <H3_REG<70>>.
    Found 1-bit register for signal <H3_REG<69>>.
    Found 1-bit register for signal <H3_REG<68>>.
    Found 1-bit register for signal <H3_REG<67>>.
    Found 1-bit register for signal <H3_REG<66>>.
    Found 1-bit register for signal <H3_REG<65>>.
    Found 1-bit register for signal <H3_REG<64>>.
    Found 1-bit register for signal <H3_REG<63>>.
    Found 1-bit register for signal <H3_REG<62>>.
    Found 1-bit register for signal <H3_REG<61>>.
    Found 1-bit register for signal <H3_REG<60>>.
    Found 1-bit register for signal <H3_REG<59>>.
    Found 1-bit register for signal <H3_REG<58>>.
    Found 1-bit register for signal <H3_REG<57>>.
    Found 1-bit register for signal <H3_REG<56>>.
    Found 1-bit register for signal <H3_REG<55>>.
    Found 1-bit register for signal <H3_REG<54>>.
    Found 1-bit register for signal <H3_REG<53>>.
    Found 1-bit register for signal <H3_REG<52>>.
    Found 1-bit register for signal <H3_REG<51>>.
    Found 1-bit register for signal <H3_REG<50>>.
    Found 1-bit register for signal <H3_REG<49>>.
    Found 1-bit register for signal <H3_REG<48>>.
    Found 1-bit register for signal <H3_REG<47>>.
    Found 1-bit register for signal <H3_REG<46>>.
    Found 1-bit register for signal <H3_REG<45>>.
    Found 1-bit register for signal <H3_REG<44>>.
    Found 1-bit register for signal <H3_REG<43>>.
    Found 1-bit register for signal <H3_REG<42>>.
    Found 1-bit register for signal <H3_REG<41>>.
    Found 1-bit register for signal <H3_REG<40>>.
    Found 1-bit register for signal <H3_REG<39>>.
    Found 1-bit register for signal <H3_REG<38>>.
    Found 1-bit register for signal <H3_REG<37>>.
    Found 1-bit register for signal <H3_REG<36>>.
    Found 1-bit register for signal <H3_REG<35>>.
    Found 1-bit register for signal <H3_REG<34>>.
    Found 1-bit register for signal <H3_REG<33>>.
    Found 1-bit register for signal <H3_REG<32>>.
    Found 1-bit register for signal <H3_REG<31>>.
    Found 1-bit register for signal <H3_REG<30>>.
    Found 1-bit register for signal <H3_REG<29>>.
    Found 1-bit register for signal <H3_REG<28>>.
    Found 1-bit register for signal <H3_REG<27>>.
    Found 1-bit register for signal <H3_REG<26>>.
    Found 1-bit register for signal <H3_REG<25>>.
    Found 1-bit register for signal <H3_REG<24>>.
    Found 1-bit register for signal <H3_REG<23>>.
    Found 1-bit register for signal <H3_REG<22>>.
    Found 1-bit register for signal <H3_REG<21>>.
    Found 1-bit register for signal <H3_REG<20>>.
    Found 1-bit register for signal <H3_REG<19>>.
    Found 1-bit register for signal <H3_REG<18>>.
    Found 1-bit register for signal <H3_REG<17>>.
    Found 1-bit register for signal <H3_REG<16>>.
    Found 1-bit register for signal <H3_REG<15>>.
    Found 1-bit register for signal <H3_REG<14>>.
    Found 1-bit register for signal <H3_REG<13>>.
    Found 1-bit register for signal <H3_REG<12>>.
    Found 1-bit register for signal <H3_REG<11>>.
    Found 1-bit register for signal <H3_REG<10>>.
    Found 1-bit register for signal <H3_REG<9>>.
    Found 1-bit register for signal <H3_REG<8>>.
    Found 1-bit register for signal <H3_REG<7>>.
    Found 1-bit register for signal <H3_REG<6>>.
    Found 1-bit register for signal <H3_REG<5>>.
    Found 1-bit register for signal <H3_REG<4>>.
    Found 1-bit register for signal <H3_REG<3>>.
    Found 1-bit register for signal <H3_REG<2>>.
    Found 1-bit register for signal <H3_REG<1>>.
    Found 1-bit register for signal <H3_REG<0>>.
    Summary:
	inferred 160 D-type flip-flop(s).
Unit <LCD_DICH_DU_LIEU_BTN> synthesized.

Synthesizing Unit <LCD_GAN_DULIEU_HIENTHI>.
    Related source file is "C:\Users\Admin\Documents\TT-HDL-N7-S2\BAI_601_1_DICH_CHUYEN_NHAP_NHAY\LCD_GAN_DULIEU_HIENTHI.vhd".
    Summary:
	no macro.
Unit <LCD_GAN_DULIEU_HIENTHI> synthesized.

Synthesizing Unit <LCD_KHOITAO_HIENTHI>.
    Related source file is "C:\Users\Admin\Documents\TT-HDL-N7-S2\BAI_601_1_DICH_CHUYEN_NHAP_NHAY\LCD_KHOITAO_HIENTHI.vhd".
    Found 20-bit register for signal <SLX>.
    Found 5-bit register for signal <PTR>.
    Found 4-bit register for signal <LCD_STATE>.
    Found 1-bit register for signal <LCD_RS>.
    Found 1-bit register for signal <LCD_E>.
    Found 8-bit register for signal <LCD_DB>.
    Found finite state machine <FSM_1> for signal <LCD_STATE>.
    -----------------------------------------------------------------------
    | States             | 10                                             |
    | Transitions        | 25                                             |
    | Inputs             | 5                                              |
    | Outputs            | 5                                              |
    | Clock              | LCD_CK (falling_edge)                          |
    | Reset              | LCD_RST (positive)                             |
    | Reset type         | asynchronous                                   |
    | Reset State        | lcd_init                                       |
    | Power Up State     | lcd_init                                       |
    | Encoding           | auto                                           |
    | Implementation     | LUT                                            |
    -----------------------------------------------------------------------
    Found 5-bit adder for signal <PTR[4]_GND_15_o_add_183_OUT> created at line 163.
    Found 20-bit adder for signal <SLX[19]_GND_15_o_add_195_OUT> created at line 170.
    Found 8x8-bit Read Only RAM for signal <PTR[2]_X_15_o_wide_mux_88_OUT>
    Found 8-bit 20-to-1 multiplexer for signal <PTR[4]_X_15_o_wide_mux_113_OUT> created at line 104.
    Found 8-bit 20-to-1 multiplexer for signal <PTR[4]_X_15_o_wide_mux_138_OUT> created at line 125.
    Found 8-bit 20-to-1 multiplexer for signal <PTR[4]_X_15_o_wide_mux_163_OUT> created at line 146.
    Summary:
	inferred   1 RAM(s).
	inferred   2 Adder/Subtractor(s).
	inferred  35 D-type flip-flop(s).
	inferred  28 Multiplexer(s).
	inferred   1 Finite State Machine(s).
Unit <LCD_KHOITAO_HIENTHI> synthesized.

=========================================================================
HDL Synthesis Report

Macro Statistics
# RAMs                                                 : 1
 8x8-bit single-port Read Only RAM                     : 1
# Adders/Subtractors                                   : 5
 20-bit adder                                          : 1
 20-bit subtractor                                     : 2
 26-bit adder                                          : 1
 5-bit adder                                           : 1
# Registers                                            : 331
 1-bit register                                        : 325
 20-bit register                                       : 3
 25-bit register                                       : 1
 5-bit register                                        : 1
 8-bit register                                        : 1
# Multiplexers                                         : 34
 1-bit 2-to-1 multiplexer                              : 4
 20-bit 2-to-1 multiplexer                             : 9
 20-bit 4-to-1 multiplexer                             : 2
 5-bit 2-to-1 multiplexer                              : 8
 8-bit 2-to-1 multiplexer                              : 8
 8-bit 20-to-1 multiplexer                             : 3
# FSMs                                                 : 3

=========================================================================

=========================================================================
*                       Advanced HDL Synthesis                          *
=========================================================================


Synthesizing (advanced) Unit <CHIA_10ENA>.
The following registers are absorbed into counter <D2HZ_R>: 1 register on signal <D2HZ_R>.
Unit <CHIA_10ENA> synthesized (advanced).

Synthesizing (advanced) Unit <LCD_KHOITAO_HIENTHI>.
INFO:Xst:3218 - HDL ADVISOR - The RAM <Mram_PTR[2]_X_15_o_wide_mux_88_OUT> will be implemented on LUTs either because you have described an asynchronous read or because of currently unsupported block RAM features. If you have described an asynchronous read, making it synchronous would allow you to take advantage of available block RAM resources, for optimized device usage and improved timings. Please refer to your documentation for coding guidelines.
    -----------------------------------------------------------------------
    | ram_type           | Distributed                         |          |
    -----------------------------------------------------------------------
    | Port A                                                              |
    |     aspect ratio   | 8-word x 8-bit                      |          |
    |     weA            | connected to signal <GND>           | high     |
    |     addrA          | connected to signal <PTR<2:0>>      |          |
    |     diA            | connected to signal <GND>           |          |
    |     doA            | connected to internal node          |          |
    -----------------------------------------------------------------------
Unit <LCD_KHOITAO_HIENTHI> synthesized (advanced).

=========================================================================
Advanced HDL Synthesis Report

Macro Statistics
# RAMs                                                 : 1
 8x8-bit single-port distributed Read Only RAM         : 1
# Adders/Subtractors                                   : 4
 20-bit adder                                          : 1
 20-bit subtractor                                     : 2
 5-bit adder                                           : 1
# Counters                                             : 1
 25-bit up counter                                     : 1
# Registers                                            : 398
 Flip-Flops                                            : 398
# Multiplexers                                         : 34
 1-bit 2-to-1 multiplexer                              : 4
 20-bit 2-to-1 multiplexer                             : 9
 20-bit 4-to-1 multiplexer                             : 2
 5-bit 2-to-1 multiplexer                              : 8
 8-bit 2-to-1 multiplexer                              : 8
 8-bit 20-to-1 multiplexer                             : 3
# FSMs                                                 : 3

=========================================================================

=========================================================================
*                         Low Level Synthesis                           *
=========================================================================
Analyzing FSM <MFsm> for best encoding.
Optimizing FSM <IC1/IC1/IC3/FSM_0> on signal <DB_R[1:2]> with user encoding.
Optimizing FSM <IC2/IC3/FSM_0> on signal <DB_R[1:2]> with user encoding.
-------------------
 State | Encoding
-------------------
 zero  | 00
 wait0 | 01
 one   | 10
 wait1 | 11
-------------------
Analyzing FSM <MFsm> for best encoding.
Optimizing FSM <IC6/FSM_1> on signal <LCD_STATE[1:4]> with user encoding.
-------------------------
 State       | Encoding
-------------------------
 lcd_init    | 0000
 lcd_addr_l1 | 0001
 lcd_data_l1 | 0010
 lcd_addr_l2 | 0011
 lcd_data_l2 | 0100
 lcd_addr_l3 | 0101
 lcd_data_l3 | 0110
 lcd_addr_l4 | 0111
 lcd_data_l4 | 1000
 lcd_stop    | 1001
-------------------------

Optimizing unit <LCD_HIENTHI_80KYTU> ...

Optimizing unit <DEBOUNCE_BTN> ...

Optimizing unit <LCD_DICH_DU_LIEU_AU> ...

Optimizing unit <LCD_DICH_DU_LIEU_BTN> ...

Optimizing unit <LCD_KHOITAO_HIENTHI> ...
INFO:Xst:2261 - The FF/Latch <IC3/H2_REG_7> in Unit <LCD_HIENTHI_80KYTU> is equivalent to the following 39 FFs/Latches, which will be removed : <IC3/H2_REG_15> <IC3/H2_REG_23> <IC3/H2_REG_31> <IC3/H2_REG_39> <IC3/H2_REG_47> <IC3/H2_REG_55> <IC3/H2_REG_63> <IC3/H2_REG_71> <IC3/H2_REG_79> <IC3/H2_REG_87> <IC3/H2_REG_95> <IC3/H2_REG_103> <IC3/H2_REG_111> <IC3/H2_REG_119> <IC3/H2_REG_127> <IC3/H2_REG_135> <IC3/H2_REG_143> <IC3/H2_REG_151> <IC3/H2_REG_159> <IC4/H3_REG_7> <IC4/H3_REG_15> <IC4/H3_REG_23> <IC4/H3_REG_31> <IC4/H3_REG_39> <IC4/H3_REG_47> <IC4/H3_REG_55> <IC4/H3_REG_63> <IC4/H3_REG_71> <IC4/H3_REG_79> <IC4/H3_REG_87> <IC4/H3_REG_95> <IC4/H3_REG_103> <IC4/H3_REG_111> <IC4/H3_REG_119> <IC4/H3_REG_127> <IC4/H3_REG_135> <IC4/H3_REG_143> <IC4/H3_REG_151> <IC4/H3_REG_159> 
INFO:Xst:2261 - The FF/Latch <IC4/H3_REG_152> in Unit <LCD_HIENTHI_80KYTU> is equivalent to the following FF/Latch, which will be removed : <IC4/H3_REG_72> 
INFO:Xst:2261 - The FF/Latch <IC4/H3_REG_16> in Unit <LCD_HIENTHI_80KYTU> is equivalent to the following FF/Latch, which will be removed : <IC4/H3_REG_96> 
INFO:Xst:2261 - The FF/Latch <IC4/H3_REG_24> in Unit <LCD_HIENTHI_80KYTU> is equivalent to the following FF/Latch, which will be removed : <IC4/H3_REG_104> 
INFO:Xst:2261 - The FF/Latch <IC4/H3_REG_32> in Unit <LCD_HIENTHI_80KYTU> is equivalent to the following FF/Latch, which will be removed : <IC4/H3_REG_112> 
INFO:Xst:2261 - The FF/Latch <IC4/H3_REG_0> in Unit <LCD_HIENTHI_80KYTU> is equivalent to the following FF/Latch, which will be removed : <IC4/H3_REG_80> 
INFO:Xst:2261 - The FF/Latch <IC4/H3_REG_40> in Unit <LCD_HIENTHI_80KYTU> is equivalent to the following FF/Latch, which will be removed : <IC4/H3_REG_120> 
INFO:Xst:2261 - The FF/Latch <IC4/H3_REG_8> in Unit <LCD_HIENTHI_80KYTU> is equivalent to the following FF/Latch, which will be removed : <IC4/H3_REG_88> 
INFO:Xst:2261 - The FF/Latch <IC4/H3_REG_48> in Unit <LCD_HIENTHI_80KYTU> is equivalent to the following FF/Latch, which will be removed : <IC4/H3_REG_128> 
INFO:Xst:2261 - The FF/Latch <IC4/H3_REG_56> in Unit <LCD_HIENTHI_80KYTU> is equivalent to the following FF/Latch, which will be removed : <IC4/H3_REG_136> 
INFO:Xst:2261 - The FF/Latch <IC4/H3_REG_64> in Unit <LCD_HIENTHI_80KYTU> is equivalent to the following FF/Latch, which will be removed : <IC4/H3_REG_144> 

Mapping all equations...
WARNING:Xst:1710 - FF/Latch <IC3/H2_REG_7> (without init value) has a constant value of 0 in block <LCD_HIENTHI_80KYTU>. This FF/Latch will be trimmed during the optimization process.
Building and optimizing final netlist ...
Found area constraint ratio of 100 (+ 5) on block LCD_HIENTHI_80KYTU, actual ratio is 13.
FlipFlop IC6/LCD_STATE_FSM_FFd1 has been replicated 1 time(s)
FlipFlop IC6/PTR_0 has been replicated 4 time(s)
FlipFlop IC6/PTR_1 has been replicated 4 time(s)

Final Macro Processing ...

=========================================================================
Final Register Report

Macro Statistics
# Registers                                            : 390
 Flip-Flops                                            : 390

=========================================================================

=========================================================================
*                           Partition Report                            *
=========================================================================

Partition Implementation Status
-------------------------------

  No Partitions were found in this design.

-------------------------------

=========================================================================
*                            Design Summary                             *
=========================================================================

Top Level Output File Name         : LCD_HIENTHI_80KYTU.ngc

Primitive and Black Box Usage:
------------------------------
# BELS                             : 803
#      GND                         : 1
#      INV                         : 42
#      LUT1                        : 45
#      LUT2                        : 50
#      LUT3                        : 8
#      LUT4                        : 156
#      LUT5                        : 58
#      LUT6                        : 262
#      MUXCY                       : 81
#      MUXF7                       : 14
#      VCC                         : 1
#      XORCY                       : 85
# FlipFlops/Latches                : 390
#      FD                          : 25
#      FD_1                        : 47
#      FDC_1                       : 192
#      FDCE_1                      : 13
#      FDE_1                       : 9
#      FDP_1                       : 104
# Clock Buffers                    : 1
#      BUFGP                       : 1
# IO Buffers                       : 14
#      IBUF                        : 3
#      OBUF                        : 11

Device utilization summary:
---------------------------

Selected Device : 6slx9tqg144-3 


Slice Logic Utilization: 
 Number of Slice Registers:             390  out of  11440     3%  
 Number of Slice LUTs:                  621  out of   5720    10%  
    Number used as Logic:               621  out of   5720    10%  

Slice Logic Distribution: 
 Number of LUT Flip Flop pairs used:    627
   Number with an unused Flip Flop:     237  out of    627    37%  
   Number with an unused LUT:             6  out of    627     0%  
   Number of fully used LUT-FF pairs:   384  out of    627    61%  
   Number of unique control sets:         6

IO Utilization: 
 Number of IOs:                          15
 Number of bonded IOBs:                  15  out of    102    14%  

Specific Feature Utilization:
 Number of BUFG/BUFGCTRLs:                1  out of     16     6%  

---------------------------
Partition Resource Summary:
---------------------------

  No Partitions were found in this design.

---------------------------


=========================================================================
Timing Report

NOTE: THESE TIMING NUMBERS ARE ONLY A SYNTHESIS ESTIMATE.
      FOR ACCURATE TIMING INFORMATION PLEASE REFER TO THE TRACE REPORT
      GENERATED AFTER PLACE-and-ROUTE.

Clock Information:
------------------
-----------------------------------+------------------------+-------+
Clock Signal                       | Clock buffer(FF name)  | Load  |
-----------------------------------+------------------------+-------+
CKHT                               | BUFGP                  | 390   |
-----------------------------------+------------------------+-------+

Asynchronous Control Signals Information:
----------------------------------------
No asynchronous control signals found in this design

Timing Summary:
---------------
Speed Grade: -3

   Minimum period: 5.128ns (Maximum Frequency: 194.991MHz)
   Minimum input arrival time before clock: 4.612ns
   Maximum output required time after clock: 3.634ns
   Maximum combinational path delay: No path found

Timing Details:
---------------
All values displayed in nanoseconds (ns)

=========================================================================
Timing constraint: Default period analysis for Clock 'CKHT'
  Clock period: 5.128ns (frequency: 194.991MHz)
  Total number of paths / destination ports: 10182 / 412
-------------------------------------------------------------------------
Delay:               5.128ns (Levels of Logic = 3)
  Source:            IC6/SLX_0 (FF)
  Destination:       IC6/PTR_4 (FF)
  Source Clock:      CKHT falling
  Destination Clock: CKHT falling

  Data Path: IC6/SLX_0 to IC6/PTR_4
                                Gate     Net
    Cell:in->out      fanout   Delay   Delay  Logical Name (Net Name)
    ----------------------------------------  ------------
     FDC_1:C->Q            2   0.447   0.864  IC6/SLX_0 (IC6/SLX_0)
     LUT4:I0->O            6   0.203   0.992  IC6/GND_15_o_SLX[19]_equal_182_o<19>121 (IC6/GND_15_o_SLX[19]_equal_182_o<19>12)
     LUT6:I2->O            5   0.203   0.962  IC6/GND_15_o_SLX[19]_equal_82_o<19>2 (IC6/GND_15_o_SLX[19]_equal_82_o)
     LUT6:I2->O           13   0.203   0.932  IC6/_n0403_inv3 (IC6/_n0403_inv)
     FDCE_1:CE                 0.322          IC6/PTR_0
    ----------------------------------------
    Total                      5.128ns (1.378ns logic, 3.750ns route)
                                       (26.9% logic, 73.1% route)

=========================================================================
Timing constraint: Default OFFSET IN BEFORE for Clock 'CKHT'
  Total number of paths / destination ports: 363 / 363
-------------------------------------------------------------------------
Offset:              4.612ns (Levels of Logic = 2)
  Source:            BTN<0> (PAD)
  Destination:       IC6/LCD_STATE_FSM_FFd1 (FF)
  Destination Clock: CKHT falling

  Data Path: BTN<0> to IC6/LCD_STATE_FSM_FFd1
                                Gate     Net
    Cell:in->out      fanout   Delay   Delay  Logical Name (Net Name)
    ----------------------------------------  ------------
     IBUF:I->O             4   1.222   0.683  BTN_0_IBUF (BTN_0_IBUF)
     INV:I->O            309   0.206   2.071  RST1_INV_0 (RST)
     FDC_1:CLR                 0.430          IC6/SLX_0
    ----------------------------------------
    Total                      4.612ns (1.858ns logic, 2.754ns route)
                                       (40.3% logic, 59.7% route)

=========================================================================
Timing constraint: Default OFFSET OUT AFTER for Clock 'CKHT'
  Total number of paths / destination ports: 10 / 10
-------------------------------------------------------------------------
Offset:              3.634ns (Levels of Logic = 1)
  Source:            IC6/LCD_DB_7 (FF)
  Destination:       LCD_DB<7> (PAD)
  Source Clock:      CKHT falling

  Data Path: IC6/LCD_DB_7 to LCD_DB<7>
                                Gate     Net
    Cell:in->out      fanout   Delay   Delay  Logical Name (Net Name)
    ----------------------------------------  ------------
     FDE_1:C->Q            2   0.447   0.616  IC6/LCD_DB_7 (IC6/LCD_DB_7)
     OBUF:I->O                 2.571          LCD_DB_7_OBUF (LCD_DB<7>)
    ----------------------------------------
    Total                      3.634ns (3.018ns logic, 0.616ns route)
                                       (83.0% logic, 17.0% route)

=========================================================================

Cross Clock Domains Report:
--------------------------

Clock to Setup on destination clock CKHT
---------------+---------+---------+---------+---------+
               | Src:Rise| Src:Fall| Src:Rise| Src:Fall|
Source Clock   |Dest:Rise|Dest:Rise|Dest:Fall|Dest:Fall|
---------------+---------+---------+---------+---------+
CKHT           |         |         |    5.128|         |
---------------+---------+---------+---------+---------+

=========================================================================


Total REAL time to Xst completion: 28.00 secs
Total CPU time to Xst completion: 28.63 secs
 
--> 

Total memory usage is 4516496 kilobytes

Number of errors   :    0 (   0 filtered)
Number of warnings :    3 (   0 filtered)
Number of infos    :   13 (   0 filtered)

