Release 14.7 - xst P.20131013 (nt64)
Copyright (c) 1995-2013 Xilinx, Inc.  All rights reserved.
--> Parameter TMPDIR set to xst/projnav.tmp


Total REAL time to Xst completion: 0.00 secs
Total CPU time to Xst completion: 0.13 secs
 
--> Parameter xsthdpdir set to xst


Total REAL time to Xst completion: 0.00 secs
Total CPU time to Xst completion: 0.14 secs
 
--> Reading design: DEM_NHI_PHAN_0_255_HT_7DOAN.prj

TABLE OF CONTENTS
  1) Synthesis Options Summary
  2) HDL Compilation
  3) Design Hierarchy Analysis
  4) HDL Analysis
  5) HDL Synthesis
     5.1) HDL Synthesis Report
  6) Advanced HDL Synthesis
     6.1) Advanced HDL Synthesis Report
  7) Low Level Synthesis
  8) Partition Report
  9) Final Report
	9.1) Device utilization summary
	9.2) Partition Resource Summary
	9.3) TIMING REPORT


=========================================================================
*                      Synthesis Options Summary                        *
=========================================================================
---- Source Parameters
Input File Name                    : "DEM_NHI_PHAN_0_255_HT_7DOAN.prj"
Input Format                       : mixed
Ignore Synthesis Constraint File   : NO

---- Target Parameters
Output File Name                   : "DEM_NHI_PHAN_0_255_HT_7DOAN"
Output Format                      : NGC
Target Device                      : xc3s500e-5-pq208

---- Source Options
Top Module Name                    : DEM_NHI_PHAN_0_255_HT_7DOAN
Automatic FSM Extraction           : YES
FSM Encoding Algorithm             : Auto
Safe Implementation                : No
FSM Style                          : LUT
RAM Extraction                     : Yes
RAM Style                          : Auto
ROM Extraction                     : Yes
Mux Style                          : Auto
Decoder Extraction                 : YES
Priority Encoder Extraction        : Yes
Shift Register Extraction          : YES
Logical Shifter Extraction         : YES
XOR Collapsing                     : YES
ROM Style                          : Auto
Mux Extraction                     : Yes
Resource Sharing                   : YES
Asynchronous To Synchronous        : NO
Multiplier Style                   : Auto
Automatic Register Balancing       : No

---- Target Options
Add IO Buffers                     : YES
Global Maximum Fanout              : 500
Add Generic Clock Buffer(BUFG)     : 24
Register Duplication               : YES
Slice Packing                      : YES
Optimize Instantiated Primitives   : NO
Use Clock Enable                   : Yes
Use Synchronous Set                : Yes
Use Synchronous Reset              : Yes
Pack IO Registers into IOBs        : Auto
Equivalent register Removal        : YES

---- General Options
Optimization Goal                  : Speed
Optimization Effort                : 1
Keep Hierarchy                     : No
Netlist Hierarchy                  : As_Optimized
RTL Output                         : Yes
Global Optimization                : AllClockNets
Read Cores                         : YES
Write Timing Constraints           : NO
Cross Clock Analysis               : NO
Hierarchy Separator                : /
Bus Delimiter                      : <>
Case Specifier                     : Maintain
Slice Utilization Ratio            : 100
BRAM Utilization Ratio             : 100
Verilog 2001                       : YES
Auto BRAM Packing                  : NO
Slice Utilization Ratio Delta      : 5

=========================================================================


=========================================================================
*                          HDL Compilation                              *
=========================================================================
Compiling vhdl file "C:/Users/TOSHIBA/Documents/TT_Xilinx/TTTKVMS_CHIEU_T5_NHOM_2/BAI_531_DEM_NHI_PHAN_0_255_HT_7DOAN/DEM_3BIT_CHON_8KENH.vhd" in Library work.
Architecture behavioral of Entity dem_3bit_chon_8kenh is up to date.
Compiling vhdl file "C:/Users/TOSHIBA/Documents/TT_Xilinx/TTTKVMS_CHIEU_T5_NHOM_2/BAI_531_DEM_NHI_PHAN_0_255_HT_7DOAN/QUET_ANODE_8LED_7DOAN.vhd" in Library work.
Architecture behavioral of Entity quet_anode_8led_7doan is up to date.
Compiling vhdl file "C:/Users/TOSHIBA/Documents/TT_Xilinx/TTTKVMS_CHIEU_T5_NHOM_2/BAI_531_DEM_NHI_PHAN_0_255_HT_7DOAN/DAHOP_8KENH.vhd" in Library work.
Architecture behavioral of Entity dahop_8kenh is up to date.
Compiling vhdl file "C:/Users/TOSHIBA/Documents/TT_Xilinx/TTTKVMS_CHIEU_T5_NHOM_2/BAI_531_DEM_NHI_PHAN_0_255_HT_7DOAN/GIAIMA_7DOAN_ENA.vhd" in Library work.
Architecture behavioral of Entity giaima_7doan_ena is up to date.
Compiling vhdl file "C:/Users/TOSHIBA/Documents/TT_Xilinx/TTTKVMS_CHIEU_T5_NHOM_2/BAI_531_DEM_NHI_PHAN_0_255_HT_7DOAN/XOA_SO_0_VN.vhd" in Library work.
Architecture behavioral of Entity xoa_so_0_vn is up to date.
Compiling vhdl file "C:/Users/TOSHIBA/Documents/TT_Xilinx/TTTKVMS_CHIEU_T5_NHOM_2/BAI_531_DEM_NHI_PHAN_0_255_HT_7DOAN/CHIA_10ENA.vhd" in Library work.
Architecture behavioral of Entity chia_10ena is up to date.
Compiling vhdl file "C:/Users/TOSHIBA/Documents/TT_Xilinx/TTTKVMS_CHIEU_T5_NHOM_2/BAI_531_DEM_NHI_PHAN_0_255_HT_7DOAN/DEM_8BIT.vhd" in Library work.
Architecture behavioral of Entity dem_8bit is up to date.
Compiling vhdl file "C:/Users/TOSHIBA/Documents/TT_Xilinx/TTTKVMS_CHIEU_T5_NHOM_2/BAI_531_DEM_NHI_PHAN_0_255_HT_7DOAN/HEXTOBCD_8BIT.vhd" in Library work.
Architecture behavioral of Entity hextobcd_8bit is up to date.
Compiling vhdl file "C:/Users/TOSHIBA/Documents/TT_Xilinx/TTTKVMS_CHIEU_T5_NHOM_2/BAI_531_DEM_NHI_PHAN_0_255_HT_7DOAN/GIAIMA_HIENTHI_8LED_7DOAN.vhd" in Library work.
Architecture behavioral of Entity giaima_hienthi_8led_7doan is up to date.
Compiling vhdl file "C:/Users/TOSHIBA/Documents/TT_Xilinx/TTTKVMS_CHIEU_T5_NHOM_2/BAI_531_DEM_NHI_PHAN_0_255_HT_7DOAN/DEM_NHI_PHAN_0_255_HT_7DOAN.vhd" in Library work.
Entity <dem_nhi_phan_0_255_ht_7doan> compiled.
Entity <DEM_NHI_PHAN_0_255_HT_7DOAN> (Architecture <Behavioral>) compiled.

=========================================================================
*                     Design Hierarchy Analysis                         *
=========================================================================
Analyzing hierarchy for entity <DEM_NHI_PHAN_0_255_HT_7DOAN> in library <work> (architecture <Behavioral>).

Analyzing hierarchy for entity <XOA_SO_0_VN> in library <work> (architecture <Behavioral>).

Analyzing hierarchy for entity <CHIA_10ENA> in library <work> (architecture <Behavioral>).

Analyzing hierarchy for entity <DEM_8BIT> in library <work> (architecture <Behavioral>).

Analyzing hierarchy for entity <HEXTOBCD_8BIT> in library <work> (architecture <Behavioral>).

Analyzing hierarchy for entity <GIAIMA_HIENTHI_8LED_7DOAN> in library <work> (architecture <Behavioral>).

Analyzing hierarchy for entity <DEM_3BIT_CHON_8KENH> in library <work> (architecture <Behavioral>).

Analyzing hierarchy for entity <QUET_ANODE_8LED_7DOAN> in library <work> (architecture <Behavioral>).

Analyzing hierarchy for entity <DAHOP_8KENH> in library <work> (architecture <Behavioral>).

Analyzing hierarchy for entity <GIAIMA_7DOAN_ENA> in library <work> (architecture <Behavioral>).


=========================================================================
*                            HDL Analysis                               *
=========================================================================
Analyzing Entity <DEM_NHI_PHAN_0_255_HT_7DOAN> in library <work> (Architecture <Behavioral>).
Entity <DEM_NHI_PHAN_0_255_HT_7DOAN> analyzed. Unit <DEM_NHI_PHAN_0_255_HT_7DOAN> generated.

Analyzing Entity <XOA_SO_0_VN> in library <work> (Architecture <Behavioral>).
Entity <XOA_SO_0_VN> analyzed. Unit <XOA_SO_0_VN> generated.

Analyzing Entity <CHIA_10ENA> in library <work> (Architecture <Behavioral>).
Entity <CHIA_10ENA> analyzed. Unit <CHIA_10ENA> generated.

Analyzing Entity <DEM_8BIT> in library <work> (Architecture <Behavioral>).
Entity <DEM_8BIT> analyzed. Unit <DEM_8BIT> generated.

Analyzing Entity <HEXTOBCD_8BIT> in library <work> (Architecture <Behavioral>).
Entity <HEXTOBCD_8BIT> analyzed. Unit <HEXTOBCD_8BIT> generated.

Analyzing Entity <GIAIMA_HIENTHI_8LED_7DOAN> in library <work> (Architecture <Behavioral>).
Entity <GIAIMA_HIENTHI_8LED_7DOAN> analyzed. Unit <GIAIMA_HIENTHI_8LED_7DOAN> generated.

Analyzing Entity <DEM_3BIT_CHON_8KENH> in library <work> (Architecture <Behavioral>).
Entity <DEM_3BIT_CHON_8KENH> analyzed. Unit <DEM_3BIT_CHON_8KENH> generated.

Analyzing Entity <QUET_ANODE_8LED_7DOAN> in library <work> (Architecture <Behavioral>).
Entity <QUET_ANODE_8LED_7DOAN> analyzed. Unit <QUET_ANODE_8LED_7DOAN> generated.

Analyzing Entity <DAHOP_8KENH> in library <work> (Architecture <Behavioral>).
Entity <DAHOP_8KENH> analyzed. Unit <DAHOP_8KENH> generated.

Analyzing Entity <GIAIMA_7DOAN_ENA> in library <work> (Architecture <Behavioral>).
Entity <GIAIMA_7DOAN_ENA> analyzed. Unit <GIAIMA_7DOAN_ENA> generated.


=========================================================================
*                           HDL Synthesis                               *
=========================================================================

Performing bidirectional port resolution...

Synthesizing Unit <XOA_SO_0_VN>.
    Related source file is "C:/Users/TOSHIBA/Documents/TT_Xilinx/TTTKVMS_CHIEU_T5_NHOM_2/BAI_531_DEM_NHI_PHAN_0_255_HT_7DOAN/XOA_SO_0_VN.vhd".
Unit <XOA_SO_0_VN> synthesized.


Synthesizing Unit <CHIA_10ENA>.
    Related source file is "C:/Users/TOSHIBA/Documents/TT_Xilinx/TTTKVMS_CHIEU_T5_NHOM_2/BAI_531_DEM_NHI_PHAN_0_255_HT_7DOAN/CHIA_10ENA.vhd".
    Found 16-bit adder for signal <D1KHZ_N$addsub0000> created at line 93.
    Found 16-bit register for signal <D1KHZ_R>.
    Found 22-bit adder for signal <D20HZ_N$addsub0000> created at line 97.
    Found 22-bit register for signal <D20HZ_R>.
    Summary:
	inferred  38 D-type flip-flop(s).
	inferred   2 Adder/Subtractor(s).
Unit <CHIA_10ENA> synthesized.


Synthesizing Unit <DEM_8BIT>.
    Related source file is "C:/Users/TOSHIBA/Documents/TT_Xilinx/TTTKVMS_CHIEU_T5_NHOM_2/BAI_531_DEM_NHI_PHAN_0_255_HT_7DOAN/DEM_8BIT.vhd".
    Found 8-bit up counter for signal <DEM_R>.
    Summary:
	inferred   1 Counter(s).
Unit <DEM_8BIT> synthesized.


Synthesizing Unit <HEXTOBCD_8BIT>.
    Related source file is "C:/Users/TOSHIBA/Documents/TT_Xilinx/TTTKVMS_CHIEU_T5_NHOM_2/BAI_531_DEM_NHI_PHAN_0_255_HT_7DOAN/HEXTOBCD_8BIT.vhd".
    Found 4-bit comparator greatequal for signal <BCD_HEX_11$cmp_ge0000> created at line 57.
    Found 4-bit comparator greatequal for signal <BCD_HEX_11$cmp_ge0001> created at line 57.
    Found 4-bit comparator greatequal for signal <BCD_HEX_11$cmp_ge0002> created at line 57.
    Found 4-bit comparator greatequal for signal <BCD_HEX_11$cmp_ge0003> created at line 57.
    Found 4-bit comparator greatequal for signal <BCD_HEX_11$cmp_ge0004> created at line 57.
    Found 4-bit adder for signal <BCD_HEX_11_8$add0000> created at line 58.
    Found 4-bit adder for signal <BCD_HEX_11_8$add0001> created at line 58.
    Found 4-bit adder for signal <BCD_HEX_11_8$add0002> created at line 58.
    Found 4-bit adder for signal <BCD_HEX_11_8$add0003> created at line 58.
    Found 4-bit adder for signal <BCD_HEX_11_8$add0004> created at line 58.
    Found 4-bit comparator greatequal for signal <BCD_HEX_15$cmp_ge0000> created at line 61.
    Found 4-bit comparator greatequal for signal <BCD_HEX_15$cmp_ge0001> created at line 61.
    Found 4-bit adder for signal <BCD_HEX_15_12$add0000> created at line 62.
    Found 4-bit adder for signal <BCD_HEX_15_12$add0001> created at line 62.
    Summary:
	inferred   7 Adder/Subtractor(s).
	inferred   7 Comparator(s).
Unit <HEXTOBCD_8BIT> synthesized.


Synthesizing Unit <DEM_3BIT_CHON_8KENH>.
    Related source file is "C:/Users/TOSHIBA/Documents/TT_Xilinx/TTTKVMS_CHIEU_T5_NHOM_2/BAI_531_DEM_NHI_PHAN_0_255_HT_7DOAN/DEM_3BIT_CHON_8KENH.vhd".
    Found 3-bit up counter for signal <Q_R>.
    Summary:
	inferred   1 Counter(s).
Unit <DEM_3BIT_CHON_8KENH> synthesized.


Synthesizing Unit <QUET_ANODE_8LED_7DOAN>.
    Related source file is "C:/Users/TOSHIBA/Documents/TT_Xilinx/TTTKVMS_CHIEU_T5_NHOM_2/BAI_531_DEM_NHI_PHAN_0_255_HT_7DOAN/QUET_ANODE_8LED_7DOAN.vhd".
    Found 1-of-8 decoder for signal <ANODE>.
    Summary:
	inferred   1 Decoder(s).
Unit <QUET_ANODE_8LED_7DOAN> synthesized.


Synthesizing Unit <DAHOP_8KENH>.
    Related source file is "C:/Users/TOSHIBA/Documents/TT_Xilinx/TTTKVMS_CHIEU_T5_NHOM_2/BAI_531_DEM_NHI_PHAN_0_255_HT_7DOAN/DAHOP_8KENH.vhd".
    Found 1-bit 8-to-1 multiplexer for signal <ENA_1LED>.
    Found 4-bit 8-to-1 multiplexer for signal <SO_GMA>.
    Summary:
	inferred   5 Multiplexer(s).
Unit <DAHOP_8KENH> synthesized.


Synthesizing Unit <GIAIMA_7DOAN_ENA>.
    Related source file is "C:/Users/TOSHIBA/Documents/TT_Xilinx/TTTKVMS_CHIEU_T5_NHOM_2/BAI_531_DEM_NHI_PHAN_0_255_HT_7DOAN/GIAIMA_7DOAN_ENA.vhd".
Unit <GIAIMA_7DOAN_ENA> synthesized.


Synthesizing Unit <GIAIMA_HIENTHI_8LED_7DOAN>.
    Related source file is "C:/Users/TOSHIBA/Documents/TT_Xilinx/TTTKVMS_CHIEU_T5_NHOM_2/BAI_531_DEM_NHI_PHAN_0_255_HT_7DOAN/GIAIMA_HIENTHI_8LED_7DOAN.vhd".
Unit <GIAIMA_HIENTHI_8LED_7DOAN> synthesized.


Synthesizing Unit <DEM_NHI_PHAN_0_255_HT_7DOAN>.
    Related source file is "C:/Users/TOSHIBA/Documents/TT_Xilinx/TTTKVMS_CHIEU_T5_NHOM_2/BAI_531_DEM_NHI_PHAN_0_255_HT_7DOAN/DEM_NHI_PHAN_0_255_HT_7DOAN.vhd".
Unit <DEM_NHI_PHAN_0_255_HT_7DOAN> synthesized.


=========================================================================
HDL Synthesis Report

Macro Statistics
# Adders/Subtractors                                   : 9
 16-bit adder                                          : 1
 22-bit adder                                          : 1
 4-bit adder                                           : 7
# Counters                                             : 2
 3-bit up counter                                      : 1
 8-bit up counter                                      : 1
# Registers                                            : 2
 16-bit register                                       : 1
 22-bit register                                       : 1
# Comparators                                          : 7
 4-bit comparator greatequal                           : 7
# Multiplexers                                         : 2
 1-bit 8-to-1 multiplexer                              : 1
 4-bit 8-to-1 multiplexer                              : 1
# Decoders                                             : 1
 1-of-8 decoder                                        : 1

=========================================================================

=========================================================================
*                       Advanced HDL Synthesis                          *
=========================================================================


=========================================================================
Advanced HDL Synthesis Report

Macro Statistics
# Adders/Subtractors                                   : 9
 16-bit adder                                          : 1
 22-bit adder                                          : 1
 4-bit adder                                           : 7
# Counters                                             : 2
 3-bit up counter                                      : 1
 8-bit up counter                                      : 1
# Registers                                            : 38
 Flip-Flops                                            : 38
# Comparators                                          : 7
 4-bit comparator greatequal                           : 7
# Multiplexers                                         : 2
 1-bit 8-to-1 multiplexer                              : 1
 4-bit 8-to-1 multiplexer                              : 1
# Decoders                                             : 1
 1-of-8 decoder                                        : 1

=========================================================================

=========================================================================
*                         Low Level Synthesis                           *
=========================================================================

Optimizing unit <DEM_NHI_PHAN_0_255_HT_7DOAN> ...

Optimizing unit <CHIA_10ENA> ...

Optimizing unit <HEXTOBCD_8BIT> ...

Mapping all equations...
Building and optimizing final netlist ...
Found area constraint ratio of 100 (+ 5) on block DEM_NHI_PHAN_0_255_HT_7DOAN, actual ratio is 1.

Final Macro Processing ...

=========================================================================
Final Register Report

Macro Statistics
# Registers                                            : 49
 Flip-Flops                                            : 49

=========================================================================

=========================================================================
*                           Partition Report                            *
=========================================================================

Partition Implementation Status
-------------------------------

  No Partitions were found in this design.

-------------------------------

=========================================================================
*                            Final Report                               *
=========================================================================
Final Results
RTL Top Level Output File Name     : DEM_NHI_PHAN_0_255_HT_7DOAN.ngr
Top Level Output File Name         : DEM_NHI_PHAN_0_255_HT_7DOAN
Output Format                      : NGC
Optimization Goal                  : Speed
Keep Hierarchy                     : No

Design Statistics
# IOs                              : 19

Cell Usage :
# BELS                             : 243
#      GND                         : 1
#      INV                         : 5
#      LUT1                        : 43
#      LUT2                        : 5
#      LUT3                        : 16
#      LUT4                        : 55
#      LUT4_D                      : 1
#      LUT4_L                      : 4
#      MUXCY                       : 43
#      MUXF5                       : 20
#      MUXF6                       : 3
#      VCC                         : 1
#      XORCY                       : 46
# FlipFlops/Latches                : 49
#      FDCE                        : 8
#      FDE                         : 3
#      FDR_1                       : 36
#      FDS_1                       : 2
# Clock Buffers                    : 1
#      BUFGP                       : 1
# IO Buffers                       : 18
#      IBUF                        : 2
#      OBUF                        : 16
=========================================================================

Device utilization summary:
---------------------------

Selected Device : 3s500epq208-5 

 Number of Slices:                       70  out of   4656     1%  
 Number of Slice Flip Flops:             49  out of   9312     0%  
 Number of 4 input LUTs:                129  out of   9312     1%  
 Number of IOs:                          19
 Number of bonded IOBs:                  19  out of    158    12%  
 Number of GCLKs:                         1  out of     24     4%  

---------------------------
Partition Resource Summary:
---------------------------

  No Partitions were found in this design.

---------------------------


=========================================================================
TIMING REPORT

NOTE: THESE TIMING NUMBERS ARE ONLY A SYNTHESIS ESTIMATE.
      FOR ACCURATE TIMING INFORMATION PLEASE REFER TO THE TRACE REPORT
      GENERATED AFTER PLACE-and-ROUTE.

Clock Information:
------------------
-----------------------------------+------------------------+-------+
Clock Signal                       | Clock buffer(FF name)  | Load  |
-----------------------------------+------------------------+-------+
CKHT                               | BUFGP                  | 49    |
-----------------------------------+------------------------+-------+

Asynchronous Control Signals Information:
----------------------------------------
-----------------------------------+------------------------+-------+
Control Signal                     | Buffer(FF name)        | Load  |
-----------------------------------+------------------------+-------+
BTN                                | IBUF                   | 8     |
-----------------------------------+------------------------+-------+

Timing Summary:
---------------
Speed Grade: -5

   Minimum period: 5.409ns (Maximum Frequency: 184.867MHz)
   Minimum input arrival time before clock: 5.172ns
   Maximum output required time after clock: 14.327ns
   Maximum combinational path delay: No path found

Timing Detail:
--------------
All values displayed in nanoseconds (ns)

=========================================================================
Timing constraint: Default period analysis for Clock 'CKHT'
  Clock period: 5.409ns (frequency: 184.867MHz)
  Total number of paths / destination ports: 1395 / 98
-------------------------------------------------------------------------
Delay:               5.409ns (Levels of Logic = 3)
  Source:            IC2/D20HZ_R_17 (FF)
  Destination:       IC2/D20HZ_R_21 (FF)
  Source Clock:      CKHT falling
  Destination Clock: CKHT falling

  Data Path: IC2/D20HZ_R_17 to IC2/D20HZ_R_21
                                Gate     Net
    Cell:in->out      fanout   Delay   Delay  Logical Name (Net Name)
    ----------------------------------------  ------------
     FDR_1:C->Q            2   0.514   0.532  IC2/D20HZ_R_17 (IC2/D20HZ_R_17)
     LUT4:I0->O            1   0.612   0.360  IC2/D20HZ_N_cmp_eq0000123 (IC2/D20HZ_N_cmp_eq0000123)
     LUT4:I3->O            2   0.612   0.383  IC2/D20HZ_N_cmp_eq0000137 (IC2/N01)
     LUT4:I3->O           22   0.612   0.989  IC2/D20HZ_N_cmp_eq000063 (IC2/D20HZ_N_cmp_eq0000)
     FDR_1:R                   0.795          IC2/D20HZ_R_21
    ----------------------------------------
    Total                      5.409ns (3.145ns logic, 2.264ns route)
                                       (58.1% logic, 41.9% route)

=========================================================================
Timing constraint: Default OFFSET IN BEFORE for Clock 'CKHT'
  Total number of paths / destination ports: 8 / 8
-------------------------------------------------------------------------
Offset:              5.172ns (Levels of Logic = 4)
  Source:            SW (PAD)
  Destination:       IC3/DEM_R_0 (FF)
  Destination Clock: CKHT falling

  Data Path: SW to IC3/DEM_R_0
                                Gate     Net
    Cell:in->out      fanout   Delay   Delay  Logical Name (Net Name)
    ----------------------------------------  ------------
     IBUF:I->O             1   1.106   0.509  SW_IBUF (SW_IBUF)
     LUT4:I0->O            1   0.612   0.426  IC3/DEM_R_and000050_SW0 (N49)
     LUT4_L:I1->LO         1   0.612   0.169  IC3/DEM_R_and000050 (IC3/DEM_R_and000050)
     LUT2:I1->O            8   0.612   0.643  IC3/DEM_R_and000064 (IC3/DEM_R_and0000)
     FDCE:CE                   0.483          IC3/DEM_R_0
    ----------------------------------------
    Total                      5.172ns (3.425ns logic, 1.747ns route)
                                       (66.2% logic, 33.8% route)

=========================================================================
Timing constraint: Default OFFSET OUT AFTER for Clock 'CKHT'
  Total number of paths / destination ports: 7640 / 15
-------------------------------------------------------------------------
Offset:              14.327ns (Levels of Logic = 12)
  Source:            IC3/DEM_R_3 (FF)
  Destination:       SSEG<6> (PAD)
  Source Clock:      CKHT falling

  Data Path: IC3/DEM_R_3 to SSEG<6>
                                Gate     Net
    Cell:in->out      fanout   Delay   Delay  Logical Name (Net Name)
    ----------------------------------------  ------------
     FDCE:C->Q            23   0.514   1.052  IC3/DEM_R_3 (IC3/DEM_R_3)
     LUT3:I2->O            4   0.612   0.499  IC4/BCD_HEX_13_mux000121 (IC4/N111)
     MUXF5:S->O            1   0.641   0.000  IC4/BCD_HEX_10_mux0002_f5 (IC4/BCD_HEX_10_mux0002_f5)
     MUXF6:I1->O           9   0.451   0.697  IC4/BCD_HEX_10_mux0002_f6 (IC4/Madd_BCD_HEX_11_8_add0003_lut<3>)
     MUXF5:S->O            5   0.641   0.690  IC4/BCD_HEX_11_mux0003_f5 (IC4/Madd_BCD_HEX_15_12_add0001_cy<0>)
     LUT2:I0->O            1   0.612   0.000  IC4/BCD_HEX_12_mux00013 (IC4/BCD_HEX_12_mux00012)
     MUXF6:I0->O           2   0.451   0.410  IC4/BCD_HEX_12_mux0001_f6 (CHUC<1>)
     LUT4:I2->O            1   0.612   0.000  IC5/K4/SSEG<0>2241 (IC5/K4/SSEG<0>2241)
     MUXF5:I1->O           1   0.278   0.509  IC5/K4/SSEG<0>224_f5 (IC5/K4/SSEG<0>224)
     LUT4:I0->O            1   0.612   0.000  IC5/K4/SSEG<0>254_F (N63)
     MUXF5:I0->O           7   0.278   0.602  IC5/K4/SSEG<0>254 (N1)
     MUXF5:S->O            1   0.641   0.357  IC5/K4/SSEG<2>_f5 (SSEG_2_OBUF)
     OBUF:I->O                 3.169          SSEG_2_OBUF (SSEG<2>)
    ----------------------------------------
    Total                     14.327ns (9.512ns logic, 4.815ns route)
                                       (66.4% logic, 33.6% route)

=========================================================================


Total REAL time to Xst completion: 8.00 secs
Total CPU time to Xst completion: 8.25 secs
 
--> 

Total memory usage is 4536840 kilobytes

Number of errors   :    0 (   0 filtered)
Number of warnings :    0 (   0 filtered)
Number of infos    :    0 (   0 filtered)

