Release 14.7 - xst P.20131013 (nt64)
Copyright (c) 1995-2013 Xilinx, Inc.  All rights reserved.
--> Parameter TMPDIR set to xst/projnav.tmp


Total REAL time to Xst completion: 0.00 secs
Total CPU time to Xst completion: 0.14 secs
 
--> Parameter xsthdpdir set to xst


Total REAL time to Xst completion: 0.00 secs
Total CPU time to Xst completion: 0.14 secs
 
--> Reading design: GIAIDAHOP_4KENH1B.prj

TABLE OF CONTENTS
  1) Synthesis Options Summary
  2) HDL Compilation
  3) Design Hierarchy Analysis
  4) HDL Analysis
  5) HDL Synthesis
     5.1) HDL Synthesis Report
  6) Advanced HDL Synthesis
     6.1) Advanced HDL Synthesis Report
  7) Low Level Synthesis
  8) Partition Report
  9) Final Report
	9.1) Device utilization summary
	9.2) Partition Resource Summary
	9.3) TIMING REPORT


=========================================================================
*                      Synthesis Options Summary                        *
=========================================================================
---- Source Parameters
Input File Name                    : "GIAIDAHOP_4KENH1B.prj"
Input Format                       : mixed
Ignore Synthesis Constraint File   : NO

---- Target Parameters
Output File Name                   : "GIAIDAHOP_4KENH1B"
Output Format                      : NGC
Target Device                      : xc3s500e-5-pq208

---- Source Options
Top Module Name                    : GIAIDAHOP_4KENH1B
Automatic FSM Extraction           : YES
FSM Encoding Algorithm             : Auto
Safe Implementation                : No
FSM Style                          : LUT
RAM Extraction                     : Yes
RAM Style                          : Auto
ROM Extraction                     : Yes
Mux Style                          : Auto
Decoder Extraction                 : YES
Priority Encoder Extraction        : Yes
Shift Register Extraction          : YES
Logical Shifter Extraction         : YES
XOR Collapsing                     : YES
ROM Style                          : Auto
Mux Extraction                     : Yes
Resource Sharing                   : YES
Asynchronous To Synchronous        : NO
Multiplier Style                   : Auto
Automatic Register Balancing       : No

---- Target Options
Add IO Buffers                     : YES
Global Maximum Fanout              : 100000
Add Generic Clock Buffer(BUFG)     : 24
Register Duplication               : YES
Slice Packing                      : YES
Optimize Instantiated Primitives   : NO
Use Clock Enable                   : Yes
Use Synchronous Set                : Yes
Use Synchronous Reset              : Yes
Pack IO Registers into IOBs        : Auto
Equivalent register Removal        : YES

---- General Options
Optimization Goal                  : Speed
Optimization Effort                : 1
Keep Hierarchy                     : No
Netlist Hierarchy                  : As_Optimized
RTL Output                         : Yes
Global Optimization                : AllClockNets
Read Cores                         : YES
Write Timing Constraints           : NO
Cross Clock Analysis               : NO
Hierarchy Separator                : /
Bus Delimiter                      : <>
Case Specifier                     : Maintain
Slice Utilization Ratio            : 100
BRAM Utilization Ratio             : 100
Verilog 2001                       : YES
Auto BRAM Packing                  : NO
Slice Utilization Ratio Delta      : 5

=========================================================================


=========================================================================
*                          HDL Compilation                              *
=========================================================================
Compiling vhdl file "C:/Users/TOSHIBA/Documents/TT_Xilinx/TTTKVMS_CHIEU_T5_NHOM_2/BAI_331_GIAIDAHOP_4KENH_1BIT/GIAIDAHOP_4KENH_1BIT.vhd" in Library work.
Architecture behavioral of Entity giaidahop_4kenh_1bit is up to date.
Compiling vhdl file "C:/Users/TOSHIBA/Documents/TT_Xilinx/TTTKVMS_CHIEU_T5_NHOM_2/BAI_331_GIAIDAHOP_4KENH_1BIT/GIAIDAHOP_4KENH1B.vhd" in Library work.
Architecture behavioral of Entity giaidahop_4kenh1b is up to date.

=========================================================================
*                     Design Hierarchy Analysis                         *
=========================================================================
Analyzing hierarchy for entity <GIAIDAHOP_4KENH1B> in library <work> (architecture <behavioral>).

Analyzing hierarchy for entity <GIAIDAHOP_4KENH_1BIT> in library <work> (architecture <Behavioral>).


=========================================================================
*                            HDL Analysis                               *
=========================================================================
Analyzing Entity <GIAIDAHOP_4KENH1B> in library <work> (Architecture <behavioral>).
Entity <GIAIDAHOP_4KENH1B> analyzed. Unit <GIAIDAHOP_4KENH1B> generated.

Analyzing Entity <GIAIDAHOP_4KENH_1BIT> in library <work> (Architecture <Behavioral>).
Entity <GIAIDAHOP_4KENH_1BIT> analyzed. Unit <GIAIDAHOP_4KENH_1BIT> generated.


=========================================================================
*                           HDL Synthesis                               *
=========================================================================

Performing bidirectional port resolution...

Synthesizing Unit <GIAIDAHOP_4KENH_1BIT>.
    Related source file is "C:/Users/TOSHIBA/Documents/TT_Xilinx/TTTKVMS_CHIEU_T5_NHOM_2/BAI_331_GIAIDAHOP_4KENH_1BIT/GIAIDAHOP_4KENH_1BIT.vhd".
    Found 4-bit shifter logical left for signal <O>.
    Summary:
	inferred   1 Combinational logic shifter(s).
Unit <GIAIDAHOP_4KENH_1BIT> synthesized.


Synthesizing Unit <GIAIDAHOP_4KENH1B>.
    Related source file is "C:/Users/TOSHIBA/Documents/TT_Xilinx/TTTKVMS_CHIEU_T5_NHOM_2/BAI_331_GIAIDAHOP_4KENH_1BIT/GIAIDAHOP_4KENH1B.vhd".
Unit <GIAIDAHOP_4KENH1B> synthesized.


=========================================================================
HDL Synthesis Report

Macro Statistics
# Logic shifters                                       : 1
 4-bit shifter logical left                            : 1

=========================================================================

=========================================================================
*                       Advanced HDL Synthesis                          *
=========================================================================


=========================================================================
Advanced HDL Synthesis Report

Macro Statistics
# Logic shifters                                       : 1
 4-bit shifter logical left                            : 1

=========================================================================

=========================================================================
*                         Low Level Synthesis                           *
=========================================================================

Optimizing unit <GIAIDAHOP_4KENH1B> ...

Mapping all equations...
Building and optimizing final netlist ...
Found area constraint ratio of 100 (+ 5) on block GIAIDAHOP_4KENH1B, actual ratio is 0.

Final Macro Processing ...

=========================================================================
Final Register Report

Found no macro
=========================================================================

=========================================================================
*                           Partition Report                            *
=========================================================================

Partition Implementation Status
-------------------------------

  No Partitions were found in this design.

-------------------------------

=========================================================================
*                            Final Report                               *
=========================================================================
Final Results
RTL Top Level Output File Name     : GIAIDAHOP_4KENH1B.ngr
Top Level Output File Name         : GIAIDAHOP_4KENH1B
Output Format                      : NGC
Optimization Goal                  : Speed
Keep Hierarchy                     : No

Design Statistics
# IOs                              : 7

Cell Usage :
# BELS                             : 4
#      LUT3                        : 4
# IO Buffers                       : 7
#      IBUF                        : 3
#      OBUF                        : 4
=========================================================================

Device utilization summary:
---------------------------

Selected Device : 3s500epq208-5 

 Number of Slices:                        2  out of   4656     0%  
 Number of 4 input LUTs:                  4  out of   9312     0%  
 Number of IOs:                           7
 Number of bonded IOBs:                   7  out of    158     4%  

---------------------------
Partition Resource Summary:
---------------------------

  No Partitions were found in this design.

---------------------------


=========================================================================
TIMING REPORT

NOTE: THESE TIMING NUMBERS ARE ONLY A SYNTHESIS ESTIMATE.
      FOR ACCURATE TIMING INFORMATION PLEASE REFER TO THE TRACE REPORT
      GENERATED AFTER PLACE-and-ROUTE.

Clock Information:
------------------
No clock signals found in this design

Asynchronous Control Signals Information:
----------------------------------------
No asynchronous control signals found in this design

Timing Summary:
---------------
Speed Grade: -5

   Minimum period: No path found
   Minimum input arrival time before clock: No path found
   Maximum output required time after clock: No path found
   Maximum combinational path delay: 5.895ns

Timing Detail:
--------------
All values displayed in nanoseconds (ns)

=========================================================================
Timing constraint: Default path analysis
  Total number of paths / destination ports: 12 / 4
-------------------------------------------------------------------------
Delay:               5.895ns (Levels of Logic = 3)
  Source:            SW<2> (PAD)
  Destination:       LED<3> (PAD)

  Data Path: SW<2> to LED<3>
                                Gate     Net
    Cell:in->out      fanout   Delay   Delay  Logical Name (Net Name)
    ----------------------------------------  ------------
     IBUF:I->O             4   1.106   0.651  SW_2_IBUF (SW_2_IBUF)
     LUT3:I0->O            1   0.612   0.357  GIAIDAHOP_4KENH_1BIT/Mshift_O__mux0000<3>1 (LED_3_OBUF)
     OBUF:I->O                 3.169          LED_3_OBUF (LED<3>)
    ----------------------------------------
    Total                      5.895ns (4.887ns logic, 1.008ns route)
                                       (82.9% logic, 17.1% route)

=========================================================================


Total REAL time to Xst completion: 5.00 secs
Total CPU time to Xst completion: 5.36 secs
 
--> 

Total memory usage is 4520244 kilobytes

Number of errors   :    0 (   0 filtered)
Number of warnings :    0 (   0 filtered)
Number of infos    :    0 (   0 filtered)

