--------------------------------------------------------------------------------
Release 14.7 Trace  (nt64)
Copyright (c) 1995-2013 Xilinx, Inc.  All rights reserved.

C:\Xilinx\14.7\ISE_DS\ISE\bin\nt64\unwrapped\trce.exe -intstyle ise -v 3 -s 3
-n 3 -fastpaths -xml dem_ht_so_to_nho_sw.twx dem_ht_so_to_nho_sw.ncd -o
dem_ht_so_to_nho_sw.twr dem_ht_so_to_nho_sw.pcf

Design file:              dem_ht_so_to_nho_sw.ncd
Physical constraint file: dem_ht_so_to_nho_sw.pcf
Device,package,speed:     xc6slx9,tqg144,C,-3 (PRODUCTION 1.23 2013-10-13)
Report level:             verbose report

Environment Variable      Effect 
--------------------      ------ 
NONE                      No environment variables were set
--------------------------------------------------------------------------------

INFO:Timing:2698 - No timing constraints found, doing default enumeration.
INFO:Timing:3412 - To improve timing, see the Timing Closure User Guide (UG612).
INFO:Timing:2752 - To get complete path coverage, use the unconstrained paths 
   option. All paths that are not constrained will be reported in the 
   unconstrained paths section(s) of the report.
INFO:Timing:3339 - The clock-to-out numbers in this timing report are based on 
   a 50 Ohm transmission line loading model.  For the details of this model, 
   and for more information on accounting for different loading conditions, 
   please see the device datasheet.



Data Sheet report:
-----------------
All values displayed in nanoseconds (ns)

Setup/Hold to clock CKHT
------------+------------+------------+------------+------------+------------------+--------+
            |Max Setup to|  Process   |Max Hold to |  Process   |                  | Clock  |
Source      | clk (edge) |   Corner   | clk (edge) |   Corner   |Internal Clock(s) | Phase  |
------------+------------+------------+------------+------------+------------------+--------+
BTN<0>      |    7.459(F)|      SLOW  |   -0.702(F)|      FAST  |CKHT_BUFGP        |   0.000|
BTN<1>      |    1.829(F)|      SLOW  |   -0.147(F)|      SLOW  |CKHT_BUFGP        |   0.000|
BTN<2>      |    1.544(F)|      SLOW  |   -0.040(F)|      SLOW  |CKHT_BUFGP        |   0.000|
BTN<3>      |    2.188(F)|      SLOW  |   -0.460(F)|      SLOW  |CKHT_BUFGP        |   0.000|
sw0         |    6.233(F)|      SLOW  |   -1.533(F)|      FAST  |CKHT_BUFGP        |   0.000|
------------+------------+------------+------------+------------+------------------+--------+

Clock CKHT to Pad
------------+-----------------+------------+-----------------+------------+------------------+--------+
            |Max (slowest) clk|  Process   |Min (fastest) clk|  Process   |                  | Clock  |
Destination |  (edge) to PAD  |   Corner   |  (edge) to PAD  |   Corner   |Internal Clock(s) | Phase  |
------------+-----------------+------------+-----------------+------------+------------------+--------+
LCD_DB<0>   |         8.879(F)|      SLOW  |         4.763(F)|      FAST  |CKHT_BUFGP        |   0.000|
LCD_DB<1>   |         8.770(F)|      SLOW  |         4.687(F)|      FAST  |CKHT_BUFGP        |   0.000|
LCD_DB<2>   |         8.915(F)|      SLOW  |         4.774(F)|      FAST  |CKHT_BUFGP        |   0.000|
LCD_DB<3>   |         8.482(F)|      SLOW  |         4.483(F)|      FAST  |CKHT_BUFGP        |   0.000|
LCD_DB<4>   |         8.509(F)|      SLOW  |         4.525(F)|      FAST  |CKHT_BUFGP        |   0.000|
LCD_DB<5>   |         8.540(F)|      SLOW  |         4.541(F)|      FAST  |CKHT_BUFGP        |   0.000|
LCD_DB<6>   |         8.357(F)|      SLOW  |         4.376(F)|      FAST  |CKHT_BUFGP        |   0.000|
LCD_DB<7>   |         8.404(F)|      SLOW  |         4.428(F)|      FAST  |CKHT_BUFGP        |   0.000|
LCD_E       |         7.775(F)|      SLOW  |         4.117(F)|      FAST  |CKHT_BUFGP        |   0.000|
LCD_RS      |         7.479(F)|      SLOW  |         3.877(F)|      FAST  |CKHT_BUFGP        |   0.000|
------------+-----------------+------------+-----------------+------------+------------------+--------+

Clock to Setup on destination clock CKHT
---------------+---------+---------+---------+---------+
               | Src:Rise| Src:Fall| Src:Rise| Src:Fall|
Source Clock   |Dest:Rise|Dest:Rise|Dest:Fall|Dest:Fall|
---------------+---------+---------+---------+---------+
CKHT           |         |         |         |    6.773|
---------------+---------+---------+---------+---------+


Analysis completed Sun Sep 06 10:52:43 2020 
--------------------------------------------------------------------------------

Trace Settings:
-------------------------
Trace Settings 

Peak Memory Usage: 4571 MB



