Release 14.7 - xst P.20131013 (nt64)
Copyright (c) 1995-2013 Xilinx, Inc.  All rights reserved.
--> Parameter TMPDIR set to xst/projnav.tmp


Total REAL time to Xst completion: 0.00 secs
Total CPU time to Xst completion: 0.19 secs
 
--> Parameter xsthdpdir set to xst


Total REAL time to Xst completion: 0.00 secs
Total CPU time to Xst completion: 0.19 secs
 
--> Reading design: SANG_DAN_MSSV_7DOAN_TAT_HET.prj

TABLE OF CONTENTS
  1) Synthesis Options Summary
  2) HDL Parsing
  3) HDL Elaboration
  4) HDL Synthesis
       4.1) HDL Synthesis Report
  5) Advanced HDL Synthesis
       5.1) Advanced HDL Synthesis Report
  6) Low Level Synthesis
  7) Partition Report
  8) Design Summary
       8.1) Primitive and Black Box Usage
       8.2) Device utilization summary
       8.3) Partition Resource Summary
       8.4) Timing Report
            8.4.1) Clock Information
            8.4.2) Asynchronous Control Signals Information
            8.4.3) Timing Summary
            8.4.4) Timing Details
            8.4.5) Cross Clock Domains Report


=========================================================================
*                      Synthesis Options Summary                        *
=========================================================================
---- Source Parameters
Input File Name                    : "SANG_DAN_MSSV_7DOAN_TAT_HET.prj"
Ignore Synthesis Constraint File   : NO

---- Target Parameters
Output File Name                   : "SANG_DAN_MSSV_7DOAN_TAT_HET"
Output Format                      : NGC
Target Device                      : xc6slx9-3-tqg144

---- Source Options
Top Module Name                    : SANG_DAN_MSSV_7DOAN_TAT_HET
Automatic FSM Extraction           : YES
FSM Encoding Algorithm             : Auto
Safe Implementation                : No
FSM Style                          : LUT
RAM Extraction                     : Yes
RAM Style                          : Auto
ROM Extraction                     : Yes
Shift Register Extraction          : YES
ROM Style                          : Auto
Resource Sharing                   : YES
Asynchronous To Synchronous        : NO
Shift Register Minimum Size        : 2
Use DSP Block                      : Auto
Automatic Register Balancing       : No

---- Target Options
LUT Combining                      : Auto
Reduce Control Sets                : Auto
Add IO Buffers                     : YES
Global Maximum Fanout              : 100000
Add Generic Clock Buffer(BUFG)     : 16
Register Duplication               : YES
Optimize Instantiated Primitives   : NO
Use Clock Enable                   : Auto
Use Synchronous Set                : Auto
Use Synchronous Reset              : Auto
Pack IO Registers into IOBs        : Auto
Equivalent register Removal        : YES

---- General Options
Optimization Goal                  : Speed
Optimization Effort                : 1
Power Reduction                    : NO
Keep Hierarchy                     : No
Netlist Hierarchy                  : As_Optimized
RTL Output                         : Yes
Global Optimization                : AllClockNets
Read Cores                         : YES
Write Timing Constraints           : NO
Cross Clock Analysis               : NO
Hierarchy Separator                : /
Bus Delimiter                      : <>
Case Specifier                     : Maintain
Slice Utilization Ratio            : 100
BRAM Utilization Ratio             : 100
DSP48 Utilization Ratio            : 100
Auto BRAM Packing                  : NO
Slice Utilization Ratio Delta      : 5

=========================================================================


=========================================================================
*                          HDL Parsing                                  *
=========================================================================
Parsing VHDL file "C:\Users\Admin\Documents\TT-HDL-N7-S2\VHDL\SANG_DAN_MSSV_7DOAN\QUET_ANODE_8LED_7DOAN.vhd" into library work
Parsing entity <QUET_ANODE_8LED_7DOAN>.
Parsing architecture <Behavioral> of entity <quet_anode_8led_7doan>.
Parsing VHDL file "C:\Users\Admin\Documents\TT-HDL-N7-S2\VHDL\SANG_DAN_MSSV_7DOAN\GIAIMA_7DOAN_ENA.vhd" into library work
Parsing entity <GIAIMA_7DOAN_ENA>.
Parsing architecture <Behavioral> of entity <giaima_7doan_ena>.
Parsing VHDL file "C:\Users\Admin\Documents\TT-HDL-N7-S2\VHDL\SANG_DAN_MSSV_7DOAN\DEM_3BIT_CHON_8KENH.vhd" into library work
Parsing entity <DEM_3BIT_CHON_8KENH>.
Parsing architecture <Behavioral> of entity <dem_3bit_chon_8kenh>.
Parsing VHDL file "C:\Users\Admin\Documents\TT-HDL-N7-S2\VHDL\SANG_DAN_MSSV_7DOAN\DAHOP_8KENH.vhd" into library work
Parsing entity <DAHOP_8KENH>.
Parsing architecture <Behavioral> of entity <dahop_8kenh>.
Parsing VHDL file "C:\Users\Admin\Documents\TT-HDL-N7-S2\VHDL\SANG_DAN_MSSV_7DOAN\GIAIMA_HIENTHI_8LED_7DOAN.vhd" into library work
Parsing entity <GIAIMA_HIENTHI_8LED_7DOAN>.
Parsing architecture <Behavioral> of entity <giaima_hienthi_8led_7doan>.
Parsing VHDL file "C:\Users\Admin\Documents\TT-HDL-N7-S2\VHDL\SANG_DAN_MSSV_7DOAN\DICH.vhd" into library work
Parsing entity <DICH>.
Parsing architecture <Behavioral> of entity <dich>.
Parsing VHDL file "C:\Users\Admin\Documents\TT-HDL-N7-S2\VHDL\SANG_DAN_MSSV_7DOAN\CHIA_10ENA.vhd" into library work
Parsing entity <CHIA_10ENA>.
Parsing architecture <Behavioral> of entity <chia_10ena>.
Parsing VHDL file "C:\Users\Admin\Documents\TT-HDL-N7-S2\VHDL\SANG_DAN_MSSV_7DOAN\SANG_DAN_MSSV_7DOAN.vhd" into library work
Parsing entity <SANG_DAN_MSSV_7DOAN_TAT_HET>.
Parsing architecture <Behavioral> of entity <sang_dan_mssv_7doan_tat_het>.

=========================================================================
*                            HDL Elaboration                            *
=========================================================================

Elaborating entity <SANG_DAN_MSSV_7DOAN_TAT_HET> (architecture <Behavioral>) from library <work>.

Elaborating entity <CHIA_10ENA> (architecture <Behavioral>) from library <work>.

Elaborating entity <DICH> (architecture <Behavioral>) from library <work>.

Elaborating entity <GIAIMA_HIENTHI_8LED_7DOAN> (architecture <Behavioral>) from library <work>.

Elaborating entity <DEM_3BIT_CHON_8KENH> (architecture <Behavioral>) from library <work>.

Elaborating entity <QUET_ANODE_8LED_7DOAN> (architecture <Behavioral>) from library <work>.

Elaborating entity <DAHOP_8KENH> (architecture <Behavioral>) from library <work>.

Elaborating entity <GIAIMA_7DOAN_ENA> (architecture <Behavioral>) from library <work>.

=========================================================================
*                           HDL Synthesis                               *
=========================================================================

Synthesizing Unit <SANG_DAN_MSSV_7DOAN_TAT_HET>.
    Related source file is "C:\Users\Admin\Documents\TT-HDL-N7-S2\VHDL\SANG_DAN_MSSV_7DOAN\SANG_DAN_MSSV_7DOAN.vhd".
    Summary:
	no macro.
Unit <SANG_DAN_MSSV_7DOAN_TAT_HET> synthesized.

Synthesizing Unit <CHIA_10ENA>.
    Related source file is "C:\Users\Admin\Documents\TT-HDL-N7-S2\VHDL\SANG_DAN_MSSV_7DOAN\CHIA_10ENA.vhd".
    Found 16-bit register for signal <D1KHZ_REG>.
    Found 26-bit register for signal <D1HZ_REG>.
    Found 27-bit adder for signal <n0017> created at line 52.
    Found 17-bit adder for signal <n0018> created at line 68.
    Summary:
	inferred   2 Adder/Subtractor(s).
	inferred  42 D-type flip-flop(s).
Unit <CHIA_10ENA> synthesized.

Synthesizing Unit <DICH>.
    Related source file is "C:\Users\Admin\Documents\TT-HDL-N7-S2\VHDL\SANG_DAN_MSSV_7DOAN\DICH.vhd".
    Found 4-bit register for signal <I_REG>.
    Found 8-bit register for signal <ENA_8LED_REG>.
    Found 4-bit adder for signal <I_REG[3]_GND_7_o_add_4_OUT> created at line 44.
    Found 4-bit comparator lessequal for signal <TT> created at line 50
    Summary:
	inferred   1 Adder/Subtractor(s).
	inferred  12 D-type flip-flop(s).
	inferred   1 Comparator(s).
	inferred   3 Multiplexer(s).
Unit <DICH> synthesized.

Synthesizing Unit <GIAIMA_HIENTHI_8LED_7DOAN>.
    Related source file is "C:\Users\Admin\Documents\TT-HDL-N7-S2\VHDL\SANG_DAN_MSSV_7DOAN\GIAIMA_HIENTHI_8LED_7DOAN.vhd".
    Summary:
	no macro.
Unit <GIAIMA_HIENTHI_8LED_7DOAN> synthesized.

Synthesizing Unit <DEM_3BIT_CHON_8KENH>.
    Related source file is "C:\Users\Admin\Documents\TT-HDL-N7-S2\VHDL\SANG_DAN_MSSV_7DOAN\DEM_3BIT_CHON_8KENH.vhd".
    Found 3-bit register for signal <Q_R>.
    Found 3-bit adder for signal <Q_R[2]_GND_9_o_add_1_OUT> created at line 51.
    Summary:
	inferred   1 Adder/Subtractor(s).
	inferred   3 D-type flip-flop(s).
Unit <DEM_3BIT_CHON_8KENH> synthesized.

Synthesizing Unit <QUET_ANODE_8LED_7DOAN>.
    Related source file is "C:\Users\Admin\Documents\TT-HDL-N7-S2\VHDL\SANG_DAN_MSSV_7DOAN\QUET_ANODE_8LED_7DOAN.vhd".
    Found 8x8-bit Read Only RAM for signal <ANODE>
    Summary:
	inferred   1 RAM(s).
Unit <QUET_ANODE_8LED_7DOAN> synthesized.

Synthesizing Unit <DAHOP_8KENH>.
    Related source file is "C:\Users\Admin\Documents\TT-HDL-N7-S2\VHDL\SANG_DAN_MSSV_7DOAN\DAHOP_8KENH.vhd".
    Found 4-bit 8-to-1 multiplexer for signal <SO_GMA> created at line 53.
    Found 1-bit 8-to-1 multiplexer for signal <ENA_1LED> created at line 81.
    Summary:
	inferred   2 Multiplexer(s).
Unit <DAHOP_8KENH> synthesized.

Synthesizing Unit <GIAIMA_7DOAN_ENA>.
    Related source file is "C:\Users\Admin\Documents\TT-HDL-N7-S2\VHDL\SANG_DAN_MSSV_7DOAN\GIAIMA_7DOAN_ENA.vhd".
    Summary:
	inferred   1 Multiplexer(s).
Unit <GIAIMA_7DOAN_ENA> synthesized.

=========================================================================
HDL Synthesis Report

Macro Statistics
# RAMs                                                 : 1
 8x8-bit single-port Read Only RAM                     : 1
# Adders/Subtractors                                   : 4
 17-bit adder                                          : 1
 27-bit adder                                          : 1
 3-bit adder                                           : 1
 4-bit adder                                           : 1
# Registers                                            : 5
 16-bit register                                       : 1
 26-bit register                                       : 1
 3-bit register                                        : 1
 4-bit register                                        : 1
 8-bit register                                        : 1
# Comparators                                          : 1
 4-bit comparator lessequal                            : 1
# Multiplexers                                         : 6
 1-bit 8-to-1 multiplexer                              : 1
 4-bit 2-to-1 multiplexer                              : 1
 4-bit 8-to-1 multiplexer                              : 1
 8-bit 2-to-1 multiplexer                              : 3

=========================================================================

=========================================================================
*                       Advanced HDL Synthesis                          *
=========================================================================


Synthesizing (advanced) Unit <CHIA_10ENA>.
The following registers are absorbed into counter <D1KHZ_REG>: 1 register on signal <D1KHZ_REG>.
The following registers are absorbed into counter <D1HZ_REG>: 1 register on signal <D1HZ_REG>.
Unit <CHIA_10ENA> synthesized (advanced).

Synthesizing (advanced) Unit <DEM_3BIT_CHON_8KENH>.
The following registers are absorbed into counter <Q_R>: 1 register on signal <Q_R>.
Unit <DEM_3BIT_CHON_8KENH> synthesized (advanced).

Synthesizing (advanced) Unit <DICH>.
The following registers are absorbed into counter <I_REG>: 1 register on signal <I_REG>.
Unit <DICH> synthesized (advanced).

Synthesizing (advanced) Unit <QUET_ANODE_8LED_7DOAN>.
INFO:Xst:3218 - HDL ADVISOR - The RAM <Mram_ANODE> will be implemented on LUTs either because you have described an asynchronous read or because of currently unsupported block RAM features. If you have described an asynchronous read, making it synchronous would allow you to take advantage of available block RAM resources, for optimized device usage and improved timings. Please refer to your documentation for coding guidelines.
    -----------------------------------------------------------------------
    | ram_type           | Distributed                         |          |
    -----------------------------------------------------------------------
    | Port A                                                              |
    |     aspect ratio   | 8-word x 8-bit                      |          |
    |     weA            | connected to signal <GND>           | high     |
    |     addrA          | connected to signal <SEL_3B>        |          |
    |     diA            | connected to signal <GND>           |          |
    |     doA            | connected to signal <ANODE>         |          |
    -----------------------------------------------------------------------
Unit <QUET_ANODE_8LED_7DOAN> synthesized (advanced).

=========================================================================
Advanced HDL Synthesis Report

Macro Statistics
# RAMs                                                 : 1
 8x8-bit single-port distributed Read Only RAM         : 1
# Counters                                             : 4
 16-bit up counter                                     : 1
 26-bit up counter                                     : 1
 3-bit up counter                                      : 1
 4-bit up counter                                      : 1
# Registers                                            : 8
 Flip-Flops                                            : 8
# Comparators                                          : 1
 4-bit comparator lessequal                            : 1
# Multiplexers                                         : 5
 1-bit 8-to-1 multiplexer                              : 1
 4-bit 8-to-1 multiplexer                              : 1
 8-bit 2-to-1 multiplexer                              : 3

=========================================================================

=========================================================================
*                         Low Level Synthesis                           *
=========================================================================

Optimizing unit <SANG_DAN_MSSV_7DOAN_TAT_HET> ...

Optimizing unit <CHIA_10ENA> ...

Optimizing unit <DICH> ...
INFO:Xst:2261 - The FF/Latch <IC1/D1HZ_REG_0> in Unit <SANG_DAN_MSSV_7DOAN_TAT_HET> is equivalent to the following FF/Latch, which will be removed : <IC1/D1KHZ_REG_0> 
INFO:Xst:2261 - The FF/Latch <IC1/D1HZ_REG_1> in Unit <SANG_DAN_MSSV_7DOAN_TAT_HET> is equivalent to the following FF/Latch, which will be removed : <IC1/D1KHZ_REG_1> 
INFO:Xst:2261 - The FF/Latch <IC1/D1HZ_REG_2> in Unit <SANG_DAN_MSSV_7DOAN_TAT_HET> is equivalent to the following FF/Latch, which will be removed : <IC1/D1KHZ_REG_2> 
INFO:Xst:2261 - The FF/Latch <IC1/D1HZ_REG_3> in Unit <SANG_DAN_MSSV_7DOAN_TAT_HET> is equivalent to the following FF/Latch, which will be removed : <IC1/D1KHZ_REG_3> 

Mapping all equations...
Building and optimizing final netlist ...
Found area constraint ratio of 100 (+ 5) on block SANG_DAN_MSSV_7DOAN_TAT_HET, actual ratio is 2.

Final Macro Processing ...

=========================================================================
Final Register Report

Macro Statistics
# Registers                                            : 53
 Flip-Flops                                            : 53

=========================================================================

=========================================================================
*                           Partition Report                            *
=========================================================================

Partition Implementation Status
-------------------------------

  No Partitions were found in this design.

-------------------------------

=========================================================================
*                            Design Summary                             *
=========================================================================

Top Level Output File Name         : SANG_DAN_MSSV_7DOAN_TAT_HET.ngc

Primitive and Black Box Usage:
------------------------------
# BELS                             : 224
#      GND                         : 1
#      INV                         : 5
#      LUT1                        : 40
#      LUT2                        : 42
#      LUT3                        : 13
#      LUT4                        : 2
#      LUT5                        : 5
#      LUT6                        : 34
#      MUXCY                       : 40
#      MUXF7                       : 3
#      VCC                         : 1
#      XORCY                       : 38
# FlipFlops/Latches                : 53
#      FD                          : 38
#      FDC                         : 4
#      FDCE_1                      : 8
#      FDE                         : 3
# Clock Buffers                    : 1
#      BUFGP                       : 1
# IO Buffers                       : 17
#      IBUF                        : 1
#      OBUF                        : 16

Device utilization summary:
---------------------------

Selected Device : 6slx9tqg144-3 


Slice Logic Utilization: 
 Number of Slice Registers:              53  out of  11440     0%  
 Number of Slice LUTs:                  141  out of   5720     2%  
    Number used as Logic:               141  out of   5720     2%  

Slice Logic Distribution: 
 Number of LUT Flip Flop pairs used:    141
   Number with an unused Flip Flop:      88  out of    141    62%  
   Number with an unused LUT:             0  out of    141     0%  
   Number of fully used LUT-FF pairs:    53  out of    141    37%  
   Number of unique control sets:         4

IO Utilization: 
 Number of IOs:                          18
 Number of bonded IOBs:                  18  out of    102    17%  

Specific Feature Utilization:
 Number of BUFG/BUFGCTRLs:                1  out of     16     6%  

---------------------------
Partition Resource Summary:
---------------------------

  No Partitions were found in this design.

---------------------------


=========================================================================
Timing Report

NOTE: THESE TIMING NUMBERS ARE ONLY A SYNTHESIS ESTIMATE.
      FOR ACCURATE TIMING INFORMATION PLEASE REFER TO THE TRACE REPORT
      GENERATED AFTER PLACE-and-ROUTE.

Clock Information:
------------------
-----------------------------------+------------------------+-------+
Clock Signal                       | Clock buffer(FF name)  | Load  |
-----------------------------------+------------------------+-------+
CKHT                               | BUFGP                  | 53    |
-----------------------------------+------------------------+-------+

Asynchronous Control Signals Information:
----------------------------------------
No asynchronous control signals found in this design

Timing Summary:
---------------
Speed Grade: -3

   Minimum period: 4.022ns (Maximum Frequency: 248.617MHz)
   Minimum input arrival time before clock: 3.345ns
   Maximum output required time after clock: 6.490ns
   Maximum combinational path delay: No path found

Timing Details:
---------------
All values displayed in nanoseconds (ns)

=========================================================================
Timing constraint: Default period analysis for Clock 'CKHT'
  Clock period: 4.022ns (frequency: 248.617MHz)
  Total number of paths / destination ports: 1848 / 64
-------------------------------------------------------------------------
Delay:               4.022ns (Levels of Logic = 3)
  Source:            IC1/D1HZ_REG_22 (FF)
  Destination:       IC1/D1HZ_REG_25 (FF)
  Source Clock:      CKHT falling
  Destination Clock: CKHT falling

  Data Path: IC1/D1HZ_REG_22 to IC1/D1HZ_REG_25
                                Gate     Net
    Cell:in->out      fanout   Delay   Delay  Logical Name (Net Name)
    ----------------------------------------  ------------
     FD:C->Q               4   0.447   1.048  IC1/D1HZ_REG_22 (IC1/D1HZ_REG_22)
     LUT6:I0->O            3   0.203   0.879  IC1/ENA1HZ<25>14_SW1 (N10)
     LUT6:I3->O           13   0.205   0.933  IC1/PWR_5_o_D1HZ_REG[25]_equal_5_o<25> (IC1/PWR_5_o_D1HZ_REG[25]_equal_5_o)
     LUT2:I1->O            1   0.205   0.000  IC1/D1HZ_REG_25_rstpot (IC1/D1HZ_REG_25_rstpot)
     FD:D                      0.102          IC1/D1HZ_REG_25
    ----------------------------------------
    Total                      4.022ns (1.162ns logic, 2.860ns route)
                                       (28.9% logic, 71.1% route)

=========================================================================
Timing constraint: Default OFFSET IN BEFORE for Clock 'CKHT'
  Total number of paths / destination ports: 12 / 12
-------------------------------------------------------------------------
Offset:              3.345ns (Levels of Logic = 2)
  Source:            BTN0 (PAD)
  Destination:       IC2/ENA_8LED_REG_7 (FF)
  Destination Clock: CKHT falling

  Data Path: BTN0 to IC2/ENA_8LED_REG_7
                                Gate     Net
    Cell:in->out      fanout   Delay   Delay  Logical Name (Net Name)
    ----------------------------------------  ------------
     IBUF:I->O             1   1.222   0.579  BTN0_IBUF (BTN0_IBUF)
     INV:I->O             12   0.206   0.908  RST1_INV_0 (RST)
     FDCE_1:CLR                0.430          IC2/ENA_8LED_REG_0
    ----------------------------------------
    Total                      3.345ns (1.858ns logic, 1.487ns route)
                                       (55.6% logic, 44.4% route)

=========================================================================
Timing constraint: Default OFFSET OUT AFTER for Clock 'CKHT'
  Total number of paths / destination ports: 184 / 15
-------------------------------------------------------------------------
Offset:              6.490ns (Levels of Logic = 4)
  Source:            IC3/K1/Q_R_1 (FF)
  Destination:       SSEG<4> (PAD)
  Source Clock:      CKHT falling

  Data Path: IC3/K1/Q_R_1 to SSEG<4>
                                Gate     Net
    Cell:in->out      fanout   Delay   Delay  Logical Name (Net Name)
    ----------------------------------------  ------------
     FDE:C->Q             22   0.447   1.238  IC3/K1/Q_R_1 (IC3/K1/Q_R_1)
     LUT2:I0->O            1   0.203   0.000  IC3/K3/Mmux_SO_GMA_431 (IC3/K3/Mmux_SO_GMA_3)
     MUXF7:I1->O           6   0.140   1.109  IC3/K3/Mmux_SO_GMA_2_f7 (IC3/SO_GMA<0>)
     LUT6:I0->O            1   0.203   0.579  IC3/K4/Mmux_SSEG511 (SSEG_4_OBUF)
     OBUF:I->O                 2.571          SSEG_4_OBUF (SSEG<4>)
    ----------------------------------------
    Total                      6.490ns (3.564ns logic, 2.926ns route)
                                       (54.9% logic, 45.1% route)

=========================================================================

Cross Clock Domains Report:
--------------------------

Clock to Setup on destination clock CKHT
---------------+---------+---------+---------+---------+
               | Src:Rise| Src:Fall| Src:Rise| Src:Fall|
Source Clock   |Dest:Rise|Dest:Rise|Dest:Fall|Dest:Fall|
---------------+---------+---------+---------+---------+
CKHT           |         |         |    4.022|         |
---------------+---------+---------+---------+---------+

=========================================================================


Total REAL time to Xst completion: 11.00 secs
Total CPU time to Xst completion: 10.29 secs
 
--> 

Total memory usage is 4494012 kilobytes

Number of errors   :    0 (   0 filtered)
Number of warnings :    0 (   0 filtered)
Number of infos    :    5 (   0 filtered)

