Release 14.7 - xst P.20131013 (nt64)
Copyright (c) 1995-2013 Xilinx, Inc.  All rights reserved.
--> Parameter TMPDIR set to xst/projnav.tmp


Total REAL time to Xst completion: 0.00 secs
Total CPU time to Xst completion: 0.22 secs
 
--> Parameter xsthdpdir set to xst


Total REAL time to Xst completion: 0.00 secs
Total CPU time to Xst completion: 0.23 secs
 
--> Reading design: MORONG_THEM_1.prj

TABLE OF CONTENTS
  1) Synthesis Options Summary
  2) HDL Parsing
  3) HDL Elaboration
  4) HDL Synthesis
       4.1) HDL Synthesis Report
  5) Advanced HDL Synthesis
       5.1) Advanced HDL Synthesis Report
  6) Low Level Synthesis
  7) Partition Report
  8) Design Summary
       8.1) Primitive and Black Box Usage
       8.2) Device utilization summary
       8.3) Partition Resource Summary
       8.4) Timing Report
            8.4.1) Clock Information
            8.4.2) Asynchronous Control Signals Information
            8.4.3) Timing Summary
            8.4.4) Timing Details
            8.4.5) Cross Clock Domains Report


=========================================================================
*                      Synthesis Options Summary                        *
=========================================================================
---- Source Parameters
Input File Name                    : "MORONG_THEM_1.prj"
Ignore Synthesis Constraint File   : NO

---- Target Parameters
Output File Name                   : "MORONG_THEM_1"
Output Format                      : NGC
Target Device                      : xc6slx9-3-tqg144

---- Source Options
Top Module Name                    : MORONG_THEM_1
Automatic FSM Extraction           : YES
FSM Encoding Algorithm             : Auto
Safe Implementation                : No
FSM Style                          : LUT
RAM Extraction                     : Yes
RAM Style                          : Auto
ROM Extraction                     : Yes
Shift Register Extraction          : YES
ROM Style                          : Auto
Resource Sharing                   : YES
Asynchronous To Synchronous        : NO
Shift Register Minimum Size        : 2
Use DSP Block                      : Auto
Automatic Register Balancing       : No

---- Target Options
LUT Combining                      : Auto
Reduce Control Sets                : Auto
Add IO Buffers                     : YES
Global Maximum Fanout              : 100000
Add Generic Clock Buffer(BUFG)     : 16
Register Duplication               : YES
Optimize Instantiated Primitives   : NO
Use Clock Enable                   : Auto
Use Synchronous Set                : Auto
Use Synchronous Reset              : Auto
Pack IO Registers into IOBs        : Auto
Equivalent register Removal        : YES

---- General Options
Optimization Goal                  : Speed
Optimization Effort                : 1
Power Reduction                    : NO
Keep Hierarchy                     : No
Netlist Hierarchy                  : As_Optimized
RTL Output                         : Yes
Global Optimization                : AllClockNets
Read Cores                         : YES
Write Timing Constraints           : NO
Cross Clock Analysis               : NO
Hierarchy Separator                : /
Bus Delimiter                      : <>
Case Specifier                     : Maintain
Slice Utilization Ratio            : 100
BRAM Utilization Ratio             : 100
DSP48 Utilization Ratio            : 100
Auto BRAM Packing                  : NO
Slice Utilization Ratio Delta      : 5

=========================================================================


=========================================================================
*                          HDL Parsing                                  *
=========================================================================
Parsing VHDL file "C:\Users\Admin\Documents\TT-HDL-N7-S2\BAI_443_MORONG_THEM_1\LAM_HEP_XUNG.vhd" into library work
Parsing entity <LAM_HEP_XUNG>.
Parsing architecture <Behavioral> of entity <lam_hep_xung>.
Parsing VHDL file "C:\Users\Admin\Documents\TT-HDL-N7-S2\BAI_443_MORONG_THEM_1\DEBOUNCE_BTN.vhd" into library work
Parsing entity <DEBOUNCE_BTN>.
Parsing architecture <Behavioral> of entity <debounce_btn>.
Parsing VHDL file "C:\Users\Admin\Documents\TT-HDL-N7-S2\BAI_443_MORONG_THEM_1\LED_STD_TSP.vhd" into library work
Parsing entity <LED_STD_TSP>.
Parsing architecture <Behavioral> of entity <led_std_tsp>.
Parsing VHDL file "C:\Users\Admin\Documents\TT-HDL-N7-S2\BAI_443_MORONG_THEM_1\LED_STD_PST.vhd" into library work
Parsing entity <LED_STD_PST>.
Parsing architecture <Behavioral> of entity <led_std_pst>.
Parsing VHDL file "C:\Users\Admin\Documents\TT-HDL-N7-S2\BAI_443_MORONG_THEM_1\DEM_1BIT.vhd" into library work
Parsing entity <DEM_1BIT>.
Parsing architecture <Behavioral> of entity <dem_1bit>.
Parsing VHDL file "C:\Users\Admin\Documents\TT-HDL-N7-S2\BAI_443_MORONG_THEM_1\CHIA_10ENA.vhd" into library work
Parsing entity <CHIA_10ENA>.
Parsing architecture <Behavioral> of entity <chia_10ena>.
Parsing VHDL file "C:\Users\Admin\Documents\TT-HDL-N7-S2\BAI_443_MORONG_THEM_1\CD_LAM_HEP_BTN.vhd" into library work
Parsing entity <CD_LAM_HEP_BTN>.
Parsing architecture <Behavioral> of entity <cd_lam_hep_btn>.
Parsing VHDL file "C:\Users\Admin\Documents\TT-HDL-N7-S2\BAI_443_MORONG_THEM_1\MORONG_THEM_1.vhd" into library work
Parsing entity <MORONG_THEM_1>.
Parsing architecture <Behavioral> of entity <morong_them_1>.

=========================================================================
*                            HDL Elaboration                            *
=========================================================================

Elaborating entity <MORONG_THEM_1> (architecture <Behavioral>) from library <work>.

Elaborating entity <CHIA_10ENA> (architecture <Behavioral>) from library <work>.

Elaborating entity <LED_STD_PST> (architecture <Behavioral>) from library <work>.

Elaborating entity <LED_STD_TSP> (architecture <Behavioral>) from library <work>.

Elaborating entity <CD_LAM_HEP_BTN> (architecture <Behavioral>) from library <work>.

Elaborating entity <DEBOUNCE_BTN> (architecture <Behavioral>) from library <work>.

Elaborating entity <LAM_HEP_XUNG> (architecture <Behavioral>) from library <work>.

Elaborating entity <DEM_1BIT> (architecture <Behavioral>) from library <work>.

=========================================================================
*                           HDL Synthesis                               *
=========================================================================

Synthesizing Unit <MORONG_THEM_1>.
    Related source file is "C:\Users\Admin\Documents\TT-HDL-N7-S2\BAI_443_MORONG_THEM_1\MORONG_THEM_1.vhd".
    Summary:
	no macro.
Unit <MORONG_THEM_1> synthesized.

Synthesizing Unit <CHIA_10ENA>.
    Related source file is "C:\Users\Admin\Documents\TT-HDL-N7-S2\BAI_443_MORONG_THEM_1\CHIA_10ENA.vhd".
    Found 24-bit register for signal <D5HZ_R>.
    Found 26-bit register for signal <D1HZ_R>.
    Found 25-bit adder for signal <n0017> created at line 99.
    Found 27-bit adder for signal <n0018> created at line 101.
    Summary:
	inferred   2 Adder/Subtractor(s).
	inferred  50 D-type flip-flop(s).
Unit <CHIA_10ENA> synthesized.

Synthesizing Unit <LED_STD_PST>.
    Related source file is "C:\Users\Admin\Documents\TT-HDL-N7-S2\BAI_443_MORONG_THEM_1\LED_STD_PST.vhd".
    Found 8-bit register for signal <Q_R>.
    Summary:
	inferred   8 D-type flip-flop(s).
	inferred   2 Multiplexer(s).
Unit <LED_STD_PST> synthesized.

Synthesizing Unit <LED_STD_TSP>.
    Related source file is "C:\Users\Admin\Documents\TT-HDL-N7-S2\BAI_443_MORONG_THEM_1\LED_STD_TSP.vhd".
    Found 8-bit register for signal <Q_R>.
    Summary:
	inferred   8 D-type flip-flop(s).
	inferred   2 Multiplexer(s).
Unit <LED_STD_TSP> synthesized.

Synthesizing Unit <CD_LAM_HEP_BTN>.
    Related source file is "C:\Users\Admin\Documents\TT-HDL-N7-S2\BAI_443_MORONG_THEM_1\CD_LAM_HEP_BTN.vhd".
    Summary:
	no macro.
Unit <CD_LAM_HEP_BTN> synthesized.

Synthesizing Unit <DEBOUNCE_BTN>.
    Related source file is "C:\Users\Admin\Documents\TT-HDL-N7-S2\BAI_443_MORONG_THEM_1\DEBOUNCE_BTN.vhd".
    Found 20-bit register for signal <DL_R>.
    Found 2-bit register for signal <DB_R>.
    Found finite state machine <FSM_0> for signal <DB_R>.
    -----------------------------------------------------------------------
    | States             | 4                                              |
    | Transitions        | 10                                             |
    | Inputs             | 2                                              |
    | Outputs            | 3                                              |
    | Clock              | CKHT (falling_edge)                            |
    | Power Up State     | zero                                           |
    | Encoding           | auto                                           |
    | Implementation     | LUT                                            |
    -----------------------------------------------------------------------
    Found 20-bit subtractor for signal <GND_10_o_GND_10_o_sub_5_OUT<19:0>> created at line 65.
    Found 20-bit 4-to-1 multiplexer for signal <DL_N> created at line 58.
    Summary:
	inferred   1 Adder/Subtractor(s).
	inferred  20 D-type flip-flop(s).
	inferred   3 Multiplexer(s).
	inferred   1 Finite State Machine(s).
Unit <DEBOUNCE_BTN> synthesized.

Synthesizing Unit <LAM_HEP_XUNG>.
    Related source file is "C:\Users\Admin\Documents\TT-HDL-N7-S2\BAI_443_MORONG_THEM_1\LAM_HEP_XUNG.vhd".
    Found 1-bit register for signal <QFF>.
    Summary:
	inferred   1 D-type flip-flop(s).
Unit <LAM_HEP_XUNG> synthesized.

Synthesizing Unit <DEM_1BIT>.
    Related source file is "C:\Users\Admin\Documents\TT-HDL-N7-S2\BAI_443_MORONG_THEM_1\DEM_1BIT.vhd".
    Found 1-bit register for signal <Q_R>.
    Summary:
	inferred   1 D-type flip-flop(s).
	inferred   1 Multiplexer(s).
Unit <DEM_1BIT> synthesized.

=========================================================================
HDL Synthesis Report

Macro Statistics
# Adders/Subtractors                                   : 3
 20-bit subtractor                                     : 1
 25-bit adder                                          : 1
 27-bit adder                                          : 1
# Registers                                            : 7
 1-bit register                                        : 2
 20-bit register                                       : 1
 24-bit register                                       : 1
 26-bit register                                       : 1
 8-bit register                                        : 2
# Multiplexers                                         : 8
 1-bit 2-to-1 multiplexer                              : 1
 20-bit 2-to-1 multiplexer                             : 2
 20-bit 4-to-1 multiplexer                             : 1
 8-bit 2-to-1 multiplexer                              : 4
# FSMs                                                 : 1

=========================================================================

=========================================================================
*                       Advanced HDL Synthesis                          *
=========================================================================


Synthesizing (advanced) Unit <CHIA_10ENA>.
The following registers are absorbed into counter <D5HZ_R>: 1 register on signal <D5HZ_R>.
The following registers are absorbed into counter <D1HZ_R>: 1 register on signal <D1HZ_R>.
Unit <CHIA_10ENA> synthesized (advanced).

=========================================================================
Advanced HDL Synthesis Report

Macro Statistics
# Adders/Subtractors                                   : 1
 20-bit subtractor                                     : 1
# Counters                                             : 2
 24-bit up counter                                     : 1
 26-bit up counter                                     : 1
# Registers                                            : 38
 Flip-Flops                                            : 38
# Multiplexers                                         : 8
 1-bit 2-to-1 multiplexer                              : 1
 20-bit 2-to-1 multiplexer                             : 2
 20-bit 4-to-1 multiplexer                             : 1
 8-bit 2-to-1 multiplexer                              : 4
# FSMs                                                 : 1

=========================================================================

=========================================================================
*                         Low Level Synthesis                           *
=========================================================================
Analyzing FSM <MFsm> for best encoding.
Optimizing FSM <IC4/IC3/FSM_0> on signal <DB_R[1:2]> with user encoding.
-------------------
 State | Encoding
-------------------
 zero  | 00
 wait0 | 01
 one   | 10
 wait1 | 11
-------------------

Optimizing unit <MORONG_THEM_1> ...

Optimizing unit <CHIA_10ENA> ...

Optimizing unit <LED_STD_PST> ...

Optimizing unit <LED_STD_TSP> ...

Optimizing unit <DEBOUNCE_BTN> ...

Mapping all equations...
Building and optimizing final netlist ...
Found area constraint ratio of 100 (+ 5) on block MORONG_THEM_1, actual ratio is 3.
FlipFlop IC4/IC3/DB_R_FSM_FFd1 has been replicated 1 time(s)
FlipFlop IC4/IC3/DB_R_FSM_FFd2 has been replicated 1 time(s)

Final Macro Processing ...

=========================================================================
Final Register Report

Macro Statistics
# Registers                                            : 92
 Flip-Flops                                            : 92

=========================================================================

=========================================================================
*                           Partition Report                            *
=========================================================================

Partition Implementation Status
-------------------------------

  No Partitions were found in this design.

-------------------------------

=========================================================================
*                            Design Summary                             *
=========================================================================

Top Level Output File Name         : MORONG_THEM_1.ngc

Primitive and Black Box Usage:
------------------------------
# BELS                             : 341
#      GND                         : 1
#      INV                         : 23
#      LUT1                        : 49
#      LUT2                        : 28
#      LUT3                        : 11
#      LUT4                        : 18
#      LUT5                        : 44
#      LUT6                        : 29
#      MUXCY                       : 67
#      VCC                         : 1
#      XORCY                       : 70
# FlipFlops/Latches                : 92
#      FD                          : 50
#      FD_1                        : 25
#      FDC_1                       : 17
# Clock Buffers                    : 1
#      BUFGP                       : 1
# IO Buffers                       : 11
#      IBUF                        : 3
#      OBUF                        : 8

Device utilization summary:
---------------------------

Selected Device : 6slx9tqg144-3 


Slice Logic Utilization: 
 Number of Slice Registers:              92  out of  11440     0%  
 Number of Slice LUTs:                  202  out of   5720     3%  
    Number used as Logic:               202  out of   5720     3%  

Slice Logic Distribution: 
 Number of LUT Flip Flop pairs used:    204
   Number with an unused Flip Flop:     112  out of    204    54%  
   Number with an unused LUT:             2  out of    204     0%  
   Number of fully used LUT-FF pairs:    90  out of    204    44%  
   Number of unique control sets:         3

IO Utilization: 
 Number of IOs:                          12
 Number of bonded IOBs:                  12  out of    102    11%  

Specific Feature Utilization:
 Number of BUFG/BUFGCTRLs:                1  out of     16     6%  

---------------------------
Partition Resource Summary:
---------------------------

  No Partitions were found in this design.

---------------------------


=========================================================================
Timing Report

NOTE: THESE TIMING NUMBERS ARE ONLY A SYNTHESIS ESTIMATE.
      FOR ACCURATE TIMING INFORMATION PLEASE REFER TO THE TRACE REPORT
      GENERATED AFTER PLACE-and-ROUTE.

Clock Information:
------------------
-----------------------------------+------------------------+-------+
Clock Signal                       | Clock buffer(FF name)  | Load  |
-----------------------------------+------------------------+-------+
CKHT                               | BUFGP                  | 92    |
-----------------------------------+------------------------+-------+

Asynchronous Control Signals Information:
----------------------------------------
No asynchronous control signals found in this design

Timing Summary:
---------------
Speed Grade: -3

   Minimum period: 4.366ns (Maximum Frequency: 229.016MHz)
   Minimum input arrival time before clock: 4.091ns
   Maximum output required time after clock: 4.587ns
   Maximum combinational path delay: 5.998ns

Timing Details:
---------------
All values displayed in nanoseconds (ns)

=========================================================================
Timing constraint: Default period analysis for Clock 'CKHT'
  Clock period: 4.366ns (frequency: 229.016MHz)
  Total number of paths / destination ports: 2777 / 92
-------------------------------------------------------------------------
Delay:               4.366ns (Levels of Logic = 3)
  Source:            IC1/D5HZ_R_5 (FF)
  Destination:       IC3/Q_R_7 (FF)
  Source Clock:      CKHT falling
  Destination Clock: CKHT falling

  Data Path: IC1/D5HZ_R_5 to IC3/Q_R_7
                                Gate     Net
    Cell:in->out      fanout   Delay   Delay  Logical Name (Net Name)
    ----------------------------------------  ------------
     FD:C->Q               2   0.447   0.981  IC1/D5HZ_R_5 (IC1/D5HZ_R_5)
     LUT6:I0->O           25   0.203   1.421  IC1/ENA5HZ<23>12 (IC1/ENA5HZ<23>12)
     LUT6:I3->O            8   0.205   0.803  IC3/_n0017_inv3 (IC3/_n0017_inv)
     LUT4:I3->O            1   0.205   0.000  IC3/Q_R_7_rstpot (IC3/Q_R_7_rstpot)
     FDC_1:D                   0.102          IC3/Q_R_7
    ----------------------------------------
    Total                      4.366ns (1.162ns logic, 3.205ns route)
                                       (26.6% logic, 73.4% route)

=========================================================================
Timing constraint: Default OFFSET IN BEFORE for Clock 'CKHT'
  Total number of paths / destination ports: 67 / 57
-------------------------------------------------------------------------
Offset:              4.091ns (Levels of Logic = 3)
  Source:            SW (PAD)
  Destination:       IC3/Q_R_7 (FF)
  Destination Clock: CKHT falling

  Data Path: SW to IC3/Q_R_7
                                Gate     Net
    Cell:in->out      fanout   Delay   Delay  Logical Name (Net Name)
    ----------------------------------------  ------------
     IBUF:I->O            25   1.222   1.557  SW_IBUF (SW_IBUF)
     LUT6:I0->O            8   0.203   0.803  IC3/_n0017_inv3 (IC3/_n0017_inv)
     LUT4:I3->O            1   0.205   0.000  IC3/Q_R_7_rstpot (IC3/Q_R_7_rstpot)
     FDC_1:D                   0.102          IC3/Q_R_7
    ----------------------------------------
    Total                      4.091ns (1.732ns logic, 2.359ns route)
                                       (42.3% logic, 57.7% route)

=========================================================================
Timing constraint: Default OFFSET OUT AFTER for Clock 'CKHT'
  Total number of paths / destination ports: 16 / 8
-------------------------------------------------------------------------
Offset:              4.587ns (Levels of Logic = 2)
  Source:            IC2/Q_R_7 (FF)
  Destination:       LED<7> (PAD)
  Source Clock:      CKHT falling

  Data Path: IC2/Q_R_7 to LED<7>
                                Gate     Net
    Cell:in->out      fanout   Delay   Delay  Logical Name (Net Name)
    ----------------------------------------  ------------
     FDC_1:C->Q            4   0.447   0.788  IC2/Q_R_7 (IC2/Q_R_7)
     LUT3:I1->O            1   0.203   0.579  LED<7>1 (LED_7_OBUF)
     OBUF:I->O                 2.571          LED_7_OBUF (LED<7>)
    ----------------------------------------
    Total                      4.587ns (3.221ns logic, 1.366ns route)
                                       (70.2% logic, 29.8% route)

=========================================================================
Timing constraint: Default path analysis
  Total number of paths / destination ports: 8 / 8
-------------------------------------------------------------------------
Delay:               5.998ns (Levels of Logic = 3)
  Source:            SW (PAD)
  Destination:       LED<7> (PAD)

  Data Path: SW to LED<7>
                                Gate     Net
    Cell:in->out      fanout   Delay   Delay  Logical Name (Net Name)
    ----------------------------------------  ------------
     IBUF:I->O            25   1.222   1.421  SW_IBUF (SW_IBUF)
     LUT3:I0->O            1   0.205   0.579  LED<6>1 (LED_6_OBUF)
     OBUF:I->O                 2.571          LED_6_OBUF (LED<6>)
    ----------------------------------------
    Total                      5.998ns (3.998ns logic, 2.000ns route)
                                       (66.7% logic, 33.3% route)

=========================================================================

Cross Clock Domains Report:
--------------------------

Clock to Setup on destination clock CKHT
---------------+---------+---------+---------+---------+
               | Src:Rise| Src:Fall| Src:Rise| Src:Fall|
Source Clock   |Dest:Rise|Dest:Rise|Dest:Fall|Dest:Fall|
---------------+---------+---------+---------+---------+
CKHT           |         |         |    4.366|         |
---------------+---------+---------+---------+---------+

=========================================================================


Total REAL time to Xst completion: 12.00 secs
Total CPU time to Xst completion: 11.94 secs
 
--> 

Total memory usage is 4510172 kilobytes

Number of errors   :    0 (   0 filtered)
Number of warnings :    0 (   0 filtered)
Number of infos    :    0 (   0 filtered)

