--------------------------------------------------------------------------------
Release 14.7 Trace  (nt64)
Copyright (c) 1995-2013 Xilinx, Inc.  All rights reserved.

C:\Xilinx\14.7\ISE_DS\ISE\bin\nt64\unwrapped\trce.exe -intstyle ise -v 3 -s 3
-n 3 -fastpaths -xml MORONG_THEM_1.twx MORONG_THEM_1.ncd -o MORONG_THEM_1.twr
MORONG_THEM_1.pcf

Design file:              MORONG_THEM_1.ncd
Physical constraint file: MORONG_THEM_1.pcf
Device,package,speed:     xc6slx9,tqg144,C,-3 (PRODUCTION 1.23 2013-10-13)
Report level:             verbose report

Environment Variable      Effect 
--------------------      ------ 
NONE                      No environment variables were set
--------------------------------------------------------------------------------

INFO:Timing:2698 - No timing constraints found, doing default enumeration.
INFO:Timing:3412 - To improve timing, see the Timing Closure User Guide (UG612).
INFO:Timing:2752 - To get complete path coverage, use the unconstrained paths 
   option. All paths that are not constrained will be reported in the 
   unconstrained paths section(s) of the report.
INFO:Timing:3339 - The clock-to-out numbers in this timing report are based on 
   a 50 Ohm transmission line loading model.  For the details of this model, 
   and for more information on accounting for different loading conditions, 
   please see the device datasheet.



Data Sheet report:
-----------------
All values displayed in nanoseconds (ns)

Setup/Hold to clock CKHT
------------+------------+------------+------------+------------+------------------+--------+
            |Max Setup to|  Process   |Max Hold to |  Process   |                  | Clock  |
Source      | clk (edge) |   Corner   | clk (edge) |   Corner   |Internal Clock(s) | Phase  |
------------+------------+------------+------------+------------+------------------+--------+
BTN<0>      |    3.286(F)|      SLOW  |   -0.783(F)|      FAST  |CKHT_BUFGP        |   0.000|
BTN<1>      |    2.460(F)|      SLOW  |   -0.193(F)|      SLOW  |CKHT_BUFGP        |   0.000|
SW          |    3.113(F)|      SLOW  |    0.123(F)|      SLOW  |CKHT_BUFGP        |   0.000|
------------+------------+------------+------------+------------+------------------+--------+

Clock CKHT to Pad
------------+-----------------+------------+-----------------+------------+------------------+--------+
            |Max (slowest) clk|  Process   |Min (fastest) clk|  Process   |                  | Clock  |
Destination |  (edge) to PAD  |   Corner   |  (edge) to PAD  |   Corner   |Internal Clock(s) | Phase  |
------------+-----------------+------------+-----------------+------------+------------------+--------+
LED<0>      |         8.726(F)|      SLOW  |         4.025(F)|      FAST  |CKHT_BUFGP        |   0.000|
LED<1>      |         8.649(F)|      SLOW  |         3.851(F)|      FAST  |CKHT_BUFGP        |   0.000|
LED<2>      |         8.404(F)|      SLOW  |         3.834(F)|      FAST  |CKHT_BUFGP        |   0.000|
LED<3>      |         9.016(F)|      SLOW  |         3.757(F)|      FAST  |CKHT_BUFGP        |   0.000|
LED<4>      |         8.999(F)|      SLOW  |         3.942(F)|      FAST  |CKHT_BUFGP        |   0.000|
LED<5>      |         8.122(F)|      SLOW  |         3.629(F)|      FAST  |CKHT_BUFGP        |   0.000|
LED<6>      |         9.104(F)|      SLOW  |         4.149(F)|      FAST  |CKHT_BUFGP        |   0.000|
LED<7>      |         8.239(F)|      SLOW  |         4.277(F)|      FAST  |CKHT_BUFGP        |   0.000|
------------+-----------------+------------+-----------------+------------+------------------+--------+

Clock to Setup on destination clock CKHT
---------------+---------+---------+---------+---------+
               | Src:Rise| Src:Fall| Src:Rise| Src:Fall|
Source Clock   |Dest:Rise|Dest:Rise|Dest:Fall|Dest:Fall|
---------------+---------+---------+---------+---------+
CKHT           |         |         |         |    4.198|
---------------+---------+---------+---------+---------+

Pad to Pad
---------------+---------------+---------+
Source Pad     |Destination Pad|  Delay  |
---------------+---------------+---------+
SW             |LED<0>         |    7.534|
SW             |LED<1>         |    7.068|
SW             |LED<2>         |    7.335|
SW             |LED<3>         |    7.224|
SW             |LED<4>         |    7.014|
SW             |LED<5>         |    6.463|
SW             |LED<6>         |    8.244|
SW             |LED<7>         |    6.612|
---------------+---------------+---------+


Analysis completed Fri Jun 12 13:28:30 2020 
--------------------------------------------------------------------------------

Trace Settings:
-------------------------
Trace Settings 

Peak Memory Usage: 4571 MB



