--------------------------------------------------------------------------------
Release 14.7 Trace  (nt64)
Copyright (c) 1995-2013 Xilinx, Inc.  All rights reserved.

C:\Xilinx\14.7\ISE_DS\ISE\bin\nt64\unwrapped\trce.exe -intstyle ise -v 3 -s 3
-n 3 -fastpaths -xml TRAI_TIM_SO_DEM.twx TRAI_TIM_SO_DEM.ncd -o
TRAI_TIM_SO_DEM.twr TRAI_TIM_SO_DEM.pcf

Design file:              TRAI_TIM_SO_DEM.ncd
Physical constraint file: TRAI_TIM_SO_DEM.pcf
Device,package,speed:     xc6slx9,tqg144,C,-3 (PRODUCTION 1.23 2013-10-13)
Report level:             verbose report

Environment Variable      Effect 
--------------------      ------ 
NONE                      No environment variables were set
--------------------------------------------------------------------------------

INFO:Timing:2698 - No timing constraints found, doing default enumeration.
INFO:Timing:3412 - To improve timing, see the Timing Closure User Guide (UG612).
INFO:Timing:2752 - To get complete path coverage, use the unconstrained paths 
   option. All paths that are not constrained will be reported in the 
   unconstrained paths section(s) of the report.
INFO:Timing:3339 - The clock-to-out numbers in this timing report are based on 
   a 50 Ohm transmission line loading model.  For the details of this model, 
   and for more information on accounting for different loading conditions, 
   please see the device datasheet.



Data Sheet report:
-----------------
All values displayed in nanoseconds (ns)

Setup/Hold to clock CKHT
------------+------------+------------+------------+------------+------------------+--------+
            |Max Setup to|  Process   |Max Hold to |  Process   |                  | Clock  |
Source      | clk (edge) |   Corner   | clk (edge) |   Corner   |Internal Clock(s) | Phase  |
------------+------------+------------+------------+------------+------------------+--------+
BTN<0>      |    6.200(F)|      SLOW  |   -1.365(F)|      FAST  |CKHT_BUFGP        |   0.000|
BTN<1>      |    2.068(F)|      SLOW  |   -0.490(F)|      SLOW  |CKHT_BUFGP        |   0.000|
------------+------------+------------+------------+------------+------------------+--------+

Clock CKHT to Pad
------------+-----------------+------------+-----------------+------------+------------------+--------+
            |Max (slowest) clk|  Process   |Min (fastest) clk|  Process   |                  | Clock  |
Destination |  (edge) to PAD  |   Corner   |  (edge) to PAD  |   Corner   |Internal Clock(s) | Phase  |
------------+-----------------+------------+-----------------+------------+------------------+--------+
LCD_DB<0>   |         7.755(F)|      SLOW  |         4.110(F)|      FAST  |CKHT_BUFGP        |   0.000|
LCD_DB<1>   |         7.739(F)|      SLOW  |         4.099(F)|      FAST  |CKHT_BUFGP        |   0.000|
LCD_DB<2>   |         7.842(F)|      SLOW  |         4.141(F)|      FAST  |CKHT_BUFGP        |   0.000|
LCD_DB<3>   |         8.078(F)|      SLOW  |         4.255(F)|      FAST  |CKHT_BUFGP        |   0.000|
LCD_DB<4>   |         8.312(F)|      SLOW  |         4.415(F)|      FAST  |CKHT_BUFGP        |   0.000|
LCD_DB<5>   |         7.903(F)|      SLOW  |         4.156(F)|      FAST  |CKHT_BUFGP        |   0.000|
LCD_DB<6>   |         8.773(F)|      SLOW  |         4.738(F)|      FAST  |CKHT_BUFGP        |   0.000|
LCD_DB<7>   |         8.412(F)|      SLOW  |         4.497(F)|      FAST  |CKHT_BUFGP        |   0.000|
LCD_E       |         8.278(F)|      SLOW  |         4.407(F)|      FAST  |CKHT_BUFGP        |   0.000|
LCD_RS      |         7.394(F)|      SLOW  |         3.837(F)|      FAST  |CKHT_BUFGP        |   0.000|
------------+-----------------+------------+-----------------+------------+------------------+--------+

Clock to Setup on destination clock CKHT
---------------+---------+---------+---------+---------+
               | Src:Rise| Src:Fall| Src:Rise| Src:Fall|
Source Clock   |Dest:Rise|Dest:Rise|Dest:Fall|Dest:Fall|
---------------+---------+---------+---------+---------+
CKHT           |         |         |         |    5.797|
---------------+---------+---------+---------+---------+


Analysis completed Mon Aug 31 22:28:05 2020 
--------------------------------------------------------------------------------

Trace Settings:
-------------------------
Trace Settings 

Peak Memory Usage: 4571 MB



