--------------------------------------------------------------------------------
Release 14.7 Trace  (nt64)
Copyright (c) 1995-2013 Xilinx, Inc.  All rights reserved.

C:\Xilinx\14.7\ISE_DS\ISE\bin\nt64\unwrapped\trce.exe -intstyle ise -v 3 -s 3
-n 3 -fastpaths -xml BTVN_SO62.twx BTVN_SO62.ncd -o BTVN_SO62.twr BTVN_SO62.pcf

Design file:              BTVN_SO62.ncd
Physical constraint file: BTVN_SO62.pcf
Device,package,speed:     xc6slx9,tqg144,C,-3 (PRODUCTION 1.23 2013-10-13)
Report level:             verbose report

Environment Variable      Effect 
--------------------      ------ 
NONE                      No environment variables were set
--------------------------------------------------------------------------------

INFO:Timing:2698 - No timing constraints found, doing default enumeration.
INFO:Timing:3412 - To improve timing, see the Timing Closure User Guide (UG612).
INFO:Timing:2752 - To get complete path coverage, use the unconstrained paths 
   option. All paths that are not constrained will be reported in the 
   unconstrained paths section(s) of the report.
INFO:Timing:3339 - The clock-to-out numbers in this timing report are based on 
   a 50 Ohm transmission line loading model.  For the details of this model, 
   and for more information on accounting for different loading conditions, 
   please see the device datasheet.



Data Sheet report:
-----------------
All values displayed in nanoseconds (ns)

Setup/Hold to clock CKHT
------------+------------+------------+------------+------------+------------------+--------+
            |Max Setup to|  Process   |Max Hold to |  Process   |                  | Clock  |
Source      | clk (edge) |   Corner   | clk (edge) |   Corner   |Internal Clock(s) | Phase  |
------------+------------+------------+------------+------------+------------------+--------+
BTN<0>      |    8.539(F)|      SLOW  |   -1.610(F)|      FAST  |CKHT_BUFGP        |   0.000|
BTN<1>      |    2.830(F)|      SLOW  |   -0.713(F)|      FAST  |CKHT_BUFGP        |   0.000|
SW0         |    3.994(F)|      SLOW  |   -1.405(F)|      FAST  |CKHT_BUFGP        |   0.000|
------------+------------+------------+------------+------------+------------------+--------+

Clock CKHT to Pad
------------+-----------------+------------+-----------------+------------+------------------+--------+
            |Max (slowest) clk|  Process   |Min (fastest) clk|  Process   |                  | Clock  |
Destination |  (edge) to PAD  |   Corner   |  (edge) to PAD  |   Corner   |Internal Clock(s) | Phase  |
------------+-----------------+------------+-----------------+------------+------------------+--------+
LCD_DB<0>   |         8.106(F)|      SLOW  |         4.298(F)|      FAST  |CKHT_BUFGP        |   0.000|
LCD_DB<1>   |         8.080(F)|      SLOW  |         4.274(F)|      FAST  |CKHT_BUFGP        |   0.000|
LCD_DB<2>   |         8.026(F)|      SLOW  |         4.255(F)|      FAST  |CKHT_BUFGP        |   0.000|
LCD_DB<3>   |         8.092(F)|      SLOW  |         4.267(F)|      FAST  |CKHT_BUFGP        |   0.000|
LCD_DB<4>   |         8.143(F)|      SLOW  |         4.320(F)|      FAST  |CKHT_BUFGP        |   0.000|
LCD_DB<5>   |         8.140(F)|      SLOW  |         4.340(F)|      FAST  |CKHT_BUFGP        |   0.000|
LCD_DB<6>   |         8.133(F)|      SLOW  |         4.289(F)|      FAST  |CKHT_BUFGP        |   0.000|
LCD_DB<7>   |         7.902(F)|      SLOW  |         4.142(F)|      FAST  |CKHT_BUFGP        |   0.000|
LCD_E       |         8.851(F)|      SLOW  |         4.788(F)|      FAST  |CKHT_BUFGP        |   0.000|
LCD_RS      |         7.433(F)|      SLOW  |         3.851(F)|      FAST  |CKHT_BUFGP        |   0.000|
------------+-----------------+------------+-----------------+------------+------------------+--------+

Clock to Setup on destination clock CKHT
---------------+---------+---------+---------+---------+
               | Src:Rise| Src:Fall| Src:Rise| Src:Fall|
Source Clock   |Dest:Rise|Dest:Rise|Dest:Fall|Dest:Fall|
---------------+---------+---------+---------+---------+
CKHT           |         |         |         |    6.540|
---------------+---------+---------+---------+---------+


Analysis completed Sat Aug 22 20:16:25 2020 
--------------------------------------------------------------------------------

Trace Settings:
-------------------------
Trace Settings 

Peak Memory Usage: 4571 MB



