Release 14.7 - xst P.20131013 (nt64)
Copyright (c) 1995-2013 Xilinx, Inc.  All rights reserved.
--> Parameter TMPDIR set to xst/projnav.tmp


Total REAL time to Xst completion: 0.00 secs
Total CPU time to Xst completion: 0.18 secs
 
--> Parameter xsthdpdir set to xst


Total REAL time to Xst completion: 0.00 secs
Total CPU time to Xst completion: 0.18 secs
 
--> Reading design: BTVN_SO62.prj

TABLE OF CONTENTS
  1) Synthesis Options Summary
  2) HDL Parsing
  3) HDL Elaboration
  4) HDL Synthesis
       4.1) HDL Synthesis Report
  5) Advanced HDL Synthesis
       5.1) Advanced HDL Synthesis Report
  6) Low Level Synthesis
  7) Partition Report
  8) Design Summary
       8.1) Primitive and Black Box Usage
       8.2) Device utilization summary
       8.3) Partition Resource Summary
       8.4) Timing Report
            8.4.1) Clock Information
            8.4.2) Asynchronous Control Signals Information
            8.4.3) Timing Summary
            8.4.4) Timing Details
            8.4.5) Cross Clock Domains Report


=========================================================================
*                      Synthesis Options Summary                        *
=========================================================================
---- Source Parameters
Input File Name                    : "BTVN_SO62.prj"
Ignore Synthesis Constraint File   : NO

---- Target Parameters
Output File Name                   : "BTVN_SO62"
Output Format                      : NGC
Target Device                      : xc6slx9-3-tqg144

---- Source Options
Top Module Name                    : BTVN_SO62
Automatic FSM Extraction           : YES
FSM Encoding Algorithm             : Auto
Safe Implementation                : No
FSM Style                          : LUT
RAM Extraction                     : Yes
RAM Style                          : Auto
ROM Extraction                     : Yes
Shift Register Extraction          : YES
ROM Style                          : Auto
Resource Sharing                   : YES
Asynchronous To Synchronous        : NO
Shift Register Minimum Size        : 2
Use DSP Block                      : Auto
Automatic Register Balancing       : No

---- Target Options
LUT Combining                      : Auto
Reduce Control Sets                : Auto
Add IO Buffers                     : YES
Global Maximum Fanout              : 100000
Add Generic Clock Buffer(BUFG)     : 16
Register Duplication               : YES
Optimize Instantiated Primitives   : NO
Use Clock Enable                   : Auto
Use Synchronous Set                : Auto
Use Synchronous Reset              : Auto
Pack IO Registers into IOBs        : Auto
Equivalent register Removal        : YES

---- General Options
Optimization Goal                  : Speed
Optimization Effort                : 1
Power Reduction                    : NO
Keep Hierarchy                     : No
Netlist Hierarchy                  : As_Optimized
RTL Output                         : Yes
Global Optimization                : AllClockNets
Read Cores                         : YES
Write Timing Constraints           : NO
Cross Clock Analysis               : NO
Hierarchy Separator                : /
Bus Delimiter                      : <>
Case Specifier                     : Maintain
Slice Utilization Ratio            : 100
BRAM Utilization Ratio             : 100
DSP48 Utilization Ratio            : 100
Auto BRAM Packing                  : NO
Slice Utilization Ratio Delta      : 5

=========================================================================


=========================================================================
*                          HDL Parsing                                  *
=========================================================================
Parsing VHDL file "C:\Users\Admin\Documents\TT-HDL-N7-S2\VHDL\BAI_TAP_LAM_THEM_VHDL\BTVN_SO62\LAM_HEP_XUNG.vhd" into library work
Parsing entity <LAM_HEP_XUNG>.
Parsing architecture <Behavioral> of entity <lam_hep_xung>.
Parsing VHDL file "C:\Users\Admin\Documents\TT-HDL-N7-S2\VHDL\BAI_TAP_LAM_THEM_VHDL\BTVN_SO62\DEBOUNCE_BTN.vhd" into library work
Parsing entity <DEBOUNCE_BTN>.
Parsing architecture <Behavioral> of entity <debounce_btn>.
Parsing VHDL file "C:\Users\Admin\Documents\TT-HDL-N7-S2\VHDL\BAI_TAP_LAM_THEM_VHDL\BTVN_SO62\LCD_KHOITAO_HIENTHI_SO_TO.vhd" into library work
Parsing entity <LCD_KHOITAO_HIENTHI_SO_TO>.
Parsing architecture <Behavioral> of entity <lcd_khoitao_hienthi_so_to>.
Parsing VHDL file "C:\Users\Admin\Documents\TT-HDL-N7-S2\VHDL\BAI_TAP_LAM_THEM_VHDL\BTVN_SO62\LCD_GIAI_MA_SO_TO.vhd" into library work
Parsing entity <LCD_GIAI_MA_SO_TO>.
Parsing architecture <Behavioral> of entity <lcd_giai_ma_so_to>.
Parsing VHDL file "C:\Users\Admin\Documents\TT-HDL-N7-S2\VHDL\BAI_TAP_LAM_THEM_VHDL\BTVN_SO62\LCD_20X4_GAN_DULIEU_1SO_TO.vhd" into library work
Parsing entity <LCD_20X4_GAN_DULIEU_1SO_TO>.
Parsing architecture <Behavioral> of entity <lcd_20x4_gan_dulieu_1so_to>.
Parsing VHDL file "C:\Users\Admin\Documents\TT-HDL-N7-S2\VHDL\BAI_TAP_LAM_THEM_VHDL\BTVN_SO62\GIAIMA_OE.vhd" into library work
Parsing entity <GIAIMA_OE>.
Parsing architecture <Behavioral> of entity <giaima_oe>.
Parsing VHDL file "C:\Users\Admin\Documents\TT-HDL-N7-S2\VHDL\BAI_TAP_LAM_THEM_VHDL\BTVN_SO62\DEM_3BIT.vhd" into library work
Parsing entity <DEM_3BIT>.
Parsing architecture <Behavioral> of entity <dem_3bit>.
Parsing VHDL file "C:\Users\Admin\Documents\TT-HDL-N7-S2\VHDL\BAI_TAP_LAM_THEM_VHDL\BTVN_SO62\DEM_2SO.vhd" into library work
Parsing entity <DEM_2SO>.
Parsing architecture <THAN> of entity <dem_2so>.
Parsing VHDL file "C:\Users\Admin\Documents\TT-HDL-N7-S2\VHDL\BAI_TAP_LAM_THEM_VHDL\BTVN_SO62\CHIA_10ENA.vhd" into library work
Parsing entity <CHIA_10ENA>.
Parsing architecture <Behavioral> of entity <chia_10ena>.
Parsing VHDL file "C:\Users\Admin\Documents\TT-HDL-N7-S2\VHDL\BAI_TAP_LAM_THEM_VHDL\BTVN_SO62\CD_LAM_HEP_BTN.vhd" into library work
Parsing entity <CD_LAM_HEP_BTN>.
Parsing architecture <Behavioral> of entity <cd_lam_hep_btn>.
Parsing VHDL file "C:\Users\Admin\Documents\TT-HDL-N7-S2\VHDL\BAI_TAP_LAM_THEM_VHDL\BTVN_SO62\BTVN_SO62.vhd" into library work
Parsing entity <BTVN_SO62>.
Parsing architecture <THAN> of entity <btvn_so62>.

=========================================================================
*                            HDL Elaboration                            *
=========================================================================

Elaborating entity <BTVN_SO62> (architecture <THAN>) from library <work>.

Elaborating entity <CHIA_10ENA> (architecture <Behavioral>) from library <work>.

Elaborating entity <CD_LAM_HEP_BTN> (architecture <Behavioral>) from library <work>.

Elaborating entity <DEBOUNCE_BTN> (architecture <Behavioral>) from library <work>.

Elaborating entity <LAM_HEP_XUNG> (architecture <Behavioral>) from library <work>.

Elaborating entity <DEM_3BIT> (architecture <Behavioral>) from library <work>.

Elaborating entity <GIAIMA_OE> (architecture <Behavioral>) from library <work>.

Elaborating entity <DEM_2SO> (architecture <THAN>) from library <work>.

Elaborating entity <LCD_GIAI_MA_SO_TO> (architecture <Behavioral>) from library <work>.

Elaborating entity <LCD_20X4_GAN_DULIEU_1SO_TO> (architecture <Behavioral>) from library <work>.

Elaborating entity <LCD_KHOITAO_HIENTHI_SO_TO> (architecture <Behavioral>) from library <work>.

=========================================================================
*                           HDL Synthesis                               *
=========================================================================

Synthesizing Unit <BTVN_SO62>.
    Related source file is "C:\Users\Admin\Documents\TT-HDL-N7-S2\VHDL\BAI_TAP_LAM_THEM_VHDL\BTVN_SO62\BTVN_SO62.vhd".
    Summary:
	no macro.
Unit <BTVN_SO62> synthesized.

Synthesizing Unit <CHIA_10ENA>.
    Related source file is "C:\Users\Admin\Documents\TT-HDL-N7-S2\VHDL\BAI_TAP_LAM_THEM_VHDL\BTVN_SO62\CHIA_10ENA.vhd".
    Found 26-bit register for signal <D1HZ_R>.
    Found 27-bit adder for signal <n0009> created at line 102.
    Summary:
	inferred   1 Adder/Subtractor(s).
	inferred  26 D-type flip-flop(s).
Unit <CHIA_10ENA> synthesized.

Synthesizing Unit <CD_LAM_HEP_BTN>.
    Related source file is "C:\Users\Admin\Documents\TT-HDL-N7-S2\VHDL\BAI_TAP_LAM_THEM_VHDL\BTVN_SO62\CD_LAM_HEP_BTN.vhd".
    Summary:
	no macro.
Unit <CD_LAM_HEP_BTN> synthesized.

Synthesizing Unit <DEBOUNCE_BTN>.
    Related source file is "C:\Users\Admin\Documents\TT-HDL-N7-S2\VHDL\BAI_TAP_LAM_THEM_VHDL\BTVN_SO62\DEBOUNCE_BTN.vhd".
    Found 20-bit register for signal <DELAY_REG>.
    Found 2-bit register for signal <DB_REG>.
    Found finite state machine <FSM_0> for signal <DB_REG>.
    -----------------------------------------------------------------------
    | States             | 4                                              |
    | Transitions        | 10                                             |
    | Inputs             | 2                                              |
    | Outputs            | 3                                              |
    | Clock              | CKHT (falling_edge)                            |
    | Power Up State     | zero                                           |
    | Encoding           | auto                                           |
    | Implementation     | LUT                                            |
    -----------------------------------------------------------------------
    Found 20-bit subtractor for signal <GND_8_o_GND_8_o_sub_5_OUT<19:0>> created at line 41.
    Found 20-bit 4-to-1 multiplexer for signal <DELAY_NEXT> created at line 35.
    Summary:
	inferred   1 Adder/Subtractor(s).
	inferred  20 D-type flip-flop(s).
	inferred   3 Multiplexer(s).
	inferred   1 Finite State Machine(s).
Unit <DEBOUNCE_BTN> synthesized.

Synthesizing Unit <LAM_HEP_XUNG>.
    Related source file is "C:\Users\Admin\Documents\TT-HDL-N7-S2\VHDL\BAI_TAP_LAM_THEM_VHDL\BTVN_SO62\LAM_HEP_XUNG.vhd".
    Found 1-bit register for signal <QFF>.
    Summary:
	inferred   1 D-type flip-flop(s).
Unit <LAM_HEP_XUNG> synthesized.

Synthesizing Unit <DEM_3BIT>.
    Related source file is "C:\Users\Admin\Documents\TT-HDL-N7-S2\VHDL\BAI_TAP_LAM_THEM_VHDL\BTVN_SO62\DEM_3BIT.vhd".
    Found 3-bit register for signal <Q_REG>.
    Found 3-bit adder for signal <Q_REG[2]_GND_10_o_add_2_OUT> created at line 24.
    Summary:
	inferred   1 Adder/Subtractor(s).
	inferred   3 D-type flip-flop(s).
	inferred   1 Multiplexer(s).
Unit <DEM_3BIT> synthesized.

Synthesizing Unit <GIAIMA_OE>.
    Related source file is "C:\Users\Admin\Documents\TT-HDL-N7-S2\VHDL\BAI_TAP_LAM_THEM_VHDL\BTVN_SO62\GIAIMA_OE.vhd".
    Summary:
	inferred   1 Multiplexer(s).
Unit <GIAIMA_OE> synthesized.

Synthesizing Unit <DEM_2SO>.
    Related source file is "C:\Users\Admin\Documents\TT-HDL-N7-S2\VHDL\BAI_TAP_LAM_THEM_VHDL\BTVN_SO62\DEM_2SO.vhd".
    Found 4-bit register for signal <DONVI_REG_1>.
    Found 4-bit register for signal <DONVI_REG_2>.
    Found 4-bit register for signal <DONVI_REG_3>.
    Found 4-bit register for signal <DONVI_REG_4>.
    Found 4-bit register for signal <DONVI_REG_5>.
    Found 4-bit register for signal <DONVI_REG_6>.
    Found 4-bit register for signal <DONVI_REG_0>.
    Found 1-bit register for signal <CHUC_REG_2<3>>.
    Found 1-bit register for signal <CHUC_REG_2<2>>.
    Found 1-bit register for signal <CHUC_REG_2<1>>.
    Found 1-bit register for signal <CHUC_REG_2<0>>.
    Found 1-bit register for signal <CHUC_REG_3<3>>.
    Found 1-bit register for signal <CHUC_REG_3<2>>.
    Found 1-bit register for signal <CHUC_REG_3<1>>.
    Found 1-bit register for signal <CHUC_REG_3<0>>.
    Found 1-bit register for signal <CHUC_REG_4<3>>.
    Found 1-bit register for signal <CHUC_REG_4<2>>.
    Found 1-bit register for signal <CHUC_REG_4<1>>.
    Found 1-bit register for signal <CHUC_REG_4<0>>.
    Found 1-bit register for signal <CHUC_REG_5<3>>.
    Found 1-bit register for signal <CHUC_REG_5<2>>.
    Found 1-bit register for signal <CHUC_REG_5<1>>.
    Found 1-bit register for signal <CHUC_REG_5<0>>.
    Found 1-bit register for signal <CHUC_REG_6<3>>.
    Found 1-bit register for signal <CHUC_REG_6<2>>.
    Found 1-bit register for signal <CHUC_REG_6<1>>.
    Found 1-bit register for signal <CHUC_REG_6<0>>.
    Found 1-bit register for signal <CHUC_REG_1<3>>.
    Found 1-bit register for signal <CHUC_REG_1<2>>.
    Found 1-bit register for signal <CHUC_REG_1<1>>.
    Found 1-bit register for signal <CHUC_REG_1<0>>.
    Found 4-bit adder for signal <DONVI_REG_0[3]_GND_12_o_add_53_OUT> created at line 158.
    Found 4-bit adder for signal <DONVI_REG_1[3]_GND_12_o_add_143_OUT> created at line 239.
    Found 4-bit adder for signal <CHUC_REG_1[3]_GND_12_o_add_145_OUT> created at line 242.
    Found 4-bit adder for signal <DONVI_REG_2[3]_GND_12_o_add_172_OUT> created at line 255.
    Found 4-bit adder for signal <CHUC_REG_2[3]_GND_12_o_add_174_OUT> created at line 258.
    Found 4-bit adder for signal <DONVI_REG_3[3]_GND_12_o_add_191_OUT> created at line 283.
    Found 4-bit adder for signal <CHUC_REG_3[3]_GND_12_o_add_193_OUT> created at line 286.
    Found 4-bit adder for signal <DONVI_REG_4[3]_GND_12_o_add_210_OUT> created at line 309.
    Found 4-bit adder for signal <CHUC_REG_4[3]_GND_12_o_add_212_OUT> created at line 311.
    Found 4-bit adder for signal <DONVI_REG_5[3]_GND_12_o_add_229_OUT> created at line 330.
    Found 4-bit adder for signal <CHUC_REG_5[3]_GND_12_o_add_231_OUT> created at line 332.
    Found 4-bit adder for signal <DONVI_REG_6[3]_GND_12_o_add_248_OUT> created at line 348.
    Found 4-bit adder for signal <CHUC_REG_6[3]_GND_12_o_add_250_OUT> created at line 350.
    Summary:
	inferred  13 Adder/Subtractor(s).
	inferred  52 D-type flip-flop(s).
	inferred 103 Multiplexer(s).
Unit <DEM_2SO> synthesized.

Synthesizing Unit <LCD_GIAI_MA_SO_TO>.
    Related source file is "C:\Users\Admin\Documents\TT-HDL-N7-S2\VHDL\BAI_TAP_LAM_THEM_VHDL\BTVN_SO62\LCD_GIAI_MA_SO_TO.vhd".
    Found 7-bit adder for signal <n0034> created at line 67.
    Found 7-bit adder for signal <n0035> created at line 67.
    Found 7-bit adder for signal <n0036> created at line 67.
    Found 7-bit adder for signal <n0037> created at line 67.
    Found 7-bit adder for signal <n0038> created at line 67.
    Found 4x3-bit multiplier for signal <n0033> created at line 67.
    Found 64x8-bit Read Only RAM for signal <MA_SO<0>>
    Found 64x8-bit Read Only RAM for signal <MA_SO<1>>
    Found 64x8-bit Read Only RAM for signal <MA_SO<2>>
    Found 64x8-bit Read Only RAM for signal <MA_SO<3>>
    Found 64x8-bit Read Only RAM for signal <MA_SO<4>>
    Found 64x8-bit Read Only RAM for signal <MA_SO<5>>
    Summary:
	inferred   6 RAM(s).
	inferred   1 Multiplier(s).
	inferred   5 Adder/Subtractor(s).
Unit <LCD_GIAI_MA_SO_TO> synthesized.

Synthesizing Unit <LCD_20X4_GAN_DULIEU_1SO_TO>.
    Related source file is "C:\Users\Admin\Documents\TT-HDL-N7-S2\VHDL\BAI_TAP_LAM_THEM_VHDL\BTVN_SO62\LCD_20X4_GAN_DULIEU_1SO_TO.vhd".
    Summary:
	no macro.
Unit <LCD_20X4_GAN_DULIEU_1SO_TO> synthesized.

Synthesizing Unit <LCD_KHOITAO_HIENTHI_SO_TO>.
    Related source file is "C:\Users\Admin\Documents\TT-HDL-N7-S2\VHDL\BAI_TAP_LAM_THEM_VHDL\BTVN_SO62\LCD_KHOITAO_HIENTHI_SO_TO.vhd".
    Found 20-bit register for signal <SLX>.
    Found 6-bit register for signal <PTR>.
    Found 4-bit register for signal <LCD_STATE>.
    Found 1-bit register for signal <LCD_RS>.
    Found 1-bit register for signal <LCD_E>.
    Found 8-bit register for signal <LCD_DB>.
    Found finite state machine <FSM_1> for signal <LCD_STATE>.
    -----------------------------------------------------------------------
    | States             | 12                                             |
    | Transitions        | 30                                             |
    | Inputs             | 6                                              |
    | Outputs            | 5                                              |
    | Clock              | LCD_CK (falling_edge)                          |
    | Reset              | LCD_RST (positive)                             |
    | Reset type         | asynchronous                                   |
    | Reset State        | lcd_initial                                    |
    | Power Up State     | lcd_initial                                    |
    | Encoding           | auto                                           |
    | Implementation     | LUT                                            |
    -----------------------------------------------------------------------
    Found 6-bit adder for signal <PTR[5]_GND_17_o_add_208_OUT> created at line 258.
    Found 20-bit adder for signal <SLX[19]_GND_17_o_add_220_OUT> created at line 266.
    Found 8x8-bit Read Only RAM for signal <PTR[2]_X_15_o_wide_mux_88_OUT>
    Found 64x8-bit Read Only RAM for signal <PTR[5]_GND_17_o_wide_mux_113_OUT>
    Found 8-bit 20-to-1 multiplexer for signal <PTR[4]_X_15_o_wide_mux_138_OUT> created at line 195.
    Found 8-bit 20-to-1 multiplexer for signal <PTR[4]_X_15_o_wide_mux_163_OUT> created at line 217.
    Found 8-bit 20-to-1 multiplexer for signal <PTR[4]_X_15_o_wide_mux_188_OUT> created at line 239.
    Found 8-bit 20-to-1 multiplexer for signal <PTR[4]_X_15_o_wide_mux_213_OUT> created at line 262.
    Summary:
	inferred   2 RAM(s).
	inferred   2 Adder/Subtractor(s).
	inferred  36 D-type flip-flop(s).
	inferred  35 Multiplexer(s).
	inferred   1 Finite State Machine(s).
Unit <LCD_KHOITAO_HIENTHI_SO_TO> synthesized.

=========================================================================
HDL Synthesis Report

Macro Statistics
# RAMs                                                 : 14
 64x8-bit single-port Read Only RAM                    : 13
 8x8-bit single-port Read Only RAM                     : 1
# Multipliers                                          : 2
 4x3-bit multiplier                                    : 2
# Adders/Subtractors                                   : 28
 20-bit adder                                          : 1
 20-bit subtractor                                     : 1
 27-bit adder                                          : 1
 3-bit adder                                           : 1
 4-bit adder                                           : 13
 6-bit adder                                           : 1
 7-bit adder                                           : 10
# Registers                                            : 40
 1-bit register                                        : 27
 20-bit register                                       : 2
 26-bit register                                       : 1
 3-bit register                                        : 1
 4-bit register                                        : 7
 6-bit register                                        : 1
 8-bit register                                        : 1
# Multiplexers                                         : 143
 1-bit 2-to-1 multiplexer                              : 6
 20-bit 2-to-1 multiplexer                             : 7
 20-bit 4-to-1 multiplexer                             : 1
 3-bit 2-to-1 multiplexer                              : 1
 4-bit 2-to-1 multiplexer                              : 103
 6-bit 2-to-1 multiplexer                              : 10
 7-bit 2-to-1 multiplexer                              : 1
 8-bit 2-to-1 multiplexer                              : 10
 8-bit 20-to-1 multiplexer                             : 4
# FSMs                                                 : 2

=========================================================================

=========================================================================
*                       Advanced HDL Synthesis                          *
=========================================================================


Synthesizing (advanced) Unit <CHIA_10ENA>.
The following registers are absorbed into counter <D1HZ_R>: 1 register on signal <D1HZ_R>.
Unit <CHIA_10ENA> synthesized (advanced).

Synthesizing (advanced) Unit <DEM_2SO>.
The following registers are absorbed into counter <DONVI_REG_1>: 1 register on signal <DONVI_REG_1>.
The following registers are absorbed into counter <DONVI_REG_2>: 1 register on signal <DONVI_REG_2>.
The following registers are absorbed into counter <DONVI_REG_3>: 1 register on signal <DONVI_REG_3>.
The following registers are absorbed into counter <DONVI_REG_4>: 1 register on signal <DONVI_REG_4>.
The following registers are absorbed into counter <DONVI_REG_5>: 1 register on signal <DONVI_REG_5>.
The following registers are absorbed into counter <DONVI_REG_6>: 1 register on signal <DONVI_REG_6>.
Unit <DEM_2SO> synthesized (advanced).

Synthesizing (advanced) Unit <DEM_3BIT>.
The following registers are absorbed into counter <Q_REG>: 1 register on signal <Q_REG>.
Unit <DEM_3BIT> synthesized (advanced).

Synthesizing (advanced) Unit <LCD_GIAI_MA_SO_TO>.
INFO:Xst:3218 - HDL ADVISOR - The RAM <Mram_MA_SO<0>> will be implemented on LUTs either because you have described an asynchronous read or because of currently unsupported block RAM features. If you have described an asynchronous read, making it synchronous would allow you to take advantage of available block RAM resources, for optimized device usage and improved timings. Please refer to your documentation for coding guidelines.
    -----------------------------------------------------------------------
    | ram_type           | Distributed                         |          |
    -----------------------------------------------------------------------
    | Port A                                                              |
    |     aspect ratio   | 64-word x 8-bit                     |          |
    |     weA            | connected to signal <GND>           | high     |
    |     addrA          | connected to signal <n0033>         |          |
    |     diA            | connected to signal <GND>           |          |
    |     doA            | connected to signal <MA_SO<0>>      |          |
    -----------------------------------------------------------------------
INFO:Xst:3218 - HDL ADVISOR - The RAM <Mram_MA_SO<1>> will be implemented on LUTs either because you have described an asynchronous read or because of currently unsupported block RAM features. If you have described an asynchronous read, making it synchronous would allow you to take advantage of available block RAM resources, for optimized device usage and improved timings. Please refer to your documentation for coding guidelines.
    -----------------------------------------------------------------------
    | ram_type           | Distributed                         |          |
    -----------------------------------------------------------------------
    | Port A                                                              |
    |     aspect ratio   | 64-word x 8-bit                     |          |
    |     weA            | connected to signal <GND>           | high     |
    |     addrA          | connected to signal <n0034>         |          |
    |     diA            | connected to signal <GND>           |          |
    |     doA            | connected to signal <MA_SO<1>>      |          |
    -----------------------------------------------------------------------
INFO:Xst:3218 - HDL ADVISOR - The RAM <Mram_MA_SO<2>> will be implemented on LUTs either because you have described an asynchronous read or because of currently unsupported block RAM features. If you have described an asynchronous read, making it synchronous would allow you to take advantage of available block RAM resources, for optimized device usage and improved timings. Please refer to your documentation for coding guidelines.
    -----------------------------------------------------------------------
    | ram_type           | Distributed                         |          |
    -----------------------------------------------------------------------
    | Port A                                                              |
    |     aspect ratio   | 64-word x 8-bit                     |          |
    |     weA            | connected to signal <GND>           | high     |
    |     addrA          | connected to signal <n0035>         |          |
    |     diA            | connected to signal <GND>           |          |
    |     doA            | connected to signal <MA_SO<2>>      |          |
    -----------------------------------------------------------------------
INFO:Xst:3218 - HDL ADVISOR - The RAM <Mram_MA_SO<3>> will be implemented on LUTs either because you have described an asynchronous read or because of currently unsupported block RAM features. If you have described an asynchronous read, making it synchronous would allow you to take advantage of available block RAM resources, for optimized device usage and improved timings. Please refer to your documentation for coding guidelines.
    -----------------------------------------------------------------------
    | ram_type           | Distributed                         |          |
    -----------------------------------------------------------------------
    | Port A                                                              |
    |     aspect ratio   | 64-word x 8-bit                     |          |
    |     weA            | connected to signal <GND>           | high     |
    |     addrA          | connected to signal <n0036>         |          |
    |     diA            | connected to signal <GND>           |          |
    |     doA            | connected to signal <MA_SO<3>>      |          |
    -----------------------------------------------------------------------
INFO:Xst:3218 - HDL ADVISOR - The RAM <Mram_MA_SO<4>> will be implemented on LUTs either because you have described an asynchronous read or because of currently unsupported block RAM features. If you have described an asynchronous read, making it synchronous would allow you to take advantage of available block RAM resources, for optimized device usage and improved timings. Please refer to your documentation for coding guidelines.
    -----------------------------------------------------------------------
    | ram_type           | Distributed                         |          |
    -----------------------------------------------------------------------
    | Port A                                                              |
    |     aspect ratio   | 64-word x 8-bit                     |          |
    |     weA            | connected to signal <GND>           | high     |
    |     addrA          | connected to signal <n0037>         |          |
    |     diA            | connected to signal <GND>           |          |
    |     doA            | connected to signal <MA_SO<4>>      |          |
    -----------------------------------------------------------------------
INFO:Xst:3218 - HDL ADVISOR - The RAM <Mram_MA_SO<5>> will be implemented on LUTs either because you have described an asynchronous read or because of currently unsupported block RAM features. If you have described an asynchronous read, making it synchronous would allow you to take advantage of available block RAM resources, for optimized device usage and improved timings. Please refer to your documentation for coding guidelines.
    -----------------------------------------------------------------------
    | ram_type           | Distributed                         |          |
    -----------------------------------------------------------------------
    | Port A                                                              |
    |     aspect ratio   | 64-word x 8-bit                     |          |
    |     weA            | connected to signal <GND>           | high     |
    |     addrA          | connected to signal <n0038>         |          |
    |     diA            | connected to signal <GND>           |          |
    |     doA            | connected to signal <MA_SO<5>>      |          |
    -----------------------------------------------------------------------
Unit <LCD_GIAI_MA_SO_TO> synthesized (advanced).

Synthesizing (advanced) Unit <LCD_KHOITAO_HIENTHI_SO_TO>.
INFO:Xst:3218 - HDL ADVISOR - The RAM <Mram_PTR[2]_X_15_o_wide_mux_88_OUT> will be implemented on LUTs either because you have described an asynchronous read or because of currently unsupported block RAM features. If you have described an asynchronous read, making it synchronous would allow you to take advantage of available block RAM resources, for optimized device usage and improved timings. Please refer to your documentation for coding guidelines.
    -----------------------------------------------------------------------
    | ram_type           | Distributed                         |          |
    -----------------------------------------------------------------------
    | Port A                                                              |
    |     aspect ratio   | 8-word x 8-bit                      |          |
    |     weA            | connected to signal <GND>           | high     |
    |     addrA          | connected to signal <PTR<2:0>>      |          |
    |     diA            | connected to signal <GND>           |          |
    |     doA            | connected to internal node          |          |
    -----------------------------------------------------------------------
INFO:Xst:3218 - HDL ADVISOR - The RAM <Mram_PTR[5]_GND_17_o_wide_mux_113_OUT> will be implemented on LUTs either because you have described an asynchronous read or because of currently unsupported block RAM features. If you have described an asynchronous read, making it synchronous would allow you to take advantage of available block RAM resources, for optimized device usage and improved timings. Please refer to your documentation for coding guidelines.
    -----------------------------------------------------------------------
    | ram_type           | Distributed                         |          |
    -----------------------------------------------------------------------
    | Port A                                                              |
    |     aspect ratio   | 64-word x 8-bit                     |          |
    |     weA            | connected to signal <GND>           | high     |
    |     addrA          | connected to signal <PTR>           |          |
    |     diA            | connected to signal <GND>           |          |
    |     doA            | connected to internal node          |          |
    -----------------------------------------------------------------------
Unit <LCD_KHOITAO_HIENTHI_SO_TO> synthesized (advanced).

=========================================================================
Advanced HDL Synthesis Report

Macro Statistics
# RAMs                                                 : 14
 64x8-bit single-port distributed Read Only RAM        : 13
 8x8-bit single-port distributed Read Only RAM         : 1
# Multipliers                                          : 2
 4x3-bit multiplier                                    : 2
# Adders/Subtractors                                   : 20
 20-bit adder                                          : 1
 20-bit subtractor                                     : 1
 4-bit adder                                           : 7
 6-bit adder                                           : 11
# Counters                                             : 8
 26-bit up counter                                     : 1
 3-bit up counter                                      : 1
 4-bit up counter                                      : 6
# Registers                                            : 85
 Flip-Flops                                            : 85
# Multiplexers                                         : 136
 1-bit 2-to-1 multiplexer                              : 6
 20-bit 2-to-1 multiplexer                             : 7
 20-bit 4-to-1 multiplexer                             : 1
 4-bit 2-to-1 multiplexer                              : 97
 6-bit 2-to-1 multiplexer                              : 10
 7-bit 2-to-1 multiplexer                              : 1
 8-bit 2-to-1 multiplexer                              : 10
 8-bit 20-to-1 multiplexer                             : 4
# FSMs                                                 : 2

=========================================================================

=========================================================================
*                         Low Level Synthesis                           *
=========================================================================
Analyzing FSM <MFsm> for best encoding.
Optimizing FSM <IC1/IC3/FSM_0> on signal <DB_REG[1:2]> with user encoding.
-------------------
 State | Encoding
-------------------
 zero  | 00
 wait0 | 01
 one   | 10
 wait1 | 11
-------------------
Analyzing FSM <MFsm> for best encoding.
Optimizing FSM <IC30/FSM_1> on signal <LCD_STATE[1:4]> with user encoding.
-------------------------
 State       | Encoding
-------------------------
 lcd_initial | 0000
 lcd_cg_addr | 0001
 lcd_cg_data | 0010
 lcd_addr_l1 | 0011
 lcd_data_l1 | 0100
 lcd_addr_l2 | 0101
 lcd_data_l2 | 0110
 lcd_addr_l3 | 0111
 lcd_data_l3 | 1000
 lcd_addr_l4 | 1001
 lcd_data_l4 | 1010
 lcd_stop    | 1011
-------------------------

Optimizing unit <BTVN_SO62> ...

Optimizing unit <DEBOUNCE_BTN> ...

Optimizing unit <DEM_2SO> ...

Optimizing unit <LCD_KHOITAO_HIENTHI_SO_TO> ...

Optimizing unit <LCD_GIAI_MA_SO_TO> ...
WARNING:Xst:1293 - FF/Latch <IC3/CHUC_REG_2_1> has a constant value of 1 in block <BTVN_SO62>. This FF/Latch will be trimmed during the optimization process.
WARNING:Xst:1896 - Due to other FF/Latch trimming, FF/Latch <IC3/CHUC_REG_2_2> has a constant value of 0 in block <BTVN_SO62>. This FF/Latch will be trimmed during the optimization process.
WARNING:Xst:1896 - Due to other FF/Latch trimming, FF/Latch <IC3/CHUC_REG_2_0> has a constant value of 0 in block <BTVN_SO62>. This FF/Latch will be trimmed during the optimization process.
WARNING:Xst:1896 - Due to other FF/Latch trimming, FF/Latch <IC3/CHUC_REG_4_2> has a constant value of 1 in block <BTVN_SO62>. This FF/Latch will be trimmed during the optimization process.
WARNING:Xst:1896 - Due to other FF/Latch trimming, FF/Latch <IC3/CHUC_REG_4_1> has a constant value of 1 in block <BTVN_SO62>. This FF/Latch will be trimmed during the optimization process.
WARNING:Xst:1896 - Due to other FF/Latch trimming, FF/Latch <IC3/CHUC_REG_4_0> has a constant value of 1 in block <BTVN_SO62>. This FF/Latch will be trimmed during the optimization process.
WARNING:Xst:1896 - Due to other FF/Latch trimming, FF/Latch <IC3/CHUC_REG_5_2> has a constant value of 0 in block <BTVN_SO62>. This FF/Latch will be trimmed during the optimization process.
WARNING:Xst:1896 - Due to other FF/Latch trimming, FF/Latch <IC3/CHUC_REG_5_1> has a constant value of 0 in block <BTVN_SO62>. This FF/Latch will be trimmed during the optimization process.
WARNING:Xst:1896 - Due to other FF/Latch trimming, FF/Latch <IC3/CHUC_REG_5_0> has a constant value of 0 in block <BTVN_SO62>. This FF/Latch will be trimmed during the optimization process.
WARNING:Xst:1896 - Due to other FF/Latch trimming, FF/Latch <IC3/CHUC_REG_6_0> has a constant value of 1 in block <BTVN_SO62>. This FF/Latch will be trimmed during the optimization process.
WARNING:Xst:1896 - Due to other FF/Latch trimming, FF/Latch <IC3/CHUC_REG_6_2> has a constant value of 0 in block <BTVN_SO62>. This FF/Latch will be trimmed during the optimization process.
WARNING:Xst:1896 - Due to other FF/Latch trimming, FF/Latch <IC3/CHUC_REG_6_1> has a constant value of 0 in block <BTVN_SO62>. This FF/Latch will be trimmed during the optimization process.
WARNING:Xst:1896 - Due to other FF/Latch trimming, FF/Latch <IC3/CHUC_REG_1_2> has a constant value of 0 in block <BTVN_SO62>. This FF/Latch will be trimmed during the optimization process.
WARNING:Xst:1896 - Due to other FF/Latch trimming, FF/Latch <IC3/CHUC_REG_1_1> has a constant value of 0 in block <BTVN_SO62>. This FF/Latch will be trimmed during the optimization process.
WARNING:Xst:1896 - Due to other FF/Latch trimming, FF/Latch <IC3/CHUC_REG_1_0> has a constant value of 1 in block <BTVN_SO62>. This FF/Latch will be trimmed during the optimization process.
WARNING:Xst:1896 - Due to other FF/Latch trimming, FF/Latch <IC3/CHUC_REG_2_3> has a constant value of 0 in block <BTVN_SO62>. This FF/Latch will be trimmed during the optimization process.
WARNING:Xst:1896 - Due to other FF/Latch trimming, FF/Latch <IC3/CHUC_REG_3_3> has a constant value of 0 in block <BTVN_SO62>. This FF/Latch will be trimmed during the optimization process.
WARNING:Xst:1896 - Due to other FF/Latch trimming, FF/Latch <IC3/CHUC_REG_4_3> has a constant value of 0 in block <BTVN_SO62>. This FF/Latch will be trimmed during the optimization process.
WARNING:Xst:1896 - Due to other FF/Latch trimming, FF/Latch <IC3/CHUC_REG_5_3> has a constant value of 1 in block <BTVN_SO62>. This FF/Latch will be trimmed during the optimization process.
WARNING:Xst:1896 - Due to other FF/Latch trimming, FF/Latch <IC3/CHUC_REG_6_3> has a constant value of 1 in block <BTVN_SO62>. This FF/Latch will be trimmed during the optimization process.
WARNING:Xst:1896 - Due to other FF/Latch trimming, FF/Latch <IC3/CHUC_REG_1_3> has a constant value of 0 in block <BTVN_SO62>. This FF/Latch will be trimmed during the optimization process.

Mapping all equations...
Building and optimizing final netlist ...
Found area constraint ratio of 100 (+ 5) on block BTVN_SO62, actual ratio is 8.
FlipFlop IC1_1/Q_REG_0 has been replicated 1 time(s)
FlipFlop IC1_1/Q_REG_1 has been replicated 1 time(s)
FlipFlop IC1_1/Q_REG_2 has been replicated 1 time(s)

Final Macro Processing ...

=========================================================================
Final Register Report

Macro Statistics
# Registers                                            : 126
 Flip-Flops                                            : 126

=========================================================================

=========================================================================
*                           Partition Report                            *
=========================================================================

Partition Implementation Status
-------------------------------

  No Partitions were found in this design.

-------------------------------

=========================================================================
*                            Design Summary                             *
=========================================================================

Top Level Output File Name         : BTVN_SO62.ngc

Primitive and Black Box Usage:
------------------------------
# BELS                             : 554
#      GND                         : 1
#      INV                         : 30
#      LUT1                        : 45
#      LUT2                        : 27
#      LUT3                        : 31
#      LUT4                        : 60
#      LUT5                        : 113
#      LUT6                        : 113
#      MUXCY                       : 63
#      MUXF7                       : 4
#      VCC                         : 1
#      XORCY                       : 66
# FlipFlops/Latches                : 126
#      FD_1                        : 24
#      FDC_1                       : 25
#      FDCE                        : 30
#      FDCE_1                      : 10
#      FDE_1                       : 9
#      FDP_1                       : 2
#      FDR                         : 25
#      FDS                         : 1
# Clock Buffers                    : 1
#      BUFGP                       : 1
# IO Buffers                       : 13
#      IBUF                        : 3
#      OBUF                        : 10

Device utilization summary:
---------------------------

Selected Device : 6slx9tqg144-3 


Slice Logic Utilization: 
 Number of Slice Registers:             126  out of  11440     1%  
 Number of Slice LUTs:                  419  out of   5720     7%  
    Number used as Logic:               419  out of   5720     7%  

Slice Logic Distribution: 
 Number of LUT Flip Flop pairs used:    421
   Number with an unused Flip Flop:     295  out of    421    70%  
   Number with an unused LUT:             2  out of    421     0%  
   Number of fully used LUT-FF pairs:   124  out of    421    29%  
   Number of unique control sets:        15

IO Utilization: 
 Number of IOs:                          14
 Number of bonded IOBs:                  14  out of    102    13%  

Specific Feature Utilization:
 Number of BUFG/BUFGCTRLs:                1  out of     16     6%  

---------------------------
Partition Resource Summary:
---------------------------

  No Partitions were found in this design.

---------------------------


=========================================================================
Timing Report

NOTE: THESE TIMING NUMBERS ARE ONLY A SYNTHESIS ESTIMATE.
      FOR ACCURATE TIMING INFORMATION PLEASE REFER TO THE TRACE REPORT
      GENERATED AFTER PLACE-and-ROUTE.

Clock Information:
------------------
-----------------------------------+------------------------+-------+
Clock Signal                       | Clock buffer(FF name)  | Load  |
-----------------------------------+------------------------+-------+
CKHT                               | BUFGP                  | 126   |
-----------------------------------+------------------------+-------+

Asynchronous Control Signals Information:
----------------------------------------
No asynchronous control signals found in this design

Timing Summary:
---------------
Speed Grade: -3

   Minimum period: 6.735ns (Maximum Frequency: 148.479MHz)
   Minimum input arrival time before clock: 8.182ns
   Maximum output required time after clock: 3.634ns
   Maximum combinational path delay: No path found

Timing Details:
---------------
All values displayed in nanoseconds (ns)

=========================================================================
Timing constraint: Default period analysis for Clock 'CKHT'
  Clock period: 6.735ns (frequency: 148.479MHz)
  Total number of paths / destination ports: 8598 / 232
-------------------------------------------------------------------------
Delay:               6.735ns (Levels of Logic = 6)
  Source:            IC1_1/Q_REG_2_1 (FF)
  Destination:       IC30/LCD_DB_5 (FF)
  Source Clock:      CKHT falling
  Destination Clock: CKHT falling

  Data Path: IC1_1/Q_REG_2_1 to IC30/LCD_DB_5
                                Gate     Net
    Cell:in->out      fanout   Delay   Delay  Logical Name (Net Name)
    ----------------------------------------  ------------
     FDCE:C->Q             1   0.447   0.808  IC1_1/Q_REG_2_1 (IC1_1/Q_REG_2_1)
     LUT4:I1->O           19   0.205   1.072  IC3/Mmux_ch3_to311 (IC3/Mmux_ch3_to31)
     LUT4:I3->O            8   0.205   1.031  IC18/Madd_n0035_Madd_lut<3>1 (IC18/Madd_n0035_Madd_lut<3>)
     LUT5:I2->O            1   0.205   0.684  IC18_Mram_MA_SO<0>111 (LCD_MA_DONVI<41>)
     LUT5:I3->O            1   0.203   0.684  IC30/Mmux_LCD_STATE[3]_X_15_o_wide_mux_229_OUT416 (IC30/Mmux_LCD_STATE[3]_X_15_o_wide_mux_229_OUT415)
     LUT6:I4->O            1   0.203   0.684  IC30/Mmux_LCD_STATE[3]_X_15_o_wide_mux_229_OUT417 (IC30/Mmux_LCD_STATE[3]_X_15_o_wide_mux_229_OUT416)
     LUT6:I4->O            1   0.203   0.000  IC30/Mmux_LCD_STATE[3]_X_15_o_wide_mux_229_OUT418 (IC30/LCD_STATE[3]_X_15_o_wide_mux_229_OUT<1>)
     FDE_1:D                   0.102          IC30/LCD_DB_1
    ----------------------------------------
    Total                      6.735ns (1.773ns logic, 4.962ns route)
                                       (26.3% logic, 73.7% route)

=========================================================================
Timing constraint: Default OFFSET IN BEFORE for Clock 'CKHT'
  Total number of paths / destination ports: 463 / 138
-------------------------------------------------------------------------
Offset:              8.182ns (Levels of Logic = 7)
  Source:            BTN<0> (PAD)
  Destination:       IC30/LCD_DB_5 (FF)
  Destination Clock: CKHT falling

  Data Path: BTN<0> to IC30/LCD_DB_5
                                Gate     Net
    Cell:in->out      fanout   Delay   Delay  Logical Name (Net Name)
    ----------------------------------------  ------------
     IBUF:I->O            28   1.222   1.482  BTN_0_IBUF (BTN_0_IBUF)
     LUT4:I0->O           19   0.203   1.072  IC3/Mmux_ch3_to311 (IC3/Mmux_ch3_to31)
     LUT4:I3->O            8   0.205   1.031  IC18/Madd_n0035_Madd_lut<3>1 (IC18/Madd_n0035_Madd_lut<3>)
     LUT5:I2->O            1   0.205   0.684  IC18_Mram_MA_SO<0>111 (LCD_MA_DONVI<41>)
     LUT5:I3->O            1   0.203   0.684  IC30/Mmux_LCD_STATE[3]_X_15_o_wide_mux_229_OUT416 (IC30/Mmux_LCD_STATE[3]_X_15_o_wide_mux_229_OUT415)
     LUT6:I4->O            1   0.203   0.684  IC30/Mmux_LCD_STATE[3]_X_15_o_wide_mux_229_OUT417 (IC30/Mmux_LCD_STATE[3]_X_15_o_wide_mux_229_OUT416)
     LUT6:I4->O            1   0.203   0.000  IC30/Mmux_LCD_STATE[3]_X_15_o_wide_mux_229_OUT418 (IC30/LCD_STATE[3]_X_15_o_wide_mux_229_OUT<1>)
     FDE_1:D                   0.102          IC30/LCD_DB_1
    ----------------------------------------
    Total                      8.182ns (2.546ns logic, 5.636ns route)
                                       (31.1% logic, 68.9% route)

=========================================================================
Timing constraint: Default OFFSET OUT AFTER for Clock 'CKHT'
  Total number of paths / destination ports: 10 / 10
-------------------------------------------------------------------------
Offset:              3.634ns (Levels of Logic = 1)
  Source:            IC30/LCD_E (FF)
  Destination:       LCD_E (PAD)
  Source Clock:      CKHT falling

  Data Path: IC30/LCD_E to LCD_E
                                Gate     Net
    Cell:in->out      fanout   Delay   Delay  Logical Name (Net Name)
    ----------------------------------------  ------------
     FD_1:C->Q             2   0.447   0.616  IC30/LCD_E (IC30/LCD_E)
     OBUF:I->O                 2.571          LCD_E_OBUF (LCD_E)
    ----------------------------------------
    Total                      3.634ns (3.018ns logic, 0.616ns route)
                                       (83.0% logic, 17.0% route)

=========================================================================

Cross Clock Domains Report:
--------------------------

Clock to Setup on destination clock CKHT
---------------+---------+---------+---------+---------+
               | Src:Rise| Src:Fall| Src:Rise| Src:Fall|
Source Clock   |Dest:Rise|Dest:Rise|Dest:Fall|Dest:Fall|
---------------+---------+---------+---------+---------+
CKHT           |         |         |    6.735|         |
---------------+---------+---------+---------+---------+

=========================================================================


Total REAL time to Xst completion: 12.00 secs
Total CPU time to Xst completion: 12.15 secs
 
--> 

Total memory usage is 4510204 kilobytes

Number of errors   :    0 (   0 filtered)
Number of warnings :   21 (   0 filtered)
Number of infos    :    8 (   0 filtered)

